[2024-10-26T23:57:30.293+0000] {local_task_job_runner.py:123} INFO - ::group::Pre task execution logs
[2024-10-26T23:57:30.326+0000] {taskinstance.py:2612} INFO - Dependencies all met for dep_context=non-requeueable deps ti=<TaskInstance: indices_argentina_v04.transform scheduled__2024-10-25T00:00:00+00:00 [queued]>
[2024-10-26T23:57:30.343+0000] {taskinstance.py:2612} INFO - Dependencies all met for dep_context=requeueable deps ti=<TaskInstance: indices_argentina_v04.transform scheduled__2024-10-25T00:00:00+00:00 [queued]>
[2024-10-26T23:57:30.344+0000] {taskinstance.py:2865} INFO - Starting attempt 1 of 6
[2024-10-26T23:57:30.365+0000] {taskinstance.py:2888} INFO - Executing <Task(PythonOperator): transform> on 2024-10-25 00:00:00+00:00
[2024-10-26T23:57:30.375+0000] {standard_task_runner.py:104} INFO - Running: ['***', 'tasks', 'run', 'indices_argentina_v04', 'transform', 'scheduled__2024-10-25T00:00:00+00:00', '--job-id', '157', '--raw', '--subdir', 'DAGS_FOLDER/first_dag.py', '--cfg-path', '/tmp/tmpum0xmx6s']
[2024-10-26T23:57:30.378+0000] {standard_task_runner.py:105} INFO - Job 157: Subtask transform
[2024-10-26T23:57:30.383+0000] {logging_mixin.py:190} WARNING - /home/***/.local/lib/python3.12/site-packages/***/task/task_runner/standard_task_runner.py:70 DeprecationWarning: This process (pid=42652) is multi-threaded, use of fork() may lead to deadlocks in the child.
[2024-10-26T23:57:30.383+0000] {standard_task_runner.py:72} INFO - Started process 42653 to run task
[2024-10-26T23:57:30.435+0000] {task_command.py:467} INFO - Running <TaskInstance: indices_argentina_v04.transform scheduled__2024-10-25T00:00:00+00:00 [running]> on host d9df5aecafce
[2024-10-26T23:57:30.677+0000] {taskinstance.py:3131} INFO - Exporting env vars: AIRFLOW_CTX_DAG_OWNER='rolo' AIRFLOW_CTX_DAG_ID='indices_argentina_v04' AIRFLOW_CTX_TASK_ID='transform' AIRFLOW_CTX_EXECUTION_DATE='2024-10-25T00:00:00+00:00' AIRFLOW_CTX_TRY_NUMBER='1' AIRFLOW_CTX_DAG_RUN_ID='scheduled__2024-10-25T00:00:00+00:00'
[2024-10-26T23:57:30.678+0000] {taskinstance.py:731} INFO - ::endgroup::
[2024-10-26T23:57:43.702+0000] {logging_mixin.py:190} INFO - +----------+-------------+-----------+
|     fecha|valor_mensual|valor_anual|
+----------+-------------+-----------+
|2024-09-30|          3.5|      209.0|
|2024-08-31|          4.2|      236.7|
|2024-07-31|          4.0|      263.4|
|2024-06-30|          4.6|      271.5|
|2024-05-31|          4.2|      276.4|
|2024-04-30|          8.8|      289.4|
|2024-03-31|         11.0|      287.9|
|2024-02-29|         13.2|      276.2|
|2024-01-31|         20.6|      254.2|
|2023-12-31|         25.5|      211.4|
|2023-11-30|         12.8|      160.9|
|2023-10-31|          8.3|      142.7|
|2023-09-30|         12.7|      138.3|
|2023-08-31|         12.4|      124.4|
|2023-07-31|          6.3|      113.4|
|2023-06-30|          6.0|      115.6|
|2023-05-31|          7.8|      114.2|
|2023-04-30|          8.4|      108.8|
|2023-03-31|          7.7|      104.3|
|2023-02-28|          6.6|      102.5|
+----------+-------------+-----------+
only showing top 20 rows
[2024-10-26T23:57:45.792+0000] {python.py:240} INFO - Done. Returned value was: None
[2024-10-26T23:57:45.806+0000] {taskinstance.py:340} INFO - ::group::Post task execution logs
[2024-10-26T23:57:45.806+0000] {taskinstance.py:352} INFO - Marking task as SUCCESS. dag_id=indices_argentina_v04, task_id=transform, run_id=scheduled__2024-10-25T00:00:00+00:00, execution_date=20241025T000000, start_date=20241026T235730, end_date=20241026T235745
[2024-10-26T23:57:45.844+0000] {local_task_job_runner.py:266} INFO - Task exited with return code 0
[2024-10-26T23:57:45.869+0000] {taskinstance.py:3900} INFO - 1 downstream tasks scheduled from follow-on schedule check
[2024-10-26T23:57:45.870+0000] {local_task_job_runner.py:245} INFO - ::endgroup::
