[2024-10-30T05:17:19.873+0000] {local_task_job_runner.py:123} INFO - ::group::Pre task execution logs
[2024-10-30T05:17:19.891+0000] {taskinstance.py:2612} INFO - Dependencies all met for dep_context=non-requeueable deps ti=<TaskInstance: ipc_inflation_v03.transform scheduled__2024-10-29T00:00:00+00:00 [queued]>
[2024-10-30T05:17:19.900+0000] {taskinstance.py:2612} INFO - Dependencies all met for dep_context=requeueable deps ti=<TaskInstance: ipc_inflation_v03.transform scheduled__2024-10-29T00:00:00+00:00 [queued]>
[2024-10-30T05:17:19.901+0000] {taskinstance.py:2865} INFO - Starting attempt 5 of 10
[2024-10-30T05:17:19.917+0000] {taskinstance.py:2888} INFO - Executing <Task(PythonOperator): transform> on 2024-10-29 00:00:00+00:00
[2024-10-30T05:17:19.925+0000] {logging_mixin.py:190} WARNING - /home/***/.local/lib/python3.12/site-packages/***/task/task_runner/standard_task_runner.py:70 DeprecationWarning: This process (pid=18912) is multi-threaded, use of fork() may lead to deadlocks in the child.
[2024-10-30T05:17:19.926+0000] {standard_task_runner.py:72} INFO - Started process 18913 to run task
[2024-10-30T05:17:19.925+0000] {standard_task_runner.py:104} INFO - Running: ['***', 'tasks', 'run', 'ipc_inflation_v03', 'transform', 'scheduled__2024-10-29T00:00:00+00:00', '--job-id', '358', '--raw', '--subdir', 'DAGS_FOLDER/ipc_dag.py', '--cfg-path', '/tmp/tmp0zd9gig5']
[2024-10-30T05:17:19.927+0000] {standard_task_runner.py:105} INFO - Job 358: Subtask transform
[2024-10-30T05:17:19.974+0000] {task_command.py:467} INFO - Running <TaskInstance: ipc_inflation_v03.transform scheduled__2024-10-29T00:00:00+00:00 [running]> on host 276004bbea2b
[2024-10-30T05:17:20.204+0000] {taskinstance.py:3131} INFO - Exporting env vars: AIRFLOW_CTX_DAG_OWNER='rolo' AIRFLOW_CTX_DAG_ID='ipc_inflation_v03' AIRFLOW_CTX_TASK_ID='transform' AIRFLOW_CTX_EXECUTION_DATE='2024-10-29T00:00:00+00:00' AIRFLOW_CTX_TRY_NUMBER='5' AIRFLOW_CTX_DAG_RUN_ID='scheduled__2024-10-29T00:00:00+00:00'
[2024-10-30T05:17:20.205+0000] {taskinstance.py:731} INFO - ::endgroup::
[2024-10-30T05:17:34.592+0000] {logging_mixin.py:190} INFO - +-------+---------------+-----------------+------------------+
|Periodo|avg_ipc_mensual|variacion_mensual|avg_ipc_interanual|
+-------+---------------+-----------------+------------------+
| 201701|           1.44|           -99.21|              NULL|
+-------+---------------+-----------------+------------------+
[2024-10-30T05:17:36.548+0000] {python.py:240} INFO - Done. Returned value was: None
[2024-10-30T05:17:36.561+0000] {taskinstance.py:340} INFO - ::group::Post task execution logs
[2024-10-30T05:17:36.562+0000] {taskinstance.py:352} INFO - Marking task as SUCCESS. dag_id=ipc_inflation_v03, task_id=transform, run_id=scheduled__2024-10-29T00:00:00+00:00, execution_date=20241029T000000, start_date=20241030T051719, end_date=20241030T051736
[2024-10-30T05:17:36.616+0000] {local_task_job_runner.py:266} INFO - Task exited with return code 0
[2024-10-30T05:17:36.638+0000] {taskinstance.py:3900} INFO - 1 downstream tasks scheduled from follow-on schedule check
[2024-10-30T05:17:36.639+0000] {local_task_job_runner.py:245} INFO - ::endgroup::
