[2024-10-30T04:11:41.119+0000] {local_task_job_runner.py:123} INFO - ::group::Pre task execution logs
[2024-10-30T04:11:41.138+0000] {taskinstance.py:2612} INFO - Dependencies all met for dep_context=non-requeueable deps ti=<TaskInstance: ipc_inflation_v03.transform scheduled__2024-10-29T00:00:00+00:00 [queued]>
[2024-10-30T04:11:41.148+0000] {taskinstance.py:2612} INFO - Dependencies all met for dep_context=requeueable deps ti=<TaskInstance: ipc_inflation_v03.transform scheduled__2024-10-29T00:00:00+00:00 [queued]>
[2024-10-30T04:11:41.148+0000] {taskinstance.py:2865} INFO - Starting attempt 2 of 7
[2024-10-30T04:11:41.163+0000] {taskinstance.py:2888} INFO - Executing <Task(PythonOperator): transform> on 2024-10-29 00:00:00+00:00
[2024-10-30T04:11:41.172+0000] {logging_mixin.py:190} WARNING - /home/***/.local/lib/python3.12/site-packages/***/task/task_runner/standard_task_runner.py:70 DeprecationWarning: This process (pid=15198) is multi-threaded, use of fork() may lead to deadlocks in the child.
[2024-10-30T04:11:41.173+0000] {standard_task_runner.py:72} INFO - Started process 15199 to run task
[2024-10-30T04:11:41.172+0000] {standard_task_runner.py:104} INFO - Running: ['***', 'tasks', 'run', 'ipc_inflation_v03', 'transform', 'scheduled__2024-10-29T00:00:00+00:00', '--job-id', '352', '--raw', '--subdir', 'DAGS_FOLDER/ipc_dag.py', '--cfg-path', '/tmp/tmpff5_ul8f']
[2024-10-30T04:11:41.174+0000] {standard_task_runner.py:105} INFO - Job 352: Subtask transform
[2024-10-30T04:11:41.222+0000] {task_command.py:467} INFO - Running <TaskInstance: ipc_inflation_v03.transform scheduled__2024-10-29T00:00:00+00:00 [running]> on host 276004bbea2b
[2024-10-30T04:11:41.454+0000] {taskinstance.py:3131} INFO - Exporting env vars: AIRFLOW_CTX_DAG_OWNER='rolo' AIRFLOW_CTX_DAG_ID='ipc_inflation_v03' AIRFLOW_CTX_TASK_ID='transform' AIRFLOW_CTX_EXECUTION_DATE='2024-10-29T00:00:00+00:00' AIRFLOW_CTX_TRY_NUMBER='2' AIRFLOW_CTX_DAG_RUN_ID='scheduled__2024-10-29T00:00:00+00:00'
[2024-10-30T04:11:41.455+0000] {taskinstance.py:731} INFO - ::endgroup::
[2024-10-30T04:11:53.868+0000] {logging_mixin.py:190} INFO - Error: [UNRESOLVED_COLUMN.WITH_SUGGESTION] A column or function parameter with name `v_i_a_IPC` cannot be resolved. Did you mean one of the following? [`v_m_IPC`, `Periodo`].;
'Aggregate [Periodo#20], [Periodo#20, round(avg(cast(v_m_IPC#22 as double)), 2) AS avg_ipc_mensual#39, round(avg('v_i_a_IPC), 2) AS avg_ipc_interanual#41]
+- Project [Periodo#20, v_m_IPC#22]
   +- Relation [Codigo#17,Descripcion#18,Clasificador#19,Periodo#20,Indice_IPC#21,v_m_IPC#22,v_i_a_IPC#23,Region#24] csv
[2024-10-30T04:11:54.275+0000] {python.py:240} INFO - Done. Returned value was: None
[2024-10-30T04:11:54.288+0000] {taskinstance.py:340} INFO - ::group::Post task execution logs
[2024-10-30T04:11:54.289+0000] {taskinstance.py:352} INFO - Marking task as SUCCESS. dag_id=ipc_inflation_v03, task_id=transform, run_id=scheduled__2024-10-29T00:00:00+00:00, execution_date=20241029T000000, start_date=20241030T041141, end_date=20241030T041154
[2024-10-30T04:11:54.357+0000] {local_task_job_runner.py:266} INFO - Task exited with return code 0
[2024-10-30T04:11:54.381+0000] {taskinstance.py:3900} INFO - 1 downstream tasks scheduled from follow-on schedule check
[2024-10-30T04:11:54.382+0000] {local_task_job_runner.py:245} INFO - ::endgroup::
