[2024-10-30T05:34:05.654+0000] {local_task_job_runner.py:123} INFO - ::group::Pre task execution logs
[2024-10-30T05:34:05.678+0000] {taskinstance.py:2612} INFO - Dependencies all met for dep_context=non-requeueable deps ti=<TaskInstance: ipc_inflation_v03.transform scheduled__2024-10-29T00:00:00+00:00 [queued]>
[2024-10-30T05:34:05.688+0000] {taskinstance.py:2612} INFO - Dependencies all met for dep_context=requeueable deps ti=<TaskInstance: ipc_inflation_v03.transform scheduled__2024-10-29T00:00:00+00:00 [queued]>
[2024-10-30T05:34:05.688+0000] {taskinstance.py:2865} INFO - Starting attempt 7 of 12
[2024-10-30T05:34:05.704+0000] {taskinstance.py:2888} INFO - Executing <Task(PythonOperator): transform> on 2024-10-29 00:00:00+00:00
[2024-10-30T05:34:05.714+0000] {logging_mixin.py:190} WARNING - /home/***/.local/lib/python3.12/site-packages/***/task/task_runner/standard_task_runner.py:70 DeprecationWarning: This process (pid=20329) is multi-threaded, use of fork() may lead to deadlocks in the child.
[2024-10-30T05:34:05.716+0000] {standard_task_runner.py:72} INFO - Started process 20330 to run task
[2024-10-30T05:34:05.714+0000] {standard_task_runner.py:104} INFO - Running: ['***', 'tasks', 'run', 'ipc_inflation_v03', 'transform', 'scheduled__2024-10-29T00:00:00+00:00', '--job-id', '362', '--raw', '--subdir', 'DAGS_FOLDER/ipc_dag.py', '--cfg-path', '/tmp/tmpxxigz3l4']
[2024-10-30T05:34:05.717+0000] {standard_task_runner.py:105} INFO - Job 362: Subtask transform
[2024-10-30T05:34:05.776+0000] {task_command.py:467} INFO - Running <TaskInstance: ipc_inflation_v03.transform scheduled__2024-10-29T00:00:00+00:00 [running]> on host 276004bbea2b
[2024-10-30T05:34:06.027+0000] {taskinstance.py:3131} INFO - Exporting env vars: AIRFLOW_CTX_DAG_OWNER='rolo' AIRFLOW_CTX_DAG_ID='ipc_inflation_v03' AIRFLOW_CTX_TASK_ID='transform' AIRFLOW_CTX_EXECUTION_DATE='2024-10-29T00:00:00+00:00' AIRFLOW_CTX_TRY_NUMBER='7' AIRFLOW_CTX_DAG_RUN_ID='scheduled__2024-10-29T00:00:00+00:00'
[2024-10-30T05:34:06.028+0000] {taskinstance.py:731} INFO - ::endgroup::
[2024-10-30T05:34:20.788+0000] {logging_mixin.py:190} INFO - +-------+---------------+-----------------+------------------+
|Periodo|avg_ipc_mensual|variacion_mensual|avg_ipc_interanual|
+-------+---------------+-----------------+------------------+
| 202409|           3.61|             3.57|            219.27|
| 202408|           4.56|             4.49|            244.31|
| 202407|           4.76|             4.67|             265.1|
| 202406|           5.36|             5.14|            273.12|
| 202405|           4.73|             4.55|            277.93|
| 202404|          10.16|             9.38|            289.41|
| 202403|          13.26|            11.71|             279.9|
| 202402|          13.86|            13.38|            264.09|
| 202401|          21.35|            21.62|            239.33|
| 202312|           22.7|            23.52|            196.18|
| 202311|          11.85|            12.05|            153.21|
| 202310|           8.11|             8.09|            137.86|
| 202309|          12.01|            12.28|            134.62|
| 202308|          11.11|            11.42|            122.15|
| 202307|            7.0|             6.89|             113.6|
| 202306|            6.6|             6.42|             114.8|
| 202305|            7.8|             7.76|            111.96|
| 202304|           7.25|             7.51|            106.45|
| 202303|           8.14|             7.75|            103.02|
| 202302|           5.92|             5.93|            101.57|
+-------+---------------+-----------------+------------------+
only showing top 20 rows
[2024-10-30T05:34:22.473+0000] {python.py:240} INFO - Done. Returned value was: None
[2024-10-30T05:34:22.485+0000] {taskinstance.py:340} INFO - ::group::Post task execution logs
[2024-10-30T05:34:22.486+0000] {taskinstance.py:352} INFO - Marking task as SUCCESS. dag_id=ipc_inflation_v03, task_id=transform, run_id=scheduled__2024-10-29T00:00:00+00:00, execution_date=20241029T000000, start_date=20241030T053405, end_date=20241030T053422
[2024-10-30T05:34:22.523+0000] {local_task_job_runner.py:266} INFO - Task exited with return code 0
[2024-10-30T05:34:22.564+0000] {taskinstance.py:3900} INFO - 1 downstream tasks scheduled from follow-on schedule check
[2024-10-30T05:34:22.566+0000] {local_task_job_runner.py:245} INFO - ::endgroup::
