[2024-10-28T00:40:39.306+0000] {local_task_job_runner.py:123} INFO - ::group::Pre task execution logs
[2024-10-28T00:40:39.326+0000] {taskinstance.py:2612} INFO - Dependencies all met for dep_context=non-requeueable deps ti=<TaskInstance: indices_argentina_v08.load scheduled__2024-10-27T00:00:00+00:00 [queued]>
[2024-10-28T00:40:39.335+0000] {taskinstance.py:2612} INFO - Dependencies all met for dep_context=requeueable deps ti=<TaskInstance: indices_argentina_v08.load scheduled__2024-10-27T00:00:00+00:00 [queued]>
[2024-10-28T00:40:39.335+0000] {taskinstance.py:2865} INFO - Starting attempt 6 of 11
[2024-10-28T00:40:39.354+0000] {taskinstance.py:2888} INFO - Executing <Task(PythonOperator): load> on 2024-10-27 00:00:00+00:00
[2024-10-28T00:40:39.363+0000] {standard_task_runner.py:104} INFO - Running: ['***', 'tasks', 'run', 'indices_argentina_v08', 'load', 'scheduled__2024-10-27T00:00:00+00:00', '--job-id', '229', '--raw', '--subdir', 'DAGS_FOLDER/first_dag.py', '--cfg-path', '/tmp/tmpycasc2m8']
[2024-10-28T00:40:39.366+0000] {standard_task_runner.py:105} INFO - Job 229: Subtask load
[2024-10-28T00:40:39.368+0000] {logging_mixin.py:190} WARNING - /home/***/.local/lib/python3.12/site-packages/***/task/task_runner/standard_task_runner.py:70 DeprecationWarning: This process (pid=2049) is multi-threaded, use of fork() may lead to deadlocks in the child.
[2024-10-28T00:40:39.368+0000] {standard_task_runner.py:72} INFO - Started process 2050 to run task
[2024-10-28T00:40:39.416+0000] {task_command.py:467} INFO - Running <TaskInstance: indices_argentina_v08.load scheduled__2024-10-27T00:00:00+00:00 [running]> on host 276004bbea2b
[2024-10-28T00:40:39.516+0000] {taskinstance.py:3131} INFO - Exporting env vars: AIRFLOW_CTX_DAG_OWNER='rolo' AIRFLOW_CTX_DAG_ID='indices_argentina_v08' AIRFLOW_CTX_TASK_ID='load' AIRFLOW_CTX_EXECUTION_DATE='2024-10-27T00:00:00+00:00' AIRFLOW_CTX_TRY_NUMBER='6' AIRFLOW_CTX_DAG_RUN_ID='scheduled__2024-10-27T00:00:00+00:00'
[2024-10-28T00:40:39.517+0000] {taskinstance.py:731} INFO - ::endgroup::
[2024-10-28T00:40:39.541+0000] {logging_mixin.py:190} INFO - None
[2024-10-28T00:40:39.542+0000] {logging_mixin.py:190} INFO - Error: La variable de entorno 'POSTGRES_JAR' no está definida en el archivo .env
[2024-10-28T00:40:39.542+0000] {python.py:240} INFO - Done. Returned value was: None
[2024-10-28T00:40:39.695+0000] {taskinstance.py:340} INFO - ::group::Post task execution logs
[2024-10-28T00:40:39.696+0000] {taskinstance.py:352} INFO - Marking task as SUCCESS. dag_id=indices_argentina_v08, task_id=load, run_id=scheduled__2024-10-27T00:00:00+00:00, execution_date=20241027T000000, start_date=20241028T004039, end_date=20241028T004039
[2024-10-28T00:40:39.744+0000] {local_task_job_runner.py:266} INFO - Task exited with return code 0
[2024-10-28T00:40:39.762+0000] {taskinstance.py:3900} INFO - 0 downstream tasks scheduled from follow-on schedule check
[2024-10-28T00:40:39.764+0000] {local_task_job_runner.py:245} INFO - ::endgroup::
