[2024-10-27T23:10:20.352+0000] {local_task_job_runner.py:123} INFO - ::group::Pre task execution logs
[2024-10-27T23:10:20.385+0000] {taskinstance.py:2612} INFO - Dependencies all met for dep_context=non-requeueable deps ti=<TaskInstance: indices_argentina_v06.transform scheduled__2024-10-26T00:00:00+00:00 [queued]>
[2024-10-27T23:10:20.404+0000] {taskinstance.py:2612} INFO - Dependencies all met for dep_context=requeueable deps ti=<TaskInstance: indices_argentina_v06.transform scheduled__2024-10-26T00:00:00+00:00 [queued]>
[2024-10-27T23:10:20.405+0000] {taskinstance.py:2865} INFO - Starting attempt 5 of 10
[2024-10-27T23:10:20.429+0000] {taskinstance.py:2888} INFO - Executing <Task(PythonOperator): transform> on 2024-10-26 00:00:00+00:00
[2024-10-27T23:10:20.441+0000] {standard_task_runner.py:104} INFO - Running: ['***', 'tasks', 'run', 'indices_argentina_v06', 'transform', 'scheduled__2024-10-26T00:00:00+00:00', '--job-id', '188', '--raw', '--subdir', 'DAGS_FOLDER/first_dag.py', '--cfg-path', '/tmp/tmp5fvwrqwg']
[2024-10-27T23:10:20.445+0000] {standard_task_runner.py:105} INFO - Job 188: Subtask transform
[2024-10-27T23:10:20.452+0000] {logging_mixin.py:190} WARNING - /home/***/.local/lib/python3.12/site-packages/***/task/task_runner/standard_task_runner.py:70 DeprecationWarning: This process (pid=7924) is multi-threaded, use of fork() may lead to deadlocks in the child.
[2024-10-27T23:10:20.453+0000] {standard_task_runner.py:72} INFO - Started process 7925 to run task
[2024-10-27T23:10:20.506+0000] {task_command.py:467} INFO - Running <TaskInstance: indices_argentina_v06.transform scheduled__2024-10-26T00:00:00+00:00 [running]> on host d9df5aecafce
[2024-10-27T23:10:20.784+0000] {taskinstance.py:3131} INFO - Exporting env vars: AIRFLOW_CTX_DAG_OWNER='rolo' AIRFLOW_CTX_DAG_ID='indices_argentina_v06' AIRFLOW_CTX_TASK_ID='transform' AIRFLOW_CTX_EXECUTION_DATE='2024-10-26T00:00:00+00:00' AIRFLOW_CTX_TRY_NUMBER='5' AIRFLOW_CTX_DAG_RUN_ID='scheduled__2024-10-26T00:00:00+00:00'
[2024-10-27T23:10:20.785+0000] {taskinstance.py:731} INFO - ::endgroup::
[2024-10-27T23:10:38.387+0000] {logging_mixin.py:190} INFO - +-------------------+-------------+-----------+-------------------+------------+
|    fecha_inflacion|valor_mensual|valor_anual|       fecha_riesgo|valor_riesgo|
+-------------------+-------------+-----------+-------------------+------------+
|2024-09-30 00:00:00|          3.5|      209.0|2024-09-30 00:00:00|        1311|
|2024-09-30 00:00:00|          3.5|      209.0|2024-09-10 00:00:00|        1442|
|2024-09-30 00:00:00|          3.5|      209.0|2024-09-29 00:00:00|        1302|
|2024-09-30 00:00:00|          3.5|      209.0|2024-09-28 00:00:00|        1302|
|2024-09-30 00:00:00|          3.5|      209.0|2024-09-27 00:00:00|        1302|
|2024-09-30 00:00:00|          3.5|      209.0|2024-09-26 00:00:00|        1304|
|2024-09-30 00:00:00|          3.5|      209.0|2024-09-25 00:00:00|        1303|
|2024-09-30 00:00:00|          3.5|      209.0|2024-09-24 00:00:00|        1308|
|2024-09-30 00:00:00|          3.5|      209.0|2024-09-23 00:00:00|        1319|
|2024-09-30 00:00:00|          3.5|      209.0|2024-09-22 00:00:00|        1301|
|2024-09-30 00:00:00|          3.5|      209.0|2024-09-21 00:00:00|        1301|
|2024-09-30 00:00:00|          3.5|      209.0|2024-09-20 00:00:00|        1301|
|2024-09-30 00:00:00|          3.5|      209.0|2024-09-19 00:00:00|        1363|
|2024-09-30 00:00:00|          3.5|      209.0|2024-09-18 00:00:00|        1370|
|2024-09-30 00:00:00|          3.5|      209.0|2024-09-17 00:00:00|        1365|
|2024-09-30 00:00:00|          3.5|      209.0|2024-09-16 00:00:00|        1400|
|2024-09-30 00:00:00|          3.5|      209.0|2024-09-15 00:00:00|        1422|
|2024-09-30 00:00:00|          3.5|      209.0|2024-09-14 00:00:00|        1422|
|2024-09-30 00:00:00|          3.5|      209.0|2024-09-13 00:00:00|        1422|
|2024-09-30 00:00:00|          3.5|      209.0|2024-09-12 00:00:00|        1445|
+-------------------+-------------+-----------+-------------------+------------+
only showing top 20 rows
[2024-10-27T23:10:41.306+0000] {python.py:240} INFO - Done. Returned value was: None
[2024-10-27T23:10:41.325+0000] {taskinstance.py:340} INFO - ::group::Post task execution logs
[2024-10-27T23:10:41.326+0000] {taskinstance.py:352} INFO - Marking task as SUCCESS. dag_id=indices_argentina_v06, task_id=transform, run_id=scheduled__2024-10-26T00:00:00+00:00, execution_date=20241026T000000, start_date=20241027T231020, end_date=20241027T231041
[2024-10-27T23:10:41.364+0000] {local_task_job_runner.py:266} INFO - Task exited with return code 0
[2024-10-27T23:10:41.396+0000] {taskinstance.py:3900} INFO - 1 downstream tasks scheduled from follow-on schedule check
[2024-10-27T23:10:41.398+0000] {local_task_job_runner.py:245} INFO - ::endgroup::
