[2024-11-03T00:00:17.029+0000] {processor.py:186} INFO - Started process (PID=11509) to work on /opt/airflow/dags/banco_mundial_indicators_dag.py
[2024-11-03T00:00:17.031+0000] {processor.py:914} INFO - Processing file /opt/airflow/dags/banco_mundial_indicators_dag.py for tasks to queue
[2024-11-03T00:00:17.035+0000] {logging_mixin.py:190} INFO - [2024-11-03T00:00:17.035+0000] {dagbag.py:588} INFO - Filling up the DagBag from /opt/airflow/dags/banco_mundial_indicators_dag.py
[2024-11-03T00:00:17.307+0000] {processor.py:925} INFO - DAG(s) 'banco_mundial_indicators_v02' retrieved from /opt/airflow/dags/banco_mundial_indicators_dag.py
[2024-11-03T00:00:17.382+0000] {logging_mixin.py:190} INFO - [2024-11-03T00:00:17.381+0000] {dag.py:3239} INFO - Sync 1 DAGs
[2024-11-03T00:00:17.533+0000] {logging_mixin.py:190} INFO - [2024-11-03T00:00:17.532+0000] {dag.py:4180} INFO - Setting next_dagrun for banco_mundial_indicators_v02 to 2024-11-03 00:00:00+00:00, run_after=2024-11-04 00:00:00+00:00
[2024-11-03T00:00:17.698+0000] {processor.py:208} INFO - Processing /opt/airflow/dags/banco_mundial_indicators_dag.py took 0.694 seconds
[2024-11-03T00:00:48.083+0000] {processor.py:186} INFO - Started process (PID=11992) to work on /opt/airflow/dags/banco_mundial_indicators_dag.py
[2024-11-03T00:00:48.129+0000] {processor.py:914} INFO - Processing file /opt/airflow/dags/banco_mundial_indicators_dag.py for tasks to queue
[2024-11-03T00:00:48.194+0000] {logging_mixin.py:190} INFO - [2024-11-03T00:00:48.194+0000] {dagbag.py:588} INFO - Filling up the DagBag from /opt/airflow/dags/banco_mundial_indicators_dag.py
[2024-11-03T00:00:49.478+0000] {processor.py:925} INFO - DAG(s) 'banco_mundial_indicators_v02' retrieved from /opt/airflow/dags/banco_mundial_indicators_dag.py
[2024-11-03T00:00:49.777+0000] {logging_mixin.py:190} INFO - [2024-11-03T00:00:49.777+0000] {dag.py:3239} INFO - Sync 1 DAGs
[2024-11-03T00:00:49.913+0000] {logging_mixin.py:190} INFO - [2024-11-03T00:00:49.912+0000] {dag.py:4180} INFO - Setting next_dagrun for banco_mundial_indicators_v02 to 2024-11-03 00:00:00+00:00, run_after=2024-11-04 00:00:00+00:00
[2024-11-03T00:00:50.009+0000] {processor.py:208} INFO - Processing /opt/airflow/dags/banco_mundial_indicators_dag.py took 2.059 seconds
[2024-11-03T00:01:20.597+0000] {processor.py:186} INFO - Started process (PID=12589) to work on /opt/airflow/dags/banco_mundial_indicators_dag.py
[2024-11-03T00:01:20.603+0000] {processor.py:914} INFO - Processing file /opt/airflow/dags/banco_mundial_indicators_dag.py for tasks to queue
[2024-11-03T00:01:20.620+0000] {logging_mixin.py:190} INFO - [2024-11-03T00:01:20.613+0000] {dagbag.py:588} INFO - Filling up the DagBag from /opt/airflow/dags/banco_mundial_indicators_dag.py
[2024-11-03T00:01:21.218+0000] {processor.py:925} INFO - DAG(s) 'banco_mundial_indicators_v02' retrieved from /opt/airflow/dags/banco_mundial_indicators_dag.py
[2024-11-03T00:01:21.716+0000] {logging_mixin.py:190} INFO - [2024-11-03T00:01:21.716+0000] {dag.py:3239} INFO - Sync 1 DAGs
[2024-11-03T00:01:22.140+0000] {logging_mixin.py:190} INFO - [2024-11-03T00:01:22.140+0000] {dag.py:4180} INFO - Setting next_dagrun for banco_mundial_indicators_v02 to 2024-11-03 00:00:00+00:00, run_after=2024-11-04 00:00:00+00:00
[2024-11-03T00:01:22.344+0000] {processor.py:208} INFO - Processing /opt/airflow/dags/banco_mundial_indicators_dag.py took 1.800 seconds
[2024-11-03T00:01:52.896+0000] {processor.py:186} INFO - Started process (PID=13110) to work on /opt/airflow/dags/banco_mundial_indicators_dag.py
[2024-11-03T00:01:52.903+0000] {processor.py:914} INFO - Processing file /opt/airflow/dags/banco_mundial_indicators_dag.py for tasks to queue
[2024-11-03T00:01:52.911+0000] {logging_mixin.py:190} INFO - [2024-11-03T00:01:52.910+0000] {dagbag.py:588} INFO - Filling up the DagBag from /opt/airflow/dags/banco_mundial_indicators_dag.py
[2024-11-03T00:01:53.199+0000] {processor.py:925} INFO - DAG(s) 'banco_mundial_indicators_v02' retrieved from /opt/airflow/dags/banco_mundial_indicators_dag.py
[2024-11-03T00:01:53.307+0000] {logging_mixin.py:190} INFO - [2024-11-03T00:01:53.306+0000] {dag.py:3239} INFO - Sync 1 DAGs
[2024-11-03T00:01:53.415+0000] {logging_mixin.py:190} INFO - [2024-11-03T00:01:53.414+0000] {dag.py:4180} INFO - Setting next_dagrun for banco_mundial_indicators_v02 to 2024-11-03 00:00:00+00:00, run_after=2024-11-04 00:00:00+00:00
[2024-11-03T00:01:53.511+0000] {processor.py:208} INFO - Processing /opt/airflow/dags/banco_mundial_indicators_dag.py took 0.657 seconds
[2024-11-03T00:02:24.101+0000] {processor.py:186} INFO - Started process (PID=13745) to work on /opt/airflow/dags/banco_mundial_indicators_dag.py
[2024-11-03T00:02:24.102+0000] {processor.py:914} INFO - Processing file /opt/airflow/dags/banco_mundial_indicators_dag.py for tasks to queue
[2024-11-03T00:02:24.106+0000] {logging_mixin.py:190} INFO - [2024-11-03T00:02:24.105+0000] {dagbag.py:588} INFO - Filling up the DagBag from /opt/airflow/dags/banco_mundial_indicators_dag.py
[2024-11-03T00:02:24.343+0000] {processor.py:925} INFO - DAG(s) 'banco_mundial_indicators_v02' retrieved from /opt/airflow/dags/banco_mundial_indicators_dag.py
[2024-11-03T00:02:24.403+0000] {logging_mixin.py:190} INFO - [2024-11-03T00:02:24.402+0000] {dag.py:3239} INFO - Sync 1 DAGs
[2024-11-03T00:02:24.485+0000] {logging_mixin.py:190} INFO - [2024-11-03T00:02:24.484+0000] {dag.py:4180} INFO - Setting next_dagrun for banco_mundial_indicators_v02 to 2024-11-03 00:00:00+00:00, run_after=2024-11-04 00:00:00+00:00
[2024-11-03T00:02:24.542+0000] {processor.py:208} INFO - Processing /opt/airflow/dags/banco_mundial_indicators_dag.py took 0.483 seconds
[2024-11-03T00:02:55.153+0000] {processor.py:186} INFO - Started process (PID=13854) to work on /opt/airflow/dags/banco_mundial_indicators_dag.py
[2024-11-03T00:02:55.154+0000] {processor.py:914} INFO - Processing file /opt/airflow/dags/banco_mundial_indicators_dag.py for tasks to queue
[2024-11-03T00:02:55.156+0000] {logging_mixin.py:190} INFO - [2024-11-03T00:02:55.156+0000] {dagbag.py:588} INFO - Filling up the DagBag from /opt/airflow/dags/banco_mundial_indicators_dag.py
[2024-11-03T00:02:55.272+0000] {processor.py:925} INFO - DAG(s) 'banco_mundial_indicators_v02' retrieved from /opt/airflow/dags/banco_mundial_indicators_dag.py
[2024-11-03T00:02:55.299+0000] {logging_mixin.py:190} INFO - [2024-11-03T00:02:55.299+0000] {dag.py:3239} INFO - Sync 1 DAGs
[2024-11-03T00:02:55.332+0000] {logging_mixin.py:190} INFO - [2024-11-03T00:02:55.332+0000] {dag.py:4180} INFO - Setting next_dagrun for banco_mundial_indicators_v02 to 2024-11-03 00:00:00+00:00, run_after=2024-11-04 00:00:00+00:00
[2024-11-03T00:02:55.358+0000] {processor.py:208} INFO - Processing /opt/airflow/dags/banco_mundial_indicators_dag.py took 0.211 seconds
[2024-11-03T00:03:25.791+0000] {processor.py:186} INFO - Started process (PID=13880) to work on /opt/airflow/dags/banco_mundial_indicators_dag.py
[2024-11-03T00:03:25.794+0000] {processor.py:914} INFO - Processing file /opt/airflow/dags/banco_mundial_indicators_dag.py for tasks to queue
[2024-11-03T00:03:25.797+0000] {logging_mixin.py:190} INFO - [2024-11-03T00:03:25.796+0000] {dagbag.py:588} INFO - Filling up the DagBag from /opt/airflow/dags/banco_mundial_indicators_dag.py
[2024-11-03T00:03:25.910+0000] {processor.py:925} INFO - DAG(s) 'banco_mundial_indicators_v02' retrieved from /opt/airflow/dags/banco_mundial_indicators_dag.py
[2024-11-03T00:03:25.939+0000] {logging_mixin.py:190} INFO - [2024-11-03T00:03:25.939+0000] {dag.py:3239} INFO - Sync 1 DAGs
[2024-11-03T00:03:25.971+0000] {logging_mixin.py:190} INFO - [2024-11-03T00:03:25.970+0000] {dag.py:4180} INFO - Setting next_dagrun for banco_mundial_indicators_v02 to 2024-11-03 00:00:00+00:00, run_after=2024-11-04 00:00:00+00:00
[2024-11-03T00:03:25.995+0000] {processor.py:208} INFO - Processing /opt/airflow/dags/banco_mundial_indicators_dag.py took 0.212 seconds
[2024-11-03T00:03:56.437+0000] {processor.py:186} INFO - Started process (PID=13906) to work on /opt/airflow/dags/banco_mundial_indicators_dag.py
[2024-11-03T00:03:56.438+0000] {processor.py:914} INFO - Processing file /opt/airflow/dags/banco_mundial_indicators_dag.py for tasks to queue
[2024-11-03T00:03:56.441+0000] {logging_mixin.py:190} INFO - [2024-11-03T00:03:56.441+0000] {dagbag.py:588} INFO - Filling up the DagBag from /opt/airflow/dags/banco_mundial_indicators_dag.py
[2024-11-03T00:03:56.557+0000] {processor.py:925} INFO - DAG(s) 'banco_mundial_indicators_v02' retrieved from /opt/airflow/dags/banco_mundial_indicators_dag.py
[2024-11-03T00:03:56.586+0000] {logging_mixin.py:190} INFO - [2024-11-03T00:03:56.586+0000] {dag.py:3239} INFO - Sync 1 DAGs
[2024-11-03T00:03:56.620+0000] {logging_mixin.py:190} INFO - [2024-11-03T00:03:56.620+0000] {dag.py:4180} INFO - Setting next_dagrun for banco_mundial_indicators_v02 to 2024-11-03 00:00:00+00:00, run_after=2024-11-04 00:00:00+00:00
[2024-11-03T00:03:56.644+0000] {processor.py:208} INFO - Processing /opt/airflow/dags/banco_mundial_indicators_dag.py took 0.214 seconds
[2024-11-03T00:04:27.086+0000] {processor.py:186} INFO - Started process (PID=13932) to work on /opt/airflow/dags/banco_mundial_indicators_dag.py
[2024-11-03T00:04:27.087+0000] {processor.py:914} INFO - Processing file /opt/airflow/dags/banco_mundial_indicators_dag.py for tasks to queue
[2024-11-03T00:04:27.091+0000] {logging_mixin.py:190} INFO - [2024-11-03T00:04:27.090+0000] {dagbag.py:588} INFO - Filling up the DagBag from /opt/airflow/dags/banco_mundial_indicators_dag.py
[2024-11-03T00:04:27.211+0000] {processor.py:925} INFO - DAG(s) 'banco_mundial_indicators_v02' retrieved from /opt/airflow/dags/banco_mundial_indicators_dag.py
[2024-11-03T00:04:27.238+0000] {logging_mixin.py:190} INFO - [2024-11-03T00:04:27.237+0000] {dag.py:3239} INFO - Sync 1 DAGs
[2024-11-03T00:04:27.270+0000] {logging_mixin.py:190} INFO - [2024-11-03T00:04:27.269+0000] {dag.py:4180} INFO - Setting next_dagrun for banco_mundial_indicators_v02 to 2024-11-03 00:00:00+00:00, run_after=2024-11-04 00:00:00+00:00
[2024-11-03T00:04:27.293+0000] {processor.py:208} INFO - Processing /opt/airflow/dags/banco_mundial_indicators_dag.py took 0.215 seconds
[2024-11-03T00:04:57.718+0000] {processor.py:186} INFO - Started process (PID=13958) to work on /opt/airflow/dags/banco_mundial_indicators_dag.py
[2024-11-03T00:04:57.719+0000] {processor.py:914} INFO - Processing file /opt/airflow/dags/banco_mundial_indicators_dag.py for tasks to queue
[2024-11-03T00:04:57.721+0000] {logging_mixin.py:190} INFO - [2024-11-03T00:04:57.721+0000] {dagbag.py:588} INFO - Filling up the DagBag from /opt/airflow/dags/banco_mundial_indicators_dag.py
[2024-11-03T00:04:57.837+0000] {processor.py:925} INFO - DAG(s) 'banco_mundial_indicators_v02' retrieved from /opt/airflow/dags/banco_mundial_indicators_dag.py
[2024-11-03T00:04:57.865+0000] {logging_mixin.py:190} INFO - [2024-11-03T00:04:57.865+0000] {dag.py:3239} INFO - Sync 1 DAGs
[2024-11-03T00:04:57.900+0000] {logging_mixin.py:190} INFO - [2024-11-03T00:04:57.899+0000] {dag.py:4180} INFO - Setting next_dagrun for banco_mundial_indicators_v02 to 2024-11-03 00:00:00+00:00, run_after=2024-11-04 00:00:00+00:00
[2024-11-03T00:04:57.922+0000] {processor.py:208} INFO - Processing /opt/airflow/dags/banco_mundial_indicators_dag.py took 0.211 seconds
[2024-11-03T00:05:28.313+0000] {processor.py:186} INFO - Started process (PID=13984) to work on /opt/airflow/dags/banco_mundial_indicators_dag.py
[2024-11-03T00:05:28.314+0000] {processor.py:914} INFO - Processing file /opt/airflow/dags/banco_mundial_indicators_dag.py for tasks to queue
[2024-11-03T00:05:28.317+0000] {logging_mixin.py:190} INFO - [2024-11-03T00:05:28.316+0000] {dagbag.py:588} INFO - Filling up the DagBag from /opt/airflow/dags/banco_mundial_indicators_dag.py
[2024-11-03T00:05:28.429+0000] {processor.py:925} INFO - DAG(s) 'banco_mundial_indicators_v02' retrieved from /opt/airflow/dags/banco_mundial_indicators_dag.py
[2024-11-03T00:05:28.458+0000] {logging_mixin.py:190} INFO - [2024-11-03T00:05:28.458+0000] {dag.py:3239} INFO - Sync 1 DAGs
[2024-11-03T00:05:28.494+0000] {logging_mixin.py:190} INFO - [2024-11-03T00:05:28.494+0000] {dag.py:4180} INFO - Setting next_dagrun for banco_mundial_indicators_v02 to 2024-11-03 00:00:00+00:00, run_after=2024-11-04 00:00:00+00:00
[2024-11-03T00:05:28.515+0000] {processor.py:208} INFO - Processing /opt/airflow/dags/banco_mundial_indicators_dag.py took 0.208 seconds
[2024-11-03T00:05:58.909+0000] {processor.py:186} INFO - Started process (PID=14010) to work on /opt/airflow/dags/banco_mundial_indicators_dag.py
[2024-11-03T00:05:58.911+0000] {processor.py:914} INFO - Processing file /opt/airflow/dags/banco_mundial_indicators_dag.py for tasks to queue
[2024-11-03T00:05:58.915+0000] {logging_mixin.py:190} INFO - [2024-11-03T00:05:58.914+0000] {dagbag.py:588} INFO - Filling up the DagBag from /opt/airflow/dags/banco_mundial_indicators_dag.py
[2024-11-03T00:05:59.092+0000] {processor.py:925} INFO - DAG(s) 'banco_mundial_indicators_v02' retrieved from /opt/airflow/dags/banco_mundial_indicators_dag.py
[2024-11-03T00:05:59.125+0000] {logging_mixin.py:190} INFO - [2024-11-03T00:05:59.124+0000] {dag.py:3239} INFO - Sync 1 DAGs
[2024-11-03T00:05:59.163+0000] {logging_mixin.py:190} INFO - [2024-11-03T00:05:59.162+0000] {dag.py:4180} INFO - Setting next_dagrun for banco_mundial_indicators_v02 to 2024-11-03 00:00:00+00:00, run_after=2024-11-04 00:00:00+00:00
[2024-11-03T00:05:59.192+0000] {processor.py:208} INFO - Processing /opt/airflow/dags/banco_mundial_indicators_dag.py took 0.294 seconds
[2024-11-03T00:06:29.588+0000] {processor.py:186} INFO - Started process (PID=14036) to work on /opt/airflow/dags/banco_mundial_indicators_dag.py
[2024-11-03T00:06:29.589+0000] {processor.py:914} INFO - Processing file /opt/airflow/dags/banco_mundial_indicators_dag.py for tasks to queue
[2024-11-03T00:06:29.592+0000] {logging_mixin.py:190} INFO - [2024-11-03T00:06:29.591+0000] {dagbag.py:588} INFO - Filling up the DagBag from /opt/airflow/dags/banco_mundial_indicators_dag.py
[2024-11-03T00:06:29.703+0000] {processor.py:925} INFO - DAG(s) 'banco_mundial_indicators_v02' retrieved from /opt/airflow/dags/banco_mundial_indicators_dag.py
[2024-11-03T00:06:29.730+0000] {logging_mixin.py:190} INFO - [2024-11-03T00:06:29.730+0000] {dag.py:3239} INFO - Sync 1 DAGs
[2024-11-03T00:06:29.761+0000] {logging_mixin.py:190} INFO - [2024-11-03T00:06:29.760+0000] {dag.py:4180} INFO - Setting next_dagrun for banco_mundial_indicators_v02 to 2024-11-03 00:00:00+00:00, run_after=2024-11-04 00:00:00+00:00
[2024-11-03T00:06:29.783+0000] {processor.py:208} INFO - Processing /opt/airflow/dags/banco_mundial_indicators_dag.py took 0.202 seconds
[2024-11-03T00:06:59.996+0000] {processor.py:186} INFO - Started process (PID=14062) to work on /opt/airflow/dags/banco_mundial_indicators_dag.py
[2024-11-03T00:06:59.998+0000] {processor.py:914} INFO - Processing file /opt/airflow/dags/banco_mundial_indicators_dag.py for tasks to queue
[2024-11-03T00:07:00.002+0000] {logging_mixin.py:190} INFO - [2024-11-03T00:07:00.001+0000] {dagbag.py:588} INFO - Filling up the DagBag from /opt/airflow/dags/banco_mundial_indicators_dag.py
[2024-11-03T00:07:00.112+0000] {processor.py:925} INFO - DAG(s) 'banco_mundial_indicators_v02' retrieved from /opt/airflow/dags/banco_mundial_indicators_dag.py
[2024-11-03T00:07:00.141+0000] {logging_mixin.py:190} INFO - [2024-11-03T00:07:00.140+0000] {dag.py:3239} INFO - Sync 1 DAGs
[2024-11-03T00:07:00.171+0000] {logging_mixin.py:190} INFO - [2024-11-03T00:07:00.170+0000] {dag.py:4180} INFO - Setting next_dagrun for banco_mundial_indicators_v02 to 2024-11-03 00:00:00+00:00, run_after=2024-11-04 00:00:00+00:00
[2024-11-03T00:07:00.194+0000] {processor.py:208} INFO - Processing /opt/airflow/dags/banco_mundial_indicators_dag.py took 0.205 seconds
[2024-11-03T00:07:30.672+0000] {processor.py:186} INFO - Started process (PID=14088) to work on /opt/airflow/dags/banco_mundial_indicators_dag.py
[2024-11-03T00:07:30.673+0000] {processor.py:914} INFO - Processing file /opt/airflow/dags/banco_mundial_indicators_dag.py for tasks to queue
[2024-11-03T00:07:30.675+0000] {logging_mixin.py:190} INFO - [2024-11-03T00:07:30.675+0000] {dagbag.py:588} INFO - Filling up the DagBag from /opt/airflow/dags/banco_mundial_indicators_dag.py
[2024-11-03T00:07:30.818+0000] {processor.py:925} INFO - DAG(s) 'banco_mundial_indicators_v02' retrieved from /opt/airflow/dags/banco_mundial_indicators_dag.py
[2024-11-03T00:07:30.847+0000] {logging_mixin.py:190} INFO - [2024-11-03T00:07:30.847+0000] {dag.py:3239} INFO - Sync 1 DAGs
[2024-11-03T00:07:30.881+0000] {logging_mixin.py:190} INFO - [2024-11-03T00:07:30.880+0000] {dag.py:4180} INFO - Setting next_dagrun for banco_mundial_indicators_v02 to 2024-11-03 00:00:00+00:00, run_after=2024-11-04 00:00:00+00:00
[2024-11-03T00:07:30.908+0000] {processor.py:208} INFO - Processing /opt/airflow/dags/banco_mundial_indicators_dag.py took 0.245 seconds
[2024-11-03T00:08:01.341+0000] {processor.py:186} INFO - Started process (PID=14114) to work on /opt/airflow/dags/banco_mundial_indicators_dag.py
[2024-11-03T00:08:01.342+0000] {processor.py:914} INFO - Processing file /opt/airflow/dags/banco_mundial_indicators_dag.py for tasks to queue
[2024-11-03T00:08:01.345+0000] {logging_mixin.py:190} INFO - [2024-11-03T00:08:01.345+0000] {dagbag.py:588} INFO - Filling up the DagBag from /opt/airflow/dags/banco_mundial_indicators_dag.py
[2024-11-03T00:08:01.458+0000] {processor.py:925} INFO - DAG(s) 'banco_mundial_indicators_v02' retrieved from /opt/airflow/dags/banco_mundial_indicators_dag.py
[2024-11-03T00:08:01.486+0000] {logging_mixin.py:190} INFO - [2024-11-03T00:08:01.486+0000] {dag.py:3239} INFO - Sync 1 DAGs
[2024-11-03T00:08:01.518+0000] {logging_mixin.py:190} INFO - [2024-11-03T00:08:01.518+0000] {dag.py:4180} INFO - Setting next_dagrun for banco_mundial_indicators_v02 to 2024-11-03 00:00:00+00:00, run_after=2024-11-04 00:00:00+00:00
[2024-11-03T00:08:01.540+0000] {processor.py:208} INFO - Processing /opt/airflow/dags/banco_mundial_indicators_dag.py took 0.208 seconds
[2024-11-03T00:08:31.998+0000] {processor.py:186} INFO - Started process (PID=14140) to work on /opt/airflow/dags/banco_mundial_indicators_dag.py
[2024-11-03T00:08:31.999+0000] {processor.py:914} INFO - Processing file /opt/airflow/dags/banco_mundial_indicators_dag.py for tasks to queue
[2024-11-03T00:08:32.002+0000] {logging_mixin.py:190} INFO - [2024-11-03T00:08:32.001+0000] {dagbag.py:588} INFO - Filling up the DagBag from /opt/airflow/dags/banco_mundial_indicators_dag.py
[2024-11-03T00:08:32.108+0000] {processor.py:925} INFO - DAG(s) 'banco_mundial_indicators_v02' retrieved from /opt/airflow/dags/banco_mundial_indicators_dag.py
[2024-11-03T00:08:32.138+0000] {logging_mixin.py:190} INFO - [2024-11-03T00:08:32.138+0000] {dag.py:3239} INFO - Sync 1 DAGs
[2024-11-03T00:08:32.170+0000] {logging_mixin.py:190} INFO - [2024-11-03T00:08:32.170+0000] {dag.py:4180} INFO - Setting next_dagrun for banco_mundial_indicators_v02 to 2024-11-03 00:00:00+00:00, run_after=2024-11-04 00:00:00+00:00
[2024-11-03T00:08:32.198+0000] {processor.py:208} INFO - Processing /opt/airflow/dags/banco_mundial_indicators_dag.py took 0.208 seconds
[2024-11-03T00:09:02.662+0000] {processor.py:186} INFO - Started process (PID=14167) to work on /opt/airflow/dags/banco_mundial_indicators_dag.py
[2024-11-03T00:09:02.663+0000] {processor.py:914} INFO - Processing file /opt/airflow/dags/banco_mundial_indicators_dag.py for tasks to queue
[2024-11-03T00:09:02.666+0000] {logging_mixin.py:190} INFO - [2024-11-03T00:09:02.665+0000] {dagbag.py:588} INFO - Filling up the DagBag from /opt/airflow/dags/banco_mundial_indicators_dag.py
[2024-11-03T00:09:02.779+0000] {processor.py:925} INFO - DAG(s) 'banco_mundial_indicators_v02' retrieved from /opt/airflow/dags/banco_mundial_indicators_dag.py
[2024-11-03T00:09:02.808+0000] {logging_mixin.py:190} INFO - [2024-11-03T00:09:02.808+0000] {dag.py:3239} INFO - Sync 1 DAGs
[2024-11-03T00:09:02.838+0000] {logging_mixin.py:190} INFO - [2024-11-03T00:09:02.837+0000] {dag.py:4180} INFO - Setting next_dagrun for banco_mundial_indicators_v02 to 2024-11-03 00:00:00+00:00, run_after=2024-11-04 00:00:00+00:00
[2024-11-03T00:09:02.860+0000] {processor.py:208} INFO - Processing /opt/airflow/dags/banco_mundial_indicators_dag.py took 0.207 seconds
[2024-11-03T00:09:33.331+0000] {processor.py:186} INFO - Started process (PID=14192) to work on /opt/airflow/dags/banco_mundial_indicators_dag.py
[2024-11-03T00:09:33.332+0000] {processor.py:914} INFO - Processing file /opt/airflow/dags/banco_mundial_indicators_dag.py for tasks to queue
[2024-11-03T00:09:33.336+0000] {logging_mixin.py:190} INFO - [2024-11-03T00:09:33.335+0000] {dagbag.py:588} INFO - Filling up the DagBag from /opt/airflow/dags/banco_mundial_indicators_dag.py
[2024-11-03T00:09:33.446+0000] {processor.py:925} INFO - DAG(s) 'banco_mundial_indicators_v02' retrieved from /opt/airflow/dags/banco_mundial_indicators_dag.py
[2024-11-03T00:09:33.473+0000] {logging_mixin.py:190} INFO - [2024-11-03T00:09:33.473+0000] {dag.py:3239} INFO - Sync 1 DAGs
[2024-11-03T00:09:33.503+0000] {logging_mixin.py:190} INFO - [2024-11-03T00:09:33.502+0000] {dag.py:4180} INFO - Setting next_dagrun for banco_mundial_indicators_v02 to 2024-11-03 00:00:00+00:00, run_after=2024-11-04 00:00:00+00:00
[2024-11-03T00:09:33.526+0000] {processor.py:208} INFO - Processing /opt/airflow/dags/banco_mundial_indicators_dag.py took 0.204 seconds
[2024-11-03T00:10:03.988+0000] {processor.py:186} INFO - Started process (PID=14218) to work on /opt/airflow/dags/banco_mundial_indicators_dag.py
[2024-11-03T00:10:03.989+0000] {processor.py:914} INFO - Processing file /opt/airflow/dags/banco_mundial_indicators_dag.py for tasks to queue
[2024-11-03T00:10:03.991+0000] {logging_mixin.py:190} INFO - [2024-11-03T00:10:03.991+0000] {dagbag.py:588} INFO - Filling up the DagBag from /opt/airflow/dags/banco_mundial_indicators_dag.py
[2024-11-03T00:10:04.095+0000] {processor.py:925} INFO - DAG(s) 'banco_mundial_indicators_v02' retrieved from /opt/airflow/dags/banco_mundial_indicators_dag.py
[2024-11-03T00:10:04.121+0000] {logging_mixin.py:190} INFO - [2024-11-03T00:10:04.121+0000] {dag.py:3239} INFO - Sync 1 DAGs
[2024-11-03T00:10:04.150+0000] {logging_mixin.py:190} INFO - [2024-11-03T00:10:04.149+0000] {dag.py:4180} INFO - Setting next_dagrun for banco_mundial_indicators_v02 to 2024-11-03 00:00:00+00:00, run_after=2024-11-04 00:00:00+00:00
[2024-11-03T00:10:04.174+0000] {processor.py:208} INFO - Processing /opt/airflow/dags/banco_mundial_indicators_dag.py took 0.193 seconds
[2024-11-03T00:10:34.651+0000] {processor.py:186} INFO - Started process (PID=14244) to work on /opt/airflow/dags/banco_mundial_indicators_dag.py
[2024-11-03T00:10:34.652+0000] {processor.py:914} INFO - Processing file /opt/airflow/dags/banco_mundial_indicators_dag.py for tasks to queue
[2024-11-03T00:10:34.654+0000] {logging_mixin.py:190} INFO - [2024-11-03T00:10:34.654+0000] {dagbag.py:588} INFO - Filling up the DagBag from /opt/airflow/dags/banco_mundial_indicators_dag.py
[2024-11-03T00:10:34.760+0000] {processor.py:925} INFO - DAG(s) 'banco_mundial_indicators_v02' retrieved from /opt/airflow/dags/banco_mundial_indicators_dag.py
[2024-11-03T00:10:34.785+0000] {logging_mixin.py:190} INFO - [2024-11-03T00:10:34.785+0000] {dag.py:3239} INFO - Sync 1 DAGs
[2024-11-03T00:10:34.816+0000] {logging_mixin.py:190} INFO - [2024-11-03T00:10:34.815+0000] {dag.py:4180} INFO - Setting next_dagrun for banco_mundial_indicators_v02 to 2024-11-03 00:00:00+00:00, run_after=2024-11-04 00:00:00+00:00
[2024-11-03T00:10:34.839+0000] {processor.py:208} INFO - Processing /opt/airflow/dags/banco_mundial_indicators_dag.py took 0.198 seconds
[2024-11-03T00:11:05.325+0000] {processor.py:186} INFO - Started process (PID=14270) to work on /opt/airflow/dags/banco_mundial_indicators_dag.py
[2024-11-03T00:11:05.326+0000] {processor.py:914} INFO - Processing file /opt/airflow/dags/banco_mundial_indicators_dag.py for tasks to queue
[2024-11-03T00:11:05.329+0000] {logging_mixin.py:190} INFO - [2024-11-03T00:11:05.328+0000] {dagbag.py:588} INFO - Filling up the DagBag from /opt/airflow/dags/banco_mundial_indicators_dag.py
[2024-11-03T00:11:05.437+0000] {processor.py:925} INFO - DAG(s) 'banco_mundial_indicators_v02' retrieved from /opt/airflow/dags/banco_mundial_indicators_dag.py
[2024-11-03T00:11:05.467+0000] {logging_mixin.py:190} INFO - [2024-11-03T00:11:05.466+0000] {dag.py:3239} INFO - Sync 1 DAGs
[2024-11-03T00:11:05.497+0000] {logging_mixin.py:190} INFO - [2024-11-03T00:11:05.496+0000] {dag.py:4180} INFO - Setting next_dagrun for banco_mundial_indicators_v02 to 2024-11-03 00:00:00+00:00, run_after=2024-11-04 00:00:00+00:00
[2024-11-03T00:11:05.520+0000] {processor.py:208} INFO - Processing /opt/airflow/dags/banco_mundial_indicators_dag.py took 0.205 seconds
[2024-11-03T00:11:36.005+0000] {processor.py:186} INFO - Started process (PID=14296) to work on /opt/airflow/dags/banco_mundial_indicators_dag.py
[2024-11-03T00:11:36.006+0000] {processor.py:914} INFO - Processing file /opt/airflow/dags/banco_mundial_indicators_dag.py for tasks to queue
[2024-11-03T00:11:36.008+0000] {logging_mixin.py:190} INFO - [2024-11-03T00:11:36.008+0000] {dagbag.py:588} INFO - Filling up the DagBag from /opt/airflow/dags/banco_mundial_indicators_dag.py
[2024-11-03T00:11:36.117+0000] {processor.py:925} INFO - DAG(s) 'banco_mundial_indicators_v02' retrieved from /opt/airflow/dags/banco_mundial_indicators_dag.py
[2024-11-03T00:11:36.147+0000] {logging_mixin.py:190} INFO - [2024-11-03T00:11:36.147+0000] {dag.py:3239} INFO - Sync 1 DAGs
[2024-11-03T00:11:36.177+0000] {logging_mixin.py:190} INFO - [2024-11-03T00:11:36.177+0000] {dag.py:4180} INFO - Setting next_dagrun for banco_mundial_indicators_v02 to 2024-11-03 00:00:00+00:00, run_after=2024-11-04 00:00:00+00:00
[2024-11-03T00:11:36.197+0000] {processor.py:208} INFO - Processing /opt/airflow/dags/banco_mundial_indicators_dag.py took 0.200 seconds
[2024-11-03T00:12:06.647+0000] {processor.py:186} INFO - Started process (PID=14322) to work on /opt/airflow/dags/banco_mundial_indicators_dag.py
[2024-11-03T00:12:06.648+0000] {processor.py:914} INFO - Processing file /opt/airflow/dags/banco_mundial_indicators_dag.py for tasks to queue
[2024-11-03T00:12:06.650+0000] {logging_mixin.py:190} INFO - [2024-11-03T00:12:06.650+0000] {dagbag.py:588} INFO - Filling up the DagBag from /opt/airflow/dags/banco_mundial_indicators_dag.py
[2024-11-03T00:12:06.771+0000] {processor.py:925} INFO - DAG(s) 'banco_mundial_indicators_v02' retrieved from /opt/airflow/dags/banco_mundial_indicators_dag.py
[2024-11-03T00:12:06.812+0000] {logging_mixin.py:190} INFO - [2024-11-03T00:12:06.812+0000] {dag.py:3239} INFO - Sync 1 DAGs
[2024-11-03T00:12:06.855+0000] {logging_mixin.py:190} INFO - [2024-11-03T00:12:06.855+0000] {dag.py:4180} INFO - Setting next_dagrun for banco_mundial_indicators_v02 to 2024-11-03 00:00:00+00:00, run_after=2024-11-04 00:00:00+00:00
[2024-11-03T00:12:06.879+0000] {processor.py:208} INFO - Processing /opt/airflow/dags/banco_mundial_indicators_dag.py took 0.238 seconds
[2024-11-03T00:12:37.127+0000] {processor.py:186} INFO - Started process (PID=14348) to work on /opt/airflow/dags/banco_mundial_indicators_dag.py
[2024-11-03T00:12:37.128+0000] {processor.py:914} INFO - Processing file /opt/airflow/dags/banco_mundial_indicators_dag.py for tasks to queue
[2024-11-03T00:12:37.130+0000] {logging_mixin.py:190} INFO - [2024-11-03T00:12:37.130+0000] {dagbag.py:588} INFO - Filling up the DagBag from /opt/airflow/dags/banco_mundial_indicators_dag.py
[2024-11-03T00:12:37.237+0000] {processor.py:925} INFO - DAG(s) 'banco_mundial_indicators_v02' retrieved from /opt/airflow/dags/banco_mundial_indicators_dag.py
[2024-11-03T00:12:37.265+0000] {logging_mixin.py:190} INFO - [2024-11-03T00:12:37.264+0000] {dag.py:3239} INFO - Sync 1 DAGs
[2024-11-03T00:12:37.294+0000] {logging_mixin.py:190} INFO - [2024-11-03T00:12:37.294+0000] {dag.py:4180} INFO - Setting next_dagrun for banco_mundial_indicators_v02 to 2024-11-03 00:00:00+00:00, run_after=2024-11-04 00:00:00+00:00
[2024-11-03T00:12:37.320+0000] {processor.py:208} INFO - Processing /opt/airflow/dags/banco_mundial_indicators_dag.py took 0.199 seconds
[2024-11-03T00:13:07.783+0000] {processor.py:186} INFO - Started process (PID=14374) to work on /opt/airflow/dags/banco_mundial_indicators_dag.py
[2024-11-03T00:13:07.784+0000] {processor.py:914} INFO - Processing file /opt/airflow/dags/banco_mundial_indicators_dag.py for tasks to queue
[2024-11-03T00:13:07.787+0000] {logging_mixin.py:190} INFO - [2024-11-03T00:13:07.786+0000] {dagbag.py:588} INFO - Filling up the DagBag from /opt/airflow/dags/banco_mundial_indicators_dag.py
[2024-11-03T00:13:07.892+0000] {processor.py:925} INFO - DAG(s) 'banco_mundial_indicators_v02' retrieved from /opt/airflow/dags/banco_mundial_indicators_dag.py
[2024-11-03T00:13:07.918+0000] {logging_mixin.py:190} INFO - [2024-11-03T00:13:07.918+0000] {dag.py:3239} INFO - Sync 1 DAGs
[2024-11-03T00:13:07.947+0000] {logging_mixin.py:190} INFO - [2024-11-03T00:13:07.947+0000] {dag.py:4180} INFO - Setting next_dagrun for banco_mundial_indicators_v02 to 2024-11-03 00:00:00+00:00, run_after=2024-11-04 00:00:00+00:00
[2024-11-03T00:13:07.970+0000] {processor.py:208} INFO - Processing /opt/airflow/dags/banco_mundial_indicators_dag.py took 0.195 seconds
[2024-11-03T00:13:38.444+0000] {processor.py:186} INFO - Started process (PID=14400) to work on /opt/airflow/dags/banco_mundial_indicators_dag.py
[2024-11-03T00:13:38.445+0000] {processor.py:914} INFO - Processing file /opt/airflow/dags/banco_mundial_indicators_dag.py for tasks to queue
[2024-11-03T00:13:38.448+0000] {logging_mixin.py:190} INFO - [2024-11-03T00:13:38.448+0000] {dagbag.py:588} INFO - Filling up the DagBag from /opt/airflow/dags/banco_mundial_indicators_dag.py
[2024-11-03T00:13:38.557+0000] {processor.py:925} INFO - DAG(s) 'banco_mundial_indicators_v02' retrieved from /opt/airflow/dags/banco_mundial_indicators_dag.py
[2024-11-03T00:13:38.584+0000] {logging_mixin.py:190} INFO - [2024-11-03T00:13:38.584+0000] {dag.py:3239} INFO - Sync 1 DAGs
[2024-11-03T00:13:38.615+0000] {logging_mixin.py:190} INFO - [2024-11-03T00:13:38.614+0000] {dag.py:4180} INFO - Setting next_dagrun for banco_mundial_indicators_v02 to 2024-11-03 00:00:00+00:00, run_after=2024-11-04 00:00:00+00:00
[2024-11-03T00:13:38.637+0000] {processor.py:208} INFO - Processing /opt/airflow/dags/banco_mundial_indicators_dag.py took 0.202 seconds
[2024-11-03T00:14:09.118+0000] {processor.py:186} INFO - Started process (PID=14426) to work on /opt/airflow/dags/banco_mundial_indicators_dag.py
[2024-11-03T00:14:09.119+0000] {processor.py:914} INFO - Processing file /opt/airflow/dags/banco_mundial_indicators_dag.py for tasks to queue
[2024-11-03T00:14:09.121+0000] {logging_mixin.py:190} INFO - [2024-11-03T00:14:09.121+0000] {dagbag.py:588} INFO - Filling up the DagBag from /opt/airflow/dags/banco_mundial_indicators_dag.py
[2024-11-03T00:14:09.233+0000] {processor.py:925} INFO - DAG(s) 'banco_mundial_indicators_v02' retrieved from /opt/airflow/dags/banco_mundial_indicators_dag.py
[2024-11-03T00:14:09.261+0000] {logging_mixin.py:190} INFO - [2024-11-03T00:14:09.261+0000] {dag.py:3239} INFO - Sync 1 DAGs
[2024-11-03T00:14:09.295+0000] {logging_mixin.py:190} INFO - [2024-11-03T00:14:09.294+0000] {dag.py:4180} INFO - Setting next_dagrun for banco_mundial_indicators_v02 to 2024-11-03 00:00:00+00:00, run_after=2024-11-04 00:00:00+00:00
[2024-11-03T00:14:09.317+0000] {processor.py:208} INFO - Processing /opt/airflow/dags/banco_mundial_indicators_dag.py took 0.208 seconds
[2024-11-03T00:14:39.761+0000] {processor.py:186} INFO - Started process (PID=14452) to work on /opt/airflow/dags/banco_mundial_indicators_dag.py
[2024-11-03T00:14:39.762+0000] {processor.py:914} INFO - Processing file /opt/airflow/dags/banco_mundial_indicators_dag.py for tasks to queue
[2024-11-03T00:14:39.765+0000] {logging_mixin.py:190} INFO - [2024-11-03T00:14:39.765+0000] {dagbag.py:588} INFO - Filling up the DagBag from /opt/airflow/dags/banco_mundial_indicators_dag.py
[2024-11-03T00:14:39.878+0000] {processor.py:925} INFO - DAG(s) 'banco_mundial_indicators_v02' retrieved from /opt/airflow/dags/banco_mundial_indicators_dag.py
[2024-11-03T00:14:39.906+0000] {logging_mixin.py:190} INFO - [2024-11-03T00:14:39.906+0000] {dag.py:3239} INFO - Sync 1 DAGs
[2024-11-03T00:14:39.936+0000] {logging_mixin.py:190} INFO - [2024-11-03T00:14:39.935+0000] {dag.py:4180} INFO - Setting next_dagrun for banco_mundial_indicators_v02 to 2024-11-03 00:00:00+00:00, run_after=2024-11-04 00:00:00+00:00
[2024-11-03T00:14:39.957+0000] {processor.py:208} INFO - Processing /opt/airflow/dags/banco_mundial_indicators_dag.py took 0.204 seconds
[2024-11-03T00:15:10.437+0000] {processor.py:186} INFO - Started process (PID=14478) to work on /opt/airflow/dags/banco_mundial_indicators_dag.py
[2024-11-03T00:15:10.438+0000] {processor.py:914} INFO - Processing file /opt/airflow/dags/banco_mundial_indicators_dag.py for tasks to queue
[2024-11-03T00:15:10.440+0000] {logging_mixin.py:190} INFO - [2024-11-03T00:15:10.440+0000] {dagbag.py:588} INFO - Filling up the DagBag from /opt/airflow/dags/banco_mundial_indicators_dag.py
[2024-11-03T00:15:10.548+0000] {processor.py:925} INFO - DAG(s) 'banco_mundial_indicators_v02' retrieved from /opt/airflow/dags/banco_mundial_indicators_dag.py
[2024-11-03T00:15:10.577+0000] {logging_mixin.py:190} INFO - [2024-11-03T00:15:10.577+0000] {dag.py:3239} INFO - Sync 1 DAGs
[2024-11-03T00:15:10.612+0000] {logging_mixin.py:190} INFO - [2024-11-03T00:15:10.612+0000] {dag.py:4180} INFO - Setting next_dagrun for banco_mundial_indicators_v02 to 2024-11-03 00:00:00+00:00, run_after=2024-11-04 00:00:00+00:00
[2024-11-03T00:15:10.636+0000] {processor.py:208} INFO - Processing /opt/airflow/dags/banco_mundial_indicators_dag.py took 0.208 seconds
[2024-11-03T00:15:41.087+0000] {processor.py:186} INFO - Started process (PID=14504) to work on /opt/airflow/dags/banco_mundial_indicators_dag.py
[2024-11-03T00:15:41.087+0000] {processor.py:914} INFO - Processing file /opt/airflow/dags/banco_mundial_indicators_dag.py for tasks to queue
[2024-11-03T00:15:41.090+0000] {logging_mixin.py:190} INFO - [2024-11-03T00:15:41.089+0000] {dagbag.py:588} INFO - Filling up the DagBag from /opt/airflow/dags/banco_mundial_indicators_dag.py
[2024-11-03T00:15:41.214+0000] {processor.py:925} INFO - DAG(s) 'banco_mundial_indicators_v02' retrieved from /opt/airflow/dags/banco_mundial_indicators_dag.py
[2024-11-03T00:15:41.246+0000] {logging_mixin.py:190} INFO - [2024-11-03T00:15:41.246+0000] {dag.py:3239} INFO - Sync 1 DAGs
[2024-11-03T00:15:41.281+0000] {logging_mixin.py:190} INFO - [2024-11-03T00:15:41.280+0000] {dag.py:4180} INFO - Setting next_dagrun for banco_mundial_indicators_v02 to 2024-11-03 00:00:00+00:00, run_after=2024-11-04 00:00:00+00:00
[2024-11-03T00:15:41.309+0000] {processor.py:208} INFO - Processing /opt/airflow/dags/banco_mundial_indicators_dag.py took 0.230 seconds
[2024-11-03T00:16:11.738+0000] {processor.py:186} INFO - Started process (PID=14530) to work on /opt/airflow/dags/banco_mundial_indicators_dag.py
[2024-11-03T00:16:11.740+0000] {processor.py:914} INFO - Processing file /opt/airflow/dags/banco_mundial_indicators_dag.py for tasks to queue
[2024-11-03T00:16:11.743+0000] {logging_mixin.py:190} INFO - [2024-11-03T00:16:11.742+0000] {dagbag.py:588} INFO - Filling up the DagBag from /opt/airflow/dags/banco_mundial_indicators_dag.py
[2024-11-03T00:16:11.872+0000] {processor.py:925} INFO - DAG(s) 'banco_mundial_indicators_v02' retrieved from /opt/airflow/dags/banco_mundial_indicators_dag.py
[2024-11-03T00:16:11.903+0000] {logging_mixin.py:190} INFO - [2024-11-03T00:16:11.902+0000] {dag.py:3239} INFO - Sync 1 DAGs
[2024-11-03T00:16:11.938+0000] {logging_mixin.py:190} INFO - [2024-11-03T00:16:11.938+0000] {dag.py:4180} INFO - Setting next_dagrun for banco_mundial_indicators_v02 to 2024-11-03 00:00:00+00:00, run_after=2024-11-04 00:00:00+00:00
[2024-11-03T00:16:11.961+0000] {processor.py:208} INFO - Processing /opt/airflow/dags/banco_mundial_indicators_dag.py took 0.230 seconds
[2024-11-03T00:16:42.386+0000] {processor.py:186} INFO - Started process (PID=14556) to work on /opt/airflow/dags/banco_mundial_indicators_dag.py
[2024-11-03T00:16:42.386+0000] {processor.py:914} INFO - Processing file /opt/airflow/dags/banco_mundial_indicators_dag.py for tasks to queue
[2024-11-03T00:16:42.389+0000] {logging_mixin.py:190} INFO - [2024-11-03T00:16:42.388+0000] {dagbag.py:588} INFO - Filling up the DagBag from /opt/airflow/dags/banco_mundial_indicators_dag.py
[2024-11-03T00:16:42.525+0000] {processor.py:925} INFO - DAG(s) 'banco_mundial_indicators_v02' retrieved from /opt/airflow/dags/banco_mundial_indicators_dag.py
[2024-11-03T00:16:42.566+0000] {logging_mixin.py:190} INFO - [2024-11-03T00:16:42.565+0000] {dag.py:3239} INFO - Sync 1 DAGs
[2024-11-03T00:16:42.598+0000] {logging_mixin.py:190} INFO - [2024-11-03T00:16:42.598+0000] {dag.py:4180} INFO - Setting next_dagrun for banco_mundial_indicators_v02 to 2024-11-03 00:00:00+00:00, run_after=2024-11-04 00:00:00+00:00
[2024-11-03T00:16:42.623+0000] {processor.py:208} INFO - Processing /opt/airflow/dags/banco_mundial_indicators_dag.py took 0.247 seconds
[2024-11-03T00:17:13.160+0000] {processor.py:186} INFO - Started process (PID=14582) to work on /opt/airflow/dags/banco_mundial_indicators_dag.py
[2024-11-03T00:17:13.161+0000] {processor.py:914} INFO - Processing file /opt/airflow/dags/banco_mundial_indicators_dag.py for tasks to queue
[2024-11-03T00:17:13.166+0000] {logging_mixin.py:190} INFO - [2024-11-03T00:17:13.165+0000] {dagbag.py:588} INFO - Filling up the DagBag from /opt/airflow/dags/banco_mundial_indicators_dag.py
[2024-11-03T00:17:13.307+0000] {processor.py:925} INFO - DAG(s) 'banco_mundial_indicators_v02' retrieved from /opt/airflow/dags/banco_mundial_indicators_dag.py
[2024-11-03T00:17:13.341+0000] {logging_mixin.py:190} INFO - [2024-11-03T00:17:13.341+0000] {dag.py:3239} INFO - Sync 1 DAGs
[2024-11-03T00:17:13.380+0000] {logging_mixin.py:190} INFO - [2024-11-03T00:17:13.380+0000] {dag.py:4180} INFO - Setting next_dagrun for banco_mundial_indicators_v02 to 2024-11-03 00:00:00+00:00, run_after=2024-11-04 00:00:00+00:00
[2024-11-03T00:17:13.406+0000] {processor.py:208} INFO - Processing /opt/airflow/dags/banco_mundial_indicators_dag.py took 0.259 seconds
[2024-11-03T00:17:43.849+0000] {processor.py:186} INFO - Started process (PID=14608) to work on /opt/airflow/dags/banco_mundial_indicators_dag.py
[2024-11-03T00:17:43.850+0000] {processor.py:914} INFO - Processing file /opt/airflow/dags/banco_mundial_indicators_dag.py for tasks to queue
[2024-11-03T00:17:43.853+0000] {logging_mixin.py:190} INFO - [2024-11-03T00:17:43.852+0000] {dagbag.py:588} INFO - Filling up the DagBag from /opt/airflow/dags/banco_mundial_indicators_dag.py
[2024-11-03T00:17:43.978+0000] {processor.py:925} INFO - DAG(s) 'banco_mundial_indicators_v02' retrieved from /opt/airflow/dags/banco_mundial_indicators_dag.py
[2024-11-03T00:17:44.010+0000] {logging_mixin.py:190} INFO - [2024-11-03T00:17:44.010+0000] {dag.py:3239} INFO - Sync 1 DAGs
[2024-11-03T00:17:44.045+0000] {logging_mixin.py:190} INFO - [2024-11-03T00:17:44.044+0000] {dag.py:4180} INFO - Setting next_dagrun for banco_mundial_indicators_v02 to 2024-11-03 00:00:00+00:00, run_after=2024-11-04 00:00:00+00:00
[2024-11-03T00:17:44.067+0000] {processor.py:208} INFO - Processing /opt/airflow/dags/banco_mundial_indicators_dag.py took 0.225 seconds
[2024-11-03T00:18:14.521+0000] {processor.py:186} INFO - Started process (PID=14634) to work on /opt/airflow/dags/banco_mundial_indicators_dag.py
[2024-11-03T00:18:14.522+0000] {processor.py:914} INFO - Processing file /opt/airflow/dags/banco_mundial_indicators_dag.py for tasks to queue
[2024-11-03T00:18:14.526+0000] {logging_mixin.py:190} INFO - [2024-11-03T00:18:14.525+0000] {dagbag.py:588} INFO - Filling up the DagBag from /opt/airflow/dags/banco_mundial_indicators_dag.py
[2024-11-03T00:18:14.651+0000] {processor.py:925} INFO - DAG(s) 'banco_mundial_indicators_v02' retrieved from /opt/airflow/dags/banco_mundial_indicators_dag.py
[2024-11-03T00:18:14.679+0000] {logging_mixin.py:190} INFO - [2024-11-03T00:18:14.678+0000] {dag.py:3239} INFO - Sync 1 DAGs
[2024-11-03T00:18:14.717+0000] {logging_mixin.py:190} INFO - [2024-11-03T00:18:14.717+0000] {dag.py:4180} INFO - Setting next_dagrun for banco_mundial_indicators_v02 to 2024-11-03 00:00:00+00:00, run_after=2024-11-04 00:00:00+00:00
[2024-11-03T00:18:14.746+0000] {processor.py:208} INFO - Processing /opt/airflow/dags/banco_mundial_indicators_dag.py took 0.233 seconds
[2024-11-03T00:18:45.191+0000] {processor.py:186} INFO - Started process (PID=14660) to work on /opt/airflow/dags/banco_mundial_indicators_dag.py
[2024-11-03T00:18:45.192+0000] {processor.py:914} INFO - Processing file /opt/airflow/dags/banco_mundial_indicators_dag.py for tasks to queue
[2024-11-03T00:18:45.194+0000] {logging_mixin.py:190} INFO - [2024-11-03T00:18:45.194+0000] {dagbag.py:588} INFO - Filling up the DagBag from /opt/airflow/dags/banco_mundial_indicators_dag.py
[2024-11-03T00:18:45.324+0000] {processor.py:925} INFO - DAG(s) 'banco_mundial_indicators_v02' retrieved from /opt/airflow/dags/banco_mundial_indicators_dag.py
[2024-11-03T00:18:45.352+0000] {logging_mixin.py:190} INFO - [2024-11-03T00:18:45.352+0000] {dag.py:3239} INFO - Sync 1 DAGs
[2024-11-03T00:18:45.400+0000] {logging_mixin.py:190} INFO - [2024-11-03T00:18:45.399+0000] {dag.py:4180} INFO - Setting next_dagrun for banco_mundial_indicators_v02 to 2024-11-03 00:00:00+00:00, run_after=2024-11-04 00:00:00+00:00
[2024-11-03T00:18:45.429+0000] {processor.py:208} INFO - Processing /opt/airflow/dags/banco_mundial_indicators_dag.py took 0.245 seconds
[2024-11-03T00:19:15.874+0000] {processor.py:186} INFO - Started process (PID=14686) to work on /opt/airflow/dags/banco_mundial_indicators_dag.py
[2024-11-03T00:19:15.875+0000] {processor.py:914} INFO - Processing file /opt/airflow/dags/banco_mundial_indicators_dag.py for tasks to queue
[2024-11-03T00:19:15.877+0000] {logging_mixin.py:190} INFO - [2024-11-03T00:19:15.877+0000] {dagbag.py:588} INFO - Filling up the DagBag from /opt/airflow/dags/banco_mundial_indicators_dag.py
[2024-11-03T00:19:15.997+0000] {processor.py:925} INFO - DAG(s) 'banco_mundial_indicators_v02' retrieved from /opt/airflow/dags/banco_mundial_indicators_dag.py
[2024-11-03T00:19:16.028+0000] {logging_mixin.py:190} INFO - [2024-11-03T00:19:16.027+0000] {dag.py:3239} INFO - Sync 1 DAGs
[2024-11-03T00:19:16.062+0000] {logging_mixin.py:190} INFO - [2024-11-03T00:19:16.061+0000] {dag.py:4180} INFO - Setting next_dagrun for banco_mundial_indicators_v02 to 2024-11-03 00:00:00+00:00, run_after=2024-11-04 00:00:00+00:00
[2024-11-03T00:19:16.082+0000] {processor.py:208} INFO - Processing /opt/airflow/dags/banco_mundial_indicators_dag.py took 0.216 seconds
[2024-11-03T00:19:46.542+0000] {processor.py:186} INFO - Started process (PID=14712) to work on /opt/airflow/dags/banco_mundial_indicators_dag.py
[2024-11-03T00:19:46.543+0000] {processor.py:914} INFO - Processing file /opt/airflow/dags/banco_mundial_indicators_dag.py for tasks to queue
[2024-11-03T00:19:46.547+0000] {logging_mixin.py:190} INFO - [2024-11-03T00:19:46.546+0000] {dagbag.py:588} INFO - Filling up the DagBag from /opt/airflow/dags/banco_mundial_indicators_dag.py
[2024-11-03T00:19:46.673+0000] {processor.py:925} INFO - DAG(s) 'banco_mundial_indicators_v02' retrieved from /opt/airflow/dags/banco_mundial_indicators_dag.py
[2024-11-03T00:19:46.706+0000] {logging_mixin.py:190} INFO - [2024-11-03T00:19:46.706+0000] {dag.py:3239} INFO - Sync 1 DAGs
[2024-11-03T00:19:46.736+0000] {logging_mixin.py:190} INFO - [2024-11-03T00:19:46.736+0000] {dag.py:4180} INFO - Setting next_dagrun for banco_mundial_indicators_v02 to 2024-11-03 00:00:00+00:00, run_after=2024-11-04 00:00:00+00:00
[2024-11-03T00:19:46.757+0000] {processor.py:208} INFO - Processing /opt/airflow/dags/banco_mundial_indicators_dag.py took 0.223 seconds
[2024-11-03T00:20:17.224+0000] {processor.py:186} INFO - Started process (PID=14738) to work on /opt/airflow/dags/banco_mundial_indicators_dag.py
[2024-11-03T00:20:17.226+0000] {processor.py:914} INFO - Processing file /opt/airflow/dags/banco_mundial_indicators_dag.py for tasks to queue
[2024-11-03T00:20:17.228+0000] {logging_mixin.py:190} INFO - [2024-11-03T00:20:17.228+0000] {dagbag.py:588} INFO - Filling up the DagBag from /opt/airflow/dags/banco_mundial_indicators_dag.py
[2024-11-03T00:20:17.341+0000] {processor.py:925} INFO - DAG(s) 'banco_mundial_indicators_v02' retrieved from /opt/airflow/dags/banco_mundial_indicators_dag.py
[2024-11-03T00:20:17.367+0000] {logging_mixin.py:190} INFO - [2024-11-03T00:20:17.367+0000] {dag.py:3239} INFO - Sync 1 DAGs
[2024-11-03T00:20:17.397+0000] {logging_mixin.py:190} INFO - [2024-11-03T00:20:17.397+0000] {dag.py:4180} INFO - Setting next_dagrun for banco_mundial_indicators_v02 to 2024-11-03 00:00:00+00:00, run_after=2024-11-04 00:00:00+00:00
[2024-11-03T00:20:17.416+0000] {processor.py:208} INFO - Processing /opt/airflow/dags/banco_mundial_indicators_dag.py took 0.202 seconds
[2024-11-03T00:20:47.849+0000] {processor.py:186} INFO - Started process (PID=14764) to work on /opt/airflow/dags/banco_mundial_indicators_dag.py
[2024-11-03T00:20:47.850+0000] {processor.py:914} INFO - Processing file /opt/airflow/dags/banco_mundial_indicators_dag.py for tasks to queue
[2024-11-03T00:20:47.852+0000] {logging_mixin.py:190} INFO - [2024-11-03T00:20:47.852+0000] {dagbag.py:588} INFO - Filling up the DagBag from /opt/airflow/dags/banco_mundial_indicators_dag.py
[2024-11-03T00:20:47.954+0000] {processor.py:925} INFO - DAG(s) 'banco_mundial_indicators_v02' retrieved from /opt/airflow/dags/banco_mundial_indicators_dag.py
[2024-11-03T00:20:47.980+0000] {logging_mixin.py:190} INFO - [2024-11-03T00:20:47.979+0000] {dag.py:3239} INFO - Sync 1 DAGs
[2024-11-03T00:20:48.007+0000] {logging_mixin.py:190} INFO - [2024-11-03T00:20:48.007+0000] {dag.py:4180} INFO - Setting next_dagrun for banco_mundial_indicators_v02 to 2024-11-03 00:00:00+00:00, run_after=2024-11-04 00:00:00+00:00
[2024-11-03T00:20:48.030+0000] {processor.py:208} INFO - Processing /opt/airflow/dags/banco_mundial_indicators_dag.py took 0.190 seconds
[2024-11-03T00:21:18.507+0000] {processor.py:186} INFO - Started process (PID=14790) to work on /opt/airflow/dags/banco_mundial_indicators_dag.py
[2024-11-03T00:21:18.508+0000] {processor.py:914} INFO - Processing file /opt/airflow/dags/banco_mundial_indicators_dag.py for tasks to queue
[2024-11-03T00:21:18.511+0000] {logging_mixin.py:190} INFO - [2024-11-03T00:21:18.511+0000] {dagbag.py:588} INFO - Filling up the DagBag from /opt/airflow/dags/banco_mundial_indicators_dag.py
[2024-11-03T00:21:18.626+0000] {processor.py:925} INFO - DAG(s) 'banco_mundial_indicators_v02' retrieved from /opt/airflow/dags/banco_mundial_indicators_dag.py
[2024-11-03T00:21:18.655+0000] {logging_mixin.py:190} INFO - [2024-11-03T00:21:18.655+0000] {dag.py:3239} INFO - Sync 1 DAGs
[2024-11-03T00:21:18.689+0000] {logging_mixin.py:190} INFO - [2024-11-03T00:21:18.689+0000] {dag.py:4180} INFO - Setting next_dagrun for banco_mundial_indicators_v02 to 2024-11-03 00:00:00+00:00, run_after=2024-11-04 00:00:00+00:00
[2024-11-03T00:21:18.711+0000] {processor.py:208} INFO - Processing /opt/airflow/dags/banco_mundial_indicators_dag.py took 0.212 seconds
[2024-11-03T00:21:49.168+0000] {processor.py:186} INFO - Started process (PID=14816) to work on /opt/airflow/dags/banco_mundial_indicators_dag.py
[2024-11-03T00:21:49.168+0000] {processor.py:914} INFO - Processing file /opt/airflow/dags/banco_mundial_indicators_dag.py for tasks to queue
[2024-11-03T00:21:49.170+0000] {logging_mixin.py:190} INFO - [2024-11-03T00:21:49.170+0000] {dagbag.py:588} INFO - Filling up the DagBag from /opt/airflow/dags/banco_mundial_indicators_dag.py
[2024-11-03T00:21:49.272+0000] {processor.py:925} INFO - DAG(s) 'banco_mundial_indicators_v02' retrieved from /opt/airflow/dags/banco_mundial_indicators_dag.py
[2024-11-03T00:21:49.297+0000] {logging_mixin.py:190} INFO - [2024-11-03T00:21:49.297+0000] {dag.py:3239} INFO - Sync 1 DAGs
[2024-11-03T00:21:49.328+0000] {logging_mixin.py:190} INFO - [2024-11-03T00:21:49.328+0000] {dag.py:4180} INFO - Setting next_dagrun for banco_mundial_indicators_v02 to 2024-11-03 00:00:00+00:00, run_after=2024-11-04 00:00:00+00:00
[2024-11-03T00:21:49.352+0000] {processor.py:208} INFO - Processing /opt/airflow/dags/banco_mundial_indicators_dag.py took 0.191 seconds
[2024-11-03T00:22:19.789+0000] {processor.py:186} INFO - Started process (PID=14842) to work on /opt/airflow/dags/banco_mundial_indicators_dag.py
[2024-11-03T00:22:19.790+0000] {processor.py:914} INFO - Processing file /opt/airflow/dags/banco_mundial_indicators_dag.py for tasks to queue
[2024-11-03T00:22:19.792+0000] {logging_mixin.py:190} INFO - [2024-11-03T00:22:19.792+0000] {dagbag.py:588} INFO - Filling up the DagBag from /opt/airflow/dags/banco_mundial_indicators_dag.py
[2024-11-03T00:22:19.900+0000] {processor.py:925} INFO - DAG(s) 'banco_mundial_indicators_v02' retrieved from /opt/airflow/dags/banco_mundial_indicators_dag.py
[2024-11-03T00:22:19.937+0000] {logging_mixin.py:190} INFO - [2024-11-03T00:22:19.937+0000] {dag.py:3239} INFO - Sync 1 DAGs
[2024-11-03T00:22:19.983+0000] {logging_mixin.py:190} INFO - [2024-11-03T00:22:19.983+0000] {dag.py:4180} INFO - Setting next_dagrun for banco_mundial_indicators_v02 to 2024-11-03 00:00:00+00:00, run_after=2024-11-04 00:00:00+00:00
[2024-11-03T00:22:20.008+0000] {processor.py:208} INFO - Processing /opt/airflow/dags/banco_mundial_indicators_dag.py took 0.227 seconds
[2024-11-03T00:22:50.454+0000] {processor.py:186} INFO - Started process (PID=14868) to work on /opt/airflow/dags/banco_mundial_indicators_dag.py
[2024-11-03T00:22:50.455+0000] {processor.py:914} INFO - Processing file /opt/airflow/dags/banco_mundial_indicators_dag.py for tasks to queue
[2024-11-03T00:22:50.458+0000] {logging_mixin.py:190} INFO - [2024-11-03T00:22:50.457+0000] {dagbag.py:588} INFO - Filling up the DagBag from /opt/airflow/dags/banco_mundial_indicators_dag.py
[2024-11-03T00:22:50.568+0000] {processor.py:925} INFO - DAG(s) 'banco_mundial_indicators_v02' retrieved from /opt/airflow/dags/banco_mundial_indicators_dag.py
[2024-11-03T00:22:50.592+0000] {logging_mixin.py:190} INFO - [2024-11-03T00:22:50.592+0000] {dag.py:3239} INFO - Sync 1 DAGs
[2024-11-03T00:22:50.621+0000] {logging_mixin.py:190} INFO - [2024-11-03T00:22:50.620+0000] {dag.py:4180} INFO - Setting next_dagrun for banco_mundial_indicators_v02 to 2024-11-03 00:00:00+00:00, run_after=2024-11-04 00:00:00+00:00
[2024-11-03T00:22:50.643+0000] {processor.py:208} INFO - Processing /opt/airflow/dags/banco_mundial_indicators_dag.py took 0.196 seconds
[2024-11-03T00:23:21.113+0000] {processor.py:186} INFO - Started process (PID=14894) to work on /opt/airflow/dags/banco_mundial_indicators_dag.py
[2024-11-03T00:23:21.114+0000] {processor.py:914} INFO - Processing file /opt/airflow/dags/banco_mundial_indicators_dag.py for tasks to queue
[2024-11-03T00:23:21.117+0000] {logging_mixin.py:190} INFO - [2024-11-03T00:23:21.116+0000] {dagbag.py:588} INFO - Filling up the DagBag from /opt/airflow/dags/banco_mundial_indicators_dag.py
[2024-11-03T00:23:21.222+0000] {processor.py:925} INFO - DAG(s) 'banco_mundial_indicators_v02' retrieved from /opt/airflow/dags/banco_mundial_indicators_dag.py
[2024-11-03T00:23:21.248+0000] {logging_mixin.py:190} INFO - [2024-11-03T00:23:21.248+0000] {dag.py:3239} INFO - Sync 1 DAGs
[2024-11-03T00:23:21.278+0000] {logging_mixin.py:190} INFO - [2024-11-03T00:23:21.278+0000] {dag.py:4180} INFO - Setting next_dagrun for banco_mundial_indicators_v02 to 2024-11-03 00:00:00+00:00, run_after=2024-11-04 00:00:00+00:00
[2024-11-03T00:23:21.298+0000] {processor.py:208} INFO - Processing /opt/airflow/dags/banco_mundial_indicators_dag.py took 0.193 seconds
[2024-11-03T00:23:51.751+0000] {processor.py:186} INFO - Started process (PID=14920) to work on /opt/airflow/dags/banco_mundial_indicators_dag.py
[2024-11-03T00:23:51.752+0000] {processor.py:914} INFO - Processing file /opt/airflow/dags/banco_mundial_indicators_dag.py for tasks to queue
[2024-11-03T00:23:51.754+0000] {logging_mixin.py:190} INFO - [2024-11-03T00:23:51.754+0000] {dagbag.py:588} INFO - Filling up the DagBag from /opt/airflow/dags/banco_mundial_indicators_dag.py
[2024-11-03T00:23:51.875+0000] {processor.py:925} INFO - DAG(s) 'banco_mundial_indicators_v02' retrieved from /opt/airflow/dags/banco_mundial_indicators_dag.py
[2024-11-03T00:23:51.907+0000] {logging_mixin.py:190} INFO - [2024-11-03T00:23:51.906+0000] {dag.py:3239} INFO - Sync 1 DAGs
[2024-11-03T00:23:51.940+0000] {logging_mixin.py:190} INFO - [2024-11-03T00:23:51.939+0000] {dag.py:4180} INFO - Setting next_dagrun for banco_mundial_indicators_v02 to 2024-11-03 00:00:00+00:00, run_after=2024-11-04 00:00:00+00:00
[2024-11-03T00:23:51.962+0000] {processor.py:208} INFO - Processing /opt/airflow/dags/banco_mundial_indicators_dag.py took 0.219 seconds
[2024-11-03T00:24:22.400+0000] {processor.py:186} INFO - Started process (PID=14946) to work on /opt/airflow/dags/banco_mundial_indicators_dag.py
[2024-11-03T00:24:22.402+0000] {processor.py:914} INFO - Processing file /opt/airflow/dags/banco_mundial_indicators_dag.py for tasks to queue
[2024-11-03T00:24:22.404+0000] {logging_mixin.py:190} INFO - [2024-11-03T00:24:22.404+0000] {dagbag.py:588} INFO - Filling up the DagBag from /opt/airflow/dags/banco_mundial_indicators_dag.py
[2024-11-03T00:24:22.513+0000] {processor.py:925} INFO - DAG(s) 'banco_mundial_indicators_v02' retrieved from /opt/airflow/dags/banco_mundial_indicators_dag.py
[2024-11-03T00:24:22.538+0000] {logging_mixin.py:190} INFO - [2024-11-03T00:24:22.538+0000] {dag.py:3239} INFO - Sync 1 DAGs
[2024-11-03T00:24:22.567+0000] {logging_mixin.py:190} INFO - [2024-11-03T00:24:22.567+0000] {dag.py:4180} INFO - Setting next_dagrun for banco_mundial_indicators_v02 to 2024-11-03 00:00:00+00:00, run_after=2024-11-04 00:00:00+00:00
[2024-11-03T00:24:22.588+0000] {processor.py:208} INFO - Processing /opt/airflow/dags/banco_mundial_indicators_dag.py took 0.198 seconds
[2024-11-03T00:24:53.021+0000] {processor.py:186} INFO - Started process (PID=14972) to work on /opt/airflow/dags/banco_mundial_indicators_dag.py
[2024-11-03T00:24:53.022+0000] {processor.py:914} INFO - Processing file /opt/airflow/dags/banco_mundial_indicators_dag.py for tasks to queue
[2024-11-03T00:24:53.024+0000] {logging_mixin.py:190} INFO - [2024-11-03T00:24:53.024+0000] {dagbag.py:588} INFO - Filling up the DagBag from /opt/airflow/dags/banco_mundial_indicators_dag.py
[2024-11-03T00:24:53.129+0000] {processor.py:925} INFO - DAG(s) 'banco_mundial_indicators_v02' retrieved from /opt/airflow/dags/banco_mundial_indicators_dag.py
[2024-11-03T00:24:53.157+0000] {logging_mixin.py:190} INFO - [2024-11-03T00:24:53.157+0000] {dag.py:3239} INFO - Sync 1 DAGs
[2024-11-03T00:24:53.187+0000] {logging_mixin.py:190} INFO - [2024-11-03T00:24:53.187+0000] {dag.py:4180} INFO - Setting next_dagrun for banco_mundial_indicators_v02 to 2024-11-03 00:00:00+00:00, run_after=2024-11-04 00:00:00+00:00
[2024-11-03T00:24:53.207+0000] {processor.py:208} INFO - Processing /opt/airflow/dags/banco_mundial_indicators_dag.py took 0.193 seconds
[2024-11-03T00:25:23.692+0000] {processor.py:186} INFO - Started process (PID=14998) to work on /opt/airflow/dags/banco_mundial_indicators_dag.py
[2024-11-03T00:25:23.693+0000] {processor.py:914} INFO - Processing file /opt/airflow/dags/banco_mundial_indicators_dag.py for tasks to queue
[2024-11-03T00:25:23.696+0000] {logging_mixin.py:190} INFO - [2024-11-03T00:25:23.696+0000] {dagbag.py:588} INFO - Filling up the DagBag from /opt/airflow/dags/banco_mundial_indicators_dag.py
[2024-11-03T00:25:23.810+0000] {processor.py:925} INFO - DAG(s) 'banco_mundial_indicators_v02' retrieved from /opt/airflow/dags/banco_mundial_indicators_dag.py
[2024-11-03T00:25:23.839+0000] {logging_mixin.py:190} INFO - [2024-11-03T00:25:23.839+0000] {dag.py:3239} INFO - Sync 1 DAGs
[2024-11-03T00:25:23.868+0000] {logging_mixin.py:190} INFO - [2024-11-03T00:25:23.868+0000] {dag.py:4180} INFO - Setting next_dagrun for banco_mundial_indicators_v02 to 2024-11-03 00:00:00+00:00, run_after=2024-11-04 00:00:00+00:00
[2024-11-03T00:25:23.889+0000] {processor.py:208} INFO - Processing /opt/airflow/dags/banco_mundial_indicators_dag.py took 0.208 seconds
[2024-11-03T00:25:54.303+0000] {processor.py:186} INFO - Started process (PID=15024) to work on /opt/airflow/dags/banco_mundial_indicators_dag.py
[2024-11-03T00:25:54.304+0000] {processor.py:914} INFO - Processing file /opt/airflow/dags/banco_mundial_indicators_dag.py for tasks to queue
[2024-11-03T00:25:54.307+0000] {logging_mixin.py:190} INFO - [2024-11-03T00:25:54.306+0000] {dagbag.py:588} INFO - Filling up the DagBag from /opt/airflow/dags/banco_mundial_indicators_dag.py
[2024-11-03T00:25:54.409+0000] {processor.py:925} INFO - DAG(s) 'banco_mundial_indicators_v02' retrieved from /opt/airflow/dags/banco_mundial_indicators_dag.py
[2024-11-03T00:25:54.434+0000] {logging_mixin.py:190} INFO - [2024-11-03T00:25:54.434+0000] {dag.py:3239} INFO - Sync 1 DAGs
[2024-11-03T00:25:54.462+0000] {logging_mixin.py:190} INFO - [2024-11-03T00:25:54.462+0000] {dag.py:4180} INFO - Setting next_dagrun for banco_mundial_indicators_v02 to 2024-11-03 00:00:00+00:00, run_after=2024-11-04 00:00:00+00:00
[2024-11-03T00:25:54.482+0000] {processor.py:208} INFO - Processing /opt/airflow/dags/banco_mundial_indicators_dag.py took 0.185 seconds
[2024-11-03T00:26:24.976+0000] {processor.py:186} INFO - Started process (PID=15050) to work on /opt/airflow/dags/banco_mundial_indicators_dag.py
[2024-11-03T00:26:24.977+0000] {processor.py:914} INFO - Processing file /opt/airflow/dags/banco_mundial_indicators_dag.py for tasks to queue
[2024-11-03T00:26:24.980+0000] {logging_mixin.py:190} INFO - [2024-11-03T00:26:24.980+0000] {dagbag.py:588} INFO - Filling up the DagBag from /opt/airflow/dags/banco_mundial_indicators_dag.py
[2024-11-03T00:26:25.088+0000] {processor.py:925} INFO - DAG(s) 'banco_mundial_indicators_v02' retrieved from /opt/airflow/dags/banco_mundial_indicators_dag.py
[2024-11-03T00:26:25.117+0000] {logging_mixin.py:190} INFO - [2024-11-03T00:26:25.117+0000] {dag.py:3239} INFO - Sync 1 DAGs
[2024-11-03T00:26:25.146+0000] {logging_mixin.py:190} INFO - [2024-11-03T00:26:25.145+0000] {dag.py:4180} INFO - Setting next_dagrun for banco_mundial_indicators_v02 to 2024-11-03 00:00:00+00:00, run_after=2024-11-04 00:00:00+00:00
[2024-11-03T00:26:25.167+0000] {processor.py:208} INFO - Processing /opt/airflow/dags/banco_mundial_indicators_dag.py took 0.200 seconds
[2024-11-03T00:26:55.600+0000] {processor.py:186} INFO - Started process (PID=15076) to work on /opt/airflow/dags/banco_mundial_indicators_dag.py
[2024-11-03T00:26:55.601+0000] {processor.py:914} INFO - Processing file /opt/airflow/dags/banco_mundial_indicators_dag.py for tasks to queue
[2024-11-03T00:26:55.603+0000] {logging_mixin.py:190} INFO - [2024-11-03T00:26:55.603+0000] {dagbag.py:588} INFO - Filling up the DagBag from /opt/airflow/dags/banco_mundial_indicators_dag.py
[2024-11-03T00:26:55.720+0000] {processor.py:925} INFO - DAG(s) 'banco_mundial_indicators_v02' retrieved from /opt/airflow/dags/banco_mundial_indicators_dag.py
[2024-11-03T00:26:55.746+0000] {logging_mixin.py:190} INFO - [2024-11-03T00:26:55.745+0000] {dag.py:3239} INFO - Sync 1 DAGs
[2024-11-03T00:26:55.775+0000] {logging_mixin.py:190} INFO - [2024-11-03T00:26:55.775+0000] {dag.py:4180} INFO - Setting next_dagrun for banco_mundial_indicators_v02 to 2024-11-03 00:00:00+00:00, run_after=2024-11-04 00:00:00+00:00
[2024-11-03T00:26:55.797+0000] {processor.py:208} INFO - Processing /opt/airflow/dags/banco_mundial_indicators_dag.py took 0.203 seconds
[2024-11-03T00:27:26.254+0000] {processor.py:186} INFO - Started process (PID=15102) to work on /opt/airflow/dags/banco_mundial_indicators_dag.py
[2024-11-03T00:27:26.255+0000] {processor.py:914} INFO - Processing file /opt/airflow/dags/banco_mundial_indicators_dag.py for tasks to queue
[2024-11-03T00:27:26.258+0000] {logging_mixin.py:190} INFO - [2024-11-03T00:27:26.258+0000] {dagbag.py:588} INFO - Filling up the DagBag from /opt/airflow/dags/banco_mundial_indicators_dag.py
[2024-11-03T00:27:26.367+0000] {processor.py:925} INFO - DAG(s) 'banco_mundial_indicators_v02' retrieved from /opt/airflow/dags/banco_mundial_indicators_dag.py
[2024-11-03T00:27:26.395+0000] {logging_mixin.py:190} INFO - [2024-11-03T00:27:26.395+0000] {dag.py:3239} INFO - Sync 1 DAGs
[2024-11-03T00:27:26.427+0000] {logging_mixin.py:190} INFO - [2024-11-03T00:27:26.427+0000] {dag.py:4180} INFO - Setting next_dagrun for banco_mundial_indicators_v02 to 2024-11-03 00:00:00+00:00, run_after=2024-11-04 00:00:00+00:00
[2024-11-03T00:27:26.449+0000] {processor.py:208} INFO - Processing /opt/airflow/dags/banco_mundial_indicators_dag.py took 0.204 seconds
[2024-11-03T00:27:56.994+0000] {processor.py:186} INFO - Started process (PID=15128) to work on /opt/airflow/dags/banco_mundial_indicators_dag.py
[2024-11-03T00:27:56.995+0000] {processor.py:914} INFO - Processing file /opt/airflow/dags/banco_mundial_indicators_dag.py for tasks to queue
[2024-11-03T00:27:56.999+0000] {logging_mixin.py:190} INFO - [2024-11-03T00:27:56.999+0000] {dagbag.py:588} INFO - Filling up the DagBag from /opt/airflow/dags/banco_mundial_indicators_dag.py
[2024-11-03T00:27:57.153+0000] {processor.py:925} INFO - DAG(s) 'banco_mundial_indicators_v02' retrieved from /opt/airflow/dags/banco_mundial_indicators_dag.py
[2024-11-03T00:27:57.193+0000] {logging_mixin.py:190} INFO - [2024-11-03T00:27:57.193+0000] {dag.py:3239} INFO - Sync 1 DAGs
[2024-11-03T00:27:57.237+0000] {logging_mixin.py:190} INFO - [2024-11-03T00:27:57.237+0000] {dag.py:4180} INFO - Setting next_dagrun for banco_mundial_indicators_v02 to 2024-11-03 00:00:00+00:00, run_after=2024-11-04 00:00:00+00:00
[2024-11-03T00:27:57.266+0000] {processor.py:208} INFO - Processing /opt/airflow/dags/banco_mundial_indicators_dag.py took 0.283 seconds
[2024-11-03T00:28:27.800+0000] {processor.py:186} INFO - Started process (PID=15154) to work on /opt/airflow/dags/banco_mundial_indicators_dag.py
[2024-11-03T00:28:27.801+0000] {processor.py:914} INFO - Processing file /opt/airflow/dags/banco_mundial_indicators_dag.py for tasks to queue
[2024-11-03T00:28:27.804+0000] {logging_mixin.py:190} INFO - [2024-11-03T00:28:27.804+0000] {dagbag.py:588} INFO - Filling up the DagBag from /opt/airflow/dags/banco_mundial_indicators_dag.py
[2024-11-03T00:28:27.923+0000] {processor.py:925} INFO - DAG(s) 'banco_mundial_indicators_v02' retrieved from /opt/airflow/dags/banco_mundial_indicators_dag.py
[2024-11-03T00:28:27.955+0000] {logging_mixin.py:190} INFO - [2024-11-03T00:28:27.955+0000] {dag.py:3239} INFO - Sync 1 DAGs
[2024-11-03T00:28:27.987+0000] {logging_mixin.py:190} INFO - [2024-11-03T00:28:27.987+0000] {dag.py:4180} INFO - Setting next_dagrun for banco_mundial_indicators_v02 to 2024-11-03 00:00:00+00:00, run_after=2024-11-04 00:00:00+00:00
[2024-11-03T00:28:28.011+0000] {processor.py:208} INFO - Processing /opt/airflow/dags/banco_mundial_indicators_dag.py took 0.218 seconds
[2024-11-03T00:28:58.457+0000] {processor.py:186} INFO - Started process (PID=15186) to work on /opt/airflow/dags/banco_mundial_indicators_dag.py
[2024-11-03T00:28:58.458+0000] {processor.py:914} INFO - Processing file /opt/airflow/dags/banco_mundial_indicators_dag.py for tasks to queue
[2024-11-03T00:28:58.460+0000] {logging_mixin.py:190} INFO - [2024-11-03T00:28:58.460+0000] {dagbag.py:588} INFO - Filling up the DagBag from /opt/airflow/dags/banco_mundial_indicators_dag.py
[2024-11-03T00:28:58.587+0000] {processor.py:925} INFO - DAG(s) 'banco_mundial_indicators_v02' retrieved from /opt/airflow/dags/banco_mundial_indicators_dag.py
[2024-11-03T00:28:58.621+0000] {logging_mixin.py:190} INFO - [2024-11-03T00:28:58.620+0000] {dag.py:3239} INFO - Sync 1 DAGs
[2024-11-03T00:28:58.656+0000] {logging_mixin.py:190} INFO - [2024-11-03T00:28:58.656+0000] {dag.py:4180} INFO - Setting next_dagrun for banco_mundial_indicators_v02 to 2024-11-03 00:00:00+00:00, run_after=2024-11-04 00:00:00+00:00
[2024-11-03T00:28:58.684+0000] {processor.py:208} INFO - Processing /opt/airflow/dags/banco_mundial_indicators_dag.py took 0.235 seconds
[2024-11-03T00:29:29.234+0000] {processor.py:186} INFO - Started process (PID=15212) to work on /opt/airflow/dags/banco_mundial_indicators_dag.py
[2024-11-03T00:29:29.235+0000] {processor.py:914} INFO - Processing file /opt/airflow/dags/banco_mundial_indicators_dag.py for tasks to queue
[2024-11-03T00:29:29.238+0000] {logging_mixin.py:190} INFO - [2024-11-03T00:29:29.237+0000] {dagbag.py:588} INFO - Filling up the DagBag from /opt/airflow/dags/banco_mundial_indicators_dag.py
[2024-11-03T00:29:29.375+0000] {processor.py:925} INFO - DAG(s) 'banco_mundial_indicators_v02' retrieved from /opt/airflow/dags/banco_mundial_indicators_dag.py
[2024-11-03T00:29:29.401+0000] {logging_mixin.py:190} INFO - [2024-11-03T00:29:29.401+0000] {dag.py:3239} INFO - Sync 1 DAGs
[2024-11-03T00:29:29.435+0000] {logging_mixin.py:190} INFO - [2024-11-03T00:29:29.435+0000] {dag.py:4180} INFO - Setting next_dagrun for banco_mundial_indicators_v02 to 2024-11-03 00:00:00+00:00, run_after=2024-11-04 00:00:00+00:00
[2024-11-03T00:29:29.454+0000] {processor.py:208} INFO - Processing /opt/airflow/dags/banco_mundial_indicators_dag.py took 0.228 seconds
[2024-11-03T00:29:59.918+0000] {processor.py:186} INFO - Started process (PID=15238) to work on /opt/airflow/dags/banco_mundial_indicators_dag.py
[2024-11-03T00:29:59.919+0000] {processor.py:914} INFO - Processing file /opt/airflow/dags/banco_mundial_indicators_dag.py for tasks to queue
[2024-11-03T00:29:59.923+0000] {logging_mixin.py:190} INFO - [2024-11-03T00:29:59.922+0000] {dagbag.py:588} INFO - Filling up the DagBag from /opt/airflow/dags/banco_mundial_indicators_dag.py
[2024-11-03T00:30:00.032+0000] {processor.py:925} INFO - DAG(s) 'banco_mundial_indicators_v02' retrieved from /opt/airflow/dags/banco_mundial_indicators_dag.py
[2024-11-03T00:30:00.058+0000] {logging_mixin.py:190} INFO - [2024-11-03T00:30:00.057+0000] {dag.py:3239} INFO - Sync 1 DAGs
[2024-11-03T00:30:00.089+0000] {logging_mixin.py:190} INFO - [2024-11-03T00:30:00.089+0000] {dag.py:4180} INFO - Setting next_dagrun for banco_mundial_indicators_v02 to 2024-11-03 00:00:00+00:00, run_after=2024-11-04 00:00:00+00:00
[2024-11-03T00:30:00.112+0000] {processor.py:208} INFO - Processing /opt/airflow/dags/banco_mundial_indicators_dag.py took 0.202 seconds
[2024-11-03T00:30:30.583+0000] {processor.py:186} INFO - Started process (PID=15355) to work on /opt/airflow/dags/banco_mundial_indicators_dag.py
[2024-11-03T00:30:30.585+0000] {processor.py:914} INFO - Processing file /opt/airflow/dags/banco_mundial_indicators_dag.py for tasks to queue
[2024-11-03T00:30:30.589+0000] {logging_mixin.py:190} INFO - [2024-11-03T00:30:30.589+0000] {dagbag.py:588} INFO - Filling up the DagBag from /opt/airflow/dags/banco_mundial_indicators_dag.py
[2024-11-03T00:30:30.815+0000] {processor.py:925} INFO - DAG(s) 'banco_mundial_indicators_v02' retrieved from /opt/airflow/dags/banco_mundial_indicators_dag.py
[2024-11-03T00:30:30.868+0000] {logging_mixin.py:190} INFO - [2024-11-03T00:30:30.868+0000] {dag.py:3239} INFO - Sync 1 DAGs
[2024-11-03T00:30:30.932+0000] {logging_mixin.py:190} INFO - [2024-11-03T00:30:30.931+0000] {dag.py:4180} INFO - Setting next_dagrun for banco_mundial_indicators_v02 to 2024-11-03 00:00:00+00:00, run_after=2024-11-04 00:00:00+00:00
[2024-11-03T00:30:30.973+0000] {processor.py:208} INFO - Processing /opt/airflow/dags/banco_mundial_indicators_dag.py took 0.404 seconds
[2024-11-03T00:31:01.442+0000] {processor.py:186} INFO - Started process (PID=15772) to work on /opt/airflow/dags/banco_mundial_indicators_dag.py
[2024-11-03T00:31:01.449+0000] {processor.py:914} INFO - Processing file /opt/airflow/dags/banco_mundial_indicators_dag.py for tasks to queue
[2024-11-03T00:31:01.453+0000] {logging_mixin.py:190} INFO - [2024-11-03T00:31:01.453+0000] {dagbag.py:588} INFO - Filling up the DagBag from /opt/airflow/dags/banco_mundial_indicators_dag.py
[2024-11-03T00:31:01.796+0000] {processor.py:925} INFO - DAG(s) 'banco_mundial_indicators_v02' retrieved from /opt/airflow/dags/banco_mundial_indicators_dag.py
[2024-11-03T00:31:01.862+0000] {logging_mixin.py:190} INFO - [2024-11-03T00:31:01.861+0000] {dag.py:3239} INFO - Sync 1 DAGs
[2024-11-03T00:31:01.919+0000] {logging_mixin.py:190} INFO - [2024-11-03T00:31:01.919+0000] {dag.py:4180} INFO - Setting next_dagrun for banco_mundial_indicators_v02 to 2024-11-03 00:00:00+00:00, run_after=2024-11-04 00:00:00+00:00
[2024-11-03T00:31:01.965+0000] {processor.py:208} INFO - Processing /opt/airflow/dags/banco_mundial_indicators_dag.py took 0.554 seconds
[2024-11-03T00:31:32.265+0000] {processor.py:186} INFO - Started process (PID=15891) to work on /opt/airflow/dags/banco_mundial_indicators_dag.py
[2024-11-03T00:31:32.267+0000] {processor.py:914} INFO - Processing file /opt/airflow/dags/banco_mundial_indicators_dag.py for tasks to queue
[2024-11-03T00:31:32.270+0000] {logging_mixin.py:190} INFO - [2024-11-03T00:31:32.269+0000] {dagbag.py:588} INFO - Filling up the DagBag from /opt/airflow/dags/banco_mundial_indicators_dag.py
[2024-11-03T00:31:32.391+0000] {processor.py:925} INFO - DAG(s) 'banco_mundial_indicators_v02' retrieved from /opt/airflow/dags/banco_mundial_indicators_dag.py
[2024-11-03T00:31:32.433+0000] {logging_mixin.py:190} INFO - [2024-11-03T00:31:32.432+0000] {dag.py:3239} INFO - Sync 1 DAGs
[2024-11-03T00:31:32.492+0000] {logging_mixin.py:190} INFO - [2024-11-03T00:31:32.491+0000] {dag.py:4180} INFO - Setting next_dagrun for banco_mundial_indicators_v02 to 2024-11-03 00:00:00+00:00, run_after=2024-11-04 00:00:00+00:00
[2024-11-03T00:31:32.526+0000] {processor.py:208} INFO - Processing /opt/airflow/dags/banco_mundial_indicators_dag.py took 0.267 seconds
[2024-11-03T00:32:02.995+0000] {processor.py:186} INFO - Started process (PID=15917) to work on /opt/airflow/dags/banco_mundial_indicators_dag.py
[2024-11-03T00:32:02.996+0000] {processor.py:914} INFO - Processing file /opt/airflow/dags/banco_mundial_indicators_dag.py for tasks to queue
[2024-11-03T00:32:03.001+0000] {logging_mixin.py:190} INFO - [2024-11-03T00:32:03.000+0000] {dagbag.py:588} INFO - Filling up the DagBag from /opt/airflow/dags/banco_mundial_indicators_dag.py
[2024-11-03T00:32:03.166+0000] {processor.py:925} INFO - DAG(s) 'banco_mundial_indicators_v02' retrieved from /opt/airflow/dags/banco_mundial_indicators_dag.py
[2024-11-03T00:32:03.197+0000] {logging_mixin.py:190} INFO - [2024-11-03T00:32:03.197+0000] {dag.py:3239} INFO - Sync 1 DAGs
[2024-11-03T00:32:03.230+0000] {logging_mixin.py:190} INFO - [2024-11-03T00:32:03.230+0000] {dag.py:4180} INFO - Setting next_dagrun for banco_mundial_indicators_v02 to 2024-11-03 00:00:00+00:00, run_after=2024-11-04 00:00:00+00:00
[2024-11-03T00:32:03.257+0000] {processor.py:208} INFO - Processing /opt/airflow/dags/banco_mundial_indicators_dag.py took 0.270 seconds
[2024-11-03T00:32:33.679+0000] {processor.py:186} INFO - Started process (PID=15943) to work on /opt/airflow/dags/banco_mundial_indicators_dag.py
[2024-11-03T00:32:33.680+0000] {processor.py:914} INFO - Processing file /opt/airflow/dags/banco_mundial_indicators_dag.py for tasks to queue
[2024-11-03T00:32:33.683+0000] {logging_mixin.py:190} INFO - [2024-11-03T00:32:33.683+0000] {dagbag.py:588} INFO - Filling up the DagBag from /opt/airflow/dags/banco_mundial_indicators_dag.py
[2024-11-03T00:32:33.854+0000] {processor.py:925} INFO - DAG(s) 'banco_mundial_indicators_v02' retrieved from /opt/airflow/dags/banco_mundial_indicators_dag.py
[2024-11-03T00:32:33.890+0000] {logging_mixin.py:190} INFO - [2024-11-03T00:32:33.890+0000] {dag.py:3239} INFO - Sync 1 DAGs
[2024-11-03T00:32:33.935+0000] {logging_mixin.py:190} INFO - [2024-11-03T00:32:33.935+0000] {dag.py:4180} INFO - Setting next_dagrun for banco_mundial_indicators_v02 to 2024-11-03 00:00:00+00:00, run_after=2024-11-04 00:00:00+00:00
[2024-11-03T00:32:33.959+0000] {processor.py:208} INFO - Processing /opt/airflow/dags/banco_mundial_indicators_dag.py took 0.290 seconds
[2024-11-03T00:33:04.210+0000] {processor.py:186} INFO - Started process (PID=15969) to work on /opt/airflow/dags/banco_mundial_indicators_dag.py
[2024-11-03T00:33:04.211+0000] {processor.py:914} INFO - Processing file /opt/airflow/dags/banco_mundial_indicators_dag.py for tasks to queue
[2024-11-03T00:33:04.216+0000] {logging_mixin.py:190} INFO - [2024-11-03T00:33:04.215+0000] {dagbag.py:588} INFO - Filling up the DagBag from /opt/airflow/dags/banco_mundial_indicators_dag.py
[2024-11-03T00:33:04.396+0000] {processor.py:925} INFO - DAG(s) 'banco_mundial_indicators_v02' retrieved from /opt/airflow/dags/banco_mundial_indicators_dag.py
[2024-11-03T00:33:04.437+0000] {logging_mixin.py:190} INFO - [2024-11-03T00:33:04.436+0000] {dag.py:3239} INFO - Sync 1 DAGs
[2024-11-03T00:33:04.483+0000] {logging_mixin.py:190} INFO - [2024-11-03T00:33:04.482+0000] {dag.py:4180} INFO - Setting next_dagrun for banco_mundial_indicators_v02 to 2024-11-03 00:00:00+00:00, run_after=2024-11-04 00:00:00+00:00
[2024-11-03T00:33:04.514+0000] {processor.py:208} INFO - Processing /opt/airflow/dags/banco_mundial_indicators_dag.py took 0.315 seconds
[2024-11-03T00:33:34.935+0000] {processor.py:186} INFO - Started process (PID=15995) to work on /opt/airflow/dags/banco_mundial_indicators_dag.py
[2024-11-03T00:33:34.936+0000] {processor.py:914} INFO - Processing file /opt/airflow/dags/banco_mundial_indicators_dag.py for tasks to queue
[2024-11-03T00:33:34.939+0000] {logging_mixin.py:190} INFO - [2024-11-03T00:33:34.938+0000] {dagbag.py:588} INFO - Filling up the DagBag from /opt/airflow/dags/banco_mundial_indicators_dag.py
[2024-11-03T00:33:35.075+0000] {processor.py:925} INFO - DAG(s) 'banco_mundial_indicators_v02' retrieved from /opt/airflow/dags/banco_mundial_indicators_dag.py
[2024-11-03T00:33:35.107+0000] {logging_mixin.py:190} INFO - [2024-11-03T00:33:35.107+0000] {dag.py:3239} INFO - Sync 1 DAGs
[2024-11-03T00:33:35.139+0000] {logging_mixin.py:190} INFO - [2024-11-03T00:33:35.138+0000] {dag.py:4180} INFO - Setting next_dagrun for banco_mundial_indicators_v02 to 2024-11-03 00:00:00+00:00, run_after=2024-11-04 00:00:00+00:00
[2024-11-03T00:33:35.162+0000] {processor.py:208} INFO - Processing /opt/airflow/dags/banco_mundial_indicators_dag.py took 0.236 seconds
[2024-11-03T00:34:05.612+0000] {processor.py:186} INFO - Started process (PID=16021) to work on /opt/airflow/dags/banco_mundial_indicators_dag.py
[2024-11-03T00:34:05.613+0000] {processor.py:914} INFO - Processing file /opt/airflow/dags/banco_mundial_indicators_dag.py for tasks to queue
[2024-11-03T00:34:05.616+0000] {logging_mixin.py:190} INFO - [2024-11-03T00:34:05.615+0000] {dagbag.py:588} INFO - Filling up the DagBag from /opt/airflow/dags/banco_mundial_indicators_dag.py
[2024-11-03T00:34:05.737+0000] {processor.py:925} INFO - DAG(s) 'banco_mundial_indicators_v02' retrieved from /opt/airflow/dags/banco_mundial_indicators_dag.py
[2024-11-03T00:34:05.763+0000] {logging_mixin.py:190} INFO - [2024-11-03T00:34:05.763+0000] {dag.py:3239} INFO - Sync 1 DAGs
[2024-11-03T00:34:05.814+0000] {logging_mixin.py:190} INFO - [2024-11-03T00:34:05.814+0000] {dag.py:4180} INFO - Setting next_dagrun for banco_mundial_indicators_v02 to 2024-11-03 00:00:00+00:00, run_after=2024-11-04 00:00:00+00:00
[2024-11-03T00:34:05.841+0000] {processor.py:208} INFO - Processing /opt/airflow/dags/banco_mundial_indicators_dag.py took 0.237 seconds
[2024-11-03T00:34:36.073+0000] {processor.py:186} INFO - Started process (PID=16047) to work on /opt/airflow/dags/banco_mundial_indicators_dag.py
[2024-11-03T00:34:36.073+0000] {processor.py:914} INFO - Processing file /opt/airflow/dags/banco_mundial_indicators_dag.py for tasks to queue
[2024-11-03T00:34:36.077+0000] {logging_mixin.py:190} INFO - [2024-11-03T00:34:36.076+0000] {dagbag.py:588} INFO - Filling up the DagBag from /opt/airflow/dags/banco_mundial_indicators_dag.py
[2024-11-03T00:34:36.206+0000] {processor.py:925} INFO - DAG(s) 'banco_mundial_indicators_v02' retrieved from /opt/airflow/dags/banco_mundial_indicators_dag.py
[2024-11-03T00:34:36.243+0000] {logging_mixin.py:190} INFO - [2024-11-03T00:34:36.243+0000] {dag.py:3239} INFO - Sync 1 DAGs
[2024-11-03T00:34:36.284+0000] {logging_mixin.py:190} INFO - [2024-11-03T00:34:36.284+0000] {dag.py:4180} INFO - Setting next_dagrun for banco_mundial_indicators_v02 to 2024-11-03 00:00:00+00:00, run_after=2024-11-04 00:00:00+00:00
[2024-11-03T00:34:36.312+0000] {processor.py:208} INFO - Processing /opt/airflow/dags/banco_mundial_indicators_dag.py took 0.250 seconds
[2024-11-03T00:35:06.737+0000] {processor.py:186} INFO - Started process (PID=16073) to work on /opt/airflow/dags/banco_mundial_indicators_dag.py
[2024-11-03T00:35:06.738+0000] {processor.py:914} INFO - Processing file /opt/airflow/dags/banco_mundial_indicators_dag.py for tasks to queue
[2024-11-03T00:35:06.741+0000] {logging_mixin.py:190} INFO - [2024-11-03T00:35:06.740+0000] {dagbag.py:588} INFO - Filling up the DagBag from /opt/airflow/dags/banco_mundial_indicators_dag.py
[2024-11-03T00:35:06.862+0000] {processor.py:925} INFO - DAG(s) 'banco_mundial_indicators_v02' retrieved from /opt/airflow/dags/banco_mundial_indicators_dag.py
[2024-11-03T00:35:06.899+0000] {logging_mixin.py:190} INFO - [2024-11-03T00:35:06.898+0000] {dag.py:3239} INFO - Sync 1 DAGs
[2024-11-03T00:35:06.944+0000] {logging_mixin.py:190} INFO - [2024-11-03T00:35:06.943+0000] {dag.py:4180} INFO - Setting next_dagrun for banco_mundial_indicators_v02 to 2024-11-03 00:00:00+00:00, run_after=2024-11-04 00:00:00+00:00
[2024-11-03T00:35:06.970+0000] {processor.py:208} INFO - Processing /opt/airflow/dags/banco_mundial_indicators_dag.py took 0.242 seconds
[2024-11-03T00:35:37.215+0000] {processor.py:186} INFO - Started process (PID=16099) to work on /opt/airflow/dags/banco_mundial_indicators_dag.py
[2024-11-03T00:35:37.216+0000] {processor.py:914} INFO - Processing file /opt/airflow/dags/banco_mundial_indicators_dag.py for tasks to queue
[2024-11-03T00:35:37.219+0000] {logging_mixin.py:190} INFO - [2024-11-03T00:35:37.219+0000] {dagbag.py:588} INFO - Filling up the DagBag from /opt/airflow/dags/banco_mundial_indicators_dag.py
[2024-11-03T00:35:37.390+0000] {processor.py:925} INFO - DAG(s) 'banco_mundial_indicators_v02' retrieved from /opt/airflow/dags/banco_mundial_indicators_dag.py
[2024-11-03T00:35:37.429+0000] {logging_mixin.py:190} INFO - [2024-11-03T00:35:37.429+0000] {dag.py:3239} INFO - Sync 1 DAGs
[2024-11-03T00:35:37.474+0000] {logging_mixin.py:190} INFO - [2024-11-03T00:35:37.473+0000] {dag.py:4180} INFO - Setting next_dagrun for banco_mundial_indicators_v02 to 2024-11-03 00:00:00+00:00, run_after=2024-11-04 00:00:00+00:00
[2024-11-03T00:35:37.499+0000] {processor.py:208} INFO - Processing /opt/airflow/dags/banco_mundial_indicators_dag.py took 0.293 seconds
[2024-11-03T00:36:07.769+0000] {processor.py:186} INFO - Started process (PID=16125) to work on /opt/airflow/dags/banco_mundial_indicators_dag.py
[2024-11-03T00:36:07.770+0000] {processor.py:914} INFO - Processing file /opt/airflow/dags/banco_mundial_indicators_dag.py for tasks to queue
[2024-11-03T00:36:07.773+0000] {logging_mixin.py:190} INFO - [2024-11-03T00:36:07.773+0000] {dagbag.py:588} INFO - Filling up the DagBag from /opt/airflow/dags/banco_mundial_indicators_dag.py
[2024-11-03T00:36:07.936+0000] {processor.py:925} INFO - DAG(s) 'banco_mundial_indicators_v02' retrieved from /opt/airflow/dags/banco_mundial_indicators_dag.py
[2024-11-03T00:36:07.969+0000] {logging_mixin.py:190} INFO - [2024-11-03T00:36:07.969+0000] {dag.py:3239} INFO - Sync 1 DAGs
[2024-11-03T00:36:08.003+0000] {logging_mixin.py:190} INFO - [2024-11-03T00:36:08.002+0000] {dag.py:4180} INFO - Setting next_dagrun for banco_mundial_indicators_v02 to 2024-11-03 00:00:00+00:00, run_after=2024-11-04 00:00:00+00:00
[2024-11-03T00:36:08.024+0000] {processor.py:208} INFO - Processing /opt/airflow/dags/banco_mundial_indicators_dag.py took 0.265 seconds
[2024-11-03T00:36:38.327+0000] {processor.py:186} INFO - Started process (PID=16151) to work on /opt/airflow/dags/banco_mundial_indicators_dag.py
[2024-11-03T00:36:38.328+0000] {processor.py:914} INFO - Processing file /opt/airflow/dags/banco_mundial_indicators_dag.py for tasks to queue
[2024-11-03T00:36:38.330+0000] {logging_mixin.py:190} INFO - [2024-11-03T00:36:38.330+0000] {dagbag.py:588} INFO - Filling up the DagBag from /opt/airflow/dags/banco_mundial_indicators_dag.py
[2024-11-03T00:36:38.445+0000] {processor.py:925} INFO - DAG(s) 'banco_mundial_indicators_v02' retrieved from /opt/airflow/dags/banco_mundial_indicators_dag.py
[2024-11-03T00:36:38.475+0000] {logging_mixin.py:190} INFO - [2024-11-03T00:36:38.475+0000] {dag.py:3239} INFO - Sync 1 DAGs
[2024-11-03T00:36:38.505+0000] {logging_mixin.py:190} INFO - [2024-11-03T00:36:38.505+0000] {dag.py:4180} INFO - Setting next_dagrun for banco_mundial_indicators_v02 to 2024-11-03 00:00:00+00:00, run_after=2024-11-04 00:00:00+00:00
[2024-11-03T00:36:38.526+0000] {processor.py:208} INFO - Processing /opt/airflow/dags/banco_mundial_indicators_dag.py took 0.208 seconds
