[2024-11-03T00:00:18.757+0000] {processor.py:186} INFO - Started process (PID=11540) to work on /opt/airflow/dags/first_dag.py
[2024-11-03T00:00:18.759+0000] {processor.py:914} INFO - Processing file /opt/airflow/dags/first_dag.py for tasks to queue
[2024-11-03T00:00:18.763+0000] {logging_mixin.py:190} INFO - [2024-11-03T00:00:18.762+0000] {dagbag.py:588} INFO - Filling up the DagBag from /opt/airflow/dags/first_dag.py
[2024-11-03T00:00:18.963+0000] {processor.py:925} INFO - DAG(s) 'indices_argentina_v08' retrieved from /opt/airflow/dags/first_dag.py
[2024-11-03T00:00:19.124+0000] {logging_mixin.py:190} INFO - [2024-11-03T00:00:19.123+0000] {dag.py:3239} INFO - Sync 1 DAGs
[2024-11-03T00:00:19.304+0000] {logging_mixin.py:190} INFO - [2024-11-03T00:00:19.303+0000] {dag.py:4180} INFO - Setting next_dagrun for indices_argentina_v08 to 2024-11-03 00:00:00+00:00, run_after=2024-11-04 00:00:00+00:00
[2024-11-03T00:00:19.462+0000] {processor.py:208} INFO - Processing /opt/airflow/dags/first_dag.py took 0.717 seconds
[2024-11-03T00:00:50.278+0000] {processor.py:186} INFO - Started process (PID=12020) to work on /opt/airflow/dags/first_dag.py
[2024-11-03T00:00:50.279+0000] {processor.py:914} INFO - Processing file /opt/airflow/dags/first_dag.py for tasks to queue
[2024-11-03T00:00:50.290+0000] {logging_mixin.py:190} INFO - [2024-11-03T00:00:50.289+0000] {dagbag.py:588} INFO - Filling up the DagBag from /opt/airflow/dags/first_dag.py
[2024-11-03T00:00:51.047+0000] {processor.py:925} INFO - DAG(s) 'indices_argentina_v08' retrieved from /opt/airflow/dags/first_dag.py
[2024-11-03T00:00:51.281+0000] {logging_mixin.py:190} INFO - [2024-11-03T00:00:51.281+0000] {dag.py:3239} INFO - Sync 1 DAGs
[2024-11-03T00:00:51.405+0000] {logging_mixin.py:190} INFO - [2024-11-03T00:00:51.404+0000] {dag.py:4180} INFO - Setting next_dagrun for indices_argentina_v08 to 2024-11-03 00:00:00+00:00, run_after=2024-11-04 00:00:00+00:00
[2024-11-03T00:00:51.606+0000] {processor.py:208} INFO - Processing /opt/airflow/dags/first_dag.py took 1.398 seconds
[2024-11-03T00:01:22.794+0000] {processor.py:186} INFO - Started process (PID=12627) to work on /opt/airflow/dags/first_dag.py
[2024-11-03T00:01:22.816+0000] {processor.py:914} INFO - Processing file /opt/airflow/dags/first_dag.py for tasks to queue
[2024-11-03T00:01:22.820+0000] {logging_mixin.py:190} INFO - [2024-11-03T00:01:22.819+0000] {dagbag.py:588} INFO - Filling up the DagBag from /opt/airflow/dags/first_dag.py
[2024-11-03T00:01:23.023+0000] {processor.py:925} INFO - DAG(s) 'indices_argentina_v08' retrieved from /opt/airflow/dags/first_dag.py
[2024-11-03T00:01:23.109+0000] {logging_mixin.py:190} INFO - [2024-11-03T00:01:23.108+0000] {dag.py:3239} INFO - Sync 1 DAGs
[2024-11-03T00:01:23.612+0000] {logging_mixin.py:190} INFO - [2024-11-03T00:01:23.555+0000] {dag.py:4180} INFO - Setting next_dagrun for indices_argentina_v08 to 2024-11-03 00:00:00+00:00, run_after=2024-11-04 00:00:00+00:00
[2024-11-03T00:01:24.146+0000] {processor.py:208} INFO - Processing /opt/airflow/dags/first_dag.py took 1.506 seconds
[2024-11-03T00:01:54.740+0000] {processor.py:186} INFO - Started process (PID=13159) to work on /opt/airflow/dags/first_dag.py
[2024-11-03T00:01:54.741+0000] {processor.py:914} INFO - Processing file /opt/airflow/dags/first_dag.py for tasks to queue
[2024-11-03T00:01:54.759+0000] {logging_mixin.py:190} INFO - [2024-11-03T00:01:54.748+0000] {dagbag.py:588} INFO - Filling up the DagBag from /opt/airflow/dags/first_dag.py
[2024-11-03T00:01:55.041+0000] {processor.py:925} INFO - DAG(s) 'indices_argentina_v08' retrieved from /opt/airflow/dags/first_dag.py
[2024-11-03T00:01:55.110+0000] {logging_mixin.py:190} INFO - [2024-11-03T00:01:55.109+0000] {dag.py:3239} INFO - Sync 1 DAGs
[2024-11-03T00:01:55.245+0000] {logging_mixin.py:190} INFO - [2024-11-03T00:01:55.242+0000] {dag.py:4180} INFO - Setting next_dagrun for indices_argentina_v08 to 2024-11-03 00:00:00+00:00, run_after=2024-11-04 00:00:00+00:00
[2024-11-03T00:01:55.349+0000] {processor.py:208} INFO - Processing /opt/airflow/dags/first_dag.py took 0.650 seconds
[2024-11-03T00:02:25.479+0000] {processor.py:186} INFO - Started process (PID=13788) to work on /opt/airflow/dags/first_dag.py
[2024-11-03T00:02:25.483+0000] {processor.py:914} INFO - Processing file /opt/airflow/dags/first_dag.py for tasks to queue
[2024-11-03T00:02:25.487+0000] {logging_mixin.py:190} INFO - [2024-11-03T00:02:25.486+0000] {dagbag.py:588} INFO - Filling up the DagBag from /opt/airflow/dags/first_dag.py
[2024-11-03T00:02:25.670+0000] {processor.py:925} INFO - DAG(s) 'indices_argentina_v08' retrieved from /opt/airflow/dags/first_dag.py
[2024-11-03T00:02:25.722+0000] {logging_mixin.py:190} INFO - [2024-11-03T00:02:25.721+0000] {dag.py:3239} INFO - Sync 1 DAGs
[2024-11-03T00:02:25.779+0000] {logging_mixin.py:190} INFO - [2024-11-03T00:02:25.778+0000] {dag.py:4180} INFO - Setting next_dagrun for indices_argentina_v08 to 2024-11-03 00:00:00+00:00, run_after=2024-11-04 00:00:00+00:00
[2024-11-03T00:02:25.804+0000] {processor.py:208} INFO - Processing /opt/airflow/dags/first_dag.py took 0.333 seconds
[2024-11-03T00:02:56.282+0000] {processor.py:186} INFO - Started process (PID=13859) to work on /opt/airflow/dags/first_dag.py
[2024-11-03T00:02:56.283+0000] {processor.py:914} INFO - Processing file /opt/airflow/dags/first_dag.py for tasks to queue
[2024-11-03T00:02:56.286+0000] {logging_mixin.py:190} INFO - [2024-11-03T00:02:56.285+0000] {dagbag.py:588} INFO - Filling up the DagBag from /opt/airflow/dags/first_dag.py
[2024-11-03T00:02:56.399+0000] {processor.py:925} INFO - DAG(s) 'indices_argentina_v08' retrieved from /opt/airflow/dags/first_dag.py
[2024-11-03T00:02:56.425+0000] {logging_mixin.py:190} INFO - [2024-11-03T00:02:56.425+0000] {dag.py:3239} INFO - Sync 1 DAGs
[2024-11-03T00:02:56.457+0000] {logging_mixin.py:190} INFO - [2024-11-03T00:02:56.457+0000] {dag.py:4180} INFO - Setting next_dagrun for indices_argentina_v08 to 2024-11-03 00:00:00+00:00, run_after=2024-11-04 00:00:00+00:00
[2024-11-03T00:02:56.480+0000] {processor.py:208} INFO - Processing /opt/airflow/dags/first_dag.py took 0.206 seconds
[2024-11-03T00:03:26.942+0000] {processor.py:186} INFO - Started process (PID=13885) to work on /opt/airflow/dags/first_dag.py
[2024-11-03T00:03:26.944+0000] {processor.py:914} INFO - Processing file /opt/airflow/dags/first_dag.py for tasks to queue
[2024-11-03T00:03:26.947+0000] {logging_mixin.py:190} INFO - [2024-11-03T00:03:26.946+0000] {dagbag.py:588} INFO - Filling up the DagBag from /opt/airflow/dags/first_dag.py
[2024-11-03T00:03:27.060+0000] {processor.py:925} INFO - DAG(s) 'indices_argentina_v08' retrieved from /opt/airflow/dags/first_dag.py
[2024-11-03T00:03:27.089+0000] {logging_mixin.py:190} INFO - [2024-11-03T00:03:27.088+0000] {dag.py:3239} INFO - Sync 1 DAGs
[2024-11-03T00:03:27.120+0000] {logging_mixin.py:190} INFO - [2024-11-03T00:03:27.119+0000] {dag.py:4180} INFO - Setting next_dagrun for indices_argentina_v08 to 2024-11-03 00:00:00+00:00, run_after=2024-11-04 00:00:00+00:00
[2024-11-03T00:03:27.143+0000] {processor.py:208} INFO - Processing /opt/airflow/dags/first_dag.py took 0.207 seconds
[2024-11-03T00:03:57.606+0000] {processor.py:186} INFO - Started process (PID=13911) to work on /opt/airflow/dags/first_dag.py
[2024-11-03T00:03:57.607+0000] {processor.py:914} INFO - Processing file /opt/airflow/dags/first_dag.py for tasks to queue
[2024-11-03T00:03:57.610+0000] {logging_mixin.py:190} INFO - [2024-11-03T00:03:57.609+0000] {dagbag.py:588} INFO - Filling up the DagBag from /opt/airflow/dags/first_dag.py
[2024-11-03T00:03:57.727+0000] {processor.py:925} INFO - DAG(s) 'indices_argentina_v08' retrieved from /opt/airflow/dags/first_dag.py
[2024-11-03T00:03:57.754+0000] {logging_mixin.py:190} INFO - [2024-11-03T00:03:57.753+0000] {dag.py:3239} INFO - Sync 1 DAGs
[2024-11-03T00:03:57.784+0000] {logging_mixin.py:190} INFO - [2024-11-03T00:03:57.784+0000] {dag.py:4180} INFO - Setting next_dagrun for indices_argentina_v08 to 2024-11-03 00:00:00+00:00, run_after=2024-11-04 00:00:00+00:00
[2024-11-03T00:03:57.805+0000] {processor.py:208} INFO - Processing /opt/airflow/dags/first_dag.py took 0.208 seconds
[2024-11-03T00:04:28.271+0000] {processor.py:186} INFO - Started process (PID=13937) to work on /opt/airflow/dags/first_dag.py
[2024-11-03T00:04:28.272+0000] {processor.py:914} INFO - Processing file /opt/airflow/dags/first_dag.py for tasks to queue
[2024-11-03T00:04:28.275+0000] {logging_mixin.py:190} INFO - [2024-11-03T00:04:28.274+0000] {dagbag.py:588} INFO - Filling up the DagBag from /opt/airflow/dags/first_dag.py
[2024-11-03T00:04:28.386+0000] {processor.py:925} INFO - DAG(s) 'indices_argentina_v08' retrieved from /opt/airflow/dags/first_dag.py
[2024-11-03T00:04:28.413+0000] {logging_mixin.py:190} INFO - [2024-11-03T00:04:28.412+0000] {dag.py:3239} INFO - Sync 1 DAGs
[2024-11-03T00:04:28.444+0000] {logging_mixin.py:190} INFO - [2024-11-03T00:04:28.444+0000] {dag.py:4180} INFO - Setting next_dagrun for indices_argentina_v08 to 2024-11-03 00:00:00+00:00, run_after=2024-11-04 00:00:00+00:00
[2024-11-03T00:04:28.470+0000] {processor.py:208} INFO - Processing /opt/airflow/dags/first_dag.py took 0.207 seconds
[2024-11-03T00:04:58.894+0000] {processor.py:186} INFO - Started process (PID=13963) to work on /opt/airflow/dags/first_dag.py
[2024-11-03T00:04:58.895+0000] {processor.py:914} INFO - Processing file /opt/airflow/dags/first_dag.py for tasks to queue
[2024-11-03T00:04:58.897+0000] {logging_mixin.py:190} INFO - [2024-11-03T00:04:58.897+0000] {dagbag.py:588} INFO - Filling up the DagBag from /opt/airflow/dags/first_dag.py
[2024-11-03T00:04:59.011+0000] {processor.py:925} INFO - DAG(s) 'indices_argentina_v08' retrieved from /opt/airflow/dags/first_dag.py
[2024-11-03T00:04:59.037+0000] {logging_mixin.py:190} INFO - [2024-11-03T00:04:59.037+0000] {dag.py:3239} INFO - Sync 1 DAGs
[2024-11-03T00:04:59.069+0000] {logging_mixin.py:190} INFO - [2024-11-03T00:04:59.068+0000] {dag.py:4180} INFO - Setting next_dagrun for indices_argentina_v08 to 2024-11-03 00:00:00+00:00, run_after=2024-11-04 00:00:00+00:00
[2024-11-03T00:04:59.089+0000] {processor.py:208} INFO - Processing /opt/airflow/dags/first_dag.py took 0.202 seconds
[2024-11-03T00:05:29.499+0000] {processor.py:186} INFO - Started process (PID=13989) to work on /opt/airflow/dags/first_dag.py
[2024-11-03T00:05:29.500+0000] {processor.py:914} INFO - Processing file /opt/airflow/dags/first_dag.py for tasks to queue
[2024-11-03T00:05:29.503+0000] {logging_mixin.py:190} INFO - [2024-11-03T00:05:29.503+0000] {dagbag.py:588} INFO - Filling up the DagBag from /opt/airflow/dags/first_dag.py
[2024-11-03T00:05:29.618+0000] {processor.py:925} INFO - DAG(s) 'indices_argentina_v08' retrieved from /opt/airflow/dags/first_dag.py
[2024-11-03T00:05:29.645+0000] {logging_mixin.py:190} INFO - [2024-11-03T00:05:29.644+0000] {dag.py:3239} INFO - Sync 1 DAGs
[2024-11-03T00:05:29.680+0000] {logging_mixin.py:190} INFO - [2024-11-03T00:05:29.680+0000] {dag.py:4180} INFO - Setting next_dagrun for indices_argentina_v08 to 2024-11-03 00:00:00+00:00, run_after=2024-11-04 00:00:00+00:00
[2024-11-03T00:05:29.701+0000] {processor.py:208} INFO - Processing /opt/airflow/dags/first_dag.py took 0.209 seconds
[2024-11-03T00:06:00.151+0000] {processor.py:186} INFO - Started process (PID=14015) to work on /opt/airflow/dags/first_dag.py
[2024-11-03T00:06:00.153+0000] {processor.py:914} INFO - Processing file /opt/airflow/dags/first_dag.py for tasks to queue
[2024-11-03T00:06:00.157+0000] {logging_mixin.py:190} INFO - [2024-11-03T00:06:00.157+0000] {dagbag.py:588} INFO - Filling up the DagBag from /opt/airflow/dags/first_dag.py
[2024-11-03T00:06:00.277+0000] {processor.py:925} INFO - DAG(s) 'indices_argentina_v08' retrieved from /opt/airflow/dags/first_dag.py
[2024-11-03T00:06:00.309+0000] {logging_mixin.py:190} INFO - [2024-11-03T00:06:00.308+0000] {dag.py:3239} INFO - Sync 1 DAGs
[2024-11-03T00:06:00.340+0000] {logging_mixin.py:190} INFO - [2024-11-03T00:06:00.340+0000] {dag.py:4180} INFO - Setting next_dagrun for indices_argentina_v08 to 2024-11-03 00:00:00+00:00, run_after=2024-11-04 00:00:00+00:00
[2024-11-03T00:06:00.360+0000] {processor.py:208} INFO - Processing /opt/airflow/dags/first_dag.py took 0.219 seconds
[2024-11-03T00:06:30.796+0000] {processor.py:186} INFO - Started process (PID=14041) to work on /opt/airflow/dags/first_dag.py
[2024-11-03T00:06:30.797+0000] {processor.py:914} INFO - Processing file /opt/airflow/dags/first_dag.py for tasks to queue
[2024-11-03T00:06:30.803+0000] {logging_mixin.py:190} INFO - [2024-11-03T00:06:30.802+0000] {dagbag.py:588} INFO - Filling up the DagBag from /opt/airflow/dags/first_dag.py
[2024-11-03T00:06:30.989+0000] {processor.py:925} INFO - DAG(s) 'indices_argentina_v08' retrieved from /opt/airflow/dags/first_dag.py
[2024-11-03T00:06:31.028+0000] {logging_mixin.py:190} INFO - [2024-11-03T00:06:31.028+0000] {dag.py:3239} INFO - Sync 1 DAGs
[2024-11-03T00:06:31.065+0000] {logging_mixin.py:190} INFO - [2024-11-03T00:06:31.065+0000] {dag.py:4180} INFO - Setting next_dagrun for indices_argentina_v08 to 2024-11-03 00:00:00+00:00, run_after=2024-11-04 00:00:00+00:00
[2024-11-03T00:06:31.092+0000] {processor.py:208} INFO - Processing /opt/airflow/dags/first_dag.py took 0.306 seconds
[2024-11-03T00:07:01.239+0000] {processor.py:186} INFO - Started process (PID=14067) to work on /opt/airflow/dags/first_dag.py
[2024-11-03T00:07:01.240+0000] {processor.py:914} INFO - Processing file /opt/airflow/dags/first_dag.py for tasks to queue
[2024-11-03T00:07:01.243+0000] {logging_mixin.py:190} INFO - [2024-11-03T00:07:01.243+0000] {dagbag.py:588} INFO - Filling up the DagBag from /opt/airflow/dags/first_dag.py
[2024-11-03T00:07:01.355+0000] {processor.py:925} INFO - DAG(s) 'indices_argentina_v08' retrieved from /opt/airflow/dags/first_dag.py
[2024-11-03T00:07:01.383+0000] {logging_mixin.py:190} INFO - [2024-11-03T00:07:01.383+0000] {dag.py:3239} INFO - Sync 1 DAGs
[2024-11-03T00:07:01.412+0000] {logging_mixin.py:190} INFO - [2024-11-03T00:07:01.412+0000] {dag.py:4180} INFO - Setting next_dagrun for indices_argentina_v08 to 2024-11-03 00:00:00+00:00, run_after=2024-11-04 00:00:00+00:00
[2024-11-03T00:07:01.440+0000] {processor.py:208} INFO - Processing /opt/airflow/dags/first_dag.py took 0.209 seconds
[2024-11-03T00:07:31.906+0000] {processor.py:186} INFO - Started process (PID=14093) to work on /opt/airflow/dags/first_dag.py
[2024-11-03T00:07:31.907+0000] {processor.py:914} INFO - Processing file /opt/airflow/dags/first_dag.py for tasks to queue
[2024-11-03T00:07:31.910+0000] {logging_mixin.py:190} INFO - [2024-11-03T00:07:31.910+0000] {dagbag.py:588} INFO - Filling up the DagBag from /opt/airflow/dags/first_dag.py
[2024-11-03T00:07:32.024+0000] {processor.py:925} INFO - DAG(s) 'indices_argentina_v08' retrieved from /opt/airflow/dags/first_dag.py
[2024-11-03T00:07:32.051+0000] {logging_mixin.py:190} INFO - [2024-11-03T00:07:32.051+0000] {dag.py:3239} INFO - Sync 1 DAGs
[2024-11-03T00:07:32.080+0000] {logging_mixin.py:190} INFO - [2024-11-03T00:07:32.080+0000] {dag.py:4180} INFO - Setting next_dagrun for indices_argentina_v08 to 2024-11-03 00:00:00+00:00, run_after=2024-11-04 00:00:00+00:00
[2024-11-03T00:07:32.105+0000] {processor.py:208} INFO - Processing /opt/airflow/dags/first_dag.py took 0.208 seconds
[2024-11-03T00:08:02.556+0000] {processor.py:186} INFO - Started process (PID=14119) to work on /opt/airflow/dags/first_dag.py
[2024-11-03T00:08:02.557+0000] {processor.py:914} INFO - Processing file /opt/airflow/dags/first_dag.py for tasks to queue
[2024-11-03T00:08:02.559+0000] {logging_mixin.py:190} INFO - [2024-11-03T00:08:02.559+0000] {dagbag.py:588} INFO - Filling up the DagBag from /opt/airflow/dags/first_dag.py
[2024-11-03T00:08:02.674+0000] {processor.py:925} INFO - DAG(s) 'indices_argentina_v08' retrieved from /opt/airflow/dags/first_dag.py
[2024-11-03T00:08:02.703+0000] {logging_mixin.py:190} INFO - [2024-11-03T00:08:02.703+0000] {dag.py:3239} INFO - Sync 1 DAGs
[2024-11-03T00:08:02.736+0000] {logging_mixin.py:190} INFO - [2024-11-03T00:08:02.736+0000] {dag.py:4180} INFO - Setting next_dagrun for indices_argentina_v08 to 2024-11-03 00:00:00+00:00, run_after=2024-11-04 00:00:00+00:00
[2024-11-03T00:08:02.759+0000] {processor.py:208} INFO - Processing /opt/airflow/dags/first_dag.py took 0.212 seconds
[2024-11-03T00:08:33.220+0000] {processor.py:186} INFO - Started process (PID=14145) to work on /opt/airflow/dags/first_dag.py
[2024-11-03T00:08:33.222+0000] {processor.py:914} INFO - Processing file /opt/airflow/dags/first_dag.py for tasks to queue
[2024-11-03T00:08:33.224+0000] {logging_mixin.py:190} INFO - [2024-11-03T00:08:33.224+0000] {dagbag.py:588} INFO - Filling up the DagBag from /opt/airflow/dags/first_dag.py
[2024-11-03T00:08:33.334+0000] {processor.py:925} INFO - DAG(s) 'indices_argentina_v08' retrieved from /opt/airflow/dags/first_dag.py
[2024-11-03T00:08:33.362+0000] {logging_mixin.py:190} INFO - [2024-11-03T00:08:33.362+0000] {dag.py:3239} INFO - Sync 1 DAGs
[2024-11-03T00:08:33.395+0000] {logging_mixin.py:190} INFO - [2024-11-03T00:08:33.395+0000] {dag.py:4180} INFO - Setting next_dagrun for indices_argentina_v08 to 2024-11-03 00:00:00+00:00, run_after=2024-11-04 00:00:00+00:00
[2024-11-03T00:08:33.415+0000] {processor.py:208} INFO - Processing /opt/airflow/dags/first_dag.py took 0.203 seconds
[2024-11-03T00:09:03.885+0000] {processor.py:186} INFO - Started process (PID=14172) to work on /opt/airflow/dags/first_dag.py
[2024-11-03T00:09:03.886+0000] {processor.py:914} INFO - Processing file /opt/airflow/dags/first_dag.py for tasks to queue
[2024-11-03T00:09:03.889+0000] {logging_mixin.py:190} INFO - [2024-11-03T00:09:03.888+0000] {dagbag.py:588} INFO - Filling up the DagBag from /opt/airflow/dags/first_dag.py
[2024-11-03T00:09:03.993+0000] {processor.py:925} INFO - DAG(s) 'indices_argentina_v08' retrieved from /opt/airflow/dags/first_dag.py
[2024-11-03T00:09:04.020+0000] {logging_mixin.py:190} INFO - [2024-11-03T00:09:04.020+0000] {dag.py:3239} INFO - Sync 1 DAGs
[2024-11-03T00:09:04.051+0000] {logging_mixin.py:190} INFO - [2024-11-03T00:09:04.051+0000] {dag.py:4180} INFO - Setting next_dagrun for indices_argentina_v08 to 2024-11-03 00:00:00+00:00, run_after=2024-11-04 00:00:00+00:00
[2024-11-03T00:09:04.073+0000] {processor.py:208} INFO - Processing /opt/airflow/dags/first_dag.py took 0.196 seconds
[2024-11-03T00:09:34.551+0000] {processor.py:186} INFO - Started process (PID=14197) to work on /opt/airflow/dags/first_dag.py
[2024-11-03T00:09:34.552+0000] {processor.py:914} INFO - Processing file /opt/airflow/dags/first_dag.py for tasks to queue
[2024-11-03T00:09:34.556+0000] {logging_mixin.py:190} INFO - [2024-11-03T00:09:34.555+0000] {dagbag.py:588} INFO - Filling up the DagBag from /opt/airflow/dags/first_dag.py
[2024-11-03T00:09:34.667+0000] {processor.py:925} INFO - DAG(s) 'indices_argentina_v08' retrieved from /opt/airflow/dags/first_dag.py
[2024-11-03T00:09:34.691+0000] {logging_mixin.py:190} INFO - [2024-11-03T00:09:34.691+0000] {dag.py:3239} INFO - Sync 1 DAGs
[2024-11-03T00:09:34.719+0000] {logging_mixin.py:190} INFO - [2024-11-03T00:09:34.719+0000] {dag.py:4180} INFO - Setting next_dagrun for indices_argentina_v08 to 2024-11-03 00:00:00+00:00, run_after=2024-11-04 00:00:00+00:00
[2024-11-03T00:09:34.737+0000] {processor.py:208} INFO - Processing /opt/airflow/dags/first_dag.py took 0.197 seconds
[2024-11-03T00:10:05.206+0000] {processor.py:186} INFO - Started process (PID=14223) to work on /opt/airflow/dags/first_dag.py
[2024-11-03T00:10:05.207+0000] {processor.py:914} INFO - Processing file /opt/airflow/dags/first_dag.py for tasks to queue
[2024-11-03T00:10:05.209+0000] {logging_mixin.py:190} INFO - [2024-11-03T00:10:05.209+0000] {dagbag.py:588} INFO - Filling up the DagBag from /opt/airflow/dags/first_dag.py
[2024-11-03T00:10:05.312+0000] {processor.py:925} INFO - DAG(s) 'indices_argentina_v08' retrieved from /opt/airflow/dags/first_dag.py
[2024-11-03T00:10:05.339+0000] {logging_mixin.py:190} INFO - [2024-11-03T00:10:05.338+0000] {dag.py:3239} INFO - Sync 1 DAGs
[2024-11-03T00:10:05.367+0000] {logging_mixin.py:190} INFO - [2024-11-03T00:10:05.367+0000] {dag.py:4180} INFO - Setting next_dagrun for indices_argentina_v08 to 2024-11-03 00:00:00+00:00, run_after=2024-11-04 00:00:00+00:00
[2024-11-03T00:10:05.391+0000] {processor.py:208} INFO - Processing /opt/airflow/dags/first_dag.py took 0.193 seconds
[2024-11-03T00:10:35.874+0000] {processor.py:186} INFO - Started process (PID=14249) to work on /opt/airflow/dags/first_dag.py
[2024-11-03T00:10:35.875+0000] {processor.py:914} INFO - Processing file /opt/airflow/dags/first_dag.py for tasks to queue
[2024-11-03T00:10:35.877+0000] {logging_mixin.py:190} INFO - [2024-11-03T00:10:35.877+0000] {dagbag.py:588} INFO - Filling up the DagBag from /opt/airflow/dags/first_dag.py
[2024-11-03T00:10:35.987+0000] {processor.py:925} INFO - DAG(s) 'indices_argentina_v08' retrieved from /opt/airflow/dags/first_dag.py
[2024-11-03T00:10:36.013+0000] {logging_mixin.py:190} INFO - [2024-11-03T00:10:36.013+0000] {dag.py:3239} INFO - Sync 1 DAGs
[2024-11-03T00:10:36.044+0000] {logging_mixin.py:190} INFO - [2024-11-03T00:10:36.043+0000] {dag.py:4180} INFO - Setting next_dagrun for indices_argentina_v08 to 2024-11-03 00:00:00+00:00, run_after=2024-11-04 00:00:00+00:00
[2024-11-03T00:10:36.066+0000] {processor.py:208} INFO - Processing /opt/airflow/dags/first_dag.py took 0.201 seconds
[2024-11-03T00:11:06.541+0000] {processor.py:186} INFO - Started process (PID=14275) to work on /opt/airflow/dags/first_dag.py
[2024-11-03T00:11:06.542+0000] {processor.py:914} INFO - Processing file /opt/airflow/dags/first_dag.py for tasks to queue
[2024-11-03T00:11:06.544+0000] {logging_mixin.py:190} INFO - [2024-11-03T00:11:06.543+0000] {dagbag.py:588} INFO - Filling up the DagBag from /opt/airflow/dags/first_dag.py
[2024-11-03T00:11:06.647+0000] {processor.py:925} INFO - DAG(s) 'indices_argentina_v08' retrieved from /opt/airflow/dags/first_dag.py
[2024-11-03T00:11:06.673+0000] {logging_mixin.py:190} INFO - [2024-11-03T00:11:06.673+0000] {dag.py:3239} INFO - Sync 1 DAGs
[2024-11-03T00:11:06.705+0000] {logging_mixin.py:190} INFO - [2024-11-03T00:11:06.704+0000] {dag.py:4180} INFO - Setting next_dagrun for indices_argentina_v08 to 2024-11-03 00:00:00+00:00, run_after=2024-11-04 00:00:00+00:00
[2024-11-03T00:11:06.726+0000] {processor.py:208} INFO - Processing /opt/airflow/dags/first_dag.py took 0.192 seconds
[2024-11-03T00:11:37.024+0000] {processor.py:186} INFO - Started process (PID=14301) to work on /opt/airflow/dags/first_dag.py
[2024-11-03T00:11:37.025+0000] {processor.py:914} INFO - Processing file /opt/airflow/dags/first_dag.py for tasks to queue
[2024-11-03T00:11:37.027+0000] {logging_mixin.py:190} INFO - [2024-11-03T00:11:37.027+0000] {dagbag.py:588} INFO - Filling up the DagBag from /opt/airflow/dags/first_dag.py
[2024-11-03T00:11:37.136+0000] {processor.py:925} INFO - DAG(s) 'indices_argentina_v08' retrieved from /opt/airflow/dags/first_dag.py
[2024-11-03T00:11:37.165+0000] {logging_mixin.py:190} INFO - [2024-11-03T00:11:37.165+0000] {dag.py:3239} INFO - Sync 1 DAGs
[2024-11-03T00:11:37.195+0000] {logging_mixin.py:190} INFO - [2024-11-03T00:11:37.195+0000] {dag.py:4180} INFO - Setting next_dagrun for indices_argentina_v08 to 2024-11-03 00:00:00+00:00, run_after=2024-11-04 00:00:00+00:00
[2024-11-03T00:11:37.218+0000] {processor.py:208} INFO - Processing /opt/airflow/dags/first_dag.py took 0.204 seconds
[2024-11-03T00:12:07.684+0000] {processor.py:186} INFO - Started process (PID=14327) to work on /opt/airflow/dags/first_dag.py
[2024-11-03T00:12:07.685+0000] {processor.py:914} INFO - Processing file /opt/airflow/dags/first_dag.py for tasks to queue
[2024-11-03T00:12:07.687+0000] {logging_mixin.py:190} INFO - [2024-11-03T00:12:07.687+0000] {dagbag.py:588} INFO - Filling up the DagBag from /opt/airflow/dags/first_dag.py
[2024-11-03T00:12:07.796+0000] {processor.py:925} INFO - DAG(s) 'indices_argentina_v08' retrieved from /opt/airflow/dags/first_dag.py
[2024-11-03T00:12:07.823+0000] {logging_mixin.py:190} INFO - [2024-11-03T00:12:07.823+0000] {dag.py:3239} INFO - Sync 1 DAGs
[2024-11-03T00:12:07.853+0000] {logging_mixin.py:190} INFO - [2024-11-03T00:12:07.853+0000] {dag.py:4180} INFO - Setting next_dagrun for indices_argentina_v08 to 2024-11-03 00:00:00+00:00, run_after=2024-11-04 00:00:00+00:00
[2024-11-03T00:12:07.874+0000] {processor.py:208} INFO - Processing /opt/airflow/dags/first_dag.py took 0.197 seconds
[2024-11-03T00:12:38.339+0000] {processor.py:186} INFO - Started process (PID=14353) to work on /opt/airflow/dags/first_dag.py
[2024-11-03T00:12:38.340+0000] {processor.py:914} INFO - Processing file /opt/airflow/dags/first_dag.py for tasks to queue
[2024-11-03T00:12:38.344+0000] {logging_mixin.py:190} INFO - [2024-11-03T00:12:38.343+0000] {dagbag.py:588} INFO - Filling up the DagBag from /opt/airflow/dags/first_dag.py
[2024-11-03T00:12:38.465+0000] {processor.py:925} INFO - DAG(s) 'indices_argentina_v08' retrieved from /opt/airflow/dags/first_dag.py
[2024-11-03T00:12:38.490+0000] {logging_mixin.py:190} INFO - [2024-11-03T00:12:38.490+0000] {dag.py:3239} INFO - Sync 1 DAGs
[2024-11-03T00:12:38.521+0000] {logging_mixin.py:190} INFO - [2024-11-03T00:12:38.521+0000] {dag.py:4180} INFO - Setting next_dagrun for indices_argentina_v08 to 2024-11-03 00:00:00+00:00, run_after=2024-11-04 00:00:00+00:00
[2024-11-03T00:12:38.542+0000] {processor.py:208} INFO - Processing /opt/airflow/dags/first_dag.py took 0.212 seconds
[2024-11-03T00:13:08.991+0000] {processor.py:186} INFO - Started process (PID=14379) to work on /opt/airflow/dags/first_dag.py
[2024-11-03T00:13:08.992+0000] {processor.py:914} INFO - Processing file /opt/airflow/dags/first_dag.py for tasks to queue
[2024-11-03T00:13:08.995+0000] {logging_mixin.py:190} INFO - [2024-11-03T00:13:08.995+0000] {dagbag.py:588} INFO - Filling up the DagBag from /opt/airflow/dags/first_dag.py
[2024-11-03T00:13:09.103+0000] {processor.py:925} INFO - DAG(s) 'indices_argentina_v08' retrieved from /opt/airflow/dags/first_dag.py
[2024-11-03T00:13:09.130+0000] {logging_mixin.py:190} INFO - [2024-11-03T00:13:09.130+0000] {dag.py:3239} INFO - Sync 1 DAGs
[2024-11-03T00:13:09.162+0000] {logging_mixin.py:190} INFO - [2024-11-03T00:13:09.162+0000] {dag.py:4180} INFO - Setting next_dagrun for indices_argentina_v08 to 2024-11-03 00:00:00+00:00, run_after=2024-11-04 00:00:00+00:00
[2024-11-03T00:13:09.184+0000] {processor.py:208} INFO - Processing /opt/airflow/dags/first_dag.py took 0.203 seconds
[2024-11-03T00:13:39.667+0000] {processor.py:186} INFO - Started process (PID=14405) to work on /opt/airflow/dags/first_dag.py
[2024-11-03T00:13:39.667+0000] {processor.py:914} INFO - Processing file /opt/airflow/dags/first_dag.py for tasks to queue
[2024-11-03T00:13:39.670+0000] {logging_mixin.py:190} INFO - [2024-11-03T00:13:39.670+0000] {dagbag.py:588} INFO - Filling up the DagBag from /opt/airflow/dags/first_dag.py
[2024-11-03T00:13:39.783+0000] {processor.py:925} INFO - DAG(s) 'indices_argentina_v08' retrieved from /opt/airflow/dags/first_dag.py
[2024-11-03T00:13:39.810+0000] {logging_mixin.py:190} INFO - [2024-11-03T00:13:39.810+0000] {dag.py:3239} INFO - Sync 1 DAGs
[2024-11-03T00:13:39.842+0000] {logging_mixin.py:190} INFO - [2024-11-03T00:13:39.842+0000] {dag.py:4180} INFO - Setting next_dagrun for indices_argentina_v08 to 2024-11-03 00:00:00+00:00, run_after=2024-11-04 00:00:00+00:00
[2024-11-03T00:13:39.863+0000] {processor.py:208} INFO - Processing /opt/airflow/dags/first_dag.py took 0.203 seconds
[2024-11-03T00:14:10.325+0000] {processor.py:186} INFO - Started process (PID=14431) to work on /opt/airflow/dags/first_dag.py
[2024-11-03T00:14:10.326+0000] {processor.py:914} INFO - Processing file /opt/airflow/dags/first_dag.py for tasks to queue
[2024-11-03T00:14:10.329+0000] {logging_mixin.py:190} INFO - [2024-11-03T00:14:10.329+0000] {dagbag.py:588} INFO - Filling up the DagBag from /opt/airflow/dags/first_dag.py
[2024-11-03T00:14:10.438+0000] {processor.py:925} INFO - DAG(s) 'indices_argentina_v08' retrieved from /opt/airflow/dags/first_dag.py
[2024-11-03T00:14:10.466+0000] {logging_mixin.py:190} INFO - [2024-11-03T00:14:10.466+0000] {dag.py:3239} INFO - Sync 1 DAGs
[2024-11-03T00:14:10.495+0000] {logging_mixin.py:190} INFO - [2024-11-03T00:14:10.495+0000] {dag.py:4180} INFO - Setting next_dagrun for indices_argentina_v08 to 2024-11-03 00:00:00+00:00, run_after=2024-11-04 00:00:00+00:00
[2024-11-03T00:14:10.519+0000] {processor.py:208} INFO - Processing /opt/airflow/dags/first_dag.py took 0.203 seconds
[2024-11-03T00:14:40.978+0000] {processor.py:186} INFO - Started process (PID=14457) to work on /opt/airflow/dags/first_dag.py
[2024-11-03T00:14:40.978+0000] {processor.py:914} INFO - Processing file /opt/airflow/dags/first_dag.py for tasks to queue
[2024-11-03T00:14:40.980+0000] {logging_mixin.py:190} INFO - [2024-11-03T00:14:40.980+0000] {dagbag.py:588} INFO - Filling up the DagBag from /opt/airflow/dags/first_dag.py
[2024-11-03T00:14:41.089+0000] {processor.py:925} INFO - DAG(s) 'indices_argentina_v08' retrieved from /opt/airflow/dags/first_dag.py
[2024-11-03T00:14:41.117+0000] {logging_mixin.py:190} INFO - [2024-11-03T00:14:41.117+0000] {dag.py:3239} INFO - Sync 1 DAGs
[2024-11-03T00:14:41.146+0000] {logging_mixin.py:190} INFO - [2024-11-03T00:14:41.146+0000] {dag.py:4180} INFO - Setting next_dagrun for indices_argentina_v08 to 2024-11-03 00:00:00+00:00, run_after=2024-11-04 00:00:00+00:00
[2024-11-03T00:14:41.169+0000] {processor.py:208} INFO - Processing /opt/airflow/dags/first_dag.py took 0.198 seconds
[2024-11-03T00:15:11.662+0000] {processor.py:186} INFO - Started process (PID=14483) to work on /opt/airflow/dags/first_dag.py
[2024-11-03T00:15:11.664+0000] {processor.py:914} INFO - Processing file /opt/airflow/dags/first_dag.py for tasks to queue
[2024-11-03T00:15:11.667+0000] {logging_mixin.py:190} INFO - [2024-11-03T00:15:11.666+0000] {dagbag.py:588} INFO - Filling up the DagBag from /opt/airflow/dags/first_dag.py
[2024-11-03T00:15:11.802+0000] {processor.py:925} INFO - DAG(s) 'indices_argentina_v08' retrieved from /opt/airflow/dags/first_dag.py
[2024-11-03T00:15:11.831+0000] {logging_mixin.py:190} INFO - [2024-11-03T00:15:11.831+0000] {dag.py:3239} INFO - Sync 1 DAGs
[2024-11-03T00:15:11.866+0000] {logging_mixin.py:190} INFO - [2024-11-03T00:15:11.866+0000] {dag.py:4180} INFO - Setting next_dagrun for indices_argentina_v08 to 2024-11-03 00:00:00+00:00, run_after=2024-11-04 00:00:00+00:00
[2024-11-03T00:15:11.889+0000] {processor.py:208} INFO - Processing /opt/airflow/dags/first_dag.py took 0.239 seconds
[2024-11-03T00:15:42.250+0000] {processor.py:186} INFO - Started process (PID=14509) to work on /opt/airflow/dags/first_dag.py
[2024-11-03T00:15:42.251+0000] {processor.py:914} INFO - Processing file /opt/airflow/dags/first_dag.py for tasks to queue
[2024-11-03T00:15:42.254+0000] {logging_mixin.py:190} INFO - [2024-11-03T00:15:42.254+0000] {dagbag.py:588} INFO - Filling up the DagBag from /opt/airflow/dags/first_dag.py
[2024-11-03T00:15:42.377+0000] {processor.py:925} INFO - DAG(s) 'indices_argentina_v08' retrieved from /opt/airflow/dags/first_dag.py
[2024-11-03T00:15:42.407+0000] {logging_mixin.py:190} INFO - [2024-11-03T00:15:42.407+0000] {dag.py:3239} INFO - Sync 1 DAGs
[2024-11-03T00:15:42.438+0000] {logging_mixin.py:190} INFO - [2024-11-03T00:15:42.438+0000] {dag.py:4180} INFO - Setting next_dagrun for indices_argentina_v08 to 2024-11-03 00:00:00+00:00, run_after=2024-11-04 00:00:00+00:00
[2024-11-03T00:15:42.461+0000] {processor.py:208} INFO - Processing /opt/airflow/dags/first_dag.py took 0.220 seconds
[2024-11-03T00:16:12.937+0000] {processor.py:186} INFO - Started process (PID=14535) to work on /opt/airflow/dags/first_dag.py
[2024-11-03T00:16:12.939+0000] {processor.py:914} INFO - Processing file /opt/airflow/dags/first_dag.py for tasks to queue
[2024-11-03T00:16:12.941+0000] {logging_mixin.py:190} INFO - [2024-11-03T00:16:12.941+0000] {dagbag.py:588} INFO - Filling up the DagBag from /opt/airflow/dags/first_dag.py
[2024-11-03T00:16:13.078+0000] {processor.py:925} INFO - DAG(s) 'indices_argentina_v08' retrieved from /opt/airflow/dags/first_dag.py
[2024-11-03T00:16:13.113+0000] {logging_mixin.py:190} INFO - [2024-11-03T00:16:13.112+0000] {dag.py:3239} INFO - Sync 1 DAGs
[2024-11-03T00:16:13.151+0000] {logging_mixin.py:190} INFO - [2024-11-03T00:16:13.151+0000] {dag.py:4180} INFO - Setting next_dagrun for indices_argentina_v08 to 2024-11-03 00:00:00+00:00, run_after=2024-11-04 00:00:00+00:00
[2024-11-03T00:16:13.175+0000] {processor.py:208} INFO - Processing /opt/airflow/dags/first_dag.py took 0.247 seconds
[2024-11-03T00:16:43.636+0000] {processor.py:186} INFO - Started process (PID=14561) to work on /opt/airflow/dags/first_dag.py
[2024-11-03T00:16:43.637+0000] {processor.py:914} INFO - Processing file /opt/airflow/dags/first_dag.py for tasks to queue
[2024-11-03T00:16:43.640+0000] {logging_mixin.py:190} INFO - [2024-11-03T00:16:43.639+0000] {dagbag.py:588} INFO - Filling up the DagBag from /opt/airflow/dags/first_dag.py
[2024-11-03T00:16:43.773+0000] {processor.py:925} INFO - DAG(s) 'indices_argentina_v08' retrieved from /opt/airflow/dags/first_dag.py
[2024-11-03T00:16:43.804+0000] {logging_mixin.py:190} INFO - [2024-11-03T00:16:43.804+0000] {dag.py:3239} INFO - Sync 1 DAGs
[2024-11-03T00:16:43.838+0000] {logging_mixin.py:190} INFO - [2024-11-03T00:16:43.838+0000] {dag.py:4180} INFO - Setting next_dagrun for indices_argentina_v08 to 2024-11-03 00:00:00+00:00, run_after=2024-11-04 00:00:00+00:00
[2024-11-03T00:16:43.860+0000] {processor.py:208} INFO - Processing /opt/airflow/dags/first_dag.py took 0.232 seconds
[2024-11-03T00:17:14.435+0000] {processor.py:186} INFO - Started process (PID=14587) to work on /opt/airflow/dags/first_dag.py
[2024-11-03T00:17:14.436+0000] {processor.py:914} INFO - Processing file /opt/airflow/dags/first_dag.py for tasks to queue
[2024-11-03T00:17:14.441+0000] {logging_mixin.py:190} INFO - [2024-11-03T00:17:14.440+0000] {dagbag.py:588} INFO - Filling up the DagBag from /opt/airflow/dags/first_dag.py
[2024-11-03T00:17:14.584+0000] {processor.py:925} INFO - DAG(s) 'indices_argentina_v08' retrieved from /opt/airflow/dags/first_dag.py
[2024-11-03T00:17:14.618+0000] {logging_mixin.py:190} INFO - [2024-11-03T00:17:14.618+0000] {dag.py:3239} INFO - Sync 1 DAGs
[2024-11-03T00:17:14.674+0000] {logging_mixin.py:190} INFO - [2024-11-03T00:17:14.674+0000] {dag.py:4180} INFO - Setting next_dagrun for indices_argentina_v08 to 2024-11-03 00:00:00+00:00, run_after=2024-11-04 00:00:00+00:00
[2024-11-03T00:17:14.697+0000] {processor.py:208} INFO - Processing /opt/airflow/dags/first_dag.py took 0.272 seconds
[2024-11-03T00:17:44.886+0000] {processor.py:186} INFO - Started process (PID=14613) to work on /opt/airflow/dags/first_dag.py
[2024-11-03T00:17:44.887+0000] {processor.py:914} INFO - Processing file /opt/airflow/dags/first_dag.py for tasks to queue
[2024-11-03T00:17:44.889+0000] {logging_mixin.py:190} INFO - [2024-11-03T00:17:44.889+0000] {dagbag.py:588} INFO - Filling up the DagBag from /opt/airflow/dags/first_dag.py
[2024-11-03T00:17:45.019+0000] {processor.py:925} INFO - DAG(s) 'indices_argentina_v08' retrieved from /opt/airflow/dags/first_dag.py
[2024-11-03T00:17:45.054+0000] {logging_mixin.py:190} INFO - [2024-11-03T00:17:45.054+0000] {dag.py:3239} INFO - Sync 1 DAGs
[2024-11-03T00:17:45.089+0000] {logging_mixin.py:190} INFO - [2024-11-03T00:17:45.089+0000] {dag.py:4180} INFO - Setting next_dagrun for indices_argentina_v08 to 2024-11-03 00:00:00+00:00, run_after=2024-11-04 00:00:00+00:00
[2024-11-03T00:17:45.112+0000] {processor.py:208} INFO - Processing /opt/airflow/dags/first_dag.py took 0.234 seconds
[2024-11-03T00:18:15.609+0000] {processor.py:186} INFO - Started process (PID=14639) to work on /opt/airflow/dags/first_dag.py
[2024-11-03T00:18:15.610+0000] {processor.py:914} INFO - Processing file /opt/airflow/dags/first_dag.py for tasks to queue
[2024-11-03T00:18:15.612+0000] {logging_mixin.py:190} INFO - [2024-11-03T00:18:15.612+0000] {dagbag.py:588} INFO - Filling up the DagBag from /opt/airflow/dags/first_dag.py
[2024-11-03T00:18:15.728+0000] {processor.py:925} INFO - DAG(s) 'indices_argentina_v08' retrieved from /opt/airflow/dags/first_dag.py
[2024-11-03T00:18:15.756+0000] {logging_mixin.py:190} INFO - [2024-11-03T00:18:15.756+0000] {dag.py:3239} INFO - Sync 1 DAGs
[2024-11-03T00:18:15.791+0000] {logging_mixin.py:190} INFO - [2024-11-03T00:18:15.791+0000] {dag.py:4180} INFO - Setting next_dagrun for indices_argentina_v08 to 2024-11-03 00:00:00+00:00, run_after=2024-11-04 00:00:00+00:00
[2024-11-03T00:18:15.817+0000] {processor.py:208} INFO - Processing /opt/airflow/dags/first_dag.py took 0.215 seconds
[2024-11-03T00:18:46.276+0000] {processor.py:186} INFO - Started process (PID=14665) to work on /opt/airflow/dags/first_dag.py
[2024-11-03T00:18:46.277+0000] {processor.py:914} INFO - Processing file /opt/airflow/dags/first_dag.py for tasks to queue
[2024-11-03T00:18:46.280+0000] {logging_mixin.py:190} INFO - [2024-11-03T00:18:46.279+0000] {dagbag.py:588} INFO - Filling up the DagBag from /opt/airflow/dags/first_dag.py
[2024-11-03T00:18:46.445+0000] {processor.py:925} INFO - DAG(s) 'indices_argentina_v08' retrieved from /opt/airflow/dags/first_dag.py
[2024-11-03T00:18:46.479+0000] {logging_mixin.py:190} INFO - [2024-11-03T00:18:46.478+0000] {dag.py:3239} INFO - Sync 1 DAGs
[2024-11-03T00:18:46.516+0000] {logging_mixin.py:190} INFO - [2024-11-03T00:18:46.516+0000] {dag.py:4180} INFO - Setting next_dagrun for indices_argentina_v08 to 2024-11-03 00:00:00+00:00, run_after=2024-11-04 00:00:00+00:00
[2024-11-03T00:18:46.536+0000] {processor.py:208} INFO - Processing /opt/airflow/dags/first_dag.py took 0.267 seconds
[2024-11-03T00:19:17.010+0000] {processor.py:186} INFO - Started process (PID=14691) to work on /opt/airflow/dags/first_dag.py
[2024-11-03T00:19:17.012+0000] {processor.py:914} INFO - Processing file /opt/airflow/dags/first_dag.py for tasks to queue
[2024-11-03T00:19:17.015+0000] {logging_mixin.py:190} INFO - [2024-11-03T00:19:17.015+0000] {dagbag.py:588} INFO - Filling up the DagBag from /opt/airflow/dags/first_dag.py
[2024-11-03T00:19:17.159+0000] {processor.py:925} INFO - DAG(s) 'indices_argentina_v08' retrieved from /opt/airflow/dags/first_dag.py
[2024-11-03T00:19:17.187+0000] {logging_mixin.py:190} INFO - [2024-11-03T00:19:17.186+0000] {dag.py:3239} INFO - Sync 1 DAGs
[2024-11-03T00:19:17.222+0000] {logging_mixin.py:190} INFO - [2024-11-03T00:19:17.221+0000] {dag.py:4180} INFO - Setting next_dagrun for indices_argentina_v08 to 2024-11-03 00:00:00+00:00, run_after=2024-11-04 00:00:00+00:00
[2024-11-03T00:19:17.246+0000] {processor.py:208} INFO - Processing /opt/airflow/dags/first_dag.py took 0.248 seconds
[2024-11-03T00:19:47.714+0000] {processor.py:186} INFO - Started process (PID=14717) to work on /opt/airflow/dags/first_dag.py
[2024-11-03T00:19:47.715+0000] {processor.py:914} INFO - Processing file /opt/airflow/dags/first_dag.py for tasks to queue
[2024-11-03T00:19:47.719+0000] {logging_mixin.py:190} INFO - [2024-11-03T00:19:47.718+0000] {dagbag.py:588} INFO - Filling up the DagBag from /opt/airflow/dags/first_dag.py
[2024-11-03T00:19:47.844+0000] {processor.py:925} INFO - DAG(s) 'indices_argentina_v08' retrieved from /opt/airflow/dags/first_dag.py
[2024-11-03T00:19:47.877+0000] {logging_mixin.py:190} INFO - [2024-11-03T00:19:47.877+0000] {dag.py:3239} INFO - Sync 1 DAGs
[2024-11-03T00:19:47.910+0000] {logging_mixin.py:190} INFO - [2024-11-03T00:19:47.910+0000] {dag.py:4180} INFO - Setting next_dagrun for indices_argentina_v08 to 2024-11-03 00:00:00+00:00, run_after=2024-11-04 00:00:00+00:00
[2024-11-03T00:19:47.935+0000] {processor.py:208} INFO - Processing /opt/airflow/dags/first_dag.py took 0.230 seconds
[2024-11-03T00:20:18.404+0000] {processor.py:186} INFO - Started process (PID=14743) to work on /opt/airflow/dags/first_dag.py
[2024-11-03T00:20:18.406+0000] {processor.py:914} INFO - Processing file /opt/airflow/dags/first_dag.py for tasks to queue
[2024-11-03T00:20:18.408+0000] {logging_mixin.py:190} INFO - [2024-11-03T00:20:18.408+0000] {dagbag.py:588} INFO - Filling up the DagBag from /opt/airflow/dags/first_dag.py
[2024-11-03T00:20:18.522+0000] {processor.py:925} INFO - DAG(s) 'indices_argentina_v08' retrieved from /opt/airflow/dags/first_dag.py
[2024-11-03T00:20:18.549+0000] {logging_mixin.py:190} INFO - [2024-11-03T00:20:18.549+0000] {dag.py:3239} INFO - Sync 1 DAGs
[2024-11-03T00:20:18.578+0000] {logging_mixin.py:190} INFO - [2024-11-03T00:20:18.578+0000] {dag.py:4180} INFO - Setting next_dagrun for indices_argentina_v08 to 2024-11-03 00:00:00+00:00, run_after=2024-11-04 00:00:00+00:00
[2024-11-03T00:20:18.597+0000] {processor.py:208} INFO - Processing /opt/airflow/dags/first_dag.py took 0.203 seconds
[2024-11-03T00:20:49.057+0000] {processor.py:186} INFO - Started process (PID=14769) to work on /opt/airflow/dags/first_dag.py
[2024-11-03T00:20:49.058+0000] {processor.py:914} INFO - Processing file /opt/airflow/dags/first_dag.py for tasks to queue
[2024-11-03T00:20:49.061+0000] {logging_mixin.py:190} INFO - [2024-11-03T00:20:49.060+0000] {dagbag.py:588} INFO - Filling up the DagBag from /opt/airflow/dags/first_dag.py
[2024-11-03T00:20:49.168+0000] {processor.py:925} INFO - DAG(s) 'indices_argentina_v08' retrieved from /opt/airflow/dags/first_dag.py
[2024-11-03T00:20:49.193+0000] {logging_mixin.py:190} INFO - [2024-11-03T00:20:49.193+0000] {dag.py:3239} INFO - Sync 1 DAGs
[2024-11-03T00:20:49.221+0000] {logging_mixin.py:190} INFO - [2024-11-03T00:20:49.221+0000] {dag.py:4180} INFO - Setting next_dagrun for indices_argentina_v08 to 2024-11-03 00:00:00+00:00, run_after=2024-11-04 00:00:00+00:00
[2024-11-03T00:20:49.243+0000] {processor.py:208} INFO - Processing /opt/airflow/dags/first_dag.py took 0.196 seconds
[2024-11-03T00:21:19.737+0000] {processor.py:186} INFO - Started process (PID=14795) to work on /opt/airflow/dags/first_dag.py
[2024-11-03T00:21:19.738+0000] {processor.py:914} INFO - Processing file /opt/airflow/dags/first_dag.py for tasks to queue
[2024-11-03T00:21:19.741+0000] {logging_mixin.py:190} INFO - [2024-11-03T00:21:19.741+0000] {dagbag.py:588} INFO - Filling up the DagBag from /opt/airflow/dags/first_dag.py
[2024-11-03T00:21:19.847+0000] {processor.py:925} INFO - DAG(s) 'indices_argentina_v08' retrieved from /opt/airflow/dags/first_dag.py
[2024-11-03T00:21:19.872+0000] {logging_mixin.py:190} INFO - [2024-11-03T00:21:19.871+0000] {dag.py:3239} INFO - Sync 1 DAGs
[2024-11-03T00:21:19.902+0000] {logging_mixin.py:190} INFO - [2024-11-03T00:21:19.902+0000] {dag.py:4180} INFO - Setting next_dagrun for indices_argentina_v08 to 2024-11-03 00:00:00+00:00, run_after=2024-11-04 00:00:00+00:00
[2024-11-03T00:21:19.923+0000] {processor.py:208} INFO - Processing /opt/airflow/dags/first_dag.py took 0.196 seconds
[2024-11-03T00:21:50.186+0000] {processor.py:186} INFO - Started process (PID=14821) to work on /opt/airflow/dags/first_dag.py
[2024-11-03T00:21:50.186+0000] {processor.py:914} INFO - Processing file /opt/airflow/dags/first_dag.py for tasks to queue
[2024-11-03T00:21:50.189+0000] {logging_mixin.py:190} INFO - [2024-11-03T00:21:50.188+0000] {dagbag.py:588} INFO - Filling up the DagBag from /opt/airflow/dags/first_dag.py
[2024-11-03T00:21:50.300+0000] {processor.py:925} INFO - DAG(s) 'indices_argentina_v08' retrieved from /opt/airflow/dags/first_dag.py
[2024-11-03T00:21:50.328+0000] {logging_mixin.py:190} INFO - [2024-11-03T00:21:50.327+0000] {dag.py:3239} INFO - Sync 1 DAGs
[2024-11-03T00:21:50.360+0000] {logging_mixin.py:190} INFO - [2024-11-03T00:21:50.359+0000] {dag.py:4180} INFO - Setting next_dagrun for indices_argentina_v08 to 2024-11-03 00:00:00+00:00, run_after=2024-11-04 00:00:00+00:00
[2024-11-03T00:21:50.380+0000] {processor.py:208} INFO - Processing /opt/airflow/dags/first_dag.py took 0.203 seconds
[2024-11-03T00:22:20.858+0000] {processor.py:186} INFO - Started process (PID=14847) to work on /opt/airflow/dags/first_dag.py
[2024-11-03T00:22:20.860+0000] {processor.py:914} INFO - Processing file /opt/airflow/dags/first_dag.py for tasks to queue
[2024-11-03T00:22:20.862+0000] {logging_mixin.py:190} INFO - [2024-11-03T00:22:20.862+0000] {dagbag.py:588} INFO - Filling up the DagBag from /opt/airflow/dags/first_dag.py
[2024-11-03T00:22:20.964+0000] {processor.py:925} INFO - DAG(s) 'indices_argentina_v08' retrieved from /opt/airflow/dags/first_dag.py
[2024-11-03T00:22:20.995+0000] {logging_mixin.py:190} INFO - [2024-11-03T00:22:20.995+0000] {dag.py:3239} INFO - Sync 1 DAGs
[2024-11-03T00:22:21.027+0000] {logging_mixin.py:190} INFO - [2024-11-03T00:22:21.027+0000] {dag.py:4180} INFO - Setting next_dagrun for indices_argentina_v08 to 2024-11-03 00:00:00+00:00, run_after=2024-11-04 00:00:00+00:00
[2024-11-03T00:22:21.049+0000] {processor.py:208} INFO - Processing /opt/airflow/dags/first_dag.py took 0.199 seconds
[2024-11-03T00:22:51.553+0000] {processor.py:186} INFO - Started process (PID=14873) to work on /opt/airflow/dags/first_dag.py
[2024-11-03T00:22:51.554+0000] {processor.py:914} INFO - Processing file /opt/airflow/dags/first_dag.py for tasks to queue
[2024-11-03T00:22:51.557+0000] {logging_mixin.py:190} INFO - [2024-11-03T00:22:51.556+0000] {dagbag.py:588} INFO - Filling up the DagBag from /opt/airflow/dags/first_dag.py
[2024-11-03T00:22:51.709+0000] {processor.py:925} INFO - DAG(s) 'indices_argentina_v08' retrieved from /opt/airflow/dags/first_dag.py
[2024-11-03T00:22:51.744+0000] {logging_mixin.py:190} INFO - [2024-11-03T00:22:51.744+0000] {dag.py:3239} INFO - Sync 1 DAGs
[2024-11-03T00:22:51.787+0000] {logging_mixin.py:190} INFO - [2024-11-03T00:22:51.787+0000] {dag.py:4180} INFO - Setting next_dagrun for indices_argentina_v08 to 2024-11-03 00:00:00+00:00, run_after=2024-11-04 00:00:00+00:00
[2024-11-03T00:22:51.812+0000] {processor.py:208} INFO - Processing /opt/airflow/dags/first_dag.py took 0.279 seconds
[2024-11-03T00:23:22.299+0000] {processor.py:186} INFO - Started process (PID=14899) to work on /opt/airflow/dags/first_dag.py
[2024-11-03T00:23:22.301+0000] {processor.py:914} INFO - Processing file /opt/airflow/dags/first_dag.py for tasks to queue
[2024-11-03T00:23:22.304+0000] {logging_mixin.py:190} INFO - [2024-11-03T00:23:22.303+0000] {dagbag.py:588} INFO - Filling up the DagBag from /opt/airflow/dags/first_dag.py
[2024-11-03T00:23:22.418+0000] {processor.py:925} INFO - DAG(s) 'indices_argentina_v08' retrieved from /opt/airflow/dags/first_dag.py
[2024-11-03T00:23:22.445+0000] {logging_mixin.py:190} INFO - [2024-11-03T00:23:22.445+0000] {dag.py:3239} INFO - Sync 1 DAGs
[2024-11-03T00:23:22.474+0000] {logging_mixin.py:190} INFO - [2024-11-03T00:23:22.474+0000] {dag.py:4180} INFO - Setting next_dagrun for indices_argentina_v08 to 2024-11-03 00:00:00+00:00, run_after=2024-11-04 00:00:00+00:00
[2024-11-03T00:23:22.495+0000] {processor.py:208} INFO - Processing /opt/airflow/dags/first_dag.py took 0.205 seconds
[2024-11-03T00:23:52.968+0000] {processor.py:186} INFO - Started process (PID=14925) to work on /opt/airflow/dags/first_dag.py
[2024-11-03T00:23:52.969+0000] {processor.py:914} INFO - Processing file /opt/airflow/dags/first_dag.py for tasks to queue
[2024-11-03T00:23:52.974+0000] {logging_mixin.py:190} INFO - [2024-11-03T00:23:52.973+0000] {dagbag.py:588} INFO - Filling up the DagBag from /opt/airflow/dags/first_dag.py
[2024-11-03T00:23:53.126+0000] {processor.py:925} INFO - DAG(s) 'indices_argentina_v08' retrieved from /opt/airflow/dags/first_dag.py
[2024-11-03T00:23:53.152+0000] {logging_mixin.py:190} INFO - [2024-11-03T00:23:53.151+0000] {dag.py:3239} INFO - Sync 1 DAGs
[2024-11-03T00:23:53.179+0000] {logging_mixin.py:190} INFO - [2024-11-03T00:23:53.179+0000] {dag.py:4180} INFO - Setting next_dagrun for indices_argentina_v08 to 2024-11-03 00:00:00+00:00, run_after=2024-11-04 00:00:00+00:00
[2024-11-03T00:23:53.200+0000] {processor.py:208} INFO - Processing /opt/airflow/dags/first_dag.py took 0.243 seconds
[2024-11-03T00:24:23.450+0000] {processor.py:186} INFO - Started process (PID=14951) to work on /opt/airflow/dags/first_dag.py
[2024-11-03T00:24:23.452+0000] {processor.py:914} INFO - Processing file /opt/airflow/dags/first_dag.py for tasks to queue
[2024-11-03T00:24:23.454+0000] {logging_mixin.py:190} INFO - [2024-11-03T00:24:23.454+0000] {dagbag.py:588} INFO - Filling up the DagBag from /opt/airflow/dags/first_dag.py
[2024-11-03T00:24:23.562+0000] {processor.py:925} INFO - DAG(s) 'indices_argentina_v08' retrieved from /opt/airflow/dags/first_dag.py
[2024-11-03T00:24:23.588+0000] {logging_mixin.py:190} INFO - [2024-11-03T00:24:23.587+0000] {dag.py:3239} INFO - Sync 1 DAGs
[2024-11-03T00:24:23.617+0000] {logging_mixin.py:190} INFO - [2024-11-03T00:24:23.617+0000] {dag.py:4180} INFO - Setting next_dagrun for indices_argentina_v08 to 2024-11-03 00:00:00+00:00, run_after=2024-11-04 00:00:00+00:00
[2024-11-03T00:24:23.639+0000] {processor.py:208} INFO - Processing /opt/airflow/dags/first_dag.py took 0.198 seconds
[2024-11-03T00:24:54.088+0000] {processor.py:186} INFO - Started process (PID=14977) to work on /opt/airflow/dags/first_dag.py
[2024-11-03T00:24:54.089+0000] {processor.py:914} INFO - Processing file /opt/airflow/dags/first_dag.py for tasks to queue
[2024-11-03T00:24:54.091+0000] {logging_mixin.py:190} INFO - [2024-11-03T00:24:54.091+0000] {dagbag.py:588} INFO - Filling up the DagBag from /opt/airflow/dags/first_dag.py
[2024-11-03T00:24:54.193+0000] {processor.py:925} INFO - DAG(s) 'indices_argentina_v08' retrieved from /opt/airflow/dags/first_dag.py
[2024-11-03T00:24:54.223+0000] {logging_mixin.py:190} INFO - [2024-11-03T00:24:54.223+0000] {dag.py:3239} INFO - Sync 1 DAGs
[2024-11-03T00:24:54.254+0000] {logging_mixin.py:190} INFO - [2024-11-03T00:24:54.254+0000] {dag.py:4180} INFO - Setting next_dagrun for indices_argentina_v08 to 2024-11-03 00:00:00+00:00, run_after=2024-11-04 00:00:00+00:00
[2024-11-03T00:24:54.277+0000] {processor.py:208} INFO - Processing /opt/airflow/dags/first_dag.py took 0.195 seconds
[2024-11-03T00:25:24.722+0000] {processor.py:186} INFO - Started process (PID=15003) to work on /opt/airflow/dags/first_dag.py
[2024-11-03T00:25:24.723+0000] {processor.py:914} INFO - Processing file /opt/airflow/dags/first_dag.py for tasks to queue
[2024-11-03T00:25:24.725+0000] {logging_mixin.py:190} INFO - [2024-11-03T00:25:24.725+0000] {dagbag.py:588} INFO - Filling up the DagBag from /opt/airflow/dags/first_dag.py
[2024-11-03T00:25:24.838+0000] {processor.py:925} INFO - DAG(s) 'indices_argentina_v08' retrieved from /opt/airflow/dags/first_dag.py
[2024-11-03T00:25:24.872+0000] {logging_mixin.py:190} INFO - [2024-11-03T00:25:24.871+0000] {dag.py:3239} INFO - Sync 1 DAGs
[2024-11-03T00:25:24.903+0000] {logging_mixin.py:190} INFO - [2024-11-03T00:25:24.903+0000] {dag.py:4180} INFO - Setting next_dagrun for indices_argentina_v08 to 2024-11-03 00:00:00+00:00, run_after=2024-11-04 00:00:00+00:00
[2024-11-03T00:25:24.926+0000] {processor.py:208} INFO - Processing /opt/airflow/dags/first_dag.py took 0.211 seconds
[2024-11-03T00:25:55.367+0000] {processor.py:186} INFO - Started process (PID=15029) to work on /opt/airflow/dags/first_dag.py
[2024-11-03T00:25:55.368+0000] {processor.py:914} INFO - Processing file /opt/airflow/dags/first_dag.py for tasks to queue
[2024-11-03T00:25:55.370+0000] {logging_mixin.py:190} INFO - [2024-11-03T00:25:55.370+0000] {dagbag.py:588} INFO - Filling up the DagBag from /opt/airflow/dags/first_dag.py
[2024-11-03T00:25:55.471+0000] {processor.py:925} INFO - DAG(s) 'indices_argentina_v08' retrieved from /opt/airflow/dags/first_dag.py
[2024-11-03T00:25:55.497+0000] {logging_mixin.py:190} INFO - [2024-11-03T00:25:55.497+0000] {dag.py:3239} INFO - Sync 1 DAGs
[2024-11-03T00:25:55.526+0000] {logging_mixin.py:190} INFO - [2024-11-03T00:25:55.526+0000] {dag.py:4180} INFO - Setting next_dagrun for indices_argentina_v08 to 2024-11-03 00:00:00+00:00, run_after=2024-11-04 00:00:00+00:00
[2024-11-03T00:25:55.547+0000] {processor.py:208} INFO - Processing /opt/airflow/dags/first_dag.py took 0.187 seconds
[2024-11-03T00:26:26.017+0000] {processor.py:186} INFO - Started process (PID=15055) to work on /opt/airflow/dags/first_dag.py
[2024-11-03T00:26:26.018+0000] {processor.py:914} INFO - Processing file /opt/airflow/dags/first_dag.py for tasks to queue
[2024-11-03T00:26:26.021+0000] {logging_mixin.py:190} INFO - [2024-11-03T00:26:26.021+0000] {dagbag.py:588} INFO - Filling up the DagBag from /opt/airflow/dags/first_dag.py
[2024-11-03T00:26:26.131+0000] {processor.py:925} INFO - DAG(s) 'indices_argentina_v08' retrieved from /opt/airflow/dags/first_dag.py
[2024-11-03T00:26:26.158+0000] {logging_mixin.py:190} INFO - [2024-11-03T00:26:26.158+0000] {dag.py:3239} INFO - Sync 1 DAGs
[2024-11-03T00:26:26.187+0000] {logging_mixin.py:190} INFO - [2024-11-03T00:26:26.186+0000] {dag.py:4180} INFO - Setting next_dagrun for indices_argentina_v08 to 2024-11-03 00:00:00+00:00, run_after=2024-11-04 00:00:00+00:00
[2024-11-03T00:26:26.209+0000] {processor.py:208} INFO - Processing /opt/airflow/dags/first_dag.py took 0.201 seconds
[2024-11-03T00:26:56.654+0000] {processor.py:186} INFO - Started process (PID=15081) to work on /opt/airflow/dags/first_dag.py
[2024-11-03T00:26:56.655+0000] {processor.py:914} INFO - Processing file /opt/airflow/dags/first_dag.py for tasks to queue
[2024-11-03T00:26:56.657+0000] {logging_mixin.py:190} INFO - [2024-11-03T00:26:56.657+0000] {dagbag.py:588} INFO - Filling up the DagBag from /opt/airflow/dags/first_dag.py
[2024-11-03T00:26:56.762+0000] {processor.py:925} INFO - DAG(s) 'indices_argentina_v08' retrieved from /opt/airflow/dags/first_dag.py
[2024-11-03T00:26:56.791+0000] {logging_mixin.py:190} INFO - [2024-11-03T00:26:56.790+0000] {dag.py:3239} INFO - Sync 1 DAGs
[2024-11-03T00:26:56.823+0000] {logging_mixin.py:190} INFO - [2024-11-03T00:26:56.822+0000] {dag.py:4180} INFO - Setting next_dagrun for indices_argentina_v08 to 2024-11-03 00:00:00+00:00, run_after=2024-11-04 00:00:00+00:00
[2024-11-03T00:26:56.843+0000] {processor.py:208} INFO - Processing /opt/airflow/dags/first_dag.py took 0.196 seconds
[2024-11-03T00:27:27.309+0000] {processor.py:186} INFO - Started process (PID=15107) to work on /opt/airflow/dags/first_dag.py
[2024-11-03T00:27:27.310+0000] {processor.py:914} INFO - Processing file /opt/airflow/dags/first_dag.py for tasks to queue
[2024-11-03T00:27:27.314+0000] {logging_mixin.py:190} INFO - [2024-11-03T00:27:27.313+0000] {dagbag.py:588} INFO - Filling up the DagBag from /opt/airflow/dags/first_dag.py
[2024-11-03T00:27:27.436+0000] {processor.py:925} INFO - DAG(s) 'indices_argentina_v08' retrieved from /opt/airflow/dags/first_dag.py
[2024-11-03T00:27:27.475+0000] {logging_mixin.py:190} INFO - [2024-11-03T00:27:27.475+0000] {dag.py:3239} INFO - Sync 1 DAGs
[2024-11-03T00:27:27.515+0000] {logging_mixin.py:190} INFO - [2024-11-03T00:27:27.514+0000] {dag.py:4180} INFO - Setting next_dagrun for indices_argentina_v08 to 2024-11-03 00:00:00+00:00, run_after=2024-11-04 00:00:00+00:00
[2024-11-03T00:27:27.544+0000] {processor.py:208} INFO - Processing /opt/airflow/dags/first_dag.py took 0.246 seconds
[2024-11-03T00:27:58.079+0000] {processor.py:186} INFO - Started process (PID=15133) to work on /opt/airflow/dags/first_dag.py
[2024-11-03T00:27:58.080+0000] {processor.py:914} INFO - Processing file /opt/airflow/dags/first_dag.py for tasks to queue
[2024-11-03T00:27:58.084+0000] {logging_mixin.py:190} INFO - [2024-11-03T00:27:58.084+0000] {dagbag.py:588} INFO - Filling up the DagBag from /opt/airflow/dags/first_dag.py
[2024-11-03T00:27:58.259+0000] {processor.py:925} INFO - DAG(s) 'indices_argentina_v08' retrieved from /opt/airflow/dags/first_dag.py
[2024-11-03T00:27:58.309+0000] {logging_mixin.py:190} INFO - [2024-11-03T00:27:58.308+0000] {dag.py:3239} INFO - Sync 1 DAGs
[2024-11-03T00:27:58.349+0000] {logging_mixin.py:190} INFO - [2024-11-03T00:27:58.349+0000] {dag.py:4180} INFO - Setting next_dagrun for indices_argentina_v08 to 2024-11-03 00:00:00+00:00, run_after=2024-11-04 00:00:00+00:00
[2024-11-03T00:27:58.372+0000] {processor.py:208} INFO - Processing /opt/airflow/dags/first_dag.py took 0.306 seconds
[2024-11-03T00:28:28.852+0000] {processor.py:186} INFO - Started process (PID=15165) to work on /opt/airflow/dags/first_dag.py
[2024-11-03T00:28:28.854+0000] {processor.py:914} INFO - Processing file /opt/airflow/dags/first_dag.py for tasks to queue
[2024-11-03T00:28:28.858+0000] {logging_mixin.py:190} INFO - [2024-11-03T00:28:28.858+0000] {dagbag.py:588} INFO - Filling up the DagBag from /opt/airflow/dags/first_dag.py
[2024-11-03T00:28:29.058+0000] {processor.py:925} INFO - DAG(s) 'indices_argentina_v08' retrieved from /opt/airflow/dags/first_dag.py
[2024-11-03T00:28:29.098+0000] {logging_mixin.py:190} INFO - [2024-11-03T00:28:29.098+0000] {dag.py:3239} INFO - Sync 1 DAGs
[2024-11-03T00:28:29.144+0000] {logging_mixin.py:190} INFO - [2024-11-03T00:28:29.144+0000] {dag.py:4180} INFO - Setting next_dagrun for indices_argentina_v08 to 2024-11-03 00:00:00+00:00, run_after=2024-11-04 00:00:00+00:00
[2024-11-03T00:28:29.170+0000] {processor.py:208} INFO - Processing /opt/airflow/dags/first_dag.py took 0.330 seconds
[2024-11-03T00:28:59.641+0000] {processor.py:186} INFO - Started process (PID=15191) to work on /opt/airflow/dags/first_dag.py
[2024-11-03T00:28:59.642+0000] {processor.py:914} INFO - Processing file /opt/airflow/dags/first_dag.py for tasks to queue
[2024-11-03T00:28:59.645+0000] {logging_mixin.py:190} INFO - [2024-11-03T00:28:59.644+0000] {dagbag.py:588} INFO - Filling up the DagBag from /opt/airflow/dags/first_dag.py
[2024-11-03T00:28:59.764+0000] {processor.py:925} INFO - DAG(s) 'indices_argentina_v08' retrieved from /opt/airflow/dags/first_dag.py
[2024-11-03T00:28:59.789+0000] {logging_mixin.py:190} INFO - [2024-11-03T00:28:59.789+0000] {dag.py:3239} INFO - Sync 1 DAGs
[2024-11-03T00:28:59.817+0000] {logging_mixin.py:190} INFO - [2024-11-03T00:28:59.817+0000] {dag.py:4180} INFO - Setting next_dagrun for indices_argentina_v08 to 2024-11-03 00:00:00+00:00, run_after=2024-11-04 00:00:00+00:00
[2024-11-03T00:28:59.841+0000] {processor.py:208} INFO - Processing /opt/airflow/dags/first_dag.py took 0.210 seconds
[2024-11-03T00:29:30.302+0000] {processor.py:186} INFO - Started process (PID=15217) to work on /opt/airflow/dags/first_dag.py
[2024-11-03T00:29:30.304+0000] {processor.py:914} INFO - Processing file /opt/airflow/dags/first_dag.py for tasks to queue
[2024-11-03T00:29:30.306+0000] {logging_mixin.py:190} INFO - [2024-11-03T00:29:30.306+0000] {dagbag.py:588} INFO - Filling up the DagBag from /opt/airflow/dags/first_dag.py
[2024-11-03T00:29:30.418+0000] {processor.py:925} INFO - DAG(s) 'indices_argentina_v08' retrieved from /opt/airflow/dags/first_dag.py
[2024-11-03T00:29:30.443+0000] {logging_mixin.py:190} INFO - [2024-11-03T00:29:30.442+0000] {dag.py:3239} INFO - Sync 1 DAGs
[2024-11-03T00:29:30.475+0000] {logging_mixin.py:190} INFO - [2024-11-03T00:29:30.474+0000] {dag.py:4180} INFO - Setting next_dagrun for indices_argentina_v08 to 2024-11-03 00:00:00+00:00, run_after=2024-11-04 00:00:00+00:00
[2024-11-03T00:29:30.493+0000] {processor.py:208} INFO - Processing /opt/airflow/dags/first_dag.py took 0.200 seconds
[2024-11-03T00:30:00.981+0000] {processor.py:186} INFO - Started process (PID=15243) to work on /opt/airflow/dags/first_dag.py
[2024-11-03T00:30:00.983+0000] {processor.py:914} INFO - Processing file /opt/airflow/dags/first_dag.py for tasks to queue
[2024-11-03T00:30:00.986+0000] {logging_mixin.py:190} INFO - [2024-11-03T00:30:00.985+0000] {dagbag.py:588} INFO - Filling up the DagBag from /opt/airflow/dags/first_dag.py
[2024-11-03T00:30:01.093+0000] {processor.py:925} INFO - DAG(s) 'indices_argentina_v08' retrieved from /opt/airflow/dags/first_dag.py
[2024-11-03T00:30:01.122+0000] {logging_mixin.py:190} INFO - [2024-11-03T00:30:01.121+0000] {dag.py:3239} INFO - Sync 1 DAGs
[2024-11-03T00:30:01.152+0000] {logging_mixin.py:190} INFO - [2024-11-03T00:30:01.152+0000] {dag.py:4180} INFO - Setting next_dagrun for indices_argentina_v08 to 2024-11-03 00:00:00+00:00, run_after=2024-11-04 00:00:00+00:00
[2024-11-03T00:30:01.172+0000] {processor.py:208} INFO - Processing /opt/airflow/dags/first_dag.py took 0.199 seconds
[2024-11-03T00:30:31.574+0000] {processor.py:186} INFO - Started process (PID=15380) to work on /opt/airflow/dags/first_dag.py
[2024-11-03T00:30:31.575+0000] {processor.py:914} INFO - Processing file /opt/airflow/dags/first_dag.py for tasks to queue
[2024-11-03T00:30:31.578+0000] {logging_mixin.py:190} INFO - [2024-11-03T00:30:31.578+0000] {dagbag.py:588} INFO - Filling up the DagBag from /opt/airflow/dags/first_dag.py
[2024-11-03T00:30:31.794+0000] {processor.py:925} INFO - DAG(s) 'indices_argentina_v08' retrieved from /opt/airflow/dags/first_dag.py
[2024-11-03T00:30:31.844+0000] {logging_mixin.py:190} INFO - [2024-11-03T00:30:31.844+0000] {dag.py:3239} INFO - Sync 1 DAGs
[2024-11-03T00:30:31.884+0000] {logging_mixin.py:190} INFO - [2024-11-03T00:30:31.883+0000] {dag.py:4180} INFO - Setting next_dagrun for indices_argentina_v08 to 2024-11-03 00:00:00+00:00, run_after=2024-11-04 00:00:00+00:00
[2024-11-03T00:30:31.924+0000] {processor.py:208} INFO - Processing /opt/airflow/dags/first_dag.py took 0.358 seconds
[2024-11-03T00:31:02.008+0000] {processor.py:186} INFO - Started process (PID=15776) to work on /opt/airflow/dags/first_dag.py
[2024-11-03T00:31:02.010+0000] {processor.py:914} INFO - Processing file /opt/airflow/dags/first_dag.py for tasks to queue
[2024-11-03T00:31:02.014+0000] {logging_mixin.py:190} INFO - [2024-11-03T00:31:02.013+0000] {dagbag.py:588} INFO - Filling up the DagBag from /opt/airflow/dags/first_dag.py
[2024-11-03T00:31:02.224+0000] {processor.py:925} INFO - DAG(s) 'indices_argentina_v08' retrieved from /opt/airflow/dags/first_dag.py
[2024-11-03T00:31:02.284+0000] {logging_mixin.py:190} INFO - [2024-11-03T00:31:02.284+0000] {dag.py:3239} INFO - Sync 1 DAGs
[2024-11-03T00:31:02.390+0000] {logging_mixin.py:190} INFO - [2024-11-03T00:31:02.389+0000] {dag.py:4180} INFO - Setting next_dagrun for indices_argentina_v08 to 2024-11-03 00:00:00+00:00, run_after=2024-11-04 00:00:00+00:00
[2024-11-03T00:31:02.456+0000] {processor.py:208} INFO - Processing /opt/airflow/dags/first_dag.py took 0.464 seconds
[2024-11-03T00:31:32.546+0000] {processor.py:186} INFO - Started process (PID=15894) to work on /opt/airflow/dags/first_dag.py
[2024-11-03T00:31:32.547+0000] {processor.py:914} INFO - Processing file /opt/airflow/dags/first_dag.py for tasks to queue
[2024-11-03T00:31:32.550+0000] {logging_mixin.py:190} INFO - [2024-11-03T00:31:32.550+0000] {dagbag.py:588} INFO - Filling up the DagBag from /opt/airflow/dags/first_dag.py
[2024-11-03T00:31:32.684+0000] {processor.py:925} INFO - DAG(s) 'indices_argentina_v08' retrieved from /opt/airflow/dags/first_dag.py
[2024-11-03T00:31:32.713+0000] {logging_mixin.py:190} INFO - [2024-11-03T00:31:32.713+0000] {dag.py:3239} INFO - Sync 1 DAGs
[2024-11-03T00:31:32.745+0000] {logging_mixin.py:190} INFO - [2024-11-03T00:31:32.745+0000] {dag.py:4180} INFO - Setting next_dagrun for indices_argentina_v08 to 2024-11-03 00:00:00+00:00, run_after=2024-11-04 00:00:00+00:00
[2024-11-03T00:31:32.766+0000] {processor.py:208} INFO - Processing /opt/airflow/dags/first_dag.py took 0.233 seconds
[2024-11-03T00:32:03.005+0000] {processor.py:186} INFO - Started process (PID=15920) to work on /opt/airflow/dags/first_dag.py
[2024-11-03T00:32:03.006+0000] {processor.py:914} INFO - Processing file /opt/airflow/dags/first_dag.py for tasks to queue
[2024-11-03T00:32:03.010+0000] {logging_mixin.py:190} INFO - [2024-11-03T00:32:03.010+0000] {dagbag.py:588} INFO - Filling up the DagBag from /opt/airflow/dags/first_dag.py
[2024-11-03T00:32:03.174+0000] {processor.py:925} INFO - DAG(s) 'indices_argentina_v08' retrieved from /opt/airflow/dags/first_dag.py
[2024-11-03T00:32:03.207+0000] {logging_mixin.py:190} INFO - [2024-11-03T00:32:03.207+0000] {dag.py:3239} INFO - Sync 1 DAGs
[2024-11-03T00:32:03.243+0000] {logging_mixin.py:190} INFO - [2024-11-03T00:32:03.243+0000] {dag.py:4180} INFO - Setting next_dagrun for indices_argentina_v08 to 2024-11-03 00:00:00+00:00, run_after=2024-11-04 00:00:00+00:00
[2024-11-03T00:32:03.269+0000] {processor.py:208} INFO - Processing /opt/airflow/dags/first_dag.py took 0.274 seconds
[2024-11-03T00:32:33.688+0000] {processor.py:186} INFO - Started process (PID=15946) to work on /opt/airflow/dags/first_dag.py
[2024-11-03T00:32:33.689+0000] {processor.py:914} INFO - Processing file /opt/airflow/dags/first_dag.py for tasks to queue
[2024-11-03T00:32:33.692+0000] {logging_mixin.py:190} INFO - [2024-11-03T00:32:33.692+0000] {dagbag.py:588} INFO - Filling up the DagBag from /opt/airflow/dags/first_dag.py
[2024-11-03T00:32:33.866+0000] {processor.py:925} INFO - DAG(s) 'indices_argentina_v08' retrieved from /opt/airflow/dags/first_dag.py
[2024-11-03T00:32:33.903+0000] {logging_mixin.py:190} INFO - [2024-11-03T00:32:33.903+0000] {dag.py:3239} INFO - Sync 1 DAGs
[2024-11-03T00:32:33.946+0000] {logging_mixin.py:190} INFO - [2024-11-03T00:32:33.946+0000] {dag.py:4180} INFO - Setting next_dagrun for indices_argentina_v08 to 2024-11-03 00:00:00+00:00, run_after=2024-11-04 00:00:00+00:00
[2024-11-03T00:32:33.971+0000] {processor.py:208} INFO - Processing /opt/airflow/dags/first_dag.py took 0.294 seconds
[2024-11-03T00:33:04.234+0000] {processor.py:186} INFO - Started process (PID=15972) to work on /opt/airflow/dags/first_dag.py
[2024-11-03T00:33:04.235+0000] {processor.py:914} INFO - Processing file /opt/airflow/dags/first_dag.py for tasks to queue
[2024-11-03T00:33:04.240+0000] {logging_mixin.py:190} INFO - [2024-11-03T00:33:04.238+0000] {dagbag.py:588} INFO - Filling up the DagBag from /opt/airflow/dags/first_dag.py
[2024-11-03T00:33:04.414+0000] {processor.py:925} INFO - DAG(s) 'indices_argentina_v08' retrieved from /opt/airflow/dags/first_dag.py
[2024-11-03T00:33:04.446+0000] {logging_mixin.py:190} INFO - [2024-11-03T00:33:04.446+0000] {dag.py:3239} INFO - Sync 1 DAGs
[2024-11-03T00:33:04.480+0000] {logging_mixin.py:190} INFO - [2024-11-03T00:33:04.480+0000] {dag.py:4180} INFO - Setting next_dagrun for indices_argentina_v08 to 2024-11-03 00:00:00+00:00, run_after=2024-11-04 00:00:00+00:00
[2024-11-03T00:33:04.504+0000] {processor.py:208} INFO - Processing /opt/airflow/dags/first_dag.py took 0.287 seconds
[2024-11-03T00:33:34.948+0000] {processor.py:186} INFO - Started process (PID=15998) to work on /opt/airflow/dags/first_dag.py
[2024-11-03T00:33:34.949+0000] {processor.py:914} INFO - Processing file /opt/airflow/dags/first_dag.py for tasks to queue
[2024-11-03T00:33:34.952+0000] {logging_mixin.py:190} INFO - [2024-11-03T00:33:34.952+0000] {dagbag.py:588} INFO - Filling up the DagBag from /opt/airflow/dags/first_dag.py
[2024-11-03T00:33:35.137+0000] {processor.py:925} INFO - DAG(s) 'indices_argentina_v08' retrieved from /opt/airflow/dags/first_dag.py
[2024-11-03T00:33:35.182+0000] {logging_mixin.py:190} INFO - [2024-11-03T00:33:35.181+0000] {dag.py:3239} INFO - Sync 1 DAGs
[2024-11-03T00:33:35.228+0000] {logging_mixin.py:190} INFO - [2024-11-03T00:33:35.227+0000] {dag.py:4180} INFO - Setting next_dagrun for indices_argentina_v08 to 2024-11-03 00:00:00+00:00, run_after=2024-11-04 00:00:00+00:00
[2024-11-03T00:33:35.256+0000] {processor.py:208} INFO - Processing /opt/airflow/dags/first_dag.py took 0.319 seconds
[2024-11-03T00:34:05.619+0000] {processor.py:186} INFO - Started process (PID=16024) to work on /opt/airflow/dags/first_dag.py
[2024-11-03T00:34:05.620+0000] {processor.py:914} INFO - Processing file /opt/airflow/dags/first_dag.py for tasks to queue
[2024-11-03T00:34:05.623+0000] {logging_mixin.py:190} INFO - [2024-11-03T00:34:05.622+0000] {dagbag.py:588} INFO - Filling up the DagBag from /opt/airflow/dags/first_dag.py
[2024-11-03T00:34:05.737+0000] {processor.py:925} INFO - DAG(s) 'indices_argentina_v08' retrieved from /opt/airflow/dags/first_dag.py
[2024-11-03T00:34:05.763+0000] {logging_mixin.py:190} INFO - [2024-11-03T00:34:05.763+0000] {dag.py:3239} INFO - Sync 1 DAGs
[2024-11-03T00:34:05.811+0000] {logging_mixin.py:190} INFO - [2024-11-03T00:34:05.810+0000] {dag.py:4180} INFO - Setting next_dagrun for indices_argentina_v08 to 2024-11-03 00:00:00+00:00, run_after=2024-11-04 00:00:00+00:00
[2024-11-03T00:34:05.841+0000] {processor.py:208} INFO - Processing /opt/airflow/dags/first_dag.py took 0.229 seconds
[2024-11-03T00:34:36.078+0000] {processor.py:186} INFO - Started process (PID=16050) to work on /opt/airflow/dags/first_dag.py
[2024-11-03T00:34:36.079+0000] {processor.py:914} INFO - Processing file /opt/airflow/dags/first_dag.py for tasks to queue
[2024-11-03T00:34:36.082+0000] {logging_mixin.py:190} INFO - [2024-11-03T00:34:36.082+0000] {dagbag.py:588} INFO - Filling up the DagBag from /opt/airflow/dags/first_dag.py
[2024-11-03T00:34:36.218+0000] {processor.py:925} INFO - DAG(s) 'indices_argentina_v08' retrieved from /opt/airflow/dags/first_dag.py
[2024-11-03T00:34:36.257+0000] {logging_mixin.py:190} INFO - [2024-11-03T00:34:36.257+0000] {dag.py:3239} INFO - Sync 1 DAGs
[2024-11-03T00:34:36.298+0000] {logging_mixin.py:190} INFO - [2024-11-03T00:34:36.298+0000] {dag.py:4180} INFO - Setting next_dagrun for indices_argentina_v08 to 2024-11-03 00:00:00+00:00, run_after=2024-11-04 00:00:00+00:00
[2024-11-03T00:34:36.327+0000] {processor.py:208} INFO - Processing /opt/airflow/dags/first_dag.py took 0.256 seconds
[2024-11-03T00:35:06.744+0000] {processor.py:186} INFO - Started process (PID=16076) to work on /opt/airflow/dags/first_dag.py
[2024-11-03T00:35:06.745+0000] {processor.py:914} INFO - Processing file /opt/airflow/dags/first_dag.py for tasks to queue
[2024-11-03T00:35:06.747+0000] {logging_mixin.py:190} INFO - [2024-11-03T00:35:06.747+0000] {dagbag.py:588} INFO - Filling up the DagBag from /opt/airflow/dags/first_dag.py
[2024-11-03T00:35:06.868+0000] {processor.py:925} INFO - DAG(s) 'indices_argentina_v08' retrieved from /opt/airflow/dags/first_dag.py
[2024-11-03T00:35:06.904+0000] {logging_mixin.py:190} INFO - [2024-11-03T00:35:06.904+0000] {dag.py:3239} INFO - Sync 1 DAGs
[2024-11-03T00:35:06.948+0000] {logging_mixin.py:190} INFO - [2024-11-03T00:35:06.948+0000] {dag.py:4180} INFO - Setting next_dagrun for indices_argentina_v08 to 2024-11-03 00:00:00+00:00, run_after=2024-11-04 00:00:00+00:00
[2024-11-03T00:35:06.973+0000] {processor.py:208} INFO - Processing /opt/airflow/dags/first_dag.py took 0.238 seconds
[2024-11-03T00:35:37.225+0000] {processor.py:186} INFO - Started process (PID=16102) to work on /opt/airflow/dags/first_dag.py
[2024-11-03T00:35:37.226+0000] {processor.py:914} INFO - Processing file /opt/airflow/dags/first_dag.py for tasks to queue
[2024-11-03T00:35:37.229+0000] {logging_mixin.py:190} INFO - [2024-11-03T00:35:37.229+0000] {dagbag.py:588} INFO - Filling up the DagBag from /opt/airflow/dags/first_dag.py
[2024-11-03T00:35:37.394+0000] {processor.py:925} INFO - DAG(s) 'indices_argentina_v08' retrieved from /opt/airflow/dags/first_dag.py
[2024-11-03T00:35:37.432+0000] {logging_mixin.py:190} INFO - [2024-11-03T00:35:37.432+0000] {dag.py:3239} INFO - Sync 1 DAGs
[2024-11-03T00:35:37.476+0000] {logging_mixin.py:190} INFO - [2024-11-03T00:35:37.476+0000] {dag.py:4180} INFO - Setting next_dagrun for indices_argentina_v08 to 2024-11-03 00:00:00+00:00, run_after=2024-11-04 00:00:00+00:00
[2024-11-03T00:35:37.501+0000] {processor.py:208} INFO - Processing /opt/airflow/dags/first_dag.py took 0.287 seconds
[2024-11-03T00:36:07.777+0000] {processor.py:186} INFO - Started process (PID=16128) to work on /opt/airflow/dags/first_dag.py
[2024-11-03T00:36:07.778+0000] {processor.py:914} INFO - Processing file /opt/airflow/dags/first_dag.py for tasks to queue
[2024-11-03T00:36:07.782+0000] {logging_mixin.py:190} INFO - [2024-11-03T00:36:07.781+0000] {dagbag.py:588} INFO - Filling up the DagBag from /opt/airflow/dags/first_dag.py
[2024-11-03T00:36:07.944+0000] {processor.py:925} INFO - DAG(s) 'indices_argentina_v08' retrieved from /opt/airflow/dags/first_dag.py
[2024-11-03T00:36:07.974+0000] {logging_mixin.py:190} INFO - [2024-11-03T00:36:07.973+0000] {dag.py:3239} INFO - Sync 1 DAGs
[2024-11-03T00:36:08.005+0000] {logging_mixin.py:190} INFO - [2024-11-03T00:36:08.005+0000] {dag.py:4180} INFO - Setting next_dagrun for indices_argentina_v08 to 2024-11-03 00:00:00+00:00, run_after=2024-11-04 00:00:00+00:00
[2024-11-03T00:36:08.027+0000] {processor.py:208} INFO - Processing /opt/airflow/dags/first_dag.py took 0.260 seconds
[2024-11-03T00:36:38.333+0000] {processor.py:186} INFO - Started process (PID=16154) to work on /opt/airflow/dags/first_dag.py
[2024-11-03T00:36:38.334+0000] {processor.py:914} INFO - Processing file /opt/airflow/dags/first_dag.py for tasks to queue
[2024-11-03T00:36:38.337+0000] {logging_mixin.py:190} INFO - [2024-11-03T00:36:38.336+0000] {dagbag.py:588} INFO - Filling up the DagBag from /opt/airflow/dags/first_dag.py
[2024-11-03T00:36:38.454+0000] {processor.py:925} INFO - DAG(s) 'indices_argentina_v08' retrieved from /opt/airflow/dags/first_dag.py
[2024-11-03T00:36:38.483+0000] {logging_mixin.py:190} INFO - [2024-11-03T00:36:38.483+0000] {dag.py:3239} INFO - Sync 1 DAGs
[2024-11-03T00:36:38.515+0000] {logging_mixin.py:190} INFO - [2024-11-03T00:36:38.514+0000] {dag.py:4180} INFO - Setting next_dagrun for indices_argentina_v08 to 2024-11-03 00:00:00+00:00, run_after=2024-11-04 00:00:00+00:00
[2024-11-03T00:36:38.536+0000] {processor.py:208} INFO - Processing /opt/airflow/dags/first_dag.py took 0.211 seconds
