[2024-11-03T00:00:17.925+0000] {processor.py:186} INFO - Started process (PID=11520) to work on /opt/airflow/dags/ipc_dag.py
[2024-11-03T00:00:17.926+0000] {processor.py:914} INFO - Processing file /opt/airflow/dags/ipc_dag.py for tasks to queue
[2024-11-03T00:00:17.938+0000] {logging_mixin.py:190} INFO - [2024-11-03T00:00:17.937+0000] {dagbag.py:588} INFO - Filling up the DagBag from /opt/airflow/dags/ipc_dag.py
[2024-11-03T00:00:18.209+0000] {processor.py:925} INFO - DAG(s) 'ipc_inflation_v03' retrieved from /opt/airflow/dags/ipc_dag.py
[2024-11-03T00:00:18.292+0000] {logging_mixin.py:190} INFO - [2024-11-03T00:00:18.292+0000] {dag.py:3239} INFO - Sync 1 DAGs
[2024-11-03T00:00:18.511+0000] {logging_mixin.py:190} INFO - [2024-11-03T00:00:18.510+0000] {dag.py:4180} INFO - Setting next_dagrun for ipc_inflation_v03 to 2024-11-03 00:00:00+00:00, run_after=2024-11-04 00:00:00+00:00
[2024-11-03T00:00:18.663+0000] {processor.py:208} INFO - Processing /opt/airflow/dags/ipc_dag.py took 0.771 seconds
[2024-11-03T00:00:48.975+0000] {processor.py:186} INFO - Started process (PID=12002) to work on /opt/airflow/dags/ipc_dag.py
[2024-11-03T00:00:48.977+0000] {processor.py:914} INFO - Processing file /opt/airflow/dags/ipc_dag.py for tasks to queue
[2024-11-03T00:00:48.980+0000] {logging_mixin.py:190} INFO - [2024-11-03T00:00:48.979+0000] {dagbag.py:588} INFO - Filling up the DagBag from /opt/airflow/dags/ipc_dag.py
[2024-11-03T00:00:49.194+0000] {processor.py:925} INFO - DAG(s) 'ipc_inflation_v03' retrieved from /opt/airflow/dags/ipc_dag.py
[2024-11-03T00:00:49.307+0000] {logging_mixin.py:190} INFO - [2024-11-03T00:00:49.307+0000] {dag.py:3239} INFO - Sync 1 DAGs
[2024-11-03T00:00:49.380+0000] {logging_mixin.py:190} INFO - [2024-11-03T00:00:49.380+0000] {dag.py:4180} INFO - Setting next_dagrun for ipc_inflation_v03 to 2024-11-03 00:00:00+00:00, run_after=2024-11-04 00:00:00+00:00
[2024-11-03T00:00:49.448+0000] {processor.py:208} INFO - Processing /opt/airflow/dags/ipc_dag.py took 0.488 seconds
[2024-11-03T00:01:20.283+0000] {processor.py:186} INFO - Started process (PID=12570) to work on /opt/airflow/dags/ipc_dag.py
[2024-11-03T00:01:20.285+0000] {processor.py:914} INFO - Processing file /opt/airflow/dags/ipc_dag.py for tasks to queue
[2024-11-03T00:01:20.315+0000] {logging_mixin.py:190} INFO - [2024-11-03T00:01:20.295+0000] {dagbag.py:588} INFO - Filling up the DagBag from /opt/airflow/dags/ipc_dag.py
[2024-11-03T00:01:20.828+0000] {processor.py:925} INFO - DAG(s) 'ipc_inflation_v03' retrieved from /opt/airflow/dags/ipc_dag.py
[2024-11-03T00:01:20.875+0000] {logging_mixin.py:190} INFO - [2024-11-03T00:01:20.875+0000] {dag.py:3239} INFO - Sync 1 DAGs
[2024-11-03T00:01:20.928+0000] {logging_mixin.py:190} INFO - [2024-11-03T00:01:20.928+0000] {dag.py:4180} INFO - Setting next_dagrun for ipc_inflation_v03 to 2024-11-03 00:00:00+00:00, run_after=2024-11-04 00:00:00+00:00
[2024-11-03T00:01:20.981+0000] {processor.py:208} INFO - Processing /opt/airflow/dags/ipc_dag.py took 0.803 seconds
[2024-11-03T00:01:51.274+0000] {processor.py:186} INFO - Started process (PID=13064) to work on /opt/airflow/dags/ipc_dag.py
[2024-11-03T00:01:51.275+0000] {processor.py:914} INFO - Processing file /opt/airflow/dags/ipc_dag.py for tasks to queue
[2024-11-03T00:01:51.314+0000] {logging_mixin.py:190} INFO - [2024-11-03T00:01:51.313+0000] {dagbag.py:588} INFO - Filling up the DagBag from /opt/airflow/dags/ipc_dag.py
[2024-11-03T00:01:52.388+0000] {processor.py:925} INFO - DAG(s) 'ipc_inflation_v03' retrieved from /opt/airflow/dags/ipc_dag.py
[2024-11-03T00:01:52.494+0000] {logging_mixin.py:190} INFO - [2024-11-03T00:01:52.493+0000] {dag.py:3239} INFO - Sync 1 DAGs
[2024-11-03T00:01:52.578+0000] {logging_mixin.py:190} INFO - [2024-11-03T00:01:52.577+0000] {dag.py:4180} INFO - Setting next_dagrun for ipc_inflation_v03 to 2024-11-03 00:00:00+00:00, run_after=2024-11-04 00:00:00+00:00
[2024-11-03T00:01:52.677+0000] {processor.py:208} INFO - Processing /opt/airflow/dags/ipc_dag.py took 1.474 seconds
[2024-11-03T00:02:22.874+0000] {processor.py:186} INFO - Started process (PID=13733) to work on /opt/airflow/dags/ipc_dag.py
[2024-11-03T00:02:22.875+0000] {processor.py:914} INFO - Processing file /opt/airflow/dags/ipc_dag.py for tasks to queue
[2024-11-03T00:02:22.893+0000] {logging_mixin.py:190} INFO - [2024-11-03T00:02:22.892+0000] {dagbag.py:588} INFO - Filling up the DagBag from /opt/airflow/dags/ipc_dag.py
[2024-11-03T00:02:23.176+0000] {processor.py:925} INFO - DAG(s) 'ipc_inflation_v03' retrieved from /opt/airflow/dags/ipc_dag.py
[2024-11-03T00:02:23.229+0000] {logging_mixin.py:190} INFO - [2024-11-03T00:02:23.229+0000] {dag.py:3239} INFO - Sync 1 DAGs
[2024-11-03T00:02:23.292+0000] {logging_mixin.py:190} INFO - [2024-11-03T00:02:23.292+0000] {dag.py:4180} INFO - Setting next_dagrun for ipc_inflation_v03 to 2024-11-03 00:00:00+00:00, run_after=2024-11-04 00:00:00+00:00
[2024-11-03T00:02:23.361+0000] {processor.py:208} INFO - Processing /opt/airflow/dags/ipc_dag.py took 0.524 seconds
[2024-11-03T00:02:54.024+0000] {processor.py:186} INFO - Started process (PID=13843) to work on /opt/airflow/dags/ipc_dag.py
[2024-11-03T00:02:54.025+0000] {processor.py:914} INFO - Processing file /opt/airflow/dags/ipc_dag.py for tasks to queue
[2024-11-03T00:02:54.028+0000] {logging_mixin.py:190} INFO - [2024-11-03T00:02:54.028+0000] {dagbag.py:588} INFO - Filling up the DagBag from /opt/airflow/dags/ipc_dag.py
[2024-11-03T00:02:54.143+0000] {processor.py:925} INFO - DAG(s) 'ipc_inflation_v03' retrieved from /opt/airflow/dags/ipc_dag.py
[2024-11-03T00:02:54.173+0000] {logging_mixin.py:190} INFO - [2024-11-03T00:02:54.173+0000] {dag.py:3239} INFO - Sync 1 DAGs
[2024-11-03T00:02:54.209+0000] {logging_mixin.py:190} INFO - [2024-11-03T00:02:54.209+0000] {dag.py:4180} INFO - Setting next_dagrun for ipc_inflation_v03 to 2024-11-03 00:00:00+00:00, run_after=2024-11-04 00:00:00+00:00
[2024-11-03T00:02:54.236+0000] {processor.py:208} INFO - Processing /opt/airflow/dags/ipc_dag.py took 0.222 seconds
[2024-11-03T00:03:24.684+0000] {processor.py:186} INFO - Started process (PID=13875) to work on /opt/airflow/dags/ipc_dag.py
[2024-11-03T00:03:24.685+0000] {processor.py:914} INFO - Processing file /opt/airflow/dags/ipc_dag.py for tasks to queue
[2024-11-03T00:03:24.688+0000] {logging_mixin.py:190} INFO - [2024-11-03T00:03:24.687+0000] {dagbag.py:588} INFO - Filling up the DagBag from /opt/airflow/dags/ipc_dag.py
[2024-11-03T00:03:24.807+0000] {processor.py:925} INFO - DAG(s) 'ipc_inflation_v03' retrieved from /opt/airflow/dags/ipc_dag.py
[2024-11-03T00:03:24.837+0000] {logging_mixin.py:190} INFO - [2024-11-03T00:03:24.837+0000] {dag.py:3239} INFO - Sync 1 DAGs
[2024-11-03T00:03:24.873+0000] {logging_mixin.py:190} INFO - [2024-11-03T00:03:24.872+0000] {dag.py:4180} INFO - Setting next_dagrun for ipc_inflation_v03 to 2024-11-03 00:00:00+00:00, run_after=2024-11-04 00:00:00+00:00
[2024-11-03T00:03:24.896+0000] {processor.py:208} INFO - Processing /opt/airflow/dags/ipc_dag.py took 0.220 seconds
[2024-11-03T00:03:55.351+0000] {processor.py:186} INFO - Started process (PID=13901) to work on /opt/airflow/dags/ipc_dag.py
[2024-11-03T00:03:55.352+0000] {processor.py:914} INFO - Processing file /opt/airflow/dags/ipc_dag.py for tasks to queue
[2024-11-03T00:03:55.355+0000] {logging_mixin.py:190} INFO - [2024-11-03T00:03:55.354+0000] {dagbag.py:588} INFO - Filling up the DagBag from /opt/airflow/dags/ipc_dag.py
[2024-11-03T00:03:55.471+0000] {processor.py:925} INFO - DAG(s) 'ipc_inflation_v03' retrieved from /opt/airflow/dags/ipc_dag.py
[2024-11-03T00:03:55.501+0000] {logging_mixin.py:190} INFO - [2024-11-03T00:03:55.500+0000] {dag.py:3239} INFO - Sync 1 DAGs
[2024-11-03T00:03:55.534+0000] {logging_mixin.py:190} INFO - [2024-11-03T00:03:55.534+0000] {dag.py:4180} INFO - Setting next_dagrun for ipc_inflation_v03 to 2024-11-03 00:00:00+00:00, run_after=2024-11-04 00:00:00+00:00
[2024-11-03T00:03:55.559+0000] {processor.py:208} INFO - Processing /opt/airflow/dags/ipc_dag.py took 0.216 seconds
[2024-11-03T00:04:26.015+0000] {processor.py:186} INFO - Started process (PID=13927) to work on /opt/airflow/dags/ipc_dag.py
[2024-11-03T00:04:26.016+0000] {processor.py:914} INFO - Processing file /opt/airflow/dags/ipc_dag.py for tasks to queue
[2024-11-03T00:04:26.019+0000] {logging_mixin.py:190} INFO - [2024-11-03T00:04:26.018+0000] {dagbag.py:588} INFO - Filling up the DagBag from /opt/airflow/dags/ipc_dag.py
[2024-11-03T00:04:26.136+0000] {processor.py:925} INFO - DAG(s) 'ipc_inflation_v03' retrieved from /opt/airflow/dags/ipc_dag.py
[2024-11-03T00:04:26.164+0000] {logging_mixin.py:190} INFO - [2024-11-03T00:04:26.164+0000] {dag.py:3239} INFO - Sync 1 DAGs
[2024-11-03T00:04:26.199+0000] {logging_mixin.py:190} INFO - [2024-11-03T00:04:26.198+0000] {dag.py:4180} INFO - Setting next_dagrun for ipc_inflation_v03 to 2024-11-03 00:00:00+00:00, run_after=2024-11-04 00:00:00+00:00
[2024-11-03T00:04:26.222+0000] {processor.py:208} INFO - Processing /opt/airflow/dags/ipc_dag.py took 0.216 seconds
[2024-11-03T00:04:56.658+0000] {processor.py:186} INFO - Started process (PID=13953) to work on /opt/airflow/dags/ipc_dag.py
[2024-11-03T00:04:56.659+0000] {processor.py:914} INFO - Processing file /opt/airflow/dags/ipc_dag.py for tasks to queue
[2024-11-03T00:04:56.661+0000] {logging_mixin.py:190} INFO - [2024-11-03T00:04:56.661+0000] {dagbag.py:588} INFO - Filling up the DagBag from /opt/airflow/dags/ipc_dag.py
[2024-11-03T00:04:56.773+0000] {processor.py:925} INFO - DAG(s) 'ipc_inflation_v03' retrieved from /opt/airflow/dags/ipc_dag.py
[2024-11-03T00:04:56.800+0000] {logging_mixin.py:190} INFO - [2024-11-03T00:04:56.799+0000] {dag.py:3239} INFO - Sync 1 DAGs
[2024-11-03T00:04:56.831+0000] {logging_mixin.py:190} INFO - [2024-11-03T00:04:56.831+0000] {dag.py:4180} INFO - Setting next_dagrun for ipc_inflation_v03 to 2024-11-03 00:00:00+00:00, run_after=2024-11-04 00:00:00+00:00
[2024-11-03T00:04:56.852+0000] {processor.py:208} INFO - Processing /opt/airflow/dags/ipc_dag.py took 0.200 seconds
[2024-11-03T00:05:27.257+0000] {processor.py:186} INFO - Started process (PID=13979) to work on /opt/airflow/dags/ipc_dag.py
[2024-11-03T00:05:27.258+0000] {processor.py:914} INFO - Processing file /opt/airflow/dags/ipc_dag.py for tasks to queue
[2024-11-03T00:05:27.260+0000] {logging_mixin.py:190} INFO - [2024-11-03T00:05:27.260+0000] {dagbag.py:588} INFO - Filling up the DagBag from /opt/airflow/dags/ipc_dag.py
[2024-11-03T00:05:27.376+0000] {processor.py:925} INFO - DAG(s) 'ipc_inflation_v03' retrieved from /opt/airflow/dags/ipc_dag.py
[2024-11-03T00:05:27.403+0000] {logging_mixin.py:190} INFO - [2024-11-03T00:05:27.402+0000] {dag.py:3239} INFO - Sync 1 DAGs
[2024-11-03T00:05:27.434+0000] {logging_mixin.py:190} INFO - [2024-11-03T00:05:27.434+0000] {dag.py:4180} INFO - Setting next_dagrun for ipc_inflation_v03 to 2024-11-03 00:00:00+00:00, run_after=2024-11-04 00:00:00+00:00
[2024-11-03T00:05:27.457+0000] {processor.py:208} INFO - Processing /opt/airflow/dags/ipc_dag.py took 0.207 seconds
[2024-11-03T00:05:57.873+0000] {processor.py:186} INFO - Started process (PID=14005) to work on /opt/airflow/dags/ipc_dag.py
[2024-11-03T00:05:57.875+0000] {processor.py:914} INFO - Processing file /opt/airflow/dags/ipc_dag.py for tasks to queue
[2024-11-03T00:05:57.878+0000] {logging_mixin.py:190} INFO - [2024-11-03T00:05:57.878+0000] {dagbag.py:588} INFO - Filling up the DagBag from /opt/airflow/dags/ipc_dag.py
[2024-11-03T00:05:58.009+0000] {processor.py:925} INFO - DAG(s) 'ipc_inflation_v03' retrieved from /opt/airflow/dags/ipc_dag.py
[2024-11-03T00:05:58.042+0000] {logging_mixin.py:190} INFO - [2024-11-03T00:05:58.042+0000] {dag.py:3239} INFO - Sync 1 DAGs
[2024-11-03T00:05:58.076+0000] {logging_mixin.py:190} INFO - [2024-11-03T00:05:58.076+0000] {dag.py:4180} INFO - Setting next_dagrun for ipc_inflation_v03 to 2024-11-03 00:00:00+00:00, run_after=2024-11-04 00:00:00+00:00
[2024-11-03T00:05:58.098+0000] {processor.py:208} INFO - Processing /opt/airflow/dags/ipc_dag.py took 0.233 seconds
[2024-11-03T00:06:28.551+0000] {processor.py:186} INFO - Started process (PID=14031) to work on /opt/airflow/dags/ipc_dag.py
[2024-11-03T00:06:28.551+0000] {processor.py:914} INFO - Processing file /opt/airflow/dags/ipc_dag.py for tasks to queue
[2024-11-03T00:06:28.554+0000] {logging_mixin.py:190} INFO - [2024-11-03T00:06:28.554+0000] {dagbag.py:588} INFO - Filling up the DagBag from /opt/airflow/dags/ipc_dag.py
[2024-11-03T00:06:28.667+0000] {processor.py:925} INFO - DAG(s) 'ipc_inflation_v03' retrieved from /opt/airflow/dags/ipc_dag.py
[2024-11-03T00:06:28.694+0000] {logging_mixin.py:190} INFO - [2024-11-03T00:06:28.693+0000] {dag.py:3239} INFO - Sync 1 DAGs
[2024-11-03T00:06:28.724+0000] {logging_mixin.py:190} INFO - [2024-11-03T00:06:28.723+0000] {dag.py:4180} INFO - Setting next_dagrun for ipc_inflation_v03 to 2024-11-03 00:00:00+00:00, run_after=2024-11-04 00:00:00+00:00
[2024-11-03T00:06:28.745+0000] {processor.py:208} INFO - Processing /opt/airflow/dags/ipc_dag.py took 0.202 seconds
[2024-11-03T00:06:58.981+0000] {processor.py:186} INFO - Started process (PID=14057) to work on /opt/airflow/dags/ipc_dag.py
[2024-11-03T00:06:58.982+0000] {processor.py:914} INFO - Processing file /opt/airflow/dags/ipc_dag.py for tasks to queue
[2024-11-03T00:06:58.985+0000] {logging_mixin.py:190} INFO - [2024-11-03T00:06:58.985+0000] {dagbag.py:588} INFO - Filling up the DagBag from /opt/airflow/dags/ipc_dag.py
[2024-11-03T00:06:59.099+0000] {processor.py:925} INFO - DAG(s) 'ipc_inflation_v03' retrieved from /opt/airflow/dags/ipc_dag.py
[2024-11-03T00:06:59.128+0000] {logging_mixin.py:190} INFO - [2024-11-03T00:06:59.128+0000] {dag.py:3239} INFO - Sync 1 DAGs
[2024-11-03T00:06:59.162+0000] {logging_mixin.py:190} INFO - [2024-11-03T00:06:59.162+0000] {dag.py:4180} INFO - Setting next_dagrun for ipc_inflation_v03 to 2024-11-03 00:00:00+00:00, run_after=2024-11-04 00:00:00+00:00
[2024-11-03T00:06:59.188+0000] {processor.py:208} INFO - Processing /opt/airflow/dags/ipc_dag.py took 0.214 seconds
[2024-11-03T00:07:29.652+0000] {processor.py:186} INFO - Started process (PID=14083) to work on /opt/airflow/dags/ipc_dag.py
[2024-11-03T00:07:29.653+0000] {processor.py:914} INFO - Processing file /opt/airflow/dags/ipc_dag.py for tasks to queue
[2024-11-03T00:07:29.656+0000] {logging_mixin.py:190} INFO - [2024-11-03T00:07:29.656+0000] {dagbag.py:588} INFO - Filling up the DagBag from /opt/airflow/dags/ipc_dag.py
[2024-11-03T00:07:29.772+0000] {processor.py:925} INFO - DAG(s) 'ipc_inflation_v03' retrieved from /opt/airflow/dags/ipc_dag.py
[2024-11-03T00:07:29.800+0000] {logging_mixin.py:190} INFO - [2024-11-03T00:07:29.800+0000] {dag.py:3239} INFO - Sync 1 DAGs
[2024-11-03T00:07:29.834+0000] {logging_mixin.py:190} INFO - [2024-11-03T00:07:29.834+0000] {dag.py:4180} INFO - Setting next_dagrun for ipc_inflation_v03 to 2024-11-03 00:00:00+00:00, run_after=2024-11-04 00:00:00+00:00
[2024-11-03T00:07:29.857+0000] {processor.py:208} INFO - Processing /opt/airflow/dags/ipc_dag.py took 0.215 seconds
[2024-11-03T00:08:00.311+0000] {processor.py:186} INFO - Started process (PID=14109) to work on /opt/airflow/dags/ipc_dag.py
[2024-11-03T00:08:00.313+0000] {processor.py:914} INFO - Processing file /opt/airflow/dags/ipc_dag.py for tasks to queue
[2024-11-03T00:08:00.315+0000] {logging_mixin.py:190} INFO - [2024-11-03T00:08:00.315+0000] {dagbag.py:588} INFO - Filling up the DagBag from /opt/airflow/dags/ipc_dag.py
[2024-11-03T00:08:00.426+0000] {processor.py:925} INFO - DAG(s) 'ipc_inflation_v03' retrieved from /opt/airflow/dags/ipc_dag.py
[2024-11-03T00:08:00.453+0000] {logging_mixin.py:190} INFO - [2024-11-03T00:08:00.453+0000] {dag.py:3239} INFO - Sync 1 DAGs
[2024-11-03T00:08:00.485+0000] {logging_mixin.py:190} INFO - [2024-11-03T00:08:00.485+0000] {dag.py:4180} INFO - Setting next_dagrun for ipc_inflation_v03 to 2024-11-03 00:00:00+00:00, run_after=2024-11-04 00:00:00+00:00
[2024-11-03T00:08:00.507+0000] {processor.py:208} INFO - Processing /opt/airflow/dags/ipc_dag.py took 0.203 seconds
[2024-11-03T00:08:30.971+0000] {processor.py:186} INFO - Started process (PID=14135) to work on /opt/airflow/dags/ipc_dag.py
[2024-11-03T00:08:30.971+0000] {processor.py:914} INFO - Processing file /opt/airflow/dags/ipc_dag.py for tasks to queue
[2024-11-03T00:08:30.974+0000] {logging_mixin.py:190} INFO - [2024-11-03T00:08:30.973+0000] {dagbag.py:588} INFO - Filling up the DagBag from /opt/airflow/dags/ipc_dag.py
[2024-11-03T00:08:31.088+0000] {processor.py:925} INFO - DAG(s) 'ipc_inflation_v03' retrieved from /opt/airflow/dags/ipc_dag.py
[2024-11-03T00:08:31.116+0000] {logging_mixin.py:190} INFO - [2024-11-03T00:08:31.115+0000] {dag.py:3239} INFO - Sync 1 DAGs
[2024-11-03T00:08:31.149+0000] {logging_mixin.py:190} INFO - [2024-11-03T00:08:31.149+0000] {dag.py:4180} INFO - Setting next_dagrun for ipc_inflation_v03 to 2024-11-03 00:00:00+00:00, run_after=2024-11-04 00:00:00+00:00
[2024-11-03T00:08:31.170+0000] {processor.py:208} INFO - Processing /opt/airflow/dags/ipc_dag.py took 0.210 seconds
[2024-11-03T00:09:01.638+0000] {processor.py:186} INFO - Started process (PID=14162) to work on /opt/airflow/dags/ipc_dag.py
[2024-11-03T00:09:01.639+0000] {processor.py:914} INFO - Processing file /opt/airflow/dags/ipc_dag.py for tasks to queue
[2024-11-03T00:09:01.642+0000] {logging_mixin.py:190} INFO - [2024-11-03T00:09:01.641+0000] {dagbag.py:588} INFO - Filling up the DagBag from /opt/airflow/dags/ipc_dag.py
[2024-11-03T00:09:01.757+0000] {processor.py:925} INFO - DAG(s) 'ipc_inflation_v03' retrieved from /opt/airflow/dags/ipc_dag.py
[2024-11-03T00:09:01.784+0000] {logging_mixin.py:190} INFO - [2024-11-03T00:09:01.784+0000] {dag.py:3239} INFO - Sync 1 DAGs
[2024-11-03T00:09:01.812+0000] {logging_mixin.py:190} INFO - [2024-11-03T00:09:01.812+0000] {dag.py:4180} INFO - Setting next_dagrun for ipc_inflation_v03 to 2024-11-03 00:00:00+00:00, run_after=2024-11-04 00:00:00+00:00
[2024-11-03T00:09:01.834+0000] {processor.py:208} INFO - Processing /opt/airflow/dags/ipc_dag.py took 0.206 seconds
[2024-11-03T00:09:32.307+0000] {processor.py:186} INFO - Started process (PID=14187) to work on /opt/airflow/dags/ipc_dag.py
[2024-11-03T00:09:32.308+0000] {processor.py:914} INFO - Processing file /opt/airflow/dags/ipc_dag.py for tasks to queue
[2024-11-03T00:09:32.311+0000] {logging_mixin.py:190} INFO - [2024-11-03T00:09:32.310+0000] {dagbag.py:588} INFO - Filling up the DagBag from /opt/airflow/dags/ipc_dag.py
[2024-11-03T00:09:32.420+0000] {processor.py:925} INFO - DAG(s) 'ipc_inflation_v03' retrieved from /opt/airflow/dags/ipc_dag.py
[2024-11-03T00:09:32.446+0000] {logging_mixin.py:190} INFO - [2024-11-03T00:09:32.446+0000] {dag.py:3239} INFO - Sync 1 DAGs
[2024-11-03T00:09:32.476+0000] {logging_mixin.py:190} INFO - [2024-11-03T00:09:32.476+0000] {dag.py:4180} INFO - Setting next_dagrun for ipc_inflation_v03 to 2024-11-03 00:00:00+00:00, run_after=2024-11-04 00:00:00+00:00
[2024-11-03T00:09:32.498+0000] {processor.py:208} INFO - Processing /opt/airflow/dags/ipc_dag.py took 0.200 seconds
[2024-11-03T00:10:02.965+0000] {processor.py:186} INFO - Started process (PID=14213) to work on /opt/airflow/dags/ipc_dag.py
[2024-11-03T00:10:02.967+0000] {processor.py:914} INFO - Processing file /opt/airflow/dags/ipc_dag.py for tasks to queue
[2024-11-03T00:10:02.970+0000] {logging_mixin.py:190} INFO - [2024-11-03T00:10:02.970+0000] {dagbag.py:588} INFO - Filling up the DagBag from /opt/airflow/dags/ipc_dag.py
[2024-11-03T00:10:03.078+0000] {processor.py:925} INFO - DAG(s) 'ipc_inflation_v03' retrieved from /opt/airflow/dags/ipc_dag.py
[2024-11-03T00:10:03.105+0000] {logging_mixin.py:190} INFO - [2024-11-03T00:10:03.105+0000] {dag.py:3239} INFO - Sync 1 DAGs
[2024-11-03T00:10:03.133+0000] {logging_mixin.py:190} INFO - [2024-11-03T00:10:03.133+0000] {dag.py:4180} INFO - Setting next_dagrun for ipc_inflation_v03 to 2024-11-03 00:00:00+00:00, run_after=2024-11-04 00:00:00+00:00
[2024-11-03T00:10:03.156+0000] {processor.py:208} INFO - Processing /opt/airflow/dags/ipc_dag.py took 0.200 seconds
[2024-11-03T00:10:33.626+0000] {processor.py:186} INFO - Started process (PID=14239) to work on /opt/airflow/dags/ipc_dag.py
[2024-11-03T00:10:33.627+0000] {processor.py:914} INFO - Processing file /opt/airflow/dags/ipc_dag.py for tasks to queue
[2024-11-03T00:10:33.629+0000] {logging_mixin.py:190} INFO - [2024-11-03T00:10:33.629+0000] {dagbag.py:588} INFO - Filling up the DagBag from /opt/airflow/dags/ipc_dag.py
[2024-11-03T00:10:33.739+0000] {processor.py:925} INFO - DAG(s) 'ipc_inflation_v03' retrieved from /opt/airflow/dags/ipc_dag.py
[2024-11-03T00:10:33.765+0000] {logging_mixin.py:190} INFO - [2024-11-03T00:10:33.764+0000] {dag.py:3239} INFO - Sync 1 DAGs
[2024-11-03T00:10:33.800+0000] {logging_mixin.py:190} INFO - [2024-11-03T00:10:33.799+0000] {dag.py:4180} INFO - Setting next_dagrun for ipc_inflation_v03 to 2024-11-03 00:00:00+00:00, run_after=2024-11-04 00:00:00+00:00
[2024-11-03T00:10:33.822+0000] {processor.py:208} INFO - Processing /opt/airflow/dags/ipc_dag.py took 0.206 seconds
[2024-11-03T00:11:04.300+0000] {processor.py:186} INFO - Started process (PID=14265) to work on /opt/airflow/dags/ipc_dag.py
[2024-11-03T00:11:04.302+0000] {processor.py:914} INFO - Processing file /opt/airflow/dags/ipc_dag.py for tasks to queue
[2024-11-03T00:11:04.305+0000] {logging_mixin.py:190} INFO - [2024-11-03T00:11:04.304+0000] {dagbag.py:588} INFO - Filling up the DagBag from /opt/airflow/dags/ipc_dag.py
[2024-11-03T00:11:04.415+0000] {processor.py:925} INFO - DAG(s) 'ipc_inflation_v03' retrieved from /opt/airflow/dags/ipc_dag.py
[2024-11-03T00:11:04.442+0000] {logging_mixin.py:190} INFO - [2024-11-03T00:11:04.442+0000] {dag.py:3239} INFO - Sync 1 DAGs
[2024-11-03T00:11:04.473+0000] {logging_mixin.py:190} INFO - [2024-11-03T00:11:04.473+0000] {dag.py:4180} INFO - Setting next_dagrun for ipc_inflation_v03 to 2024-11-03 00:00:00+00:00, run_after=2024-11-04 00:00:00+00:00
[2024-11-03T00:11:04.495+0000] {processor.py:208} INFO - Processing /opt/airflow/dags/ipc_dag.py took 0.203 seconds
[2024-11-03T00:11:34.991+0000] {processor.py:186} INFO - Started process (PID=14291) to work on /opt/airflow/dags/ipc_dag.py
[2024-11-03T00:11:34.992+0000] {processor.py:914} INFO - Processing file /opt/airflow/dags/ipc_dag.py for tasks to queue
[2024-11-03T00:11:34.995+0000] {logging_mixin.py:190} INFO - [2024-11-03T00:11:34.994+0000] {dagbag.py:588} INFO - Filling up the DagBag from /opt/airflow/dags/ipc_dag.py
[2024-11-03T00:11:35.160+0000] {processor.py:925} INFO - DAG(s) 'ipc_inflation_v03' retrieved from /opt/airflow/dags/ipc_dag.py
[2024-11-03T00:11:35.188+0000] {logging_mixin.py:190} INFO - [2024-11-03T00:11:35.188+0000] {dag.py:3239} INFO - Sync 1 DAGs
[2024-11-03T00:11:35.220+0000] {logging_mixin.py:190} INFO - [2024-11-03T00:11:35.219+0000] {dag.py:4180} INFO - Setting next_dagrun for ipc_inflation_v03 to 2024-11-03 00:00:00+00:00, run_after=2024-11-04 00:00:00+00:00
[2024-11-03T00:11:35.243+0000] {processor.py:208} INFO - Processing /opt/airflow/dags/ipc_dag.py took 0.263 seconds
[2024-11-03T00:12:05.453+0000] {processor.py:186} INFO - Started process (PID=14317) to work on /opt/airflow/dags/ipc_dag.py
[2024-11-03T00:12:05.455+0000] {processor.py:914} INFO - Processing file /opt/airflow/dags/ipc_dag.py for tasks to queue
[2024-11-03T00:12:05.457+0000] {logging_mixin.py:190} INFO - [2024-11-03T00:12:05.457+0000] {dagbag.py:588} INFO - Filling up the DagBag from /opt/airflow/dags/ipc_dag.py
[2024-11-03T00:12:05.562+0000] {processor.py:925} INFO - DAG(s) 'ipc_inflation_v03' retrieved from /opt/airflow/dags/ipc_dag.py
[2024-11-03T00:12:05.587+0000] {logging_mixin.py:190} INFO - [2024-11-03T00:12:05.587+0000] {dag.py:3239} INFO - Sync 1 DAGs
[2024-11-03T00:12:05.617+0000] {logging_mixin.py:190} INFO - [2024-11-03T00:12:05.617+0000] {dag.py:4180} INFO - Setting next_dagrun for ipc_inflation_v03 to 2024-11-03 00:00:00+00:00, run_after=2024-11-04 00:00:00+00:00
[2024-11-03T00:12:05.639+0000] {processor.py:208} INFO - Processing /opt/airflow/dags/ipc_dag.py took 0.195 seconds
[2024-11-03T00:12:36.107+0000] {processor.py:186} INFO - Started process (PID=14343) to work on /opt/airflow/dags/ipc_dag.py
[2024-11-03T00:12:36.108+0000] {processor.py:914} INFO - Processing file /opt/airflow/dags/ipc_dag.py for tasks to queue
[2024-11-03T00:12:36.111+0000] {logging_mixin.py:190} INFO - [2024-11-03T00:12:36.110+0000] {dagbag.py:588} INFO - Filling up the DagBag from /opt/airflow/dags/ipc_dag.py
[2024-11-03T00:12:36.219+0000] {processor.py:925} INFO - DAG(s) 'ipc_inflation_v03' retrieved from /opt/airflow/dags/ipc_dag.py
[2024-11-03T00:12:36.245+0000] {logging_mixin.py:190} INFO - [2024-11-03T00:12:36.244+0000] {dag.py:3239} INFO - Sync 1 DAGs
[2024-11-03T00:12:36.275+0000] {logging_mixin.py:190} INFO - [2024-11-03T00:12:36.274+0000] {dag.py:4180} INFO - Setting next_dagrun for ipc_inflation_v03 to 2024-11-03 00:00:00+00:00, run_after=2024-11-04 00:00:00+00:00
[2024-11-03T00:12:36.296+0000] {processor.py:208} INFO - Processing /opt/airflow/dags/ipc_dag.py took 0.198 seconds
[2024-11-03T00:13:06.758+0000] {processor.py:186} INFO - Started process (PID=14369) to work on /opt/airflow/dags/ipc_dag.py
[2024-11-03T00:13:06.759+0000] {processor.py:914} INFO - Processing file /opt/airflow/dags/ipc_dag.py for tasks to queue
[2024-11-03T00:13:06.761+0000] {logging_mixin.py:190} INFO - [2024-11-03T00:13:06.761+0000] {dagbag.py:588} INFO - Filling up the DagBag from /opt/airflow/dags/ipc_dag.py
[2024-11-03T00:13:06.866+0000] {processor.py:925} INFO - DAG(s) 'ipc_inflation_v03' retrieved from /opt/airflow/dags/ipc_dag.py
[2024-11-03T00:13:06.891+0000] {logging_mixin.py:190} INFO - [2024-11-03T00:13:06.890+0000] {dag.py:3239} INFO - Sync 1 DAGs
[2024-11-03T00:13:06.920+0000] {logging_mixin.py:190} INFO - [2024-11-03T00:13:06.920+0000] {dag.py:4180} INFO - Setting next_dagrun for ipc_inflation_v03 to 2024-11-03 00:00:00+00:00, run_after=2024-11-04 00:00:00+00:00
[2024-11-03T00:13:06.941+0000] {processor.py:208} INFO - Processing /opt/airflow/dags/ipc_dag.py took 0.189 seconds
[2024-11-03T00:13:37.419+0000] {processor.py:186} INFO - Started process (PID=14395) to work on /opt/airflow/dags/ipc_dag.py
[2024-11-03T00:13:37.420+0000] {processor.py:914} INFO - Processing file /opt/airflow/dags/ipc_dag.py for tasks to queue
[2024-11-03T00:13:37.423+0000] {logging_mixin.py:190} INFO - [2024-11-03T00:13:37.423+0000] {dagbag.py:588} INFO - Filling up the DagBag from /opt/airflow/dags/ipc_dag.py
[2024-11-03T00:13:37.538+0000] {processor.py:925} INFO - DAG(s) 'ipc_inflation_v03' retrieved from /opt/airflow/dags/ipc_dag.py
[2024-11-03T00:13:37.565+0000] {logging_mixin.py:190} INFO - [2024-11-03T00:13:37.564+0000] {dag.py:3239} INFO - Sync 1 DAGs
[2024-11-03T00:13:37.594+0000] {logging_mixin.py:190} INFO - [2024-11-03T00:13:37.594+0000] {dag.py:4180} INFO - Setting next_dagrun for ipc_inflation_v03 to 2024-11-03 00:00:00+00:00, run_after=2024-11-04 00:00:00+00:00
[2024-11-03T00:13:37.615+0000] {processor.py:208} INFO - Processing /opt/airflow/dags/ipc_dag.py took 0.205 seconds
[2024-11-03T00:14:08.093+0000] {processor.py:186} INFO - Started process (PID=14421) to work on /opt/airflow/dags/ipc_dag.py
[2024-11-03T00:14:08.094+0000] {processor.py:914} INFO - Processing file /opt/airflow/dags/ipc_dag.py for tasks to queue
[2024-11-03T00:14:08.096+0000] {logging_mixin.py:190} INFO - [2024-11-03T00:14:08.096+0000] {dagbag.py:588} INFO - Filling up the DagBag from /opt/airflow/dags/ipc_dag.py
[2024-11-03T00:14:08.200+0000] {processor.py:925} INFO - DAG(s) 'ipc_inflation_v03' retrieved from /opt/airflow/dags/ipc_dag.py
[2024-11-03T00:14:08.227+0000] {logging_mixin.py:190} INFO - [2024-11-03T00:14:08.227+0000] {dag.py:3239} INFO - Sync 1 DAGs
[2024-11-03T00:14:08.255+0000] {logging_mixin.py:190} INFO - [2024-11-03T00:14:08.255+0000] {dag.py:4180} INFO - Setting next_dagrun for ipc_inflation_v03 to 2024-11-03 00:00:00+00:00, run_after=2024-11-04 00:00:00+00:00
[2024-11-03T00:14:08.277+0000] {processor.py:208} INFO - Processing /opt/airflow/dags/ipc_dag.py took 0.191 seconds
[2024-11-03T00:14:38.736+0000] {processor.py:186} INFO - Started process (PID=14447) to work on /opt/airflow/dags/ipc_dag.py
[2024-11-03T00:14:38.736+0000] {processor.py:914} INFO - Processing file /opt/airflow/dags/ipc_dag.py for tasks to queue
[2024-11-03T00:14:38.739+0000] {logging_mixin.py:190} INFO - [2024-11-03T00:14:38.738+0000] {dagbag.py:588} INFO - Filling up the DagBag from /opt/airflow/dags/ipc_dag.py
[2024-11-03T00:14:38.844+0000] {processor.py:925} INFO - DAG(s) 'ipc_inflation_v03' retrieved from /opt/airflow/dags/ipc_dag.py
[2024-11-03T00:14:38.873+0000] {logging_mixin.py:190} INFO - [2024-11-03T00:14:38.873+0000] {dag.py:3239} INFO - Sync 1 DAGs
[2024-11-03T00:14:38.904+0000] {logging_mixin.py:190} INFO - [2024-11-03T00:14:38.903+0000] {dag.py:4180} INFO - Setting next_dagrun for ipc_inflation_v03 to 2024-11-03 00:00:00+00:00, run_after=2024-11-04 00:00:00+00:00
[2024-11-03T00:14:38.926+0000] {processor.py:208} INFO - Processing /opt/airflow/dags/ipc_dag.py took 0.200 seconds
[2024-11-03T00:15:09.408+0000] {processor.py:186} INFO - Started process (PID=14473) to work on /opt/airflow/dags/ipc_dag.py
[2024-11-03T00:15:09.409+0000] {processor.py:914} INFO - Processing file /opt/airflow/dags/ipc_dag.py for tasks to queue
[2024-11-03T00:15:09.411+0000] {logging_mixin.py:190} INFO - [2024-11-03T00:15:09.411+0000] {dagbag.py:588} INFO - Filling up the DagBag from /opt/airflow/dags/ipc_dag.py
[2024-11-03T00:15:09.526+0000] {processor.py:925} INFO - DAG(s) 'ipc_inflation_v03' retrieved from /opt/airflow/dags/ipc_dag.py
[2024-11-03T00:15:09.552+0000] {logging_mixin.py:190} INFO - [2024-11-03T00:15:09.552+0000] {dag.py:3239} INFO - Sync 1 DAGs
[2024-11-03T00:15:09.583+0000] {logging_mixin.py:190} INFO - [2024-11-03T00:15:09.583+0000] {dag.py:4180} INFO - Setting next_dagrun for ipc_inflation_v03 to 2024-11-03 00:00:00+00:00, run_after=2024-11-04 00:00:00+00:00
[2024-11-03T00:15:09.606+0000] {processor.py:208} INFO - Processing /opt/airflow/dags/ipc_dag.py took 0.205 seconds
[2024-11-03T00:15:39.862+0000] {processor.py:186} INFO - Started process (PID=14499) to work on /opt/airflow/dags/ipc_dag.py
[2024-11-03T00:15:39.863+0000] {processor.py:914} INFO - Processing file /opt/airflow/dags/ipc_dag.py for tasks to queue
[2024-11-03T00:15:39.868+0000] {logging_mixin.py:190} INFO - [2024-11-03T00:15:39.867+0000] {dagbag.py:588} INFO - Filling up the DagBag from /opt/airflow/dags/ipc_dag.py
[2024-11-03T00:15:40.049+0000] {processor.py:925} INFO - DAG(s) 'ipc_inflation_v03' retrieved from /opt/airflow/dags/ipc_dag.py
[2024-11-03T00:15:40.101+0000] {logging_mixin.py:190} INFO - [2024-11-03T00:15:40.100+0000] {dag.py:3239} INFO - Sync 1 DAGs
[2024-11-03T00:15:40.156+0000] {logging_mixin.py:190} INFO - [2024-11-03T00:15:40.153+0000] {dag.py:4180} INFO - Setting next_dagrun for ipc_inflation_v03 to 2024-11-03 00:00:00+00:00, run_after=2024-11-04 00:00:00+00:00
[2024-11-03T00:15:40.200+0000] {processor.py:208} INFO - Processing /opt/airflow/dags/ipc_dag.py took 0.346 seconds
[2024-11-03T00:16:10.644+0000] {processor.py:186} INFO - Started process (PID=14525) to work on /opt/airflow/dags/ipc_dag.py
[2024-11-03T00:16:10.645+0000] {processor.py:914} INFO - Processing file /opt/airflow/dags/ipc_dag.py for tasks to queue
[2024-11-03T00:16:10.648+0000] {logging_mixin.py:190} INFO - [2024-11-03T00:16:10.648+0000] {dagbag.py:588} INFO - Filling up the DagBag from /opt/airflow/dags/ipc_dag.py
[2024-11-03T00:16:10.782+0000] {processor.py:925} INFO - DAG(s) 'ipc_inflation_v03' retrieved from /opt/airflow/dags/ipc_dag.py
[2024-11-03T00:16:10.815+0000] {logging_mixin.py:190} INFO - [2024-11-03T00:16:10.815+0000] {dag.py:3239} INFO - Sync 1 DAGs
[2024-11-03T00:16:10.853+0000] {logging_mixin.py:190} INFO - [2024-11-03T00:16:10.853+0000] {dag.py:4180} INFO - Setting next_dagrun for ipc_inflation_v03 to 2024-11-03 00:00:00+00:00, run_after=2024-11-04 00:00:00+00:00
[2024-11-03T00:16:10.876+0000] {processor.py:208} INFO - Processing /opt/airflow/dags/ipc_dag.py took 0.240 seconds
[2024-11-03T00:16:41.349+0000] {processor.py:186} INFO - Started process (PID=14551) to work on /opt/airflow/dags/ipc_dag.py
[2024-11-03T00:16:41.350+0000] {processor.py:914} INFO - Processing file /opt/airflow/dags/ipc_dag.py for tasks to queue
[2024-11-03T00:16:41.353+0000] {logging_mixin.py:190} INFO - [2024-11-03T00:16:41.352+0000] {dagbag.py:588} INFO - Filling up the DagBag from /opt/airflow/dags/ipc_dag.py
[2024-11-03T00:16:41.493+0000] {processor.py:925} INFO - DAG(s) 'ipc_inflation_v03' retrieved from /opt/airflow/dags/ipc_dag.py
[2024-11-03T00:16:41.530+0000] {logging_mixin.py:190} INFO - [2024-11-03T00:16:41.530+0000] {dag.py:3239} INFO - Sync 1 DAGs
[2024-11-03T00:16:41.568+0000] {logging_mixin.py:190} INFO - [2024-11-03T00:16:41.568+0000] {dag.py:4180} INFO - Setting next_dagrun for ipc_inflation_v03 to 2024-11-03 00:00:00+00:00, run_after=2024-11-04 00:00:00+00:00
[2024-11-03T00:16:41.592+0000] {processor.py:208} INFO - Processing /opt/airflow/dags/ipc_dag.py took 0.251 seconds
[2024-11-03T00:17:12.058+0000] {processor.py:186} INFO - Started process (PID=14577) to work on /opt/airflow/dags/ipc_dag.py
[2024-11-03T00:17:12.060+0000] {processor.py:914} INFO - Processing file /opt/airflow/dags/ipc_dag.py for tasks to queue
[2024-11-03T00:17:12.065+0000] {logging_mixin.py:190} INFO - [2024-11-03T00:17:12.064+0000] {dagbag.py:588} INFO - Filling up the DagBag from /opt/airflow/dags/ipc_dag.py
[2024-11-03T00:17:12.248+0000] {processor.py:925} INFO - DAG(s) 'ipc_inflation_v03' retrieved from /opt/airflow/dags/ipc_dag.py
[2024-11-03T00:17:12.292+0000] {logging_mixin.py:190} INFO - [2024-11-03T00:17:12.292+0000] {dag.py:3239} INFO - Sync 1 DAGs
[2024-11-03T00:17:12.346+0000] {logging_mixin.py:190} INFO - [2024-11-03T00:17:12.346+0000] {dag.py:4180} INFO - Setting next_dagrun for ipc_inflation_v03 to 2024-11-03 00:00:00+00:00, run_after=2024-11-04 00:00:00+00:00
[2024-11-03T00:17:12.382+0000] {processor.py:208} INFO - Processing /opt/airflow/dags/ipc_dag.py took 0.336 seconds
[2024-11-03T00:17:42.617+0000] {processor.py:186} INFO - Started process (PID=14603) to work on /opt/airflow/dags/ipc_dag.py
[2024-11-03T00:17:42.618+0000] {processor.py:914} INFO - Processing file /opt/airflow/dags/ipc_dag.py for tasks to queue
[2024-11-03T00:17:42.622+0000] {logging_mixin.py:190} INFO - [2024-11-03T00:17:42.621+0000] {dagbag.py:588} INFO - Filling up the DagBag from /opt/airflow/dags/ipc_dag.py
[2024-11-03T00:17:42.749+0000] {processor.py:925} INFO - DAG(s) 'ipc_inflation_v03' retrieved from /opt/airflow/dags/ipc_dag.py
[2024-11-03T00:17:42.780+0000] {logging_mixin.py:190} INFO - [2024-11-03T00:17:42.779+0000] {dag.py:3239} INFO - Sync 1 DAGs
[2024-11-03T00:17:42.815+0000] {logging_mixin.py:190} INFO - [2024-11-03T00:17:42.815+0000] {dag.py:4180} INFO - Setting next_dagrun for ipc_inflation_v03 to 2024-11-03 00:00:00+00:00, run_after=2024-11-04 00:00:00+00:00
[2024-11-03T00:17:42.838+0000] {processor.py:208} INFO - Processing /opt/airflow/dags/ipc_dag.py took 0.228 seconds
[2024-11-03T00:18:13.310+0000] {processor.py:186} INFO - Started process (PID=14629) to work on /opt/airflow/dags/ipc_dag.py
[2024-11-03T00:18:13.311+0000] {processor.py:914} INFO - Processing file /opt/airflow/dags/ipc_dag.py for tasks to queue
[2024-11-03T00:18:13.314+0000] {logging_mixin.py:190} INFO - [2024-11-03T00:18:13.313+0000] {dagbag.py:588} INFO - Filling up the DagBag from /opt/airflow/dags/ipc_dag.py
[2024-11-03T00:18:13.452+0000] {processor.py:925} INFO - DAG(s) 'ipc_inflation_v03' retrieved from /opt/airflow/dags/ipc_dag.py
[2024-11-03T00:18:13.494+0000] {logging_mixin.py:190} INFO - [2024-11-03T00:18:13.494+0000] {dag.py:3239} INFO - Sync 1 DAGs
[2024-11-03T00:18:13.538+0000] {logging_mixin.py:190} INFO - [2024-11-03T00:18:13.538+0000] {dag.py:4180} INFO - Setting next_dagrun for ipc_inflation_v03 to 2024-11-03 00:00:00+00:00, run_after=2024-11-04 00:00:00+00:00
[2024-11-03T00:18:13.567+0000] {processor.py:208} INFO - Processing /opt/airflow/dags/ipc_dag.py took 0.268 seconds
[2024-11-03T00:18:44.021+0000] {processor.py:186} INFO - Started process (PID=14655) to work on /opt/airflow/dags/ipc_dag.py
[2024-11-03T00:18:44.024+0000] {processor.py:914} INFO - Processing file /opt/airflow/dags/ipc_dag.py for tasks to queue
[2024-11-03T00:18:44.027+0000] {logging_mixin.py:190} INFO - [2024-11-03T00:18:44.027+0000] {dagbag.py:588} INFO - Filling up the DagBag from /opt/airflow/dags/ipc_dag.py
[2024-11-03T00:18:44.144+0000] {processor.py:925} INFO - DAG(s) 'ipc_inflation_v03' retrieved from /opt/airflow/dags/ipc_dag.py
[2024-11-03T00:18:44.172+0000] {logging_mixin.py:190} INFO - [2024-11-03T00:18:44.172+0000] {dag.py:3239} INFO - Sync 1 DAGs
[2024-11-03T00:18:44.208+0000] {logging_mixin.py:190} INFO - [2024-11-03T00:18:44.208+0000] {dag.py:4180} INFO - Setting next_dagrun for ipc_inflation_v03 to 2024-11-03 00:00:00+00:00, run_after=2024-11-04 00:00:00+00:00
[2024-11-03T00:18:44.230+0000] {processor.py:208} INFO - Processing /opt/airflow/dags/ipc_dag.py took 0.221 seconds
[2024-11-03T00:19:14.738+0000] {processor.py:186} INFO - Started process (PID=14681) to work on /opt/airflow/dags/ipc_dag.py
[2024-11-03T00:19:14.739+0000] {processor.py:914} INFO - Processing file /opt/airflow/dags/ipc_dag.py for tasks to queue
[2024-11-03T00:19:14.742+0000] {logging_mixin.py:190} INFO - [2024-11-03T00:19:14.741+0000] {dagbag.py:588} INFO - Filling up the DagBag from /opt/airflow/dags/ipc_dag.py
[2024-11-03T00:19:14.860+0000] {processor.py:925} INFO - DAG(s) 'ipc_inflation_v03' retrieved from /opt/airflow/dags/ipc_dag.py
[2024-11-03T00:19:14.889+0000] {logging_mixin.py:190} INFO - [2024-11-03T00:19:14.888+0000] {dag.py:3239} INFO - Sync 1 DAGs
[2024-11-03T00:19:14.927+0000] {logging_mixin.py:190} INFO - [2024-11-03T00:19:14.927+0000] {dag.py:4180} INFO - Setting next_dagrun for ipc_inflation_v03 to 2024-11-03 00:00:00+00:00, run_after=2024-11-04 00:00:00+00:00
[2024-11-03T00:19:14.951+0000] {processor.py:208} INFO - Processing /opt/airflow/dags/ipc_dag.py took 0.219 seconds
[2024-11-03T00:19:45.446+0000] {processor.py:186} INFO - Started process (PID=14707) to work on /opt/airflow/dags/ipc_dag.py
[2024-11-03T00:19:45.448+0000] {processor.py:914} INFO - Processing file /opt/airflow/dags/ipc_dag.py for tasks to queue
[2024-11-03T00:19:45.450+0000] {logging_mixin.py:190} INFO - [2024-11-03T00:19:45.450+0000] {dagbag.py:588} INFO - Filling up the DagBag from /opt/airflow/dags/ipc_dag.py
[2024-11-03T00:19:45.585+0000] {processor.py:925} INFO - DAG(s) 'ipc_inflation_v03' retrieved from /opt/airflow/dags/ipc_dag.py
[2024-11-03T00:19:45.614+0000] {logging_mixin.py:190} INFO - [2024-11-03T00:19:45.614+0000] {dag.py:3239} INFO - Sync 1 DAGs
[2024-11-03T00:19:45.646+0000] {logging_mixin.py:190} INFO - [2024-11-03T00:19:45.645+0000] {dag.py:4180} INFO - Setting next_dagrun for ipc_inflation_v03 to 2024-11-03 00:00:00+00:00, run_after=2024-11-04 00:00:00+00:00
[2024-11-03T00:19:45.670+0000] {processor.py:208} INFO - Processing /opt/airflow/dags/ipc_dag.py took 0.231 seconds
[2024-11-03T00:20:16.163+0000] {processor.py:186} INFO - Started process (PID=14733) to work on /opt/airflow/dags/ipc_dag.py
[2024-11-03T00:20:16.164+0000] {processor.py:914} INFO - Processing file /opt/airflow/dags/ipc_dag.py for tasks to queue
[2024-11-03T00:20:16.167+0000] {logging_mixin.py:190} INFO - [2024-11-03T00:20:16.167+0000] {dagbag.py:588} INFO - Filling up the DagBag from /opt/airflow/dags/ipc_dag.py
[2024-11-03T00:20:16.278+0000] {processor.py:925} INFO - DAG(s) 'ipc_inflation_v03' retrieved from /opt/airflow/dags/ipc_dag.py
[2024-11-03T00:20:16.304+0000] {logging_mixin.py:190} INFO - [2024-11-03T00:20:16.304+0000] {dag.py:3239} INFO - Sync 1 DAGs
[2024-11-03T00:20:16.332+0000] {logging_mixin.py:190} INFO - [2024-11-03T00:20:16.332+0000] {dag.py:4180} INFO - Setting next_dagrun for ipc_inflation_v03 to 2024-11-03 00:00:00+00:00, run_after=2024-11-04 00:00:00+00:00
[2024-11-03T00:20:16.353+0000] {processor.py:208} INFO - Processing /opt/airflow/dags/ipc_dag.py took 0.199 seconds
[2024-11-03T00:20:46.819+0000] {processor.py:186} INFO - Started process (PID=14759) to work on /opt/airflow/dags/ipc_dag.py
[2024-11-03T00:20:46.820+0000] {processor.py:914} INFO - Processing file /opt/airflow/dags/ipc_dag.py for tasks to queue
[2024-11-03T00:20:46.823+0000] {logging_mixin.py:190} INFO - [2024-11-03T00:20:46.823+0000] {dagbag.py:588} INFO - Filling up the DagBag from /opt/airflow/dags/ipc_dag.py
[2024-11-03T00:20:46.930+0000] {processor.py:925} INFO - DAG(s) 'ipc_inflation_v03' retrieved from /opt/airflow/dags/ipc_dag.py
[2024-11-03T00:20:46.955+0000] {logging_mixin.py:190} INFO - [2024-11-03T00:20:46.955+0000] {dag.py:3239} INFO - Sync 1 DAGs
[2024-11-03T00:20:46.983+0000] {logging_mixin.py:190} INFO - [2024-11-03T00:20:46.983+0000] {dag.py:4180} INFO - Setting next_dagrun for ipc_inflation_v03 to 2024-11-03 00:00:00+00:00, run_after=2024-11-04 00:00:00+00:00
[2024-11-03T00:20:47.000+0000] {processor.py:208} INFO - Processing /opt/airflow/dags/ipc_dag.py took 0.191 seconds
[2024-11-03T00:21:17.490+0000] {processor.py:186} INFO - Started process (PID=14785) to work on /opt/airflow/dags/ipc_dag.py
[2024-11-03T00:21:17.491+0000] {processor.py:914} INFO - Processing file /opt/airflow/dags/ipc_dag.py for tasks to queue
[2024-11-03T00:21:17.495+0000] {logging_mixin.py:190} INFO - [2024-11-03T00:21:17.494+0000] {dagbag.py:588} INFO - Filling up the DagBag from /opt/airflow/dags/ipc_dag.py
[2024-11-03T00:21:17.606+0000] {processor.py:925} INFO - DAG(s) 'ipc_inflation_v03' retrieved from /opt/airflow/dags/ipc_dag.py
[2024-11-03T00:21:17.632+0000] {logging_mixin.py:190} INFO - [2024-11-03T00:21:17.631+0000] {dag.py:3239} INFO - Sync 1 DAGs
[2024-11-03T00:21:17.663+0000] {logging_mixin.py:190} INFO - [2024-11-03T00:21:17.662+0000] {dag.py:4180} INFO - Setting next_dagrun for ipc_inflation_v03 to 2024-11-03 00:00:00+00:00, run_after=2024-11-04 00:00:00+00:00
[2024-11-03T00:21:17.685+0000] {processor.py:208} INFO - Processing /opt/airflow/dags/ipc_dag.py took 0.203 seconds
[2024-11-03T00:21:48.143+0000] {processor.py:186} INFO - Started process (PID=14811) to work on /opt/airflow/dags/ipc_dag.py
[2024-11-03T00:21:48.145+0000] {processor.py:914} INFO - Processing file /opt/airflow/dags/ipc_dag.py for tasks to queue
[2024-11-03T00:21:48.148+0000] {logging_mixin.py:190} INFO - [2024-11-03T00:21:48.147+0000] {dagbag.py:588} INFO - Filling up the DagBag from /opt/airflow/dags/ipc_dag.py
[2024-11-03T00:21:48.252+0000] {processor.py:925} INFO - DAG(s) 'ipc_inflation_v03' retrieved from /opt/airflow/dags/ipc_dag.py
[2024-11-03T00:21:48.290+0000] {logging_mixin.py:190} INFO - [2024-11-03T00:21:48.290+0000] {dag.py:3239} INFO - Sync 1 DAGs
[2024-11-03T00:21:48.346+0000] {logging_mixin.py:190} INFO - [2024-11-03T00:21:48.345+0000] {dag.py:4180} INFO - Setting next_dagrun for ipc_inflation_v03 to 2024-11-03 00:00:00+00:00, run_after=2024-11-04 00:00:00+00:00
[2024-11-03T00:21:48.370+0000] {processor.py:208} INFO - Processing /opt/airflow/dags/ipc_dag.py took 0.236 seconds
[2024-11-03T00:22:18.593+0000] {processor.py:186} INFO - Started process (PID=14837) to work on /opt/airflow/dags/ipc_dag.py
[2024-11-03T00:22:18.594+0000] {processor.py:914} INFO - Processing file /opt/airflow/dags/ipc_dag.py for tasks to queue
[2024-11-03T00:22:18.597+0000] {logging_mixin.py:190} INFO - [2024-11-03T00:22:18.596+0000] {dagbag.py:588} INFO - Filling up the DagBag from /opt/airflow/dags/ipc_dag.py
[2024-11-03T00:22:18.702+0000] {processor.py:925} INFO - DAG(s) 'ipc_inflation_v03' retrieved from /opt/airflow/dags/ipc_dag.py
[2024-11-03T00:22:18.740+0000] {logging_mixin.py:190} INFO - [2024-11-03T00:22:18.740+0000] {dag.py:3239} INFO - Sync 1 DAGs
[2024-11-03T00:22:18.779+0000] {logging_mixin.py:190} INFO - [2024-11-03T00:22:18.779+0000] {dag.py:4180} INFO - Setting next_dagrun for ipc_inflation_v03 to 2024-11-03 00:00:00+00:00, run_after=2024-11-04 00:00:00+00:00
[2024-11-03T00:22:18.804+0000] {processor.py:208} INFO - Processing /opt/airflow/dags/ipc_dag.py took 0.218 seconds
[2024-11-03T00:22:49.282+0000] {processor.py:186} INFO - Started process (PID=14863) to work on /opt/airflow/dags/ipc_dag.py
[2024-11-03T00:22:49.284+0000] {processor.py:914} INFO - Processing file /opt/airflow/dags/ipc_dag.py for tasks to queue
[2024-11-03T00:22:49.286+0000] {logging_mixin.py:190} INFO - [2024-11-03T00:22:49.286+0000] {dagbag.py:588} INFO - Filling up the DagBag from /opt/airflow/dags/ipc_dag.py
[2024-11-03T00:22:49.398+0000] {processor.py:925} INFO - DAG(s) 'ipc_inflation_v03' retrieved from /opt/airflow/dags/ipc_dag.py
[2024-11-03T00:22:49.426+0000] {logging_mixin.py:190} INFO - [2024-11-03T00:22:49.425+0000] {dag.py:3239} INFO - Sync 1 DAGs
[2024-11-03T00:22:49.459+0000] {logging_mixin.py:190} INFO - [2024-11-03T00:22:49.459+0000] {dag.py:4180} INFO - Setting next_dagrun for ipc_inflation_v03 to 2024-11-03 00:00:00+00:00, run_after=2024-11-04 00:00:00+00:00
[2024-11-03T00:22:49.482+0000] {processor.py:208} INFO - Processing /opt/airflow/dags/ipc_dag.py took 0.208 seconds
[2024-11-03T00:23:20.040+0000] {processor.py:186} INFO - Started process (PID=14889) to work on /opt/airflow/dags/ipc_dag.py
[2024-11-03T00:23:20.041+0000] {processor.py:914} INFO - Processing file /opt/airflow/dags/ipc_dag.py for tasks to queue
[2024-11-03T00:23:20.044+0000] {logging_mixin.py:190} INFO - [2024-11-03T00:23:20.043+0000] {dagbag.py:588} INFO - Filling up the DagBag from /opt/airflow/dags/ipc_dag.py
[2024-11-03T00:23:20.172+0000] {processor.py:925} INFO - DAG(s) 'ipc_inflation_v03' retrieved from /opt/airflow/dags/ipc_dag.py
[2024-11-03T00:23:20.196+0000] {logging_mixin.py:190} INFO - [2024-11-03T00:23:20.196+0000] {dag.py:3239} INFO - Sync 1 DAGs
[2024-11-03T00:23:20.227+0000] {logging_mixin.py:190} INFO - [2024-11-03T00:23:20.227+0000] {dag.py:4180} INFO - Setting next_dagrun for ipc_inflation_v03 to 2024-11-03 00:00:00+00:00, run_after=2024-11-04 00:00:00+00:00
[2024-11-03T00:23:20.248+0000] {processor.py:208} INFO - Processing /opt/airflow/dags/ipc_dag.py took 0.217 seconds
[2024-11-03T00:23:50.726+0000] {processor.py:186} INFO - Started process (PID=14915) to work on /opt/airflow/dags/ipc_dag.py
[2024-11-03T00:23:50.727+0000] {processor.py:914} INFO - Processing file /opt/airflow/dags/ipc_dag.py for tasks to queue
[2024-11-03T00:23:50.730+0000] {logging_mixin.py:190} INFO - [2024-11-03T00:23:50.730+0000] {dagbag.py:588} INFO - Filling up the DagBag from /opt/airflow/dags/ipc_dag.py
[2024-11-03T00:23:50.832+0000] {processor.py:925} INFO - DAG(s) 'ipc_inflation_v03' retrieved from /opt/airflow/dags/ipc_dag.py
[2024-11-03T00:23:50.858+0000] {logging_mixin.py:190} INFO - [2024-11-03T00:23:50.857+0000] {dag.py:3239} INFO - Sync 1 DAGs
[2024-11-03T00:23:50.886+0000] {logging_mixin.py:190} INFO - [2024-11-03T00:23:50.885+0000] {dag.py:4180} INFO - Setting next_dagrun for ipc_inflation_v03 to 2024-11-03 00:00:00+00:00, run_after=2024-11-04 00:00:00+00:00
[2024-11-03T00:23:50.915+0000] {processor.py:208} INFO - Processing /opt/airflow/dags/ipc_dag.py took 0.197 seconds
[2024-11-03T00:24:21.197+0000] {processor.py:186} INFO - Started process (PID=14941) to work on /opt/airflow/dags/ipc_dag.py
[2024-11-03T00:24:21.198+0000] {processor.py:914} INFO - Processing file /opt/airflow/dags/ipc_dag.py for tasks to queue
[2024-11-03T00:24:21.201+0000] {logging_mixin.py:190} INFO - [2024-11-03T00:24:21.201+0000] {dagbag.py:588} INFO - Filling up the DagBag from /opt/airflow/dags/ipc_dag.py
[2024-11-03T00:24:21.313+0000] {processor.py:925} INFO - DAG(s) 'ipc_inflation_v03' retrieved from /opt/airflow/dags/ipc_dag.py
[2024-11-03T00:24:21.341+0000] {logging_mixin.py:190} INFO - [2024-11-03T00:24:21.341+0000] {dag.py:3239} INFO - Sync 1 DAGs
[2024-11-03T00:24:21.372+0000] {logging_mixin.py:190} INFO - [2024-11-03T00:24:21.372+0000] {dag.py:4180} INFO - Setting next_dagrun for ipc_inflation_v03 to 2024-11-03 00:00:00+00:00, run_after=2024-11-04 00:00:00+00:00
[2024-11-03T00:24:21.394+0000] {processor.py:208} INFO - Processing /opt/airflow/dags/ipc_dag.py took 0.207 seconds
[2024-11-03T00:24:51.853+0000] {processor.py:186} INFO - Started process (PID=14967) to work on /opt/airflow/dags/ipc_dag.py
[2024-11-03T00:24:51.853+0000] {processor.py:914} INFO - Processing file /opt/airflow/dags/ipc_dag.py for tasks to queue
[2024-11-03T00:24:51.856+0000] {logging_mixin.py:190} INFO - [2024-11-03T00:24:51.856+0000] {dagbag.py:588} INFO - Filling up the DagBag from /opt/airflow/dags/ipc_dag.py
[2024-11-03T00:24:51.970+0000] {processor.py:925} INFO - DAG(s) 'ipc_inflation_v03' retrieved from /opt/airflow/dags/ipc_dag.py
[2024-11-03T00:24:51.997+0000] {logging_mixin.py:190} INFO - [2024-11-03T00:24:51.997+0000] {dag.py:3239} INFO - Sync 1 DAGs
[2024-11-03T00:24:52.028+0000] {logging_mixin.py:190} INFO - [2024-11-03T00:24:52.028+0000] {dag.py:4180} INFO - Setting next_dagrun for ipc_inflation_v03 to 2024-11-03 00:00:00+00:00, run_after=2024-11-04 00:00:00+00:00
[2024-11-03T00:24:52.049+0000] {processor.py:208} INFO - Processing /opt/airflow/dags/ipc_dag.py took 0.206 seconds
[2024-11-03T00:25:22.484+0000] {processor.py:186} INFO - Started process (PID=14993) to work on /opt/airflow/dags/ipc_dag.py
[2024-11-03T00:25:22.486+0000] {processor.py:914} INFO - Processing file /opt/airflow/dags/ipc_dag.py for tasks to queue
[2024-11-03T00:25:22.488+0000] {logging_mixin.py:190} INFO - [2024-11-03T00:25:22.488+0000] {dagbag.py:588} INFO - Filling up the DagBag from /opt/airflow/dags/ipc_dag.py
[2024-11-03T00:25:22.597+0000] {processor.py:925} INFO - DAG(s) 'ipc_inflation_v03' retrieved from /opt/airflow/dags/ipc_dag.py
[2024-11-03T00:25:22.623+0000] {logging_mixin.py:190} INFO - [2024-11-03T00:25:22.623+0000] {dag.py:3239} INFO - Sync 1 DAGs
[2024-11-03T00:25:22.651+0000] {logging_mixin.py:190} INFO - [2024-11-03T00:25:22.651+0000] {dag.py:4180} INFO - Setting next_dagrun for ipc_inflation_v03 to 2024-11-03 00:00:00+00:00, run_after=2024-11-04 00:00:00+00:00
[2024-11-03T00:25:22.674+0000] {processor.py:208} INFO - Processing /opt/airflow/dags/ipc_dag.py took 0.199 seconds
[2024-11-03T00:25:53.136+0000] {processor.py:186} INFO - Started process (PID=15019) to work on /opt/airflow/dags/ipc_dag.py
[2024-11-03T00:25:53.138+0000] {processor.py:914} INFO - Processing file /opt/airflow/dags/ipc_dag.py for tasks to queue
[2024-11-03T00:25:53.140+0000] {logging_mixin.py:190} INFO - [2024-11-03T00:25:53.139+0000] {dagbag.py:588} INFO - Filling up the DagBag from /opt/airflow/dags/ipc_dag.py
[2024-11-03T00:25:53.241+0000] {processor.py:925} INFO - DAG(s) 'ipc_inflation_v03' retrieved from /opt/airflow/dags/ipc_dag.py
[2024-11-03T00:25:53.269+0000] {logging_mixin.py:190} INFO - [2024-11-03T00:25:53.269+0000] {dag.py:3239} INFO - Sync 1 DAGs
[2024-11-03T00:25:53.297+0000] {logging_mixin.py:190} INFO - [2024-11-03T00:25:53.297+0000] {dag.py:4180} INFO - Setting next_dagrun for ipc_inflation_v03 to 2024-11-03 00:00:00+00:00, run_after=2024-11-04 00:00:00+00:00
[2024-11-03T00:25:53.320+0000] {processor.py:208} INFO - Processing /opt/airflow/dags/ipc_dag.py took 0.190 seconds
[2024-11-03T00:26:23.775+0000] {processor.py:186} INFO - Started process (PID=15045) to work on /opt/airflow/dags/ipc_dag.py
[2024-11-03T00:26:23.776+0000] {processor.py:914} INFO - Processing file /opt/airflow/dags/ipc_dag.py for tasks to queue
[2024-11-03T00:26:23.778+0000] {logging_mixin.py:190} INFO - [2024-11-03T00:26:23.777+0000] {dagbag.py:588} INFO - Filling up the DagBag from /opt/airflow/dags/ipc_dag.py
[2024-11-03T00:26:23.885+0000] {processor.py:925} INFO - DAG(s) 'ipc_inflation_v03' retrieved from /opt/airflow/dags/ipc_dag.py
[2024-11-03T00:26:23.912+0000] {logging_mixin.py:190} INFO - [2024-11-03T00:26:23.912+0000] {dag.py:3239} INFO - Sync 1 DAGs
[2024-11-03T00:26:23.940+0000] {logging_mixin.py:190} INFO - [2024-11-03T00:26:23.940+0000] {dag.py:4180} INFO - Setting next_dagrun for ipc_inflation_v03 to 2024-11-03 00:00:00+00:00, run_after=2024-11-04 00:00:00+00:00
[2024-11-03T00:26:23.965+0000] {processor.py:208} INFO - Processing /opt/airflow/dags/ipc_dag.py took 0.197 seconds
[2024-11-03T00:26:54.422+0000] {processor.py:186} INFO - Started process (PID=15071) to work on /opt/airflow/dags/ipc_dag.py
[2024-11-03T00:26:54.424+0000] {processor.py:914} INFO - Processing file /opt/airflow/dags/ipc_dag.py for tasks to queue
[2024-11-03T00:26:54.426+0000] {logging_mixin.py:190} INFO - [2024-11-03T00:26:54.426+0000] {dagbag.py:588} INFO - Filling up the DagBag from /opt/airflow/dags/ipc_dag.py
[2024-11-03T00:26:54.533+0000] {processor.py:925} INFO - DAG(s) 'ipc_inflation_v03' retrieved from /opt/airflow/dags/ipc_dag.py
[2024-11-03T00:26:54.560+0000] {logging_mixin.py:190} INFO - [2024-11-03T00:26:54.559+0000] {dag.py:3239} INFO - Sync 1 DAGs
[2024-11-03T00:26:54.591+0000] {logging_mixin.py:190} INFO - [2024-11-03T00:26:54.591+0000] {dag.py:4180} INFO - Setting next_dagrun for ipc_inflation_v03 to 2024-11-03 00:00:00+00:00, run_after=2024-11-04 00:00:00+00:00
[2024-11-03T00:26:54.614+0000] {processor.py:208} INFO - Processing /opt/airflow/dags/ipc_dag.py took 0.200 seconds
[2024-11-03T00:27:25.063+0000] {processor.py:186} INFO - Started process (PID=15097) to work on /opt/airflow/dags/ipc_dag.py
[2024-11-03T00:27:25.065+0000] {processor.py:914} INFO - Processing file /opt/airflow/dags/ipc_dag.py for tasks to queue
[2024-11-03T00:27:25.067+0000] {logging_mixin.py:190} INFO - [2024-11-03T00:27:25.067+0000] {dagbag.py:588} INFO - Filling up the DagBag from /opt/airflow/dags/ipc_dag.py
[2024-11-03T00:27:25.174+0000] {processor.py:925} INFO - DAG(s) 'ipc_inflation_v03' retrieved from /opt/airflow/dags/ipc_dag.py
[2024-11-03T00:27:25.200+0000] {logging_mixin.py:190} INFO - [2024-11-03T00:27:25.200+0000] {dag.py:3239} INFO - Sync 1 DAGs
[2024-11-03T00:27:25.234+0000] {logging_mixin.py:190} INFO - [2024-11-03T00:27:25.233+0000] {dag.py:4180} INFO - Setting next_dagrun for ipc_inflation_v03 to 2024-11-03 00:00:00+00:00, run_after=2024-11-04 00:00:00+00:00
[2024-11-03T00:27:25.254+0000] {processor.py:208} INFO - Processing /opt/airflow/dags/ipc_dag.py took 0.199 seconds
[2024-11-03T00:27:55.755+0000] {processor.py:186} INFO - Started process (PID=15123) to work on /opt/airflow/dags/ipc_dag.py
[2024-11-03T00:27:55.756+0000] {processor.py:914} INFO - Processing file /opt/airflow/dags/ipc_dag.py for tasks to queue
[2024-11-03T00:27:55.760+0000] {logging_mixin.py:190} INFO - [2024-11-03T00:27:55.759+0000] {dagbag.py:588} INFO - Filling up the DagBag from /opt/airflow/dags/ipc_dag.py
[2024-11-03T00:27:55.935+0000] {processor.py:925} INFO - DAG(s) 'ipc_inflation_v03' retrieved from /opt/airflow/dags/ipc_dag.py
[2024-11-03T00:27:55.967+0000] {logging_mixin.py:190} INFO - [2024-11-03T00:27:55.967+0000] {dag.py:3239} INFO - Sync 1 DAGs
[2024-11-03T00:27:55.998+0000] {logging_mixin.py:190} INFO - [2024-11-03T00:27:55.997+0000] {dag.py:4180} INFO - Setting next_dagrun for ipc_inflation_v03 to 2024-11-03 00:00:00+00:00, run_after=2024-11-04 00:00:00+00:00
[2024-11-03T00:27:56.023+0000] {processor.py:208} INFO - Processing /opt/airflow/dags/ipc_dag.py took 0.280 seconds
[2024-11-03T00:28:26.592+0000] {processor.py:186} INFO - Started process (PID=15149) to work on /opt/airflow/dags/ipc_dag.py
[2024-11-03T00:28:26.593+0000] {processor.py:914} INFO - Processing file /opt/airflow/dags/ipc_dag.py for tasks to queue
[2024-11-03T00:28:26.595+0000] {logging_mixin.py:190} INFO - [2024-11-03T00:28:26.595+0000] {dagbag.py:588} INFO - Filling up the DagBag from /opt/airflow/dags/ipc_dag.py
[2024-11-03T00:28:26.700+0000] {processor.py:925} INFO - DAG(s) 'ipc_inflation_v03' retrieved from /opt/airflow/dags/ipc_dag.py
[2024-11-03T00:28:26.738+0000] {logging_mixin.py:190} INFO - [2024-11-03T00:28:26.737+0000] {dag.py:3239} INFO - Sync 1 DAGs
[2024-11-03T00:28:26.771+0000] {logging_mixin.py:190} INFO - [2024-11-03T00:28:26.771+0000] {dag.py:4180} INFO - Setting next_dagrun for ipc_inflation_v03 to 2024-11-03 00:00:00+00:00, run_after=2024-11-04 00:00:00+00:00
[2024-11-03T00:28:26.796+0000] {processor.py:208} INFO - Processing /opt/airflow/dags/ipc_dag.py took 0.211 seconds
[2024-11-03T00:28:57.404+0000] {processor.py:186} INFO - Started process (PID=15175) to work on /opt/airflow/dags/ipc_dag.py
[2024-11-03T00:28:57.405+0000] {processor.py:914} INFO - Processing file /opt/airflow/dags/ipc_dag.py for tasks to queue
[2024-11-03T00:28:57.407+0000] {logging_mixin.py:190} INFO - [2024-11-03T00:28:57.407+0000] {dagbag.py:588} INFO - Filling up the DagBag from /opt/airflow/dags/ipc_dag.py
[2024-11-03T00:28:57.512+0000] {processor.py:925} INFO - DAG(s) 'ipc_inflation_v03' retrieved from /opt/airflow/dags/ipc_dag.py
[2024-11-03T00:28:57.537+0000] {logging_mixin.py:190} INFO - [2024-11-03T00:28:57.537+0000] {dag.py:3239} INFO - Sync 1 DAGs
[2024-11-03T00:28:57.567+0000] {logging_mixin.py:190} INFO - [2024-11-03T00:28:57.567+0000] {dag.py:4180} INFO - Setting next_dagrun for ipc_inflation_v03 to 2024-11-03 00:00:00+00:00, run_after=2024-11-04 00:00:00+00:00
[2024-11-03T00:28:57.589+0000] {processor.py:208} INFO - Processing /opt/airflow/dags/ipc_dag.py took 0.192 seconds
[2024-11-03T00:29:28.058+0000] {processor.py:186} INFO - Started process (PID=15201) to work on /opt/airflow/dags/ipc_dag.py
[2024-11-03T00:29:28.060+0000] {processor.py:914} INFO - Processing file /opt/airflow/dags/ipc_dag.py for tasks to queue
[2024-11-03T00:29:28.062+0000] {logging_mixin.py:190} INFO - [2024-11-03T00:29:28.062+0000] {dagbag.py:588} INFO - Filling up the DagBag from /opt/airflow/dags/ipc_dag.py
[2024-11-03T00:29:28.171+0000] {processor.py:925} INFO - DAG(s) 'ipc_inflation_v03' retrieved from /opt/airflow/dags/ipc_dag.py
[2024-11-03T00:29:28.198+0000] {logging_mixin.py:190} INFO - [2024-11-03T00:29:28.197+0000] {dag.py:3239} INFO - Sync 1 DAGs
[2024-11-03T00:29:28.229+0000] {logging_mixin.py:190} INFO - [2024-11-03T00:29:28.228+0000] {dag.py:4180} INFO - Setting next_dagrun for ipc_inflation_v03 to 2024-11-03 00:00:00+00:00, run_after=2024-11-04 00:00:00+00:00
[2024-11-03T00:29:28.251+0000] {processor.py:208} INFO - Processing /opt/airflow/dags/ipc_dag.py took 0.201 seconds
[2024-11-03T00:29:58.731+0000] {processor.py:186} INFO - Started process (PID=15233) to work on /opt/airflow/dags/ipc_dag.py
[2024-11-03T00:29:58.732+0000] {processor.py:914} INFO - Processing file /opt/airflow/dags/ipc_dag.py for tasks to queue
[2024-11-03T00:29:58.735+0000] {logging_mixin.py:190} INFO - [2024-11-03T00:29:58.734+0000] {dagbag.py:588} INFO - Filling up the DagBag from /opt/airflow/dags/ipc_dag.py
[2024-11-03T00:29:58.852+0000] {processor.py:925} INFO - DAG(s) 'ipc_inflation_v03' retrieved from /opt/airflow/dags/ipc_dag.py
[2024-11-03T00:29:58.879+0000] {logging_mixin.py:190} INFO - [2024-11-03T00:29:58.879+0000] {dag.py:3239} INFO - Sync 1 DAGs
[2024-11-03T00:29:58.911+0000] {logging_mixin.py:190} INFO - [2024-11-03T00:29:58.911+0000] {dag.py:4180} INFO - Setting next_dagrun for ipc_inflation_v03 to 2024-11-03 00:00:00+00:00, run_after=2024-11-04 00:00:00+00:00
[2024-11-03T00:29:58.931+0000] {processor.py:208} INFO - Processing /opt/airflow/dags/ipc_dag.py took 0.209 seconds
[2024-11-03T00:30:29.427+0000] {processor.py:186} INFO - Started process (PID=15324) to work on /opt/airflow/dags/ipc_dag.py
[2024-11-03T00:30:29.428+0000] {processor.py:914} INFO - Processing file /opt/airflow/dags/ipc_dag.py for tasks to queue
[2024-11-03T00:30:29.440+0000] {logging_mixin.py:190} INFO - [2024-11-03T00:30:29.439+0000] {dagbag.py:588} INFO - Filling up the DagBag from /opt/airflow/dags/ipc_dag.py
[2024-11-03T00:30:29.748+0000] {processor.py:925} INFO - DAG(s) 'ipc_inflation_v03' retrieved from /opt/airflow/dags/ipc_dag.py
[2024-11-03T00:30:29.851+0000] {logging_mixin.py:190} INFO - [2024-11-03T00:30:29.850+0000] {dag.py:3239} INFO - Sync 1 DAGs
[2024-11-03T00:30:29.926+0000] {logging_mixin.py:190} INFO - [2024-11-03T00:30:29.926+0000] {dag.py:4180} INFO - Setting next_dagrun for ipc_inflation_v03 to 2024-11-03 00:00:00+00:00, run_after=2024-11-04 00:00:00+00:00
[2024-11-03T00:30:29.996+0000] {processor.py:208} INFO - Processing /opt/airflow/dags/ipc_dag.py took 0.582 seconds
[2024-11-03T00:31:00.372+0000] {processor.py:186} INFO - Started process (PID=15760) to work on /opt/airflow/dags/ipc_dag.py
[2024-11-03T00:31:00.374+0000] {processor.py:914} INFO - Processing file /opt/airflow/dags/ipc_dag.py for tasks to queue
[2024-11-03T00:31:00.380+0000] {logging_mixin.py:190} INFO - [2024-11-03T00:31:00.379+0000] {dagbag.py:588} INFO - Filling up the DagBag from /opt/airflow/dags/ipc_dag.py
[2024-11-03T00:31:00.629+0000] {processor.py:925} INFO - DAG(s) 'ipc_inflation_v03' retrieved from /opt/airflow/dags/ipc_dag.py
[2024-11-03T00:31:00.756+0000] {logging_mixin.py:190} INFO - [2024-11-03T00:31:00.755+0000] {dag.py:3239} INFO - Sync 1 DAGs
[2024-11-03T00:31:00.847+0000] {logging_mixin.py:190} INFO - [2024-11-03T00:31:00.846+0000] {dag.py:4180} INFO - Setting next_dagrun for ipc_inflation_v03 to 2024-11-03 00:00:00+00:00, run_after=2024-11-04 00:00:00+00:00
[2024-11-03T00:31:00.897+0000] {processor.py:208} INFO - Processing /opt/airflow/dags/ipc_dag.py took 0.535 seconds
[2024-11-03T00:31:31.257+0000] {processor.py:186} INFO - Started process (PID=15886) to work on /opt/airflow/dags/ipc_dag.py
[2024-11-03T00:31:31.259+0000] {processor.py:914} INFO - Processing file /opt/airflow/dags/ipc_dag.py for tasks to queue
[2024-11-03T00:31:31.262+0000] {logging_mixin.py:190} INFO - [2024-11-03T00:31:31.261+0000] {dagbag.py:588} INFO - Filling up the DagBag from /opt/airflow/dags/ipc_dag.py
[2024-11-03T00:31:31.403+0000] {processor.py:925} INFO - DAG(s) 'ipc_inflation_v03' retrieved from /opt/airflow/dags/ipc_dag.py
[2024-11-03T00:31:31.434+0000] {logging_mixin.py:190} INFO - [2024-11-03T00:31:31.433+0000] {dag.py:3239} INFO - Sync 1 DAGs
[2024-11-03T00:31:31.466+0000] {logging_mixin.py:190} INFO - [2024-11-03T00:31:31.466+0000] {dag.py:4180} INFO - Setting next_dagrun for ipc_inflation_v03 to 2024-11-03 00:00:00+00:00, run_after=2024-11-04 00:00:00+00:00
[2024-11-03T00:31:31.488+0000] {processor.py:208} INFO - Processing /opt/airflow/dags/ipc_dag.py took 0.240 seconds
[2024-11-03T00:32:01.971+0000] {processor.py:186} INFO - Started process (PID=15912) to work on /opt/airflow/dags/ipc_dag.py
[2024-11-03T00:32:01.972+0000] {processor.py:914} INFO - Processing file /opt/airflow/dags/ipc_dag.py for tasks to queue
[2024-11-03T00:32:01.975+0000] {logging_mixin.py:190} INFO - [2024-11-03T00:32:01.974+0000] {dagbag.py:588} INFO - Filling up the DagBag from /opt/airflow/dags/ipc_dag.py
[2024-11-03T00:32:02.097+0000] {processor.py:925} INFO - DAG(s) 'ipc_inflation_v03' retrieved from /opt/airflow/dags/ipc_dag.py
[2024-11-03T00:32:02.123+0000] {logging_mixin.py:190} INFO - [2024-11-03T00:32:02.123+0000] {dag.py:3239} INFO - Sync 1 DAGs
[2024-11-03T00:32:02.153+0000] {logging_mixin.py:190} INFO - [2024-11-03T00:32:02.152+0000] {dag.py:4180} INFO - Setting next_dagrun for ipc_inflation_v03 to 2024-11-03 00:00:00+00:00, run_after=2024-11-04 00:00:00+00:00
[2024-11-03T00:32:02.175+0000] {processor.py:208} INFO - Processing /opt/airflow/dags/ipc_dag.py took 0.213 seconds
[2024-11-03T00:32:32.471+0000] {processor.py:186} INFO - Started process (PID=15938) to work on /opt/airflow/dags/ipc_dag.py
[2024-11-03T00:32:32.472+0000] {processor.py:914} INFO - Processing file /opt/airflow/dags/ipc_dag.py for tasks to queue
[2024-11-03T00:32:32.474+0000] {logging_mixin.py:190} INFO - [2024-11-03T00:32:32.474+0000] {dagbag.py:588} INFO - Filling up the DagBag from /opt/airflow/dags/ipc_dag.py
[2024-11-03T00:32:32.583+0000] {processor.py:925} INFO - DAG(s) 'ipc_inflation_v03' retrieved from /opt/airflow/dags/ipc_dag.py
[2024-11-03T00:32:32.611+0000] {logging_mixin.py:190} INFO - [2024-11-03T00:32:32.610+0000] {dag.py:3239} INFO - Sync 1 DAGs
[2024-11-03T00:32:32.642+0000] {logging_mixin.py:190} INFO - [2024-11-03T00:32:32.642+0000] {dag.py:4180} INFO - Setting next_dagrun for ipc_inflation_v03 to 2024-11-03 00:00:00+00:00, run_after=2024-11-04 00:00:00+00:00
[2024-11-03T00:32:32.664+0000] {processor.py:208} INFO - Processing /opt/airflow/dags/ipc_dag.py took 0.200 seconds
[2024-11-03T00:33:03.192+0000] {processor.py:186} INFO - Started process (PID=15964) to work on /opt/airflow/dags/ipc_dag.py
[2024-11-03T00:33:03.193+0000] {processor.py:914} INFO - Processing file /opt/airflow/dags/ipc_dag.py for tasks to queue
[2024-11-03T00:33:03.195+0000] {logging_mixin.py:190} INFO - [2024-11-03T00:33:03.194+0000] {dagbag.py:588} INFO - Filling up the DagBag from /opt/airflow/dags/ipc_dag.py
[2024-11-03T00:33:03.304+0000] {processor.py:925} INFO - DAG(s) 'ipc_inflation_v03' retrieved from /opt/airflow/dags/ipc_dag.py
[2024-11-03T00:33:03.332+0000] {logging_mixin.py:190} INFO - [2024-11-03T00:33:03.332+0000] {dag.py:3239} INFO - Sync 1 DAGs
[2024-11-03T00:33:03.366+0000] {logging_mixin.py:190} INFO - [2024-11-03T00:33:03.365+0000] {dag.py:4180} INFO - Setting next_dagrun for ipc_inflation_v03 to 2024-11-03 00:00:00+00:00, run_after=2024-11-04 00:00:00+00:00
[2024-11-03T00:33:03.389+0000] {processor.py:208} INFO - Processing /opt/airflow/dags/ipc_dag.py took 0.205 seconds
[2024-11-03T00:33:33.715+0000] {processor.py:186} INFO - Started process (PID=15990) to work on /opt/airflow/dags/ipc_dag.py
[2024-11-03T00:33:33.716+0000] {processor.py:914} INFO - Processing file /opt/airflow/dags/ipc_dag.py for tasks to queue
[2024-11-03T00:33:33.720+0000] {logging_mixin.py:190} INFO - [2024-11-03T00:33:33.719+0000] {dagbag.py:588} INFO - Filling up the DagBag from /opt/airflow/dags/ipc_dag.py
[2024-11-03T00:33:33.840+0000] {processor.py:925} INFO - DAG(s) 'ipc_inflation_v03' retrieved from /opt/airflow/dags/ipc_dag.py
[2024-11-03T00:33:33.871+0000] {logging_mixin.py:190} INFO - [2024-11-03T00:33:33.871+0000] {dag.py:3239} INFO - Sync 1 DAGs
[2024-11-03T00:33:33.905+0000] {logging_mixin.py:190} INFO - [2024-11-03T00:33:33.904+0000] {dag.py:4180} INFO - Setting next_dagrun for ipc_inflation_v03 to 2024-11-03 00:00:00+00:00, run_after=2024-11-04 00:00:00+00:00
[2024-11-03T00:33:33.927+0000] {processor.py:208} INFO - Processing /opt/airflow/dags/ipc_dag.py took 0.222 seconds
[2024-11-03T00:34:04.447+0000] {processor.py:186} INFO - Started process (PID=16016) to work on /opt/airflow/dags/ipc_dag.py
[2024-11-03T00:34:04.448+0000] {processor.py:914} INFO - Processing file /opt/airflow/dags/ipc_dag.py for tasks to queue
[2024-11-03T00:34:04.450+0000] {logging_mixin.py:190} INFO - [2024-11-03T00:34:04.450+0000] {dagbag.py:588} INFO - Filling up the DagBag from /opt/airflow/dags/ipc_dag.py
[2024-11-03T00:34:04.573+0000] {processor.py:925} INFO - DAG(s) 'ipc_inflation_v03' retrieved from /opt/airflow/dags/ipc_dag.py
[2024-11-03T00:34:04.600+0000] {logging_mixin.py:190} INFO - [2024-11-03T00:34:04.599+0000] {dag.py:3239} INFO - Sync 1 DAGs
[2024-11-03T00:34:04.629+0000] {logging_mixin.py:190} INFO - [2024-11-03T00:34:04.629+0000] {dag.py:4180} INFO - Setting next_dagrun for ipc_inflation_v03 to 2024-11-03 00:00:00+00:00, run_after=2024-11-04 00:00:00+00:00
[2024-11-03T00:34:04.651+0000] {processor.py:208} INFO - Processing /opt/airflow/dags/ipc_dag.py took 0.210 seconds
[2024-11-03T00:34:35.021+0000] {processor.py:186} INFO - Started process (PID=16042) to work on /opt/airflow/dags/ipc_dag.py
[2024-11-03T00:34:35.023+0000] {processor.py:914} INFO - Processing file /opt/airflow/dags/ipc_dag.py for tasks to queue
[2024-11-03T00:34:35.026+0000] {logging_mixin.py:190} INFO - [2024-11-03T00:34:35.025+0000] {dagbag.py:588} INFO - Filling up the DagBag from /opt/airflow/dags/ipc_dag.py
[2024-11-03T00:34:35.145+0000] {processor.py:925} INFO - DAG(s) 'ipc_inflation_v03' retrieved from /opt/airflow/dags/ipc_dag.py
[2024-11-03T00:34:35.181+0000] {logging_mixin.py:190} INFO - [2024-11-03T00:34:35.181+0000] {dag.py:3239} INFO - Sync 1 DAGs
[2024-11-03T00:34:35.215+0000] {logging_mixin.py:190} INFO - [2024-11-03T00:34:35.215+0000] {dag.py:4180} INFO - Setting next_dagrun for ipc_inflation_v03 to 2024-11-03 00:00:00+00:00, run_after=2024-11-04 00:00:00+00:00
[2024-11-03T00:34:35.239+0000] {processor.py:208} INFO - Processing /opt/airflow/dags/ipc_dag.py took 0.227 seconds
[2024-11-03T00:35:05.523+0000] {processor.py:186} INFO - Started process (PID=16068) to work on /opt/airflow/dags/ipc_dag.py
[2024-11-03T00:35:05.524+0000] {processor.py:914} INFO - Processing file /opt/airflow/dags/ipc_dag.py for tasks to queue
[2024-11-03T00:35:05.527+0000] {logging_mixin.py:190} INFO - [2024-11-03T00:35:05.526+0000] {dagbag.py:588} INFO - Filling up the DagBag from /opt/airflow/dags/ipc_dag.py
[2024-11-03T00:35:05.646+0000] {processor.py:925} INFO - DAG(s) 'ipc_inflation_v03' retrieved from /opt/airflow/dags/ipc_dag.py
[2024-11-03T00:35:05.678+0000] {logging_mixin.py:190} INFO - [2024-11-03T00:35:05.677+0000] {dag.py:3239} INFO - Sync 1 DAGs
[2024-11-03T00:35:05.713+0000] {logging_mixin.py:190} INFO - [2024-11-03T00:35:05.713+0000] {dag.py:4180} INFO - Setting next_dagrun for ipc_inflation_v03 to 2024-11-03 00:00:00+00:00, run_after=2024-11-04 00:00:00+00:00
[2024-11-03T00:35:05.735+0000] {processor.py:208} INFO - Processing /opt/airflow/dags/ipc_dag.py took 0.219 seconds
[2024-11-03T00:35:36.163+0000] {processor.py:186} INFO - Started process (PID=16094) to work on /opt/airflow/dags/ipc_dag.py
[2024-11-03T00:35:36.164+0000] {processor.py:914} INFO - Processing file /opt/airflow/dags/ipc_dag.py for tasks to queue
[2024-11-03T00:35:36.166+0000] {logging_mixin.py:190} INFO - [2024-11-03T00:35:36.166+0000] {dagbag.py:588} INFO - Filling up the DagBag from /opt/airflow/dags/ipc_dag.py
[2024-11-03T00:35:36.281+0000] {processor.py:925} INFO - DAG(s) 'ipc_inflation_v03' retrieved from /opt/airflow/dags/ipc_dag.py
[2024-11-03T00:35:36.307+0000] {logging_mixin.py:190} INFO - [2024-11-03T00:35:36.307+0000] {dag.py:3239} INFO - Sync 1 DAGs
[2024-11-03T00:35:36.339+0000] {logging_mixin.py:190} INFO - [2024-11-03T00:35:36.339+0000] {dag.py:4180} INFO - Setting next_dagrun for ipc_inflation_v03 to 2024-11-03 00:00:00+00:00, run_after=2024-11-04 00:00:00+00:00
[2024-11-03T00:35:36.362+0000] {processor.py:208} INFO - Processing /opt/airflow/dags/ipc_dag.py took 0.207 seconds
[2024-11-03T00:36:06.710+0000] {processor.py:186} INFO - Started process (PID=16120) to work on /opt/airflow/dags/ipc_dag.py
[2024-11-03T00:36:06.711+0000] {processor.py:914} INFO - Processing file /opt/airflow/dags/ipc_dag.py for tasks to queue
[2024-11-03T00:36:06.714+0000] {logging_mixin.py:190} INFO - [2024-11-03T00:36:06.713+0000] {dagbag.py:588} INFO - Filling up the DagBag from /opt/airflow/dags/ipc_dag.py
[2024-11-03T00:36:06.835+0000] {processor.py:925} INFO - DAG(s) 'ipc_inflation_v03' retrieved from /opt/airflow/dags/ipc_dag.py
[2024-11-03T00:36:06.863+0000] {logging_mixin.py:190} INFO - [2024-11-03T00:36:06.862+0000] {dag.py:3239} INFO - Sync 1 DAGs
[2024-11-03T00:36:06.891+0000] {logging_mixin.py:190} INFO - [2024-11-03T00:36:06.891+0000] {dag.py:4180} INFO - Setting next_dagrun for ipc_inflation_v03 to 2024-11-03 00:00:00+00:00, run_after=2024-11-04 00:00:00+00:00
[2024-11-03T00:36:06.913+0000] {processor.py:208} INFO - Processing /opt/airflow/dags/ipc_dag.py took 0.212 seconds
[2024-11-03T00:36:37.242+0000] {processor.py:186} INFO - Started process (PID=16146) to work on /opt/airflow/dags/ipc_dag.py
[2024-11-03T00:36:37.243+0000] {processor.py:914} INFO - Processing file /opt/airflow/dags/ipc_dag.py for tasks to queue
[2024-11-03T00:36:37.245+0000] {logging_mixin.py:190} INFO - [2024-11-03T00:36:37.245+0000] {dagbag.py:588} INFO - Filling up the DagBag from /opt/airflow/dags/ipc_dag.py
[2024-11-03T00:36:37.363+0000] {processor.py:925} INFO - DAG(s) 'ipc_inflation_v03' retrieved from /opt/airflow/dags/ipc_dag.py
[2024-11-03T00:36:37.391+0000] {logging_mixin.py:190} INFO - [2024-11-03T00:36:37.391+0000] {dag.py:3239} INFO - Sync 1 DAGs
[2024-11-03T00:36:37.427+0000] {logging_mixin.py:190} INFO - [2024-11-03T00:36:37.426+0000] {dag.py:4180} INFO - Setting next_dagrun for ipc_inflation_v03 to 2024-11-03 00:00:00+00:00, run_after=2024-11-04 00:00:00+00:00
[2024-11-03T00:36:37.451+0000] {processor.py:208} INFO - Processing /opt/airflow/dags/ipc_dag.py took 0.218 seconds
