[2024-11-03T00:00:18.154+0000] {processor.py:186} INFO - Started process (PID=11526) to work on /opt/airflow/dags/second_dag.py
[2024-11-03T00:00:18.155+0000] {processor.py:914} INFO - Processing file /opt/airflow/dags/second_dag.py for tasks to queue
[2024-11-03T00:00:18.188+0000] {logging_mixin.py:190} INFO - [2024-11-03T00:00:18.187+0000] {dagbag.py:588} INFO - Filling up the DagBag from /opt/airflow/dags/second_dag.py
[2024-11-03T00:00:18.725+0000] {processor.py:925} INFO - DAG(s) 'indices_provincias_v05' retrieved from /opt/airflow/dags/second_dag.py
[2024-11-03T00:00:18.859+0000] {logging_mixin.py:190} INFO - [2024-11-03T00:00:18.859+0000] {dag.py:3239} INFO - Sync 1 DAGs
[2024-11-03T00:00:18.982+0000] {logging_mixin.py:190} INFO - [2024-11-03T00:00:18.981+0000] {dag.py:4180} INFO - Setting next_dagrun for indices_provincias_v05 to 2024-11-03 00:00:00+00:00, run_after=2024-11-04 00:00:00+00:00
[2024-11-03T00:00:19.092+0000] {processor.py:208} INFO - Processing /opt/airflow/dags/second_dag.py took 1.013 seconds
[2024-11-03T00:00:49.607+0000] {processor.py:186} INFO - Started process (PID=12010) to work on /opt/airflow/dags/second_dag.py
[2024-11-03T00:00:49.608+0000] {processor.py:914} INFO - Processing file /opt/airflow/dags/second_dag.py for tasks to queue
[2024-11-03T00:00:49.623+0000] {logging_mixin.py:190} INFO - [2024-11-03T00:00:49.618+0000] {dagbag.py:588} INFO - Filling up the DagBag from /opt/airflow/dags/second_dag.py
[2024-11-03T00:00:50.105+0000] {processor.py:925} INFO - DAG(s) 'indices_provincias_v05' retrieved from /opt/airflow/dags/second_dag.py
[2024-11-03T00:00:50.186+0000] {logging_mixin.py:190} INFO - [2024-11-03T00:00:50.185+0000] {dag.py:3239} INFO - Sync 1 DAGs
[2024-11-03T00:00:50.246+0000] {logging_mixin.py:190} INFO - [2024-11-03T00:00:50.246+0000] {dag.py:4180} INFO - Setting next_dagrun for indices_provincias_v05 to 2024-11-03 00:00:00+00:00, run_after=2024-11-04 00:00:00+00:00
[2024-11-03T00:00:50.299+0000] {processor.py:208} INFO - Processing /opt/airflow/dags/second_dag.py took 0.728 seconds
[2024-11-03T00:01:21.290+0000] {processor.py:186} INFO - Started process (PID=12598) to work on /opt/airflow/dags/second_dag.py
[2024-11-03T00:01:21.292+0000] {processor.py:914} INFO - Processing file /opt/airflow/dags/second_dag.py for tasks to queue
[2024-11-03T00:01:21.309+0000] {logging_mixin.py:190} INFO - [2024-11-03T00:01:21.309+0000] {dagbag.py:588} INFO - Filling up the DagBag from /opt/airflow/dags/second_dag.py
[2024-11-03T00:01:23.600+0000] {processor.py:925} INFO - DAG(s) 'indices_provincias_v05' retrieved from /opt/airflow/dags/second_dag.py
[2024-11-03T00:01:24.000+0000] {logging_mixin.py:190} INFO - [2024-11-03T00:01:23.999+0000] {dag.py:3239} INFO - Sync 1 DAGs
[2024-11-03T00:01:24.391+0000] {logging_mixin.py:190} INFO - [2024-11-03T00:01:24.391+0000] {dag.py:4180} INFO - Setting next_dagrun for indices_provincias_v05 to 2024-11-03 00:00:00+00:00, run_after=2024-11-04 00:00:00+00:00
[2024-11-03T00:01:24.832+0000] {processor.py:208} INFO - Processing /opt/airflow/dags/second_dag.py took 3.598 seconds
[2024-11-03T00:01:55.357+0000] {processor.py:186} INFO - Started process (PID=13169) to work on /opt/airflow/dags/second_dag.py
[2024-11-03T00:01:55.367+0000] {processor.py:914} INFO - Processing file /opt/airflow/dags/second_dag.py for tasks to queue
[2024-11-03T00:01:55.377+0000] {logging_mixin.py:190} INFO - [2024-11-03T00:01:55.375+0000] {dagbag.py:588} INFO - Filling up the DagBag from /opt/airflow/dags/second_dag.py
[2024-11-03T00:01:55.867+0000] {processor.py:925} INFO - DAG(s) 'indices_provincias_v05' retrieved from /opt/airflow/dags/second_dag.py
[2024-11-03T00:01:56.030+0000] {logging_mixin.py:190} INFO - [2024-11-03T00:01:56.029+0000] {dag.py:3239} INFO - Sync 1 DAGs
[2024-11-03T00:01:56.141+0000] {logging_mixin.py:190} INFO - [2024-11-03T00:01:56.141+0000] {dag.py:4180} INFO - Setting next_dagrun for indices_provincias_v05 to 2024-11-03 00:00:00+00:00, run_after=2024-11-04 00:00:00+00:00
[2024-11-03T00:01:56.246+0000] {processor.py:208} INFO - Processing /opt/airflow/dags/second_dag.py took 0.924 seconds
[2024-11-03T00:02:26.636+0000] {processor.py:186} INFO - Started process (PID=13793) to work on /opt/airflow/dags/second_dag.py
[2024-11-03T00:02:26.637+0000] {processor.py:914} INFO - Processing file /opt/airflow/dags/second_dag.py for tasks to queue
[2024-11-03T00:02:26.645+0000] {logging_mixin.py:190} INFO - [2024-11-03T00:02:26.644+0000] {dagbag.py:588} INFO - Filling up the DagBag from /opt/airflow/dags/second_dag.py
[2024-11-03T00:02:26.820+0000] {processor.py:925} INFO - DAG(s) 'indices_provincias_v05' retrieved from /opt/airflow/dags/second_dag.py
[2024-11-03T00:02:26.869+0000] {logging_mixin.py:190} INFO - [2024-11-03T00:02:26.868+0000] {dag.py:3239} INFO - Sync 1 DAGs
[2024-11-03T00:02:26.923+0000] {logging_mixin.py:190} INFO - [2024-11-03T00:02:26.923+0000] {dag.py:4180} INFO - Setting next_dagrun for indices_provincias_v05 to 2024-11-03 00:00:00+00:00, run_after=2024-11-04 00:00:00+00:00
[2024-11-03T00:02:26.954+0000] {processor.py:208} INFO - Processing /opt/airflow/dags/second_dag.py took 0.327 seconds
[2024-11-03T00:02:57.407+0000] {processor.py:186} INFO - Started process (PID=13864) to work on /opt/airflow/dags/second_dag.py
[2024-11-03T00:02:57.409+0000] {processor.py:914} INFO - Processing file /opt/airflow/dags/second_dag.py for tasks to queue
[2024-11-03T00:02:57.412+0000] {logging_mixin.py:190} INFO - [2024-11-03T00:02:57.412+0000] {dagbag.py:588} INFO - Filling up the DagBag from /opt/airflow/dags/second_dag.py
[2024-11-03T00:02:57.522+0000] {processor.py:925} INFO - DAG(s) 'indices_provincias_v05' retrieved from /opt/airflow/dags/second_dag.py
[2024-11-03T00:02:57.550+0000] {logging_mixin.py:190} INFO - [2024-11-03T00:02:57.549+0000] {dag.py:3239} INFO - Sync 1 DAGs
[2024-11-03T00:02:57.582+0000] {logging_mixin.py:190} INFO - [2024-11-03T00:02:57.582+0000] {dag.py:4180} INFO - Setting next_dagrun for indices_provincias_v05 to 2024-11-03 00:00:00+00:00, run_after=2024-11-04 00:00:00+00:00
[2024-11-03T00:02:57.604+0000] {processor.py:208} INFO - Processing /opt/airflow/dags/second_dag.py took 0.204 seconds
[2024-11-03T00:03:28.044+0000] {processor.py:186} INFO - Started process (PID=13890) to work on /opt/airflow/dags/second_dag.py
[2024-11-03T00:03:28.045+0000] {processor.py:914} INFO - Processing file /opt/airflow/dags/second_dag.py for tasks to queue
[2024-11-03T00:03:28.049+0000] {logging_mixin.py:190} INFO - [2024-11-03T00:03:28.049+0000] {dagbag.py:588} INFO - Filling up the DagBag from /opt/airflow/dags/second_dag.py
[2024-11-03T00:03:28.166+0000] {processor.py:925} INFO - DAG(s) 'indices_provincias_v05' retrieved from /opt/airflow/dags/second_dag.py
[2024-11-03T00:03:28.198+0000] {logging_mixin.py:190} INFO - [2024-11-03T00:03:28.197+0000] {dag.py:3239} INFO - Sync 1 DAGs
[2024-11-03T00:03:28.231+0000] {logging_mixin.py:190} INFO - [2024-11-03T00:03:28.230+0000] {dag.py:4180} INFO - Setting next_dagrun for indices_provincias_v05 to 2024-11-03 00:00:00+00:00, run_after=2024-11-04 00:00:00+00:00
[2024-11-03T00:03:28.254+0000] {processor.py:208} INFO - Processing /opt/airflow/dags/second_dag.py took 0.217 seconds
[2024-11-03T00:03:58.691+0000] {processor.py:186} INFO - Started process (PID=13916) to work on /opt/airflow/dags/second_dag.py
[2024-11-03T00:03:58.692+0000] {processor.py:914} INFO - Processing file /opt/airflow/dags/second_dag.py for tasks to queue
[2024-11-03T00:03:58.695+0000] {logging_mixin.py:190} INFO - [2024-11-03T00:03:58.694+0000] {dagbag.py:588} INFO - Filling up the DagBag from /opt/airflow/dags/second_dag.py
[2024-11-03T00:03:58.810+0000] {processor.py:925} INFO - DAG(s) 'indices_provincias_v05' retrieved from /opt/airflow/dags/second_dag.py
[2024-11-03T00:03:58.839+0000] {logging_mixin.py:190} INFO - [2024-11-03T00:03:58.838+0000] {dag.py:3239} INFO - Sync 1 DAGs
[2024-11-03T00:03:58.871+0000] {logging_mixin.py:190} INFO - [2024-11-03T00:03:58.870+0000] {dag.py:4180} INFO - Setting next_dagrun for indices_provincias_v05 to 2024-11-03 00:00:00+00:00, run_after=2024-11-04 00:00:00+00:00
[2024-11-03T00:03:58.893+0000] {processor.py:208} INFO - Processing /opt/airflow/dags/second_dag.py took 0.211 seconds
[2024-11-03T00:04:29.340+0000] {processor.py:186} INFO - Started process (PID=13942) to work on /opt/airflow/dags/second_dag.py
[2024-11-03T00:04:29.341+0000] {processor.py:914} INFO - Processing file /opt/airflow/dags/second_dag.py for tasks to queue
[2024-11-03T00:04:29.344+0000] {logging_mixin.py:190} INFO - [2024-11-03T00:04:29.343+0000] {dagbag.py:588} INFO - Filling up the DagBag from /opt/airflow/dags/second_dag.py
[2024-11-03T00:04:29.453+0000] {processor.py:925} INFO - DAG(s) 'indices_provincias_v05' retrieved from /opt/airflow/dags/second_dag.py
[2024-11-03T00:04:29.482+0000] {logging_mixin.py:190} INFO - [2024-11-03T00:04:29.482+0000] {dag.py:3239} INFO - Sync 1 DAGs
[2024-11-03T00:04:29.517+0000] {logging_mixin.py:190} INFO - [2024-11-03T00:04:29.517+0000] {dag.py:4180} INFO - Setting next_dagrun for indices_provincias_v05 to 2024-11-03 00:00:00+00:00, run_after=2024-11-04 00:00:00+00:00
[2024-11-03T00:04:29.544+0000] {processor.py:208} INFO - Processing /opt/airflow/dags/second_dag.py took 0.211 seconds
[2024-11-03T00:04:59.962+0000] {processor.py:186} INFO - Started process (PID=13968) to work on /opt/airflow/dags/second_dag.py
[2024-11-03T00:04:59.963+0000] {processor.py:914} INFO - Processing file /opt/airflow/dags/second_dag.py for tasks to queue
[2024-11-03T00:04:59.965+0000] {logging_mixin.py:190} INFO - [2024-11-03T00:04:59.965+0000] {dagbag.py:588} INFO - Filling up the DagBag from /opt/airflow/dags/second_dag.py
[2024-11-03T00:05:00.082+0000] {processor.py:925} INFO - DAG(s) 'indices_provincias_v05' retrieved from /opt/airflow/dags/second_dag.py
[2024-11-03T00:05:00.112+0000] {logging_mixin.py:190} INFO - [2024-11-03T00:05:00.112+0000] {dag.py:3239} INFO - Sync 1 DAGs
[2024-11-03T00:05:00.145+0000] {logging_mixin.py:190} INFO - [2024-11-03T00:05:00.144+0000] {dag.py:4180} INFO - Setting next_dagrun for indices_provincias_v05 to 2024-11-03 00:00:00+00:00, run_after=2024-11-04 00:00:00+00:00
[2024-11-03T00:05:00.167+0000] {processor.py:208} INFO - Processing /opt/airflow/dags/second_dag.py took 0.212 seconds
[2024-11-03T00:05:30.558+0000] {processor.py:186} INFO - Started process (PID=13994) to work on /opt/airflow/dags/second_dag.py
[2024-11-03T00:05:30.559+0000] {processor.py:914} INFO - Processing file /opt/airflow/dags/second_dag.py for tasks to queue
[2024-11-03T00:05:30.562+0000] {logging_mixin.py:190} INFO - [2024-11-03T00:05:30.561+0000] {dagbag.py:588} INFO - Filling up the DagBag from /opt/airflow/dags/second_dag.py
[2024-11-03T00:05:30.670+0000] {processor.py:925} INFO - DAG(s) 'indices_provincias_v05' retrieved from /opt/airflow/dags/second_dag.py
[2024-11-03T00:05:30.698+0000] {logging_mixin.py:190} INFO - [2024-11-03T00:05:30.698+0000] {dag.py:3239} INFO - Sync 1 DAGs
[2024-11-03T00:05:30.730+0000] {logging_mixin.py:190} INFO - [2024-11-03T00:05:30.730+0000] {dag.py:4180} INFO - Setting next_dagrun for indices_provincias_v05 to 2024-11-03 00:00:00+00:00, run_after=2024-11-04 00:00:00+00:00
[2024-11-03T00:05:30.752+0000] {processor.py:208} INFO - Processing /opt/airflow/dags/second_dag.py took 0.201 seconds
[2024-11-03T00:06:01.237+0000] {processor.py:186} INFO - Started process (PID=14020) to work on /opt/airflow/dags/second_dag.py
[2024-11-03T00:06:01.238+0000] {processor.py:914} INFO - Processing file /opt/airflow/dags/second_dag.py for tasks to queue
[2024-11-03T00:06:01.240+0000] {logging_mixin.py:190} INFO - [2024-11-03T00:06:01.240+0000] {dagbag.py:588} INFO - Filling up the DagBag from /opt/airflow/dags/second_dag.py
[2024-11-03T00:06:01.352+0000] {processor.py:925} INFO - DAG(s) 'indices_provincias_v05' retrieved from /opt/airflow/dags/second_dag.py
[2024-11-03T00:06:01.382+0000] {logging_mixin.py:190} INFO - [2024-11-03T00:06:01.381+0000] {dag.py:3239} INFO - Sync 1 DAGs
[2024-11-03T00:06:01.415+0000] {logging_mixin.py:190} INFO - [2024-11-03T00:06:01.414+0000] {dag.py:4180} INFO - Setting next_dagrun for indices_provincias_v05 to 2024-11-03 00:00:00+00:00, run_after=2024-11-04 00:00:00+00:00
[2024-11-03T00:06:01.439+0000] {processor.py:208} INFO - Processing /opt/airflow/dags/second_dag.py took 0.211 seconds
[2024-11-03T00:06:31.832+0000] {processor.py:186} INFO - Started process (PID=14046) to work on /opt/airflow/dags/second_dag.py
[2024-11-03T00:06:31.833+0000] {processor.py:914} INFO - Processing file /opt/airflow/dags/second_dag.py for tasks to queue
[2024-11-03T00:06:31.838+0000] {logging_mixin.py:190} INFO - [2024-11-03T00:06:31.838+0000] {dagbag.py:588} INFO - Filling up the DagBag from /opt/airflow/dags/second_dag.py
[2024-11-03T00:06:31.997+0000] {processor.py:925} INFO - DAG(s) 'indices_provincias_v05' retrieved from /opt/airflow/dags/second_dag.py
[2024-11-03T00:06:32.028+0000] {logging_mixin.py:190} INFO - [2024-11-03T00:06:32.028+0000] {dag.py:3239} INFO - Sync 1 DAGs
[2024-11-03T00:06:32.062+0000] {logging_mixin.py:190} INFO - [2024-11-03T00:06:32.062+0000] {dag.py:4180} INFO - Setting next_dagrun for indices_provincias_v05 to 2024-11-03 00:00:00+00:00, run_after=2024-11-04 00:00:00+00:00
[2024-11-03T00:06:32.085+0000] {processor.py:208} INFO - Processing /opt/airflow/dags/second_dag.py took 0.264 seconds
[2024-11-03T00:07:02.252+0000] {processor.py:186} INFO - Started process (PID=14072) to work on /opt/airflow/dags/second_dag.py
[2024-11-03T00:07:02.253+0000] {processor.py:914} INFO - Processing file /opt/airflow/dags/second_dag.py for tasks to queue
[2024-11-03T00:07:02.256+0000] {logging_mixin.py:190} INFO - [2024-11-03T00:07:02.255+0000] {dagbag.py:588} INFO - Filling up the DagBag from /opt/airflow/dags/second_dag.py
[2024-11-03T00:07:02.375+0000] {processor.py:925} INFO - DAG(s) 'indices_provincias_v05' retrieved from /opt/airflow/dags/second_dag.py
[2024-11-03T00:07:02.406+0000] {logging_mixin.py:190} INFO - [2024-11-03T00:07:02.406+0000] {dag.py:3239} INFO - Sync 1 DAGs
[2024-11-03T00:07:02.439+0000] {logging_mixin.py:190} INFO - [2024-11-03T00:07:02.439+0000] {dag.py:4180} INFO - Setting next_dagrun for indices_provincias_v05 to 2024-11-03 00:00:00+00:00, run_after=2024-11-04 00:00:00+00:00
[2024-11-03T00:07:02.460+0000] {processor.py:208} INFO - Processing /opt/airflow/dags/second_dag.py took 0.217 seconds
[2024-11-03T00:07:32.962+0000] {processor.py:186} INFO - Started process (PID=14098) to work on /opt/airflow/dags/second_dag.py
[2024-11-03T00:07:32.963+0000] {processor.py:914} INFO - Processing file /opt/airflow/dags/second_dag.py for tasks to queue
[2024-11-03T00:07:32.967+0000] {logging_mixin.py:190} INFO - [2024-11-03T00:07:32.966+0000] {dagbag.py:588} INFO - Filling up the DagBag from /opt/airflow/dags/second_dag.py
[2024-11-03T00:07:33.085+0000] {processor.py:925} INFO - DAG(s) 'indices_provincias_v05' retrieved from /opt/airflow/dags/second_dag.py
[2024-11-03T00:07:33.112+0000] {logging_mixin.py:190} INFO - [2024-11-03T00:07:33.111+0000] {dag.py:3239} INFO - Sync 1 DAGs
[2024-11-03T00:07:33.142+0000] {logging_mixin.py:190} INFO - [2024-11-03T00:07:33.141+0000] {dag.py:4180} INFO - Setting next_dagrun for indices_provincias_v05 to 2024-11-03 00:00:00+00:00, run_after=2024-11-04 00:00:00+00:00
[2024-11-03T00:07:33.166+0000] {processor.py:208} INFO - Processing /opt/airflow/dags/second_dag.py took 0.212 seconds
[2024-11-03T00:08:03.592+0000] {processor.py:186} INFO - Started process (PID=14124) to work on /opt/airflow/dags/second_dag.py
[2024-11-03T00:08:03.593+0000] {processor.py:914} INFO - Processing file /opt/airflow/dags/second_dag.py for tasks to queue
[2024-11-03T00:08:03.596+0000] {logging_mixin.py:190} INFO - [2024-11-03T00:08:03.595+0000] {dagbag.py:588} INFO - Filling up the DagBag from /opt/airflow/dags/second_dag.py
[2024-11-03T00:08:03.719+0000] {processor.py:925} INFO - DAG(s) 'indices_provincias_v05' retrieved from /opt/airflow/dags/second_dag.py
[2024-11-03T00:08:03.750+0000] {logging_mixin.py:190} INFO - [2024-11-03T00:08:03.749+0000] {dag.py:3239} INFO - Sync 1 DAGs
[2024-11-03T00:08:03.783+0000] {logging_mixin.py:190} INFO - [2024-11-03T00:08:03.783+0000] {dag.py:4180} INFO - Setting next_dagrun for indices_provincias_v05 to 2024-11-03 00:00:00+00:00, run_after=2024-11-04 00:00:00+00:00
[2024-11-03T00:08:03.807+0000] {processor.py:208} INFO - Processing /opt/airflow/dags/second_dag.py took 0.223 seconds
[2024-11-03T00:08:34.251+0000] {processor.py:186} INFO - Started process (PID=14150) to work on /opt/airflow/dags/second_dag.py
[2024-11-03T00:08:34.254+0000] {processor.py:914} INFO - Processing file /opt/airflow/dags/second_dag.py for tasks to queue
[2024-11-03T00:08:34.256+0000] {logging_mixin.py:190} INFO - [2024-11-03T00:08:34.256+0000] {dagbag.py:588} INFO - Filling up the DagBag from /opt/airflow/dags/second_dag.py
[2024-11-03T00:08:34.365+0000] {processor.py:925} INFO - DAG(s) 'indices_provincias_v05' retrieved from /opt/airflow/dags/second_dag.py
[2024-11-03T00:08:34.393+0000] {logging_mixin.py:190} INFO - [2024-11-03T00:08:34.393+0000] {dag.py:3239} INFO - Sync 1 DAGs
[2024-11-03T00:08:34.425+0000] {logging_mixin.py:190} INFO - [2024-11-03T00:08:34.424+0000] {dag.py:4180} INFO - Setting next_dagrun for indices_provincias_v05 to 2024-11-03 00:00:00+00:00, run_after=2024-11-04 00:00:00+00:00
[2024-11-03T00:08:34.443+0000] {processor.py:208} INFO - Processing /opt/airflow/dags/second_dag.py took 0.201 seconds
[2024-11-03T00:09:04.911+0000] {processor.py:186} INFO - Started process (PID=14177) to work on /opt/airflow/dags/second_dag.py
[2024-11-03T00:09:04.913+0000] {processor.py:914} INFO - Processing file /opt/airflow/dags/second_dag.py for tasks to queue
[2024-11-03T00:09:04.917+0000] {logging_mixin.py:190} INFO - [2024-11-03T00:09:04.916+0000] {dagbag.py:588} INFO - Filling up the DagBag from /opt/airflow/dags/second_dag.py
[2024-11-03T00:09:05.023+0000] {processor.py:925} INFO - DAG(s) 'indices_provincias_v05' retrieved from /opt/airflow/dags/second_dag.py
[2024-11-03T00:09:05.051+0000] {logging_mixin.py:190} INFO - [2024-11-03T00:09:05.050+0000] {dag.py:3239} INFO - Sync 1 DAGs
[2024-11-03T00:09:05.078+0000] {logging_mixin.py:190} INFO - [2024-11-03T00:09:05.078+0000] {dag.py:4180} INFO - Setting next_dagrun for indices_provincias_v05 to 2024-11-03 00:00:00+00:00, run_after=2024-11-04 00:00:00+00:00
[2024-11-03T00:09:05.101+0000] {processor.py:208} INFO - Processing /opt/airflow/dags/second_dag.py took 0.198 seconds
[2024-11-03T00:09:35.582+0000] {processor.py:186} INFO - Started process (PID=14202) to work on /opt/airflow/dags/second_dag.py
[2024-11-03T00:09:35.583+0000] {processor.py:914} INFO - Processing file /opt/airflow/dags/second_dag.py for tasks to queue
[2024-11-03T00:09:35.586+0000] {logging_mixin.py:190} INFO - [2024-11-03T00:09:35.586+0000] {dagbag.py:588} INFO - Filling up the DagBag from /opt/airflow/dags/second_dag.py
[2024-11-03T00:09:35.697+0000] {processor.py:925} INFO - DAG(s) 'indices_provincias_v05' retrieved from /opt/airflow/dags/second_dag.py
[2024-11-03T00:09:35.724+0000] {logging_mixin.py:190} INFO - [2024-11-03T00:09:35.724+0000] {dag.py:3239} INFO - Sync 1 DAGs
[2024-11-03T00:09:35.756+0000] {logging_mixin.py:190} INFO - [2024-11-03T00:09:35.755+0000] {dag.py:4180} INFO - Setting next_dagrun for indices_provincias_v05 to 2024-11-03 00:00:00+00:00, run_after=2024-11-04 00:00:00+00:00
[2024-11-03T00:09:35.779+0000] {processor.py:208} INFO - Processing /opt/airflow/dags/second_dag.py took 0.206 seconds
[2024-11-03T00:10:06.230+0000] {processor.py:186} INFO - Started process (PID=14228) to work on /opt/airflow/dags/second_dag.py
[2024-11-03T00:10:06.231+0000] {processor.py:914} INFO - Processing file /opt/airflow/dags/second_dag.py for tasks to queue
[2024-11-03T00:10:06.233+0000] {logging_mixin.py:190} INFO - [2024-11-03T00:10:06.233+0000] {dagbag.py:588} INFO - Filling up the DagBag from /opt/airflow/dags/second_dag.py
[2024-11-03T00:10:06.337+0000] {processor.py:925} INFO - DAG(s) 'indices_provincias_v05' retrieved from /opt/airflow/dags/second_dag.py
[2024-11-03T00:10:06.365+0000] {logging_mixin.py:190} INFO - [2024-11-03T00:10:06.365+0000] {dag.py:3239} INFO - Sync 1 DAGs
[2024-11-03T00:10:06.393+0000] {logging_mixin.py:190} INFO - [2024-11-03T00:10:06.393+0000] {dag.py:4180} INFO - Setting next_dagrun for indices_provincias_v05 to 2024-11-03 00:00:00+00:00, run_after=2024-11-04 00:00:00+00:00
[2024-11-03T00:10:06.418+0000] {processor.py:208} INFO - Processing /opt/airflow/dags/second_dag.py took 0.194 seconds
[2024-11-03T00:10:36.897+0000] {processor.py:186} INFO - Started process (PID=14254) to work on /opt/airflow/dags/second_dag.py
[2024-11-03T00:10:36.898+0000] {processor.py:914} INFO - Processing file /opt/airflow/dags/second_dag.py for tasks to queue
[2024-11-03T00:10:36.900+0000] {logging_mixin.py:190} INFO - [2024-11-03T00:10:36.900+0000] {dagbag.py:588} INFO - Filling up the DagBag from /opt/airflow/dags/second_dag.py
[2024-11-03T00:10:37.006+0000] {processor.py:925} INFO - DAG(s) 'indices_provincias_v05' retrieved from /opt/airflow/dags/second_dag.py
[2024-11-03T00:10:37.034+0000] {logging_mixin.py:190} INFO - [2024-11-03T00:10:37.033+0000] {dag.py:3239} INFO - Sync 1 DAGs
[2024-11-03T00:10:37.064+0000] {logging_mixin.py:190} INFO - [2024-11-03T00:10:37.064+0000] {dag.py:4180} INFO - Setting next_dagrun for indices_provincias_v05 to 2024-11-03 00:00:00+00:00, run_after=2024-11-04 00:00:00+00:00
[2024-11-03T00:10:37.090+0000] {processor.py:208} INFO - Processing /opt/airflow/dags/second_dag.py took 0.201 seconds
[2024-11-03T00:11:07.567+0000] {processor.py:186} INFO - Started process (PID=14280) to work on /opt/airflow/dags/second_dag.py
[2024-11-03T00:11:07.568+0000] {processor.py:914} INFO - Processing file /opt/airflow/dags/second_dag.py for tasks to queue
[2024-11-03T00:11:07.570+0000] {logging_mixin.py:190} INFO - [2024-11-03T00:11:07.570+0000] {dagbag.py:588} INFO - Filling up the DagBag from /opt/airflow/dags/second_dag.py
[2024-11-03T00:11:07.672+0000] {processor.py:925} INFO - DAG(s) 'indices_provincias_v05' retrieved from /opt/airflow/dags/second_dag.py
[2024-11-03T00:11:07.700+0000] {logging_mixin.py:190} INFO - [2024-11-03T00:11:07.700+0000] {dag.py:3239} INFO - Sync 1 DAGs
[2024-11-03T00:11:07.730+0000] {logging_mixin.py:190} INFO - [2024-11-03T00:11:07.730+0000] {dag.py:4180} INFO - Setting next_dagrun for indices_provincias_v05 to 2024-11-03 00:00:00+00:00, run_after=2024-11-04 00:00:00+00:00
[2024-11-03T00:11:07.754+0000] {processor.py:208} INFO - Processing /opt/airflow/dags/second_dag.py took 0.194 seconds
[2024-11-03T00:11:38.248+0000] {processor.py:186} INFO - Started process (PID=14306) to work on /opt/airflow/dags/second_dag.py
[2024-11-03T00:11:38.249+0000] {processor.py:914} INFO - Processing file /opt/airflow/dags/second_dag.py for tasks to queue
[2024-11-03T00:11:38.252+0000] {logging_mixin.py:190} INFO - [2024-11-03T00:11:38.252+0000] {dagbag.py:588} INFO - Filling up the DagBag from /opt/airflow/dags/second_dag.py
[2024-11-03T00:11:38.364+0000] {processor.py:925} INFO - DAG(s) 'indices_provincias_v05' retrieved from /opt/airflow/dags/second_dag.py
[2024-11-03T00:11:38.390+0000] {logging_mixin.py:190} INFO - [2024-11-03T00:11:38.390+0000] {dag.py:3239} INFO - Sync 1 DAGs
[2024-11-03T00:11:38.420+0000] {logging_mixin.py:190} INFO - [2024-11-03T00:11:38.419+0000] {dag.py:4180} INFO - Setting next_dagrun for indices_provincias_v05 to 2024-11-03 00:00:00+00:00, run_after=2024-11-04 00:00:00+00:00
[2024-11-03T00:11:38.441+0000] {processor.py:208} INFO - Processing /opt/airflow/dags/second_dag.py took 0.202 seconds
[2024-11-03T00:12:08.699+0000] {processor.py:186} INFO - Started process (PID=14332) to work on /opt/airflow/dags/second_dag.py
[2024-11-03T00:12:08.700+0000] {processor.py:914} INFO - Processing file /opt/airflow/dags/second_dag.py for tasks to queue
[2024-11-03T00:12:08.702+0000] {logging_mixin.py:190} INFO - [2024-11-03T00:12:08.702+0000] {dagbag.py:588} INFO - Filling up the DagBag from /opt/airflow/dags/second_dag.py
[2024-11-03T00:12:08.817+0000] {processor.py:925} INFO - DAG(s) 'indices_provincias_v05' retrieved from /opt/airflow/dags/second_dag.py
[2024-11-03T00:12:08.847+0000] {logging_mixin.py:190} INFO - [2024-11-03T00:12:08.847+0000] {dag.py:3239} INFO - Sync 1 DAGs
[2024-11-03T00:12:08.878+0000] {logging_mixin.py:190} INFO - [2024-11-03T00:12:08.878+0000] {dag.py:4180} INFO - Setting next_dagrun for indices_provincias_v05 to 2024-11-03 00:00:00+00:00, run_after=2024-11-04 00:00:00+00:00
[2024-11-03T00:12:08.901+0000] {processor.py:208} INFO - Processing /opt/airflow/dags/second_dag.py took 0.211 seconds
[2024-11-03T00:12:39.367+0000] {processor.py:186} INFO - Started process (PID=14358) to work on /opt/airflow/dags/second_dag.py
[2024-11-03T00:12:39.368+0000] {processor.py:914} INFO - Processing file /opt/airflow/dags/second_dag.py for tasks to queue
[2024-11-03T00:12:39.371+0000] {logging_mixin.py:190} INFO - [2024-11-03T00:12:39.370+0000] {dagbag.py:588} INFO - Filling up the DagBag from /opt/airflow/dags/second_dag.py
[2024-11-03T00:12:39.473+0000] {processor.py:925} INFO - DAG(s) 'indices_provincias_v05' retrieved from /opt/airflow/dags/second_dag.py
[2024-11-03T00:12:39.499+0000] {logging_mixin.py:190} INFO - [2024-11-03T00:12:39.499+0000] {dag.py:3239} INFO - Sync 1 DAGs
[2024-11-03T00:12:39.529+0000] {logging_mixin.py:190} INFO - [2024-11-03T00:12:39.529+0000] {dag.py:4180} INFO - Setting next_dagrun for indices_provincias_v05 to 2024-11-03 00:00:00+00:00, run_after=2024-11-04 00:00:00+00:00
[2024-11-03T00:12:39.550+0000] {processor.py:208} INFO - Processing /opt/airflow/dags/second_dag.py took 0.189 seconds
[2024-11-03T00:13:10.014+0000] {processor.py:186} INFO - Started process (PID=14384) to work on /opt/airflow/dags/second_dag.py
[2024-11-03T00:13:10.014+0000] {processor.py:914} INFO - Processing file /opt/airflow/dags/second_dag.py for tasks to queue
[2024-11-03T00:13:10.017+0000] {logging_mixin.py:190} INFO - [2024-11-03T00:13:10.017+0000] {dagbag.py:588} INFO - Filling up the DagBag from /opt/airflow/dags/second_dag.py
[2024-11-03T00:13:10.120+0000] {processor.py:925} INFO - DAG(s) 'indices_provincias_v05' retrieved from /opt/airflow/dags/second_dag.py
[2024-11-03T00:13:10.147+0000] {logging_mixin.py:190} INFO - [2024-11-03T00:13:10.147+0000] {dag.py:3239} INFO - Sync 1 DAGs
[2024-11-03T00:13:10.178+0000] {logging_mixin.py:190} INFO - [2024-11-03T00:13:10.177+0000] {dag.py:4180} INFO - Setting next_dagrun for indices_provincias_v05 to 2024-11-03 00:00:00+00:00, run_after=2024-11-04 00:00:00+00:00
[2024-11-03T00:13:10.202+0000] {processor.py:208} INFO - Processing /opt/airflow/dags/second_dag.py took 0.195 seconds
[2024-11-03T00:13:40.693+0000] {processor.py:186} INFO - Started process (PID=14410) to work on /opt/airflow/dags/second_dag.py
[2024-11-03T00:13:40.694+0000] {processor.py:914} INFO - Processing file /opt/airflow/dags/second_dag.py for tasks to queue
[2024-11-03T00:13:40.697+0000] {logging_mixin.py:190} INFO - [2024-11-03T00:13:40.696+0000] {dagbag.py:588} INFO - Filling up the DagBag from /opt/airflow/dags/second_dag.py
[2024-11-03T00:13:40.810+0000] {processor.py:925} INFO - DAG(s) 'indices_provincias_v05' retrieved from /opt/airflow/dags/second_dag.py
[2024-11-03T00:13:40.839+0000] {logging_mixin.py:190} INFO - [2024-11-03T00:13:40.838+0000] {dag.py:3239} INFO - Sync 1 DAGs
[2024-11-03T00:13:40.871+0000] {logging_mixin.py:190} INFO - [2024-11-03T00:13:40.871+0000] {dag.py:4180} INFO - Setting next_dagrun for indices_provincias_v05 to 2024-11-03 00:00:00+00:00, run_after=2024-11-04 00:00:00+00:00
[2024-11-03T00:13:40.894+0000] {processor.py:208} INFO - Processing /opt/airflow/dags/second_dag.py took 0.210 seconds
[2024-11-03T00:14:11.372+0000] {processor.py:186} INFO - Started process (PID=14436) to work on /opt/airflow/dags/second_dag.py
[2024-11-03T00:14:11.373+0000] {processor.py:914} INFO - Processing file /opt/airflow/dags/second_dag.py for tasks to queue
[2024-11-03T00:14:11.375+0000] {logging_mixin.py:190} INFO - [2024-11-03T00:14:11.375+0000] {dagbag.py:588} INFO - Filling up the DagBag from /opt/airflow/dags/second_dag.py
[2024-11-03T00:14:11.480+0000] {processor.py:925} INFO - DAG(s) 'indices_provincias_v05' retrieved from /opt/airflow/dags/second_dag.py
[2024-11-03T00:14:11.508+0000] {logging_mixin.py:190} INFO - [2024-11-03T00:14:11.508+0000] {dag.py:3239} INFO - Sync 1 DAGs
[2024-11-03T00:14:11.539+0000] {logging_mixin.py:190} INFO - [2024-11-03T00:14:11.538+0000] {dag.py:4180} INFO - Setting next_dagrun for indices_provincias_v05 to 2024-11-03 00:00:00+00:00, run_after=2024-11-04 00:00:00+00:00
[2024-11-03T00:14:11.559+0000] {processor.py:208} INFO - Processing /opt/airflow/dags/second_dag.py took 0.199 seconds
[2024-11-03T00:14:42.006+0000] {processor.py:186} INFO - Started process (PID=14462) to work on /opt/airflow/dags/second_dag.py
[2024-11-03T00:14:42.007+0000] {processor.py:914} INFO - Processing file /opt/airflow/dags/second_dag.py for tasks to queue
[2024-11-03T00:14:42.010+0000] {logging_mixin.py:190} INFO - [2024-11-03T00:14:42.009+0000] {dagbag.py:588} INFO - Filling up the DagBag from /opt/airflow/dags/second_dag.py
[2024-11-03T00:14:42.120+0000] {processor.py:925} INFO - DAG(s) 'indices_provincias_v05' retrieved from /opt/airflow/dags/second_dag.py
[2024-11-03T00:14:42.147+0000] {logging_mixin.py:190} INFO - [2024-11-03T00:14:42.147+0000] {dag.py:3239} INFO - Sync 1 DAGs
[2024-11-03T00:14:42.178+0000] {logging_mixin.py:190} INFO - [2024-11-03T00:14:42.177+0000] {dag.py:4180} INFO - Setting next_dagrun for indices_provincias_v05 to 2024-11-03 00:00:00+00:00, run_after=2024-11-04 00:00:00+00:00
[2024-11-03T00:14:42.201+0000] {processor.py:208} INFO - Processing /opt/airflow/dags/second_dag.py took 0.205 seconds
[2024-11-03T00:15:12.685+0000] {processor.py:186} INFO - Started process (PID=14488) to work on /opt/airflow/dags/second_dag.py
[2024-11-03T00:15:12.686+0000] {processor.py:914} INFO - Processing file /opt/airflow/dags/second_dag.py for tasks to queue
[2024-11-03T00:15:12.689+0000] {logging_mixin.py:190} INFO - [2024-11-03T00:15:12.688+0000] {dagbag.py:588} INFO - Filling up the DagBag from /opt/airflow/dags/second_dag.py
[2024-11-03T00:15:12.801+0000] {processor.py:925} INFO - DAG(s) 'indices_provincias_v05' retrieved from /opt/airflow/dags/second_dag.py
[2024-11-03T00:15:12.833+0000] {logging_mixin.py:190} INFO - [2024-11-03T00:15:12.832+0000] {dag.py:3239} INFO - Sync 1 DAGs
[2024-11-03T00:15:12.866+0000] {logging_mixin.py:190} INFO - [2024-11-03T00:15:12.866+0000] {dag.py:4180} INFO - Setting next_dagrun for indices_provincias_v05 to 2024-11-03 00:00:00+00:00, run_after=2024-11-04 00:00:00+00:00
[2024-11-03T00:15:12.891+0000] {processor.py:208} INFO - Processing /opt/airflow/dags/second_dag.py took 0.212 seconds
[2024-11-03T00:15:43.353+0000] {processor.py:186} INFO - Started process (PID=14514) to work on /opt/airflow/dags/second_dag.py
[2024-11-03T00:15:43.355+0000] {processor.py:914} INFO - Processing file /opt/airflow/dags/second_dag.py for tasks to queue
[2024-11-03T00:15:43.358+0000] {logging_mixin.py:190} INFO - [2024-11-03T00:15:43.358+0000] {dagbag.py:588} INFO - Filling up the DagBag from /opt/airflow/dags/second_dag.py
[2024-11-03T00:15:43.496+0000] {processor.py:925} INFO - DAG(s) 'indices_provincias_v05' retrieved from /opt/airflow/dags/second_dag.py
[2024-11-03T00:15:43.527+0000] {logging_mixin.py:190} INFO - [2024-11-03T00:15:43.526+0000] {dag.py:3239} INFO - Sync 1 DAGs
[2024-11-03T00:15:43.561+0000] {logging_mixin.py:190} INFO - [2024-11-03T00:15:43.561+0000] {dag.py:4180} INFO - Setting next_dagrun for indices_provincias_v05 to 2024-11-03 00:00:00+00:00, run_after=2024-11-04 00:00:00+00:00
[2024-11-03T00:15:43.587+0000] {processor.py:208} INFO - Processing /opt/airflow/dags/second_dag.py took 0.242 seconds
[2024-11-03T00:16:14.009+0000] {processor.py:186} INFO - Started process (PID=14540) to work on /opt/airflow/dags/second_dag.py
[2024-11-03T00:16:14.010+0000] {processor.py:914} INFO - Processing file /opt/airflow/dags/second_dag.py for tasks to queue
[2024-11-03T00:16:14.013+0000] {logging_mixin.py:190} INFO - [2024-11-03T00:16:14.012+0000] {dagbag.py:588} INFO - Filling up the DagBag from /opt/airflow/dags/second_dag.py
[2024-11-03T00:16:14.136+0000] {processor.py:925} INFO - DAG(s) 'indices_provincias_v05' retrieved from /opt/airflow/dags/second_dag.py
[2024-11-03T00:16:14.168+0000] {logging_mixin.py:190} INFO - [2024-11-03T00:16:14.168+0000] {dag.py:3239} INFO - Sync 1 DAGs
[2024-11-03T00:16:14.203+0000] {logging_mixin.py:190} INFO - [2024-11-03T00:16:14.203+0000] {dag.py:4180} INFO - Setting next_dagrun for indices_provincias_v05 to 2024-11-03 00:00:00+00:00, run_after=2024-11-04 00:00:00+00:00
[2024-11-03T00:16:14.228+0000] {processor.py:208} INFO - Processing /opt/airflow/dags/second_dag.py took 0.228 seconds
[2024-11-03T00:16:44.673+0000] {processor.py:186} INFO - Started process (PID=14566) to work on /opt/airflow/dags/second_dag.py
[2024-11-03T00:16:44.674+0000] {processor.py:914} INFO - Processing file /opt/airflow/dags/second_dag.py for tasks to queue
[2024-11-03T00:16:44.678+0000] {logging_mixin.py:190} INFO - [2024-11-03T00:16:44.677+0000] {dagbag.py:588} INFO - Filling up the DagBag from /opt/airflow/dags/second_dag.py
[2024-11-03T00:16:44.830+0000] {processor.py:925} INFO - DAG(s) 'indices_provincias_v05' retrieved from /opt/airflow/dags/second_dag.py
[2024-11-03T00:16:44.888+0000] {logging_mixin.py:190} INFO - [2024-11-03T00:16:44.888+0000] {dag.py:3239} INFO - Sync 1 DAGs
[2024-11-03T00:16:44.939+0000] {logging_mixin.py:190} INFO - [2024-11-03T00:16:44.939+0000] {dag.py:4180} INFO - Setting next_dagrun for indices_provincias_v05 to 2024-11-03 00:00:00+00:00, run_after=2024-11-04 00:00:00+00:00
[2024-11-03T00:16:44.967+0000] {processor.py:208} INFO - Processing /opt/airflow/dags/second_dag.py took 0.302 seconds
[2024-11-03T00:17:15.463+0000] {processor.py:186} INFO - Started process (PID=14592) to work on /opt/airflow/dags/second_dag.py
[2024-11-03T00:17:15.464+0000] {processor.py:914} INFO - Processing file /opt/airflow/dags/second_dag.py for tasks to queue
[2024-11-03T00:17:15.467+0000] {logging_mixin.py:190} INFO - [2024-11-03T00:17:15.467+0000] {dagbag.py:588} INFO - Filling up the DagBag from /opt/airflow/dags/second_dag.py
[2024-11-03T00:17:15.589+0000] {processor.py:925} INFO - DAG(s) 'indices_provincias_v05' retrieved from /opt/airflow/dags/second_dag.py
[2024-11-03T00:17:15.623+0000] {logging_mixin.py:190} INFO - [2024-11-03T00:17:15.623+0000] {dag.py:3239} INFO - Sync 1 DAGs
[2024-11-03T00:17:15.657+0000] {logging_mixin.py:190} INFO - [2024-11-03T00:17:15.656+0000] {dag.py:4180} INFO - Setting next_dagrun for indices_provincias_v05 to 2024-11-03 00:00:00+00:00, run_after=2024-11-04 00:00:00+00:00
[2024-11-03T00:17:15.679+0000] {processor.py:208} INFO - Processing /opt/airflow/dags/second_dag.py took 0.225 seconds
[2024-11-03T00:17:46.113+0000] {processor.py:186} INFO - Started process (PID=14618) to work on /opt/airflow/dags/second_dag.py
[2024-11-03T00:17:46.114+0000] {processor.py:914} INFO - Processing file /opt/airflow/dags/second_dag.py for tasks to queue
[2024-11-03T00:17:46.116+0000] {logging_mixin.py:190} INFO - [2024-11-03T00:17:46.116+0000] {dagbag.py:588} INFO - Filling up the DagBag from /opt/airflow/dags/second_dag.py
[2024-11-03T00:17:46.251+0000] {processor.py:925} INFO - DAG(s) 'indices_provincias_v05' retrieved from /opt/airflow/dags/second_dag.py
[2024-11-03T00:17:46.284+0000] {logging_mixin.py:190} INFO - [2024-11-03T00:17:46.284+0000] {dag.py:3239} INFO - Sync 1 DAGs
[2024-11-03T00:17:46.327+0000] {logging_mixin.py:190} INFO - [2024-11-03T00:17:46.327+0000] {dag.py:4180} INFO - Setting next_dagrun for indices_provincias_v05 to 2024-11-03 00:00:00+00:00, run_after=2024-11-04 00:00:00+00:00
[2024-11-03T00:17:46.353+0000] {processor.py:208} INFO - Processing /opt/airflow/dags/second_dag.py took 0.249 seconds
[2024-11-03T00:18:16.792+0000] {processor.py:186} INFO - Started process (PID=14644) to work on /opt/airflow/dags/second_dag.py
[2024-11-03T00:18:16.794+0000] {processor.py:914} INFO - Processing file /opt/airflow/dags/second_dag.py for tasks to queue
[2024-11-03T00:18:16.796+0000] {logging_mixin.py:190} INFO - [2024-11-03T00:18:16.796+0000] {dagbag.py:588} INFO - Filling up the DagBag from /opt/airflow/dags/second_dag.py
[2024-11-03T00:18:16.921+0000] {processor.py:925} INFO - DAG(s) 'indices_provincias_v05' retrieved from /opt/airflow/dags/second_dag.py
[2024-11-03T00:18:16.952+0000] {logging_mixin.py:190} INFO - [2024-11-03T00:18:16.952+0000] {dag.py:3239} INFO - Sync 1 DAGs
[2024-11-03T00:18:16.988+0000] {logging_mixin.py:190} INFO - [2024-11-03T00:18:16.988+0000] {dag.py:4180} INFO - Setting next_dagrun for indices_provincias_v05 to 2024-11-03 00:00:00+00:00, run_after=2024-11-04 00:00:00+00:00
[2024-11-03T00:18:17.022+0000] {processor.py:208} INFO - Processing /opt/airflow/dags/second_dag.py took 0.237 seconds
[2024-11-03T00:18:47.486+0000] {processor.py:186} INFO - Started process (PID=14670) to work on /opt/airflow/dags/second_dag.py
[2024-11-03T00:18:47.488+0000] {processor.py:914} INFO - Processing file /opt/airflow/dags/second_dag.py for tasks to queue
[2024-11-03T00:18:47.490+0000] {logging_mixin.py:190} INFO - [2024-11-03T00:18:47.490+0000] {dagbag.py:588} INFO - Filling up the DagBag from /opt/airflow/dags/second_dag.py
[2024-11-03T00:18:47.613+0000] {processor.py:925} INFO - DAG(s) 'indices_provincias_v05' retrieved from /opt/airflow/dags/second_dag.py
[2024-11-03T00:18:47.642+0000] {logging_mixin.py:190} INFO - [2024-11-03T00:18:47.641+0000] {dag.py:3239} INFO - Sync 1 DAGs
[2024-11-03T00:18:47.676+0000] {logging_mixin.py:190} INFO - [2024-11-03T00:18:47.676+0000] {dag.py:4180} INFO - Setting next_dagrun for indices_provincias_v05 to 2024-11-03 00:00:00+00:00, run_after=2024-11-04 00:00:00+00:00
[2024-11-03T00:18:47.697+0000] {processor.py:208} INFO - Processing /opt/airflow/dags/second_dag.py took 0.221 seconds
[2024-11-03T00:19:18.126+0000] {processor.py:186} INFO - Started process (PID=14696) to work on /opt/airflow/dags/second_dag.py
[2024-11-03T00:19:18.127+0000] {processor.py:914} INFO - Processing file /opt/airflow/dags/second_dag.py for tasks to queue
[2024-11-03T00:19:18.131+0000] {logging_mixin.py:190} INFO - [2024-11-03T00:19:18.130+0000] {dagbag.py:588} INFO - Filling up the DagBag from /opt/airflow/dags/second_dag.py
[2024-11-03T00:19:18.261+0000] {processor.py:925} INFO - DAG(s) 'indices_provincias_v05' retrieved from /opt/airflow/dags/second_dag.py
[2024-11-03T00:19:18.291+0000] {logging_mixin.py:190} INFO - [2024-11-03T00:19:18.291+0000] {dag.py:3239} INFO - Sync 1 DAGs
[2024-11-03T00:19:18.327+0000] {logging_mixin.py:190} INFO - [2024-11-03T00:19:18.326+0000] {dag.py:4180} INFO - Setting next_dagrun for indices_provincias_v05 to 2024-11-03 00:00:00+00:00, run_after=2024-11-04 00:00:00+00:00
[2024-11-03T00:19:18.353+0000] {processor.py:208} INFO - Processing /opt/airflow/dags/second_dag.py took 0.235 seconds
[2024-11-03T00:19:48.814+0000] {processor.py:186} INFO - Started process (PID=14722) to work on /opt/airflow/dags/second_dag.py
[2024-11-03T00:19:48.815+0000] {processor.py:914} INFO - Processing file /opt/airflow/dags/second_dag.py for tasks to queue
[2024-11-03T00:19:48.817+0000] {logging_mixin.py:190} INFO - [2024-11-03T00:19:48.817+0000] {dagbag.py:588} INFO - Filling up the DagBag from /opt/airflow/dags/second_dag.py
[2024-11-03T00:19:48.937+0000] {processor.py:925} INFO - DAG(s) 'indices_provincias_v05' retrieved from /opt/airflow/dags/second_dag.py
[2024-11-03T00:19:48.970+0000] {logging_mixin.py:190} INFO - [2024-11-03T00:19:48.970+0000] {dag.py:3239} INFO - Sync 1 DAGs
[2024-11-03T00:19:49.002+0000] {logging_mixin.py:190} INFO - [2024-11-03T00:19:49.002+0000] {dag.py:4180} INFO - Setting next_dagrun for indices_provincias_v05 to 2024-11-03 00:00:00+00:00, run_after=2024-11-04 00:00:00+00:00
[2024-11-03T00:19:49.028+0000] {processor.py:208} INFO - Processing /opt/airflow/dags/second_dag.py took 0.225 seconds
[2024-11-03T00:20:19.468+0000] {processor.py:186} INFO - Started process (PID=14748) to work on /opt/airflow/dags/second_dag.py
[2024-11-03T00:20:19.469+0000] {processor.py:914} INFO - Processing file /opt/airflow/dags/second_dag.py for tasks to queue
[2024-11-03T00:20:19.471+0000] {logging_mixin.py:190} INFO - [2024-11-03T00:20:19.471+0000] {dagbag.py:588} INFO - Filling up the DagBag from /opt/airflow/dags/second_dag.py
[2024-11-03T00:20:19.575+0000] {processor.py:925} INFO - DAG(s) 'indices_provincias_v05' retrieved from /opt/airflow/dags/second_dag.py
[2024-11-03T00:20:19.604+0000] {logging_mixin.py:190} INFO - [2024-11-03T00:20:19.603+0000] {dag.py:3239} INFO - Sync 1 DAGs
[2024-11-03T00:20:19.633+0000] {logging_mixin.py:190} INFO - [2024-11-03T00:20:19.633+0000] {dag.py:4180} INFO - Setting next_dagrun for indices_provincias_v05 to 2024-11-03 00:00:00+00:00, run_after=2024-11-04 00:00:00+00:00
[2024-11-03T00:20:19.655+0000] {processor.py:208} INFO - Processing /opt/airflow/dags/second_dag.py took 0.197 seconds
[2024-11-03T00:20:50.085+0000] {processor.py:186} INFO - Started process (PID=14774) to work on /opt/airflow/dags/second_dag.py
[2024-11-03T00:20:50.086+0000] {processor.py:914} INFO - Processing file /opt/airflow/dags/second_dag.py for tasks to queue
[2024-11-03T00:20:50.089+0000] {logging_mixin.py:190} INFO - [2024-11-03T00:20:50.089+0000] {dagbag.py:588} INFO - Filling up the DagBag from /opt/airflow/dags/second_dag.py
[2024-11-03T00:20:50.195+0000] {processor.py:925} INFO - DAG(s) 'indices_provincias_v05' retrieved from /opt/airflow/dags/second_dag.py
[2024-11-03T00:20:50.221+0000] {logging_mixin.py:190} INFO - [2024-11-03T00:20:50.220+0000] {dag.py:3239} INFO - Sync 1 DAGs
[2024-11-03T00:20:50.248+0000] {logging_mixin.py:190} INFO - [2024-11-03T00:20:50.248+0000] {dag.py:4180} INFO - Setting next_dagrun for indices_provincias_v05 to 2024-11-03 00:00:00+00:00, run_after=2024-11-04 00:00:00+00:00
[2024-11-03T00:20:50.270+0000] {processor.py:208} INFO - Processing /opt/airflow/dags/second_dag.py took 0.194 seconds
[2024-11-03T00:21:20.761+0000] {processor.py:186} INFO - Started process (PID=14800) to work on /opt/airflow/dags/second_dag.py
[2024-11-03T00:21:20.762+0000] {processor.py:914} INFO - Processing file /opt/airflow/dags/second_dag.py for tasks to queue
[2024-11-03T00:21:20.765+0000] {logging_mixin.py:190} INFO - [2024-11-03T00:21:20.764+0000] {dagbag.py:588} INFO - Filling up the DagBag from /opt/airflow/dags/second_dag.py
[2024-11-03T00:21:20.866+0000] {processor.py:925} INFO - DAG(s) 'indices_provincias_v05' retrieved from /opt/airflow/dags/second_dag.py
[2024-11-03T00:21:20.892+0000] {logging_mixin.py:190} INFO - [2024-11-03T00:21:20.891+0000] {dag.py:3239} INFO - Sync 1 DAGs
[2024-11-03T00:21:20.923+0000] {logging_mixin.py:190} INFO - [2024-11-03T00:21:20.923+0000] {dag.py:4180} INFO - Setting next_dagrun for indices_provincias_v05 to 2024-11-03 00:00:00+00:00, run_after=2024-11-04 00:00:00+00:00
[2024-11-03T00:21:20.945+0000] {processor.py:208} INFO - Processing /opt/airflow/dags/second_dag.py took 0.192 seconds
[2024-11-03T00:21:51.397+0000] {processor.py:186} INFO - Started process (PID=14826) to work on /opt/airflow/dags/second_dag.py
[2024-11-03T00:21:51.398+0000] {processor.py:914} INFO - Processing file /opt/airflow/dags/second_dag.py for tasks to queue
[2024-11-03T00:21:51.401+0000] {logging_mixin.py:190} INFO - [2024-11-03T00:21:51.400+0000] {dagbag.py:588} INFO - Filling up the DagBag from /opt/airflow/dags/second_dag.py
[2024-11-03T00:21:51.503+0000] {processor.py:925} INFO - DAG(s) 'indices_provincias_v05' retrieved from /opt/airflow/dags/second_dag.py
[2024-11-03T00:21:51.534+0000] {logging_mixin.py:190} INFO - [2024-11-03T00:21:51.534+0000] {dag.py:3239} INFO - Sync 1 DAGs
[2024-11-03T00:21:51.565+0000] {logging_mixin.py:190} INFO - [2024-11-03T00:21:51.564+0000] {dag.py:4180} INFO - Setting next_dagrun for indices_provincias_v05 to 2024-11-03 00:00:00+00:00, run_after=2024-11-04 00:00:00+00:00
[2024-11-03T00:21:51.586+0000] {processor.py:208} INFO - Processing /opt/airflow/dags/second_dag.py took 0.197 seconds
[2024-11-03T00:22:22.054+0000] {processor.py:186} INFO - Started process (PID=14852) to work on /opt/airflow/dags/second_dag.py
[2024-11-03T00:22:22.055+0000] {processor.py:914} INFO - Processing file /opt/airflow/dags/second_dag.py for tasks to queue
[2024-11-03T00:22:22.058+0000] {logging_mixin.py:190} INFO - [2024-11-03T00:22:22.057+0000] {dagbag.py:588} INFO - Filling up the DagBag from /opt/airflow/dags/second_dag.py
[2024-11-03T00:22:22.170+0000] {processor.py:925} INFO - DAG(s) 'indices_provincias_v05' retrieved from /opt/airflow/dags/second_dag.py
[2024-11-03T00:22:22.198+0000] {logging_mixin.py:190} INFO - [2024-11-03T00:22:22.198+0000] {dag.py:3239} INFO - Sync 1 DAGs
[2024-11-03T00:22:22.227+0000] {logging_mixin.py:190} INFO - [2024-11-03T00:22:22.227+0000] {dag.py:4180} INFO - Setting next_dagrun for indices_provincias_v05 to 2024-11-03 00:00:00+00:00, run_after=2024-11-04 00:00:00+00:00
[2024-11-03T00:22:22.247+0000] {processor.py:208} INFO - Processing /opt/airflow/dags/second_dag.py took 0.202 seconds
[2024-11-03T00:22:52.690+0000] {processor.py:186} INFO - Started process (PID=14878) to work on /opt/airflow/dags/second_dag.py
[2024-11-03T00:22:52.692+0000] {processor.py:914} INFO - Processing file /opt/airflow/dags/second_dag.py for tasks to queue
[2024-11-03T00:22:52.696+0000] {logging_mixin.py:190} INFO - [2024-11-03T00:22:52.695+0000] {dagbag.py:588} INFO - Filling up the DagBag from /opt/airflow/dags/second_dag.py
[2024-11-03T00:22:52.832+0000] {processor.py:925} INFO - DAG(s) 'indices_provincias_v05' retrieved from /opt/airflow/dags/second_dag.py
[2024-11-03T00:22:52.859+0000] {logging_mixin.py:190} INFO - [2024-11-03T00:22:52.859+0000] {dag.py:3239} INFO - Sync 1 DAGs
[2024-11-03T00:22:52.888+0000] {logging_mixin.py:190} INFO - [2024-11-03T00:22:52.888+0000] {dag.py:4180} INFO - Setting next_dagrun for indices_provincias_v05 to 2024-11-03 00:00:00+00:00, run_after=2024-11-04 00:00:00+00:00
[2024-11-03T00:22:52.910+0000] {processor.py:208} INFO - Processing /opt/airflow/dags/second_dag.py took 0.229 seconds
[2024-11-03T00:23:23.351+0000] {processor.py:186} INFO - Started process (PID=14904) to work on /opt/airflow/dags/second_dag.py
[2024-11-03T00:23:23.352+0000] {processor.py:914} INFO - Processing file /opt/airflow/dags/second_dag.py for tasks to queue
[2024-11-03T00:23:23.355+0000] {logging_mixin.py:190} INFO - [2024-11-03T00:23:23.355+0000] {dagbag.py:588} INFO - Filling up the DagBag from /opt/airflow/dags/second_dag.py
[2024-11-03T00:23:23.461+0000] {processor.py:925} INFO - DAG(s) 'indices_provincias_v05' retrieved from /opt/airflow/dags/second_dag.py
[2024-11-03T00:23:23.487+0000] {logging_mixin.py:190} INFO - [2024-11-03T00:23:23.487+0000] {dag.py:3239} INFO - Sync 1 DAGs
[2024-11-03T00:23:23.521+0000] {logging_mixin.py:190} INFO - [2024-11-03T00:23:23.521+0000] {dag.py:4180} INFO - Setting next_dagrun for indices_provincias_v05 to 2024-11-03 00:00:00+00:00, run_after=2024-11-04 00:00:00+00:00
[2024-11-03T00:23:23.543+0000] {processor.py:208} INFO - Processing /opt/airflow/dags/second_dag.py took 0.201 seconds
[2024-11-03T00:23:54.015+0000] {processor.py:186} INFO - Started process (PID=14930) to work on /opt/airflow/dags/second_dag.py
[2024-11-03T00:23:54.017+0000] {processor.py:914} INFO - Processing file /opt/airflow/dags/second_dag.py for tasks to queue
[2024-11-03T00:23:54.019+0000] {logging_mixin.py:190} INFO - [2024-11-03T00:23:54.019+0000] {dagbag.py:588} INFO - Filling up the DagBag from /opt/airflow/dags/second_dag.py
[2024-11-03T00:23:54.122+0000] {processor.py:925} INFO - DAG(s) 'indices_provincias_v05' retrieved from /opt/airflow/dags/second_dag.py
[2024-11-03T00:23:54.149+0000] {logging_mixin.py:190} INFO - [2024-11-03T00:23:54.148+0000] {dag.py:3239} INFO - Sync 1 DAGs
[2024-11-03T00:23:54.179+0000] {logging_mixin.py:190} INFO - [2024-11-03T00:23:54.178+0000] {dag.py:4180} INFO - Setting next_dagrun for indices_provincias_v05 to 2024-11-03 00:00:00+00:00, run_after=2024-11-04 00:00:00+00:00
[2024-11-03T00:23:54.201+0000] {processor.py:208} INFO - Processing /opt/airflow/dags/second_dag.py took 0.192 seconds
[2024-11-03T00:24:24.639+0000] {processor.py:186} INFO - Started process (PID=14956) to work on /opt/airflow/dags/second_dag.py
[2024-11-03T00:24:24.640+0000] {processor.py:914} INFO - Processing file /opt/airflow/dags/second_dag.py for tasks to queue
[2024-11-03T00:24:24.642+0000] {logging_mixin.py:190} INFO - [2024-11-03T00:24:24.642+0000] {dagbag.py:588} INFO - Filling up the DagBag from /opt/airflow/dags/second_dag.py
[2024-11-03T00:24:24.750+0000] {processor.py:925} INFO - DAG(s) 'indices_provincias_v05' retrieved from /opt/airflow/dags/second_dag.py
[2024-11-03T00:24:24.774+0000] {logging_mixin.py:190} INFO - [2024-11-03T00:24:24.774+0000] {dag.py:3239} INFO - Sync 1 DAGs
[2024-11-03T00:24:24.804+0000] {logging_mixin.py:190} INFO - [2024-11-03T00:24:24.803+0000] {dag.py:4180} INFO - Setting next_dagrun for indices_provincias_v05 to 2024-11-03 00:00:00+00:00, run_after=2024-11-04 00:00:00+00:00
[2024-11-03T00:24:24.825+0000] {processor.py:208} INFO - Processing /opt/airflow/dags/second_dag.py took 0.195 seconds
[2024-11-03T00:24:55.257+0000] {processor.py:186} INFO - Started process (PID=14982) to work on /opt/airflow/dags/second_dag.py
[2024-11-03T00:24:55.259+0000] {processor.py:914} INFO - Processing file /opt/airflow/dags/second_dag.py for tasks to queue
[2024-11-03T00:24:55.261+0000] {logging_mixin.py:190} INFO - [2024-11-03T00:24:55.261+0000] {dagbag.py:588} INFO - Filling up the DagBag from /opt/airflow/dags/second_dag.py
[2024-11-03T00:24:55.402+0000] {processor.py:925} INFO - DAG(s) 'indices_provincias_v05' retrieved from /opt/airflow/dags/second_dag.py
[2024-11-03T00:24:55.449+0000] {logging_mixin.py:190} INFO - [2024-11-03T00:24:55.449+0000] {dag.py:3239} INFO - Sync 1 DAGs
[2024-11-03T00:24:55.479+0000] {logging_mixin.py:190} INFO - [2024-11-03T00:24:55.478+0000] {dag.py:4180} INFO - Setting next_dagrun for indices_provincias_v05 to 2024-11-03 00:00:00+00:00, run_after=2024-11-04 00:00:00+00:00
[2024-11-03T00:24:55.500+0000] {processor.py:208} INFO - Processing /opt/airflow/dags/second_dag.py took 0.252 seconds
[2024-11-03T00:25:25.938+0000] {processor.py:186} INFO - Started process (PID=15008) to work on /opt/airflow/dags/second_dag.py
[2024-11-03T00:25:25.939+0000] {processor.py:914} INFO - Processing file /opt/airflow/dags/second_dag.py for tasks to queue
[2024-11-03T00:25:25.942+0000] {logging_mixin.py:190} INFO - [2024-11-03T00:25:25.941+0000] {dagbag.py:588} INFO - Filling up the DagBag from /opt/airflow/dags/second_dag.py
[2024-11-03T00:25:26.046+0000] {processor.py:925} INFO - DAG(s) 'indices_provincias_v05' retrieved from /opt/airflow/dags/second_dag.py
[2024-11-03T00:25:26.076+0000] {logging_mixin.py:190} INFO - [2024-11-03T00:25:26.075+0000] {dag.py:3239} INFO - Sync 1 DAGs
[2024-11-03T00:25:26.107+0000] {logging_mixin.py:190} INFO - [2024-11-03T00:25:26.106+0000] {dag.py:4180} INFO - Setting next_dagrun for indices_provincias_v05 to 2024-11-03 00:00:00+00:00, run_after=2024-11-04 00:00:00+00:00
[2024-11-03T00:25:26.125+0000] {processor.py:208} INFO - Processing /opt/airflow/dags/second_dag.py took 0.195 seconds
[2024-11-03T00:25:56.532+0000] {processor.py:186} INFO - Started process (PID=15034) to work on /opt/airflow/dags/second_dag.py
[2024-11-03T00:25:56.533+0000] {processor.py:914} INFO - Processing file /opt/airflow/dags/second_dag.py for tasks to queue
[2024-11-03T00:25:56.536+0000] {logging_mixin.py:190} INFO - [2024-11-03T00:25:56.536+0000] {dagbag.py:588} INFO - Filling up the DagBag from /opt/airflow/dags/second_dag.py
[2024-11-03T00:25:56.676+0000] {processor.py:925} INFO - DAG(s) 'indices_provincias_v05' retrieved from /opt/airflow/dags/second_dag.py
[2024-11-03T00:25:56.732+0000] {logging_mixin.py:190} INFO - [2024-11-03T00:25:56.731+0000] {dag.py:3239} INFO - Sync 1 DAGs
[2024-11-03T00:25:56.763+0000] {logging_mixin.py:190} INFO - [2024-11-03T00:25:56.763+0000] {dag.py:4180} INFO - Setting next_dagrun for indices_provincias_v05 to 2024-11-03 00:00:00+00:00, run_after=2024-11-04 00:00:00+00:00
[2024-11-03T00:25:56.784+0000] {processor.py:208} INFO - Processing /opt/airflow/dags/second_dag.py took 0.261 seconds
[2024-11-03T00:26:27.213+0000] {processor.py:186} INFO - Started process (PID=15060) to work on /opt/airflow/dags/second_dag.py
[2024-11-03T00:26:27.214+0000] {processor.py:914} INFO - Processing file /opt/airflow/dags/second_dag.py for tasks to queue
[2024-11-03T00:26:27.216+0000] {logging_mixin.py:190} INFO - [2024-11-03T00:26:27.215+0000] {dagbag.py:588} INFO - Filling up the DagBag from /opt/airflow/dags/second_dag.py
[2024-11-03T00:26:27.323+0000] {processor.py:925} INFO - DAG(s) 'indices_provincias_v05' retrieved from /opt/airflow/dags/second_dag.py
[2024-11-03T00:26:27.350+0000] {logging_mixin.py:190} INFO - [2024-11-03T00:26:27.349+0000] {dag.py:3239} INFO - Sync 1 DAGs
[2024-11-03T00:26:27.380+0000] {logging_mixin.py:190} INFO - [2024-11-03T00:26:27.380+0000] {dag.py:4180} INFO - Setting next_dagrun for indices_provincias_v05 to 2024-11-03 00:00:00+00:00, run_after=2024-11-04 00:00:00+00:00
[2024-11-03T00:26:27.405+0000] {processor.py:208} INFO - Processing /opt/airflow/dags/second_dag.py took 0.198 seconds
[2024-11-03T00:26:57.845+0000] {processor.py:186} INFO - Started process (PID=15086) to work on /opt/airflow/dags/second_dag.py
[2024-11-03T00:26:57.846+0000] {processor.py:914} INFO - Processing file /opt/airflow/dags/second_dag.py for tasks to queue
[2024-11-03T00:26:57.849+0000] {logging_mixin.py:190} INFO - [2024-11-03T00:26:57.849+0000] {dagbag.py:588} INFO - Filling up the DagBag from /opt/airflow/dags/second_dag.py
[2024-11-03T00:26:57.961+0000] {processor.py:925} INFO - DAG(s) 'indices_provincias_v05' retrieved from /opt/airflow/dags/second_dag.py
[2024-11-03T00:26:57.988+0000] {logging_mixin.py:190} INFO - [2024-11-03T00:26:57.988+0000] {dag.py:3239} INFO - Sync 1 DAGs
[2024-11-03T00:26:58.018+0000] {logging_mixin.py:190} INFO - [2024-11-03T00:26:58.018+0000] {dag.py:4180} INFO - Setting next_dagrun for indices_provincias_v05 to 2024-11-03 00:00:00+00:00, run_after=2024-11-04 00:00:00+00:00
[2024-11-03T00:26:58.038+0000] {processor.py:208} INFO - Processing /opt/airflow/dags/second_dag.py took 0.201 seconds
[2024-11-03T00:27:28.520+0000] {processor.py:186} INFO - Started process (PID=15118) to work on /opt/airflow/dags/second_dag.py
[2024-11-03T00:27:28.522+0000] {processor.py:914} INFO - Processing file /opt/airflow/dags/second_dag.py for tasks to queue
[2024-11-03T00:27:28.528+0000] {logging_mixin.py:190} INFO - [2024-11-03T00:27:28.527+0000] {dagbag.py:588} INFO - Filling up the DagBag from /opt/airflow/dags/second_dag.py
[2024-11-03T00:27:28.661+0000] {processor.py:925} INFO - DAG(s) 'indices_provincias_v05' retrieved from /opt/airflow/dags/second_dag.py
[2024-11-03T00:27:28.712+0000] {logging_mixin.py:190} INFO - [2024-11-03T00:27:28.711+0000] {dag.py:3239} INFO - Sync 1 DAGs
[2024-11-03T00:27:28.758+0000] {logging_mixin.py:190} INFO - [2024-11-03T00:27:28.758+0000] {dag.py:4180} INFO - Setting next_dagrun for indices_provincias_v05 to 2024-11-03 00:00:00+00:00, run_after=2024-11-04 00:00:00+00:00
[2024-11-03T00:27:28.793+0000] {processor.py:208} INFO - Processing /opt/airflow/dags/second_dag.py took 0.286 seconds
[2024-11-03T00:27:59.324+0000] {processor.py:186} INFO - Started process (PID=15144) to work on /opt/airflow/dags/second_dag.py
[2024-11-03T00:27:59.326+0000] {processor.py:914} INFO - Processing file /opt/airflow/dags/second_dag.py for tasks to queue
[2024-11-03T00:27:59.329+0000] {logging_mixin.py:190} INFO - [2024-11-03T00:27:59.328+0000] {dagbag.py:588} INFO - Filling up the DagBag from /opt/airflow/dags/second_dag.py
[2024-11-03T00:27:59.503+0000] {processor.py:925} INFO - DAG(s) 'indices_provincias_v05' retrieved from /opt/airflow/dags/second_dag.py
[2024-11-03T00:27:59.534+0000] {logging_mixin.py:190} INFO - [2024-11-03T00:27:59.533+0000] {dag.py:3239} INFO - Sync 1 DAGs
[2024-11-03T00:27:59.566+0000] {logging_mixin.py:190} INFO - [2024-11-03T00:27:59.566+0000] {dag.py:4180} INFO - Setting next_dagrun for indices_provincias_v05 to 2024-11-03 00:00:00+00:00, run_after=2024-11-04 00:00:00+00:00
[2024-11-03T00:27:59.590+0000] {processor.py:208} INFO - Processing /opt/airflow/dags/second_dag.py took 0.277 seconds
[2024-11-03T00:28:30.062+0000] {processor.py:186} INFO - Started process (PID=15170) to work on /opt/airflow/dags/second_dag.py
[2024-11-03T00:28:30.063+0000] {processor.py:914} INFO - Processing file /opt/airflow/dags/second_dag.py for tasks to queue
[2024-11-03T00:28:30.065+0000] {logging_mixin.py:190} INFO - [2024-11-03T00:28:30.065+0000] {dagbag.py:588} INFO - Filling up the DagBag from /opt/airflow/dags/second_dag.py
[2024-11-03T00:28:30.174+0000] {processor.py:925} INFO - DAG(s) 'indices_provincias_v05' retrieved from /opt/airflow/dags/second_dag.py
[2024-11-03T00:28:30.202+0000] {logging_mixin.py:190} INFO - [2024-11-03T00:28:30.201+0000] {dag.py:3239} INFO - Sync 1 DAGs
[2024-11-03T00:28:30.232+0000] {logging_mixin.py:190} INFO - [2024-11-03T00:28:30.232+0000] {dag.py:4180} INFO - Setting next_dagrun for indices_provincias_v05 to 2024-11-03 00:00:00+00:00, run_after=2024-11-04 00:00:00+00:00
[2024-11-03T00:28:30.253+0000] {processor.py:208} INFO - Processing /opt/airflow/dags/second_dag.py took 0.200 seconds
[2024-11-03T00:29:00.736+0000] {processor.py:186} INFO - Started process (PID=15196) to work on /opt/airflow/dags/second_dag.py
[2024-11-03T00:29:00.738+0000] {processor.py:914} INFO - Processing file /opt/airflow/dags/second_dag.py for tasks to queue
[2024-11-03T00:29:00.741+0000] {logging_mixin.py:190} INFO - [2024-11-03T00:29:00.741+0000] {dagbag.py:588} INFO - Filling up the DagBag from /opt/airflow/dags/second_dag.py
[2024-11-03T00:29:00.916+0000] {processor.py:925} INFO - DAG(s) 'indices_provincias_v05' retrieved from /opt/airflow/dags/second_dag.py
[2024-11-03T00:29:00.953+0000] {logging_mixin.py:190} INFO - [2024-11-03T00:29:00.953+0000] {dag.py:3239} INFO - Sync 1 DAGs
[2024-11-03T00:29:00.993+0000] {logging_mixin.py:190} INFO - [2024-11-03T00:29:00.992+0000] {dag.py:4180} INFO - Setting next_dagrun for indices_provincias_v05 to 2024-11-03 00:00:00+00:00, run_after=2024-11-04 00:00:00+00:00
[2024-11-03T00:29:01.025+0000] {processor.py:208} INFO - Processing /opt/airflow/dags/second_dag.py took 0.300 seconds
[2024-11-03T00:29:31.500+0000] {processor.py:186} INFO - Started process (PID=15222) to work on /opt/airflow/dags/second_dag.py
[2024-11-03T00:29:31.501+0000] {processor.py:914} INFO - Processing file /opt/airflow/dags/second_dag.py for tasks to queue
[2024-11-03T00:29:31.503+0000] {logging_mixin.py:190} INFO - [2024-11-03T00:29:31.503+0000] {dagbag.py:588} INFO - Filling up the DagBag from /opt/airflow/dags/second_dag.py
[2024-11-03T00:29:31.632+0000] {processor.py:925} INFO - DAG(s) 'indices_provincias_v05' retrieved from /opt/airflow/dags/second_dag.py
[2024-11-03T00:29:31.658+0000] {logging_mixin.py:190} INFO - [2024-11-03T00:29:31.658+0000] {dag.py:3239} INFO - Sync 1 DAGs
[2024-11-03T00:29:31.688+0000] {logging_mixin.py:190} INFO - [2024-11-03T00:29:31.688+0000] {dag.py:4180} INFO - Setting next_dagrun for indices_provincias_v05 to 2024-11-03 00:00:00+00:00, run_after=2024-11-04 00:00:00+00:00
[2024-11-03T00:29:31.709+0000] {processor.py:208} INFO - Processing /opt/airflow/dags/second_dag.py took 0.216 seconds
[2024-11-03T00:30:02.155+0000] {processor.py:186} INFO - Started process (PID=15248) to work on /opt/airflow/dags/second_dag.py
[2024-11-03T00:30:02.156+0000] {processor.py:914} INFO - Processing file /opt/airflow/dags/second_dag.py for tasks to queue
[2024-11-03T00:30:02.159+0000] {logging_mixin.py:190} INFO - [2024-11-03T00:30:02.158+0000] {dagbag.py:588} INFO - Filling up the DagBag from /opt/airflow/dags/second_dag.py
[2024-11-03T00:30:02.265+0000] {processor.py:925} INFO - DAG(s) 'indices_provincias_v05' retrieved from /opt/airflow/dags/second_dag.py
[2024-11-03T00:30:02.290+0000] {logging_mixin.py:190} INFO - [2024-11-03T00:30:02.290+0000] {dag.py:3239} INFO - Sync 1 DAGs
[2024-11-03T00:30:02.320+0000] {logging_mixin.py:190} INFO - [2024-11-03T00:30:02.320+0000] {dag.py:4180} INFO - Setting next_dagrun for indices_provincias_v05 to 2024-11-03 00:00:00+00:00, run_after=2024-11-04 00:00:00+00:00
[2024-11-03T00:30:02.342+0000] {processor.py:208} INFO - Processing /opt/airflow/dags/second_dag.py took 0.195 seconds
[2024-11-03T00:30:32.617+0000] {processor.py:186} INFO - Started process (PID=15385) to work on /opt/airflow/dags/second_dag.py
[2024-11-03T00:30:32.618+0000] {processor.py:914} INFO - Processing file /opt/airflow/dags/second_dag.py for tasks to queue
[2024-11-03T00:30:32.625+0000] {logging_mixin.py:190} INFO - [2024-11-03T00:30:32.624+0000] {dagbag.py:588} INFO - Filling up the DagBag from /opt/airflow/dags/second_dag.py
[2024-11-03T00:30:32.862+0000] {processor.py:925} INFO - DAG(s) 'indices_provincias_v05' retrieved from /opt/airflow/dags/second_dag.py
[2024-11-03T00:30:32.928+0000] {logging_mixin.py:190} INFO - [2024-11-03T00:30:32.927+0000] {dag.py:3239} INFO - Sync 1 DAGs
[2024-11-03T00:30:32.984+0000] {logging_mixin.py:190} INFO - [2024-11-03T00:30:32.984+0000] {dag.py:4180} INFO - Setting next_dagrun for indices_provincias_v05 to 2024-11-03 00:00:00+00:00, run_after=2024-11-04 00:00:00+00:00
[2024-11-03T00:30:33.034+0000] {processor.py:208} INFO - Processing /opt/airflow/dags/second_dag.py took 0.446 seconds
[2024-11-03T00:31:03.533+0000] {processor.py:186} INFO - Started process (PID=15826) to work on /opt/airflow/dags/second_dag.py
[2024-11-03T00:31:03.535+0000] {processor.py:914} INFO - Processing file /opt/airflow/dags/second_dag.py for tasks to queue
[2024-11-03T00:31:03.550+0000] {logging_mixin.py:190} INFO - [2024-11-03T00:31:03.540+0000] {dagbag.py:588} INFO - Filling up the DagBag from /opt/airflow/dags/second_dag.py
[2024-11-03T00:31:03.775+0000] {processor.py:925} INFO - DAG(s) 'indices_provincias_v05' retrieved from /opt/airflow/dags/second_dag.py
[2024-11-03T00:31:03.824+0000] {logging_mixin.py:190} INFO - [2024-11-03T00:31:03.824+0000] {dag.py:3239} INFO - Sync 1 DAGs
[2024-11-03T00:31:03.880+0000] {logging_mixin.py:190} INFO - [2024-11-03T00:31:03.880+0000] {dag.py:4180} INFO - Setting next_dagrun for indices_provincias_v05 to 2024-11-03 00:00:00+00:00, run_after=2024-11-04 00:00:00+00:00
[2024-11-03T00:31:03.914+0000] {processor.py:208} INFO - Processing /opt/airflow/dags/second_dag.py took 0.395 seconds
[2024-11-03T00:31:34.591+0000] {processor.py:186} INFO - Started process (PID=15901) to work on /opt/airflow/dags/second_dag.py
[2024-11-03T00:31:34.593+0000] {processor.py:914} INFO - Processing file /opt/airflow/dags/second_dag.py for tasks to queue
[2024-11-03T00:31:34.595+0000] {logging_mixin.py:190} INFO - [2024-11-03T00:31:34.595+0000] {dagbag.py:588} INFO - Filling up the DagBag from /opt/airflow/dags/second_dag.py
[2024-11-03T00:31:34.714+0000] {processor.py:925} INFO - DAG(s) 'indices_provincias_v05' retrieved from /opt/airflow/dags/second_dag.py
[2024-11-03T00:31:34.744+0000] {logging_mixin.py:190} INFO - [2024-11-03T00:31:34.744+0000] {dag.py:3239} INFO - Sync 1 DAGs
[2024-11-03T00:31:34.774+0000] {logging_mixin.py:190} INFO - [2024-11-03T00:31:34.774+0000] {dag.py:4180} INFO - Setting next_dagrun for indices_provincias_v05 to 2024-11-03 00:00:00+00:00, run_after=2024-11-04 00:00:00+00:00
[2024-11-03T00:31:34.797+0000] {processor.py:208} INFO - Processing /opt/airflow/dags/second_dag.py took 0.215 seconds
[2024-11-03T00:32:05.303+0000] {processor.py:186} INFO - Started process (PID=15927) to work on /opt/airflow/dags/second_dag.py
[2024-11-03T00:32:05.304+0000] {processor.py:914} INFO - Processing file /opt/airflow/dags/second_dag.py for tasks to queue
[2024-11-03T00:32:05.307+0000] {logging_mixin.py:190} INFO - [2024-11-03T00:32:05.307+0000] {dagbag.py:588} INFO - Filling up the DagBag from /opt/airflow/dags/second_dag.py
[2024-11-03T00:32:05.420+0000] {processor.py:925} INFO - DAG(s) 'indices_provincias_v05' retrieved from /opt/airflow/dags/second_dag.py
[2024-11-03T00:32:05.446+0000] {logging_mixin.py:190} INFO - [2024-11-03T00:32:05.445+0000] {dag.py:3239} INFO - Sync 1 DAGs
[2024-11-03T00:32:05.475+0000] {logging_mixin.py:190} INFO - [2024-11-03T00:32:05.475+0000] {dag.py:4180} INFO - Setting next_dagrun for indices_provincias_v05 to 2024-11-03 00:00:00+00:00, run_after=2024-11-04 00:00:00+00:00
[2024-11-03T00:32:05.498+0000] {processor.py:208} INFO - Processing /opt/airflow/dags/second_dag.py took 0.203 seconds
[2024-11-03T00:32:36.011+0000] {processor.py:186} INFO - Started process (PID=15953) to work on /opt/airflow/dags/second_dag.py
[2024-11-03T00:32:36.013+0000] {processor.py:914} INFO - Processing file /opt/airflow/dags/second_dag.py for tasks to queue
[2024-11-03T00:32:36.016+0000] {logging_mixin.py:190} INFO - [2024-11-03T00:32:36.015+0000] {dagbag.py:588} INFO - Filling up the DagBag from /opt/airflow/dags/second_dag.py
[2024-11-03T00:32:36.159+0000] {processor.py:925} INFO - DAG(s) 'indices_provincias_v05' retrieved from /opt/airflow/dags/second_dag.py
[2024-11-03T00:32:36.197+0000] {logging_mixin.py:190} INFO - [2024-11-03T00:32:36.197+0000] {dag.py:3239} INFO - Sync 1 DAGs
[2024-11-03T00:32:36.237+0000] {logging_mixin.py:190} INFO - [2024-11-03T00:32:36.237+0000] {dag.py:4180} INFO - Setting next_dagrun for indices_provincias_v05 to 2024-11-03 00:00:00+00:00, run_after=2024-11-04 00:00:00+00:00
[2024-11-03T00:32:36.265+0000] {processor.py:208} INFO - Processing /opt/airflow/dags/second_dag.py took 0.264 seconds
[2024-11-03T00:33:06.547+0000] {processor.py:186} INFO - Started process (PID=15979) to work on /opt/airflow/dags/second_dag.py
[2024-11-03T00:33:06.548+0000] {processor.py:914} INFO - Processing file /opt/airflow/dags/second_dag.py for tasks to queue
[2024-11-03T00:33:06.551+0000] {logging_mixin.py:190} INFO - [2024-11-03T00:33:06.550+0000] {dagbag.py:588} INFO - Filling up the DagBag from /opt/airflow/dags/second_dag.py
[2024-11-03T00:33:06.673+0000] {processor.py:925} INFO - DAG(s) 'indices_provincias_v05' retrieved from /opt/airflow/dags/second_dag.py
[2024-11-03T00:33:06.702+0000] {logging_mixin.py:190} INFO - [2024-11-03T00:33:06.701+0000] {dag.py:3239} INFO - Sync 1 DAGs
[2024-11-03T00:33:06.733+0000] {logging_mixin.py:190} INFO - [2024-11-03T00:33:06.733+0000] {dag.py:4180} INFO - Setting next_dagrun for indices_provincias_v05 to 2024-11-03 00:00:00+00:00, run_after=2024-11-04 00:00:00+00:00
[2024-11-03T00:33:06.756+0000] {processor.py:208} INFO - Processing /opt/airflow/dags/second_dag.py took 0.216 seconds
[2024-11-03T00:33:37.205+0000] {processor.py:186} INFO - Started process (PID=16005) to work on /opt/airflow/dags/second_dag.py
[2024-11-03T00:33:37.207+0000] {processor.py:914} INFO - Processing file /opt/airflow/dags/second_dag.py for tasks to queue
[2024-11-03T00:33:37.211+0000] {logging_mixin.py:190} INFO - [2024-11-03T00:33:37.210+0000] {dagbag.py:588} INFO - Filling up the DagBag from /opt/airflow/dags/second_dag.py
[2024-11-03T00:33:37.339+0000] {processor.py:925} INFO - DAG(s) 'indices_provincias_v05' retrieved from /opt/airflow/dags/second_dag.py
[2024-11-03T00:33:37.378+0000] {logging_mixin.py:190} INFO - [2024-11-03T00:33:37.377+0000] {dag.py:3239} INFO - Sync 1 DAGs
[2024-11-03T00:33:37.420+0000] {logging_mixin.py:190} INFO - [2024-11-03T00:33:37.420+0000] {dag.py:4180} INFO - Setting next_dagrun for indices_provincias_v05 to 2024-11-03 00:00:00+00:00, run_after=2024-11-04 00:00:00+00:00
[2024-11-03T00:33:37.442+0000] {processor.py:208} INFO - Processing /opt/airflow/dags/second_dag.py took 0.245 seconds
[2024-11-03T00:34:07.697+0000] {processor.py:186} INFO - Started process (PID=16031) to work on /opt/airflow/dags/second_dag.py
[2024-11-03T00:34:07.697+0000] {processor.py:914} INFO - Processing file /opt/airflow/dags/second_dag.py for tasks to queue
[2024-11-03T00:34:07.700+0000] {logging_mixin.py:190} INFO - [2024-11-03T00:34:07.700+0000] {dagbag.py:588} INFO - Filling up the DagBag from /opt/airflow/dags/second_dag.py
[2024-11-03T00:34:07.821+0000] {processor.py:925} INFO - DAG(s) 'indices_provincias_v05' retrieved from /opt/airflow/dags/second_dag.py
[2024-11-03T00:34:07.848+0000] {logging_mixin.py:190} INFO - [2024-11-03T00:34:07.847+0000] {dag.py:3239} INFO - Sync 1 DAGs
[2024-11-03T00:34:07.878+0000] {logging_mixin.py:190} INFO - [2024-11-03T00:34:07.878+0000] {dag.py:4180} INFO - Setting next_dagrun for indices_provincias_v05 to 2024-11-03 00:00:00+00:00, run_after=2024-11-04 00:00:00+00:00
[2024-11-03T00:34:07.898+0000] {processor.py:208} INFO - Processing /opt/airflow/dags/second_dag.py took 0.208 seconds
[2024-11-03T00:34:38.365+0000] {processor.py:186} INFO - Started process (PID=16057) to work on /opt/airflow/dags/second_dag.py
[2024-11-03T00:34:38.366+0000] {processor.py:914} INFO - Processing file /opt/airflow/dags/second_dag.py for tasks to queue
[2024-11-03T00:34:38.369+0000] {logging_mixin.py:190} INFO - [2024-11-03T00:34:38.368+0000] {dagbag.py:588} INFO - Filling up the DagBag from /opt/airflow/dags/second_dag.py
[2024-11-03T00:34:38.480+0000] {processor.py:925} INFO - DAG(s) 'indices_provincias_v05' retrieved from /opt/airflow/dags/second_dag.py
[2024-11-03T00:34:38.507+0000] {logging_mixin.py:190} INFO - [2024-11-03T00:34:38.506+0000] {dag.py:3239} INFO - Sync 1 DAGs
[2024-11-03T00:34:38.540+0000] {logging_mixin.py:190} INFO - [2024-11-03T00:34:38.539+0000] {dag.py:4180} INFO - Setting next_dagrun for indices_provincias_v05 to 2024-11-03 00:00:00+00:00, run_after=2024-11-04 00:00:00+00:00
[2024-11-03T00:34:38.568+0000] {processor.py:208} INFO - Processing /opt/airflow/dags/second_dag.py took 0.213 seconds
[2024-11-03T00:35:08.793+0000] {processor.py:186} INFO - Started process (PID=16083) to work on /opt/airflow/dags/second_dag.py
[2024-11-03T00:35:08.794+0000] {processor.py:914} INFO - Processing file /opt/airflow/dags/second_dag.py for tasks to queue
[2024-11-03T00:35:08.798+0000] {logging_mixin.py:190} INFO - [2024-11-03T00:35:08.797+0000] {dagbag.py:588} INFO - Filling up the DagBag from /opt/airflow/dags/second_dag.py
[2024-11-03T00:35:08.965+0000] {processor.py:925} INFO - DAG(s) 'indices_provincias_v05' retrieved from /opt/airflow/dags/second_dag.py
[2024-11-03T00:35:08.996+0000] {logging_mixin.py:190} INFO - [2024-11-03T00:35:08.996+0000] {dag.py:3239} INFO - Sync 1 DAGs
[2024-11-03T00:35:09.031+0000] {logging_mixin.py:190} INFO - [2024-11-03T00:35:09.031+0000] {dag.py:4180} INFO - Setting next_dagrun for indices_provincias_v05 to 2024-11-03 00:00:00+00:00, run_after=2024-11-04 00:00:00+00:00
[2024-11-03T00:35:09.054+0000] {processor.py:208} INFO - Processing /opt/airflow/dags/second_dag.py took 0.271 seconds
[2024-11-03T00:35:39.413+0000] {processor.py:186} INFO - Started process (PID=16109) to work on /opt/airflow/dags/second_dag.py
[2024-11-03T00:35:39.414+0000] {processor.py:914} INFO - Processing file /opt/airflow/dags/second_dag.py for tasks to queue
[2024-11-03T00:35:39.416+0000] {logging_mixin.py:190} INFO - [2024-11-03T00:35:39.416+0000] {dagbag.py:588} INFO - Filling up the DagBag from /opt/airflow/dags/second_dag.py
[2024-11-03T00:35:39.526+0000] {processor.py:925} INFO - DAG(s) 'indices_provincias_v05' retrieved from /opt/airflow/dags/second_dag.py
[2024-11-03T00:35:39.551+0000] {logging_mixin.py:190} INFO - [2024-11-03T00:35:39.551+0000] {dag.py:3239} INFO - Sync 1 DAGs
[2024-11-03T00:35:39.586+0000] {logging_mixin.py:190} INFO - [2024-11-03T00:35:39.586+0000] {dag.py:4180} INFO - Setting next_dagrun for indices_provincias_v05 to 2024-11-03 00:00:00+00:00, run_after=2024-11-04 00:00:00+00:00
[2024-11-03T00:35:39.607+0000] {processor.py:208} INFO - Processing /opt/airflow/dags/second_dag.py took 0.201 seconds
[2024-11-03T00:36:09.966+0000] {processor.py:186} INFO - Started process (PID=16135) to work on /opt/airflow/dags/second_dag.py
[2024-11-03T00:36:09.966+0000] {processor.py:914} INFO - Processing file /opt/airflow/dags/second_dag.py for tasks to queue
[2024-11-03T00:36:09.969+0000] {logging_mixin.py:190} INFO - [2024-11-03T00:36:09.969+0000] {dagbag.py:588} INFO - Filling up the DagBag from /opt/airflow/dags/second_dag.py
[2024-11-03T00:36:10.081+0000] {processor.py:925} INFO - DAG(s) 'indices_provincias_v05' retrieved from /opt/airflow/dags/second_dag.py
[2024-11-03T00:36:10.109+0000] {logging_mixin.py:190} INFO - [2024-11-03T00:36:10.109+0000] {dag.py:3239} INFO - Sync 1 DAGs
[2024-11-03T00:36:10.139+0000] {logging_mixin.py:190} INFO - [2024-11-03T00:36:10.139+0000] {dag.py:4180} INFO - Setting next_dagrun for indices_provincias_v05 to 2024-11-03 00:00:00+00:00, run_after=2024-11-04 00:00:00+00:00
[2024-11-03T00:36:10.163+0000] {processor.py:208} INFO - Processing /opt/airflow/dags/second_dag.py took 0.205 seconds
[2024-11-03T00:36:40.569+0000] {processor.py:186} INFO - Started process (PID=16161) to work on /opt/airflow/dags/second_dag.py
[2024-11-03T00:36:40.570+0000] {processor.py:914} INFO - Processing file /opt/airflow/dags/second_dag.py for tasks to queue
[2024-11-03T00:36:40.572+0000] {logging_mixin.py:190} INFO - [2024-11-03T00:36:40.572+0000] {dagbag.py:588} INFO - Filling up the DagBag from /opt/airflow/dags/second_dag.py
[2024-11-03T00:36:40.684+0000] {processor.py:925} INFO - DAG(s) 'indices_provincias_v05' retrieved from /opt/airflow/dags/second_dag.py
[2024-11-03T00:36:40.711+0000] {logging_mixin.py:190} INFO - [2024-11-03T00:36:40.711+0000] {dag.py:3239} INFO - Sync 1 DAGs
[2024-11-03T00:36:40.739+0000] {logging_mixin.py:190} INFO - [2024-11-03T00:36:40.739+0000] {dag.py:4180} INFO - Setting next_dagrun for indices_provincias_v05 to 2024-11-03 00:00:00+00:00, run_after=2024-11-04 00:00:00+00:00
[2024-11-03T00:36:40.760+0000] {processor.py:208} INFO - Processing /opt/airflow/dags/second_dag.py took 0.199 seconds
