[2024-10-30T02:59:39.240+0000] {local_task_job_runner.py:123} INFO - ::group::Pre task execution logs
[2024-10-30T02:59:39.262+0000] {taskinstance.py:2612} INFO - Dependencies all met for dep_context=non-requeueable deps ti=<TaskInstance: ipc_inflation_v02.transform scheduled__2024-10-29T00:00:00+00:00 [queued]>
[2024-10-30T02:59:39.274+0000] {taskinstance.py:2612} INFO - Dependencies all met for dep_context=requeueable deps ti=<TaskInstance: ipc_inflation_v02.transform scheduled__2024-10-29T00:00:00+00:00 [queued]>
[2024-10-30T02:59:39.275+0000] {taskinstance.py:2865} INFO - Starting attempt 9 of 14
[2024-10-30T02:59:39.293+0000] {taskinstance.py:2888} INFO - Executing <Task(PythonOperator): transform> on 2024-10-29 00:00:00+00:00
[2024-10-30T02:59:39.302+0000] {standard_task_runner.py:104} INFO - Running: ['***', 'tasks', 'run', 'ipc_inflation_v02', 'transform', 'scheduled__2024-10-29T00:00:00+00:00', '--job-id', '334', '--raw', '--subdir', 'DAGS_FOLDER/ipc_dag.py', '--cfg-path', '/tmp/tmpvsn3mvp0']
[2024-10-30T02:59:39.304+0000] {standard_task_runner.py:105} INFO - Job 334: Subtask transform
[2024-10-30T02:59:39.306+0000] {logging_mixin.py:190} WARNING - /home/***/.local/lib/python3.12/site-packages/***/task/task_runner/standard_task_runner.py:70 DeprecationWarning: This process (pid=9270) is multi-threaded, use of fork() may lead to deadlocks in the child.
[2024-10-30T02:59:39.307+0000] {standard_task_runner.py:72} INFO - Started process 9271 to run task
[2024-10-30T02:59:39.351+0000] {task_command.py:467} INFO - Running <TaskInstance: ipc_inflation_v02.transform scheduled__2024-10-29T00:00:00+00:00 [running]> on host 276004bbea2b
[2024-10-30T02:59:39.583+0000] {taskinstance.py:3131} INFO - Exporting env vars: AIRFLOW_CTX_DAG_OWNER='rolo' AIRFLOW_CTX_DAG_ID='ipc_inflation_v02' AIRFLOW_CTX_TASK_ID='transform' AIRFLOW_CTX_EXECUTION_DATE='2024-10-29T00:00:00+00:00' AIRFLOW_CTX_TRY_NUMBER='9' AIRFLOW_CTX_DAG_RUN_ID='scheduled__2024-10-29T00:00:00+00:00'
[2024-10-30T02:59:39.584+0000] {taskinstance.py:731} INFO - ::endgroup::
[2024-10-30T02:59:50.670+0000] {logging_mixin.py:190} INFO - Error: [UNRESOLVED_COLUMN.WITH_SUGGESTION] A column or function parameter with name `total_ipc_mensual` cannot be resolved. Did you mean one of the following? [`avg_ipc_mensual`, `ipc_anterior`, `Periodo`].;
'Project [Periodo#20, avg_ipc_mensual#39, ipc_anterior#42, round((((ipc_anterior#42 - 'total_ipc_mensual) / ipc_anterior#42) * 100), 2) AS inflacion_mensual#46]
+- Project [Periodo#20, avg_ipc_mensual#39, ipc_anterior#42]
   +- Project [Periodo#20, avg_ipc_mensual#39, ipc_anterior#42, ipc_anterior#42]
      +- Window [lag(avg_ipc_mensual#39, -1, null) windowspecdefinition(Periodo#20 ASC NULLS FIRST, specifiedwindowframe(RowFrame, -1, -1)) AS ipc_anterior#42], [Periodo#20 ASC NULLS FIRST]
         +- Project [Periodo#20, avg_ipc_mensual#39]
            +- Sort [Periodo#20 DESC NULLS LAST], true
               +- Aggregate [Periodo#20], [Periodo#20, avg(cast(v_m_IPC#22 as double)) AS avg_ipc_mensual#39]
                  +- Project [Periodo#20, v_m_IPC#22]
                     +- Relation [Codigo#17,Descripcion#18,Clasificador#19,Periodo#20,Indice_IPC#21,v_m_IPC#22,v_i_a_IPC#23,Region#24] csv
[2024-10-30T02:59:51.204+0000] {python.py:240} INFO - Done. Returned value was: None
[2024-10-30T02:59:51.216+0000] {taskinstance.py:340} INFO - ::group::Post task execution logs
[2024-10-30T02:59:51.217+0000] {taskinstance.py:352} INFO - Marking task as SUCCESS. dag_id=ipc_inflation_v02, task_id=transform, run_id=scheduled__2024-10-29T00:00:00+00:00, execution_date=20241029T000000, start_date=20241030T025939, end_date=20241030T025951
[2024-10-30T02:59:51.265+0000] {local_task_job_runner.py:266} INFO - Task exited with return code 0
[2024-10-30T02:59:51.284+0000] {taskinstance.py:3900} INFO - 0 downstream tasks scheduled from follow-on schedule check
[2024-10-30T02:59:51.285+0000] {local_task_job_runner.py:245} INFO - ::endgroup::
