[2024-10-30T01:53:32.297+0000] {local_task_job_runner.py:123} INFO - ::group::Pre task execution logs
[2024-10-30T01:53:32.318+0000] {taskinstance.py:2612} INFO - Dependencies all met for dep_context=non-requeueable deps ti=<TaskInstance: ipc_inflation_v02.transform scheduled__2024-10-29T00:00:00+00:00 [queued]>
[2024-10-30T01:53:32.328+0000] {taskinstance.py:2612} INFO - Dependencies all met for dep_context=requeueable deps ti=<TaskInstance: ipc_inflation_v02.transform scheduled__2024-10-29T00:00:00+00:00 [queued]>
[2024-10-30T01:53:32.328+0000] {taskinstance.py:2865} INFO - Starting attempt 4 of 9
[2024-10-30T01:53:32.344+0000] {taskinstance.py:2888} INFO - Executing <Task(PythonOperator): transform> on 2024-10-29 00:00:00+00:00
[2024-10-30T01:53:32.353+0000] {standard_task_runner.py:104} INFO - Running: ['***', 'tasks', 'run', 'ipc_inflation_v02', 'transform', 'scheduled__2024-10-29T00:00:00+00:00', '--job-id', '329', '--raw', '--subdir', 'DAGS_FOLDER/ipc_dag.py', '--cfg-path', '/tmp/tmpy0jxgy33']
[2024-10-30T01:53:32.356+0000] {standard_task_runner.py:105} INFO - Job 329: Subtask transform
[2024-10-30T01:53:32.358+0000] {logging_mixin.py:190} WARNING - /home/***/.local/lib/python3.12/site-packages/***/task/task_runner/standard_task_runner.py:70 DeprecationWarning: This process (pid=5695) is multi-threaded, use of fork() may lead to deadlocks in the child.
[2024-10-30T01:53:32.358+0000] {standard_task_runner.py:72} INFO - Started process 5696 to run task
[2024-10-30T01:53:32.404+0000] {task_command.py:467} INFO - Running <TaskInstance: ipc_inflation_v02.transform scheduled__2024-10-29T00:00:00+00:00 [running]> on host 276004bbea2b
[2024-10-30T01:53:32.636+0000] {taskinstance.py:3131} INFO - Exporting env vars: AIRFLOW_CTX_DAG_OWNER='rolo' AIRFLOW_CTX_DAG_ID='ipc_inflation_v02' AIRFLOW_CTX_TASK_ID='transform' AIRFLOW_CTX_EXECUTION_DATE='2024-10-29T00:00:00+00:00' AIRFLOW_CTX_TRY_NUMBER='4' AIRFLOW_CTX_DAG_RUN_ID='scheduled__2024-10-29T00:00:00+00:00'
[2024-10-30T01:53:32.637+0000] {taskinstance.py:731} INFO - ::endgroup::
[2024-10-30T01:53:46.601+0000] {logging_mixin.py:190} INFO - +-------+-----------------+---------------+
|Periodo|total_ipc_mensual|total_ipc_anual|
+-------+-----------------+---------------+
| 202409|             51.0|         2208.0|
| 202408|             63.0|         2351.0|
| 202407|             96.0|         2649.0|
| 202406|             62.0|         3000.0|
| 202405|             65.0|         4006.0|
| 202404|            110.0|         4010.0|
| 202403|            212.0|         2623.0|
| 202402|            184.0|         2594.0|
| 202401|            229.0|         3730.0|
| 202312|            366.0|         2753.0|
| 202311|            141.0|         1650.0|
| 202310|             86.0|         1522.0|
| 202309|            198.0|         1551.0|
| 202308|             96.0|         1794.0|
| 202307|             87.0|         1328.0|
| 202306|             99.0|         1516.0|
| 202305|            173.0|         1266.0|
| 202304|             73.0|         1884.0|
| 202303|             31.0|          927.0|
| 202302|             68.0|          688.0|
+-------+-----------------+---------------+
only showing top 20 rows
[2024-10-30T01:53:47.130+0000] {python.py:240} INFO - Done. Returned value was: None
[2024-10-30T01:53:47.142+0000] {taskinstance.py:340} INFO - ::group::Post task execution logs
[2024-10-30T01:53:47.143+0000] {taskinstance.py:352} INFO - Marking task as SUCCESS. dag_id=ipc_inflation_v02, task_id=transform, run_id=scheduled__2024-10-29T00:00:00+00:00, execution_date=20241029T000000, start_date=20241030T015332, end_date=20241030T015347
[2024-10-30T01:53:47.203+0000] {local_task_job_runner.py:266} INFO - Task exited with return code 0
[2024-10-30T01:53:47.220+0000] {taskinstance.py:3900} INFO - 0 downstream tasks scheduled from follow-on schedule check
[2024-10-30T01:53:47.222+0000] {local_task_job_runner.py:245} INFO - ::endgroup::
