[2024-10-30T02:15:09.942+0000] {local_task_job_runner.py:123} INFO - ::group::Pre task execution logs
[2024-10-30T02:15:09.962+0000] {taskinstance.py:2612} INFO - Dependencies all met for dep_context=non-requeueable deps ti=<TaskInstance: ipc_inflation_v02.transform scheduled__2024-10-29T00:00:00+00:00 [queued]>
[2024-10-30T02:15:09.973+0000] {taskinstance.py:2612} INFO - Dependencies all met for dep_context=requeueable deps ti=<TaskInstance: ipc_inflation_v02.transform scheduled__2024-10-29T00:00:00+00:00 [queued]>
[2024-10-30T02:15:09.974+0000] {taskinstance.py:2865} INFO - Starting attempt 5 of 10
[2024-10-30T02:15:09.989+0000] {taskinstance.py:2888} INFO - Executing <Task(PythonOperator): transform> on 2024-10-29 00:00:00+00:00
[2024-10-30T02:15:09.997+0000] {standard_task_runner.py:104} INFO - Running: ['***', 'tasks', 'run', 'ipc_inflation_v02', 'transform', 'scheduled__2024-10-29T00:00:00+00:00', '--job-id', '330', '--raw', '--subdir', 'DAGS_FOLDER/ipc_dag.py', '--cfg-path', '/tmp/tmpn26xw_26']
[2024-10-30T02:15:10.000+0000] {standard_task_runner.py:105} INFO - Job 330: Subtask transform
[2024-10-30T02:15:10.002+0000] {logging_mixin.py:190} WARNING - /home/***/.local/lib/python3.12/site-packages/***/task/task_runner/standard_task_runner.py:70 DeprecationWarning: This process (pid=6740) is multi-threaded, use of fork() may lead to deadlocks in the child.
[2024-10-30T02:15:10.003+0000] {standard_task_runner.py:72} INFO - Started process 6741 to run task
[2024-10-30T02:15:10.049+0000] {task_command.py:467} INFO - Running <TaskInstance: ipc_inflation_v02.transform scheduled__2024-10-29T00:00:00+00:00 [running]> on host 276004bbea2b
[2024-10-30T02:15:10.283+0000] {taskinstance.py:3131} INFO - Exporting env vars: AIRFLOW_CTX_DAG_OWNER='rolo' AIRFLOW_CTX_DAG_ID='ipc_inflation_v02' AIRFLOW_CTX_TASK_ID='transform' AIRFLOW_CTX_EXECUTION_DATE='2024-10-29T00:00:00+00:00' AIRFLOW_CTX_TRY_NUMBER='5' AIRFLOW_CTX_DAG_RUN_ID='scheduled__2024-10-29T00:00:00+00:00'
[2024-10-30T02:15:10.284+0000] {taskinstance.py:731} INFO - ::endgroup::
[2024-10-30T02:15:22.743+0000] {logging_mixin.py:190} INFO - Error: [UNRESOLVED_COLUMN.WITH_SUGGESTION] A column or function parameter with name `v_m_IPC` cannot be resolved. Did you mean one of the following? [`Periodo`, `total_ipc_anual`, `total_ipc_mensual`].;
'Project [Periodo#20, total_ipc_mensual#41, total_ipc_anual#43, lag('v_m_IPC, -1, null) windowspecdefinition(Periodo#20 ASC NULLS FIRST, specifiedwindowframe(RowFrame, -1, -1)) AS ipc_anterior#47]
+- Sort [Periodo#20 DESC NULLS LAST], true
   +- Aggregate [Periodo#20], [Periodo#20, sum(cast(v_m_IPC#22 as double)) AS total_ipc_mensual#41, sum(cast(v_i_a_IPC#23 as double)) AS total_ipc_anual#43]
      +- Project [Periodo#20, v_m_IPC#22, v_i_a_IPC#23]
         +- Relation [Codigo#17,Descripcion#18,Clasificador#19,Periodo#20,Indice_IPC#21,v_m_IPC#22,v_i_a_IPC#23,Region#24] csv
[2024-10-30T02:15:22.929+0000] {python.py:240} INFO - Done. Returned value was: None
[2024-10-30T02:15:22.942+0000] {taskinstance.py:340} INFO - ::group::Post task execution logs
[2024-10-30T02:15:22.942+0000] {taskinstance.py:352} INFO - Marking task as SUCCESS. dag_id=ipc_inflation_v02, task_id=transform, run_id=scheduled__2024-10-29T00:00:00+00:00, execution_date=20241029T000000, start_date=20241030T021509, end_date=20241030T021522
[2024-10-30T02:15:22.993+0000] {local_task_job_runner.py:266} INFO - Task exited with return code 0
[2024-10-30T02:15:23.020+0000] {taskinstance.py:3900} INFO - 0 downstream tasks scheduled from follow-on schedule check
[2024-10-30T02:15:23.022+0000] {local_task_job_runner.py:245} INFO - ::endgroup::
