[2024-11-02T03:39:52.658+0000] {local_task_job_runner.py:123} INFO - ::group::Pre task execution logs
[2024-11-02T03:39:52.678+0000] {taskinstance.py:2612} INFO - Dependencies all met for dep_context=non-requeueable deps ti=<TaskInstance: banco_mundial_indicators_v02.transform scheduled__2024-10-31T00:00:00+00:00 [queued]>
[2024-11-02T03:39:52.688+0000] {taskinstance.py:2612} INFO - Dependencies all met for dep_context=requeueable deps ti=<TaskInstance: banco_mundial_indicators_v02.transform scheduled__2024-10-31T00:00:00+00:00 [queued]>
[2024-11-02T03:39:52.688+0000] {taskinstance.py:2865} INFO - Starting attempt 19 of 24
[2024-11-02T03:39:52.705+0000] {taskinstance.py:2888} INFO - Executing <Task(PythonOperator): transform> on 2024-10-31 00:00:00+00:00
[2024-11-02T03:39:52.716+0000] {logging_mixin.py:190} WARNING - /home/***/.local/lib/python3.12/site-packages/***/task/task_runner/standard_task_runner.py:70 DeprecationWarning: This process (pid=16264) is multi-threaded, use of fork() may lead to deadlocks in the child.
[2024-11-02T03:39:52.717+0000] {standard_task_runner.py:72} INFO - Started process 16265 to run task
[2024-11-02T03:39:52.717+0000] {standard_task_runner.py:104} INFO - Running: ['***', 'tasks', 'run', 'banco_mundial_indicators_v02', 'transform', 'scheduled__2024-10-31T00:00:00+00:00', '--job-id', '467', '--raw', '--subdir', 'DAGS_FOLDER/banco_mundial_indicators_dag.py', '--cfg-path', '/tmp/tmpqj3d81_r']
[2024-11-02T03:39:52.719+0000] {standard_task_runner.py:105} INFO - Job 467: Subtask transform
[2024-11-02T03:39:52.771+0000] {task_command.py:467} INFO - Running <TaskInstance: banco_mundial_indicators_v02.transform scheduled__2024-10-31T00:00:00+00:00 [running]> on host 276004bbea2b
[2024-11-02T03:39:53.018+0000] {taskinstance.py:3131} INFO - Exporting env vars: AIRFLOW_CTX_DAG_OWNER='rolo' AIRFLOW_CTX_DAG_ID='banco_mundial_indicators_v02' AIRFLOW_CTX_TASK_ID='transform' AIRFLOW_CTX_EXECUTION_DATE='2024-10-31T00:00:00+00:00' AIRFLOW_CTX_TRY_NUMBER='19' AIRFLOW_CTX_DAG_RUN_ID='scheduled__2024-10-31T00:00:00+00:00'
[2024-11-02T03:39:53.018+0000] {taskinstance.py:731} INFO - ::endgroup::
[2024-11-02T03:40:17.815+0000] {logging_mixin.py:190} INFO - +--------------------+--------------------+
|        Country Name|poblacion_total 2023|
+--------------------+--------------------+
|             "Aruba"|            "106445"|
|                  ""|         "720859132"|
|        "Afganistán"|          "41128771"|
|                  ""|         "490330870"|
|            "Angola"|          "35588987"|
|           "Albania"|           "2777689"|
|           "Andorra"|             "79824"|
|    "El mundo árabe"|         "464684914"|
|"Emiratos Árabes ...|           "9441129"|
|         "Argentina"|          "46234830"|
|           "Armenia"|           "2780469"|
|   "Samoa Americana"|             "44273"|
| "Antigua y Barbuda"|             "93763"|
|         "Australia"|          "26014399"|
|           "Austria"|           "9041851"|
|        "Azerbaiyán"|          "10141756"|
|           "Burundi"|          "12889576"|
|           "Bélgica"|          "11685814"|
|             "Benin"|          "13352864"|
|      "Burkina Faso"|          "22673762"|
+--------------------+--------------------+
only showing top 20 rows
[2024-11-02T03:40:18.685+0000] {python.py:240} INFO - Done. Returned value was: None
[2024-11-02T03:40:18.699+0000] {taskinstance.py:340} INFO - ::group::Post task execution logs
[2024-11-02T03:40:18.700+0000] {taskinstance.py:352} INFO - Marking task as SUCCESS. dag_id=banco_mundial_indicators_v02, task_id=transform, run_id=scheduled__2024-10-31T00:00:00+00:00, execution_date=20241031T000000, start_date=20241102T033952, end_date=20241102T034018
[2024-11-02T03:40:18.761+0000] {local_task_job_runner.py:266} INFO - Task exited with return code 0
[2024-11-02T03:40:18.801+0000] {taskinstance.py:3900} INFO - 1 downstream tasks scheduled from follow-on schedule check
[2024-11-02T03:40:18.803+0000] {local_task_job_runner.py:245} INFO - ::endgroup::
