[2024-11-02T03:30:25.140+0000] {local_task_job_runner.py:123} INFO - ::group::Pre task execution logs
[2024-11-02T03:30:25.164+0000] {taskinstance.py:2612} INFO - Dependencies all met for dep_context=non-requeueable deps ti=<TaskInstance: banco_mundial_indicators_v02.transform scheduled__2024-10-31T00:00:00+00:00 [queued]>
[2024-11-02T03:30:25.180+0000] {taskinstance.py:2612} INFO - Dependencies all met for dep_context=requeueable deps ti=<TaskInstance: banco_mundial_indicators_v02.transform scheduled__2024-10-31T00:00:00+00:00 [queued]>
[2024-11-02T03:30:25.180+0000] {taskinstance.py:2865} INFO - Starting attempt 16 of 21
[2024-11-02T03:30:25.200+0000] {taskinstance.py:2888} INFO - Executing <Task(PythonOperator): transform> on 2024-10-31 00:00:00+00:00
[2024-11-02T03:30:25.211+0000] {logging_mixin.py:190} WARNING - /home/***/.local/lib/python3.12/site-packages/***/task/task_runner/standard_task_runner.py:70 DeprecationWarning: This process (pid=14498) is multi-threaded, use of fork() may lead to deadlocks in the child.
[2024-11-02T03:30:25.212+0000] {standard_task_runner.py:72} INFO - Started process 14499 to run task
[2024-11-02T03:30:25.211+0000] {standard_task_runner.py:104} INFO - Running: ['***', 'tasks', 'run', 'banco_mundial_indicators_v02', 'transform', 'scheduled__2024-10-31T00:00:00+00:00', '--job-id', '461', '--raw', '--subdir', 'DAGS_FOLDER/banco_mundial_indicators_dag.py', '--cfg-path', '/tmp/tmppm0xxtjb']
[2024-11-02T03:30:25.214+0000] {standard_task_runner.py:105} INFO - Job 461: Subtask transform
[2024-11-02T03:30:25.267+0000] {task_command.py:467} INFO - Running <TaskInstance: banco_mundial_indicators_v02.transform scheduled__2024-10-31T00:00:00+00:00 [running]> on host 276004bbea2b
[2024-11-02T03:30:25.623+0000] {taskinstance.py:3131} INFO - Exporting env vars: AIRFLOW_CTX_DAG_OWNER='rolo' AIRFLOW_CTX_DAG_ID='banco_mundial_indicators_v02' AIRFLOW_CTX_TASK_ID='transform' AIRFLOW_CTX_EXECUTION_DATE='2024-10-31T00:00:00+00:00' AIRFLOW_CTX_TRY_NUMBER='16' AIRFLOW_CTX_DAG_RUN_ID='scheduled__2024-10-31T00:00:00+00:00'
[2024-11-02T03:30:25.624+0000] {taskinstance.py:731} INFO - ::endgroup::
[2024-11-02T03:30:46.218+0000] {logging_mixin.py:190} INFO - +--------------------+------------------+
|        Country Name|          pbi 2023|
+--------------------+------------------+
|             "Aruba"|                ""|
|                  ""|"1236163044999.97"|
|        "Afganistán"|                ""|
|                  ""|"796586157553.094"|
|            "Angola"|"84722957642.3757"|
|           "Albania"|"22977677860.7979"|
|           "Andorra"|"3727673593.01922"|
|    "El mundo árabe"|"3491516939569.88"|
|"Emiratos Árabes ...|"504173451327.434"|
|         "Argentina"|"640591410663.883"|
|           "Armenia"| "24212134631.064"|
|   "Samoa Americana"|                ""|
| "Antigua y Barbuda"|"2033085185.18518"|
|         "Australia"|"1723827215334.71"|
|           "Austria"| "516034144115.95"|
|        "Azerbaiyán"|"72356176470.5882"|
|           "Burundi"|"2642161668.92754"|
|           "Bélgica"|"632216577075.109"|
|             "Benin"|"19673284686.0023"|
|      "Burkina Faso"|"20324617838.9676"|
+--------------------+------------------+
only showing top 20 rows
[2024-11-02T03:30:46.931+0000] {python.py:240} INFO - Done. Returned value was: None
[2024-11-02T03:30:46.945+0000] {taskinstance.py:340} INFO - ::group::Post task execution logs
[2024-11-02T03:30:46.945+0000] {taskinstance.py:352} INFO - Marking task as SUCCESS. dag_id=banco_mundial_indicators_v02, task_id=transform, run_id=scheduled__2024-10-31T00:00:00+00:00, execution_date=20241031T000000, start_date=20241102T033025, end_date=20241102T033046
[2024-11-02T03:30:46.992+0000] {local_task_job_runner.py:266} INFO - Task exited with return code 0
[2024-11-02T03:30:47.022+0000] {taskinstance.py:3900} INFO - 1 downstream tasks scheduled from follow-on schedule check
[2024-11-02T03:30:47.024+0000] {local_task_job_runner.py:245} INFO - ::endgroup::
