[2024-11-02T22:54:49.002+0000] {local_task_job_runner.py:123} INFO - ::group::Pre task execution logs
[2024-11-02T22:54:49.026+0000] {taskinstance.py:2612} INFO - Dependencies all met for dep_context=non-requeueable deps ti=<TaskInstance: banco_mundial_indicators_v02.transform scheduled__2024-10-31T00:00:00+00:00 [queued]>
[2024-11-02T22:54:49.041+0000] {taskinstance.py:2612} INFO - Dependencies all met for dep_context=requeueable deps ti=<TaskInstance: banco_mundial_indicators_v02.transform scheduled__2024-10-31T00:00:00+00:00 [queued]>
[2024-11-02T22:54:49.042+0000] {taskinstance.py:2865} INFO - Starting attempt 41 of 46
[2024-11-02T22:54:49.063+0000] {taskinstance.py:2888} INFO - Executing <Task(PythonOperator): transform> on 2024-10-31 00:00:00+00:00
[2024-11-02T22:54:49.074+0000] {standard_task_runner.py:104} INFO - Running: ['***', 'tasks', 'run', 'banco_mundial_indicators_v02', 'transform', 'scheduled__2024-10-31T00:00:00+00:00', '--job-id', '513', '--raw', '--subdir', 'DAGS_FOLDER/banco_mundial_indicators_dag.py', '--cfg-path', '/tmp/tmp2zy7mmhb']
[2024-11-02T22:54:49.078+0000] {standard_task_runner.py:105} INFO - Job 513: Subtask transform
[2024-11-02T22:54:49.081+0000] {logging_mixin.py:190} WARNING - /home/***/.local/lib/python3.12/site-packages/***/task/task_runner/standard_task_runner.py:70 DeprecationWarning: This process (pid=3768) is multi-threaded, use of fork() may lead to deadlocks in the child.
[2024-11-02T22:54:49.082+0000] {standard_task_runner.py:72} INFO - Started process 3769 to run task
[2024-11-02T22:54:49.133+0000] {task_command.py:467} INFO - Running <TaskInstance: banco_mundial_indicators_v02.transform scheduled__2024-10-31T00:00:00+00:00 [running]> on host 276004bbea2b
[2024-11-02T22:54:49.390+0000] {taskinstance.py:3131} INFO - Exporting env vars: AIRFLOW_CTX_DAG_OWNER='rolo' AIRFLOW_CTX_DAG_ID='banco_mundial_indicators_v02' AIRFLOW_CTX_TASK_ID='transform' AIRFLOW_CTX_EXECUTION_DATE='2024-10-31T00:00:00+00:00' AIRFLOW_CTX_TRY_NUMBER='41' AIRFLOW_CTX_DAG_RUN_ID='scheduled__2024-10-31T00:00:00+00:00'
[2024-11-02T22:54:49.391+0000] {taskinstance.py:731} INFO - ::endgroup::
[2024-11-02T22:55:06.423+0000] {logging_mixin.py:190} INFO - Error: An error occurred while calling o331.showString.
: org.apache.spark.SparkException: Job aborted due to stage failure: Task 0 in stage 12.0 failed 1 times, most recent failure: Lost task 0.0 in stage 12.0 (TID 16) (276004bbea2b executor driver): java.lang.IllegalStateException: Input row doesn't have expected number of values required by the schema. 69 fields are required while 70 values are provided.
	at org.apache.spark.sql.execution.python.EvaluatePython$$anonfun$$nestedInanonfun$makeFromJava$16$1.applyOrElse(EvaluatePython.scala:188)
	at org.apache.spark.sql.execution.python.EvaluatePython$.nullSafeConvert(EvaluatePython.scala:213)
	at org.apache.spark.sql.execution.python.EvaluatePython$.$anonfun$makeFromJava$16(EvaluatePython.scala:182)
	at org.apache.spark.sql.SparkSession.$anonfun$applySchemaToPythonRDD$2(SparkSession.scala:875)
	at scala.collection.Iterator$$anon$10.next(Iterator.scala:461)
	at org.apache.spark.sql.catalyst.expressions.GeneratedClass$GeneratedIteratorForCodegenStage1.processNext(Unknown Source)
	at org.apache.spark.sql.execution.BufferedRowIterator.hasNext(BufferedRowIterator.java:43)
	at org.apache.spark.sql.execution.WholeStageCodegenEvaluatorFactory$WholeStageCodegenPartitionEvaluator$$anon$1.hasNext(WholeStageCodegenEvaluatorFactory.scala:43)
	at scala.collection.Iterator$$anon$10.hasNext(Iterator.scala:460)
	at scala.collection.convert.Wrappers$IteratorWrapper.hasNext(Wrappers.scala:32)
	at org.sparkproject.guava.collect.Ordering.leastOf(Ordering.java:670)
	at org.apache.spark.util.collection.Utils$.takeOrdered(Utils.scala:42)
	at org.apache.spark.rdd.RDD.$anonfun$takeOrdered$2(RDD.scala:1561)
	at org.apache.spark.rdd.RDD.$anonfun$takeOrdered$2$adapted(RDD.scala:1558)
	at org.apache.spark.rdd.RDD.$anonfun$mapPartitionsWithIndex$2(RDD.scala:910)
	at org.apache.spark.rdd.RDD.$anonfun$mapPartitionsWithIndex$2$adapted(RDD.scala:910)
	at org.apache.spark.rdd.MapPartitionsRDD.compute(MapPartitionsRDD.scala:52)
	at org.apache.spark.rdd.RDD.computeOrReadCheckpoint(RDD.scala:367)
	at org.apache.spark.rdd.RDD.iterator(RDD.scala:331)
	at org.apache.spark.scheduler.ResultTask.runTask(ResultTask.scala:93)
	at org.apache.spark.TaskContext.runTaskWithListeners(TaskContext.scala:166)
	at org.apache.spark.scheduler.Task.run(Task.scala:141)
	at org.apache.spark.executor.Executor$TaskRunner.$anonfun$run$4(Executor.scala:620)
	at org.apache.spark.util.SparkErrorUtils.tryWithSafeFinally(SparkErrorUtils.scala:64)
	at org.apache.spark.util.SparkErrorUtils.tryWithSafeFinally$(SparkErrorUtils.scala:61)
	at org.apache.spark.util.Utils$.tryWithSafeFinally(Utils.scala:94)
	at org.apache.spark.executor.Executor$TaskRunner.run(Executor.scala:623)
	at java.base/java.util.concurrent.ThreadPoolExecutor.runWorker(ThreadPoolExecutor.java:1136)
	at java.base/java.util.concurrent.ThreadPoolExecutor$Worker.run(ThreadPoolExecutor.java:635)
	at java.base/java.lang.Thread.run(Thread.java:840)

Driver stacktrace:
	at org.apache.spark.scheduler.DAGScheduler.failJobAndIndependentStages(DAGScheduler.scala:2856)
	at org.apache.spark.scheduler.DAGScheduler.$anonfun$abortStage$2(DAGScheduler.scala:2792)
	at org.apache.spark.scheduler.DAGScheduler.$anonfun$abortStage$2$adapted(DAGScheduler.scala:2791)
	at scala.collection.mutable.ResizableArray.foreach(ResizableArray.scala:62)
	at scala.collection.mutable.ResizableArray.foreach$(ResizableArray.scala:55)
	at scala.collection.mutable.ArrayBuffer.foreach(ArrayBuffer.scala:49)
	at org.apache.spark.scheduler.DAGScheduler.abortStage(DAGScheduler.scala:2791)
	at org.apache.spark.scheduler.DAGScheduler.$anonfun$handleTaskSetFailed$1(DAGScheduler.scala:1247)
	at org.apache.spark.scheduler.DAGScheduler.$anonfun$handleTaskSetFailed$1$adapted(DAGScheduler.scala:1247)
	at scala.Option.foreach(Option.scala:407)
	at org.apache.spark.scheduler.DAGScheduler.handleTaskSetFailed(DAGScheduler.scala:1247)
	at org.apache.spark.scheduler.DAGSchedulerEventProcessLoop.doOnReceive(DAGScheduler.scala:3060)
	at org.apache.spark.scheduler.DAGSchedulerEventProcessLoop.onReceive(DAGScheduler.scala:2994)
	at org.apache.spark.scheduler.DAGSchedulerEventProcessLoop.onReceive(DAGScheduler.scala:2983)
	at org.apache.spark.util.EventLoop$$anon$1.run(EventLoop.scala:49)
	at org.apache.spark.scheduler.DAGScheduler.runJob(DAGScheduler.scala:989)
	at org.apache.spark.SparkContext.runJob(SparkContext.scala:2393)
	at org.apache.spark.SparkContext.runJob(SparkContext.scala:2488)
	at org.apache.spark.rdd.RDD.$anonfun$reduce$1(RDD.scala:1139)
	at org.apache.spark.rdd.RDDOperationScope$.withScope(RDDOperationScope.scala:151)
	at org.apache.spark.rdd.RDDOperationScope$.withScope(RDDOperationScope.scala:112)
	at org.apache.spark.rdd.RDD.withScope(RDD.scala:410)
	at org.apache.spark.rdd.RDD.reduce(RDD.scala:1121)
	at org.apache.spark.rdd.RDD.$anonfun$takeOrdered$1(RDD.scala:1568)
	at org.apache.spark.rdd.RDDOperationScope$.withScope(RDDOperationScope.scala:151)
	at org.apache.spark.rdd.RDDOperationScope$.withScope(RDDOperationScope.scala:112)
	at org.apache.spark.rdd.RDD.withScope(RDD.scala:410)
	at org.apache.spark.rdd.RDD.takeOrdered(RDD.scala:1555)
	at org.apache.spark.sql.execution.TakeOrderedAndProjectExec.$anonfun$executeCollect$1(limit.scala:291)
	at org.apache.spark.sql.execution.SparkPlan.$anonfun$executeQuery$1(SparkPlan.scala:246)
	at org.apache.spark.rdd.RDDOperationScope$.withScope(RDDOperationScope.scala:151)
	at org.apache.spark.sql.execution.SparkPlan.executeQuery(SparkPlan.scala:243)
	at org.apache.spark.sql.execution.TakeOrderedAndProjectExec.executeCollect(limit.scala:285)
	at org.apache.spark.sql.Dataset.collectFromPlan(Dataset.scala:4333)
	at org.apache.spark.sql.Dataset.$anonfun$head$1(Dataset.scala:3316)
	at org.apache.spark.sql.Dataset.$anonfun$withAction$2(Dataset.scala:4323)
	at org.apache.spark.sql.execution.QueryExecution$.withInternalError(QueryExecution.scala:546)
	at org.apache.spark.sql.Dataset.$anonfun$withAction$1(Dataset.scala:4321)
	at org.apache.spark.sql.execution.SQLExecution$.$anonfun$withNewExecutionId$6(SQLExecution.scala:125)
	at org.apache.spark.sql.execution.SQLExecution$.withSQLConfPropagated(SQLExecution.scala:201)
	at org.apache.spark.sql.execution.SQLExecution$.$anonfun$withNewExecutionId$1(SQLExecution.scala:108)
	at org.apache.spark.sql.SparkSession.withActive(SparkSession.scala:900)
	at org.apache.spark.sql.execution.SQLExecution$.withNewExecutionId(SQLExecution.scala:66)
	at org.apache.spark.sql.Dataset.withAction(Dataset.scala:4321)
	at org.apache.spark.sql.Dataset.head(Dataset.scala:3316)
	at org.apache.spark.sql.Dataset.take(Dataset.scala:3539)
	at org.apache.spark.sql.Dataset.getRows(Dataset.scala:280)
	at org.apache.spark.sql.Dataset.showString(Dataset.scala:315)
	at java.base/jdk.internal.reflect.NativeMethodAccessorImpl.invoke0(Native Method)
	at java.base/jdk.internal.reflect.NativeMethodAccessorImpl.invoke(NativeMethodAccessorImpl.java:77)
	at java.base/jdk.internal.reflect.DelegatingMethodAccessorImpl.invoke(DelegatingMethodAccessorImpl.java:43)
	at java.base/java.lang.reflect.Method.invoke(Method.java:569)
	at py4j.reflection.MethodInvoker.invoke(MethodInvoker.java:244)
	at py4j.reflection.ReflectionEngine.invoke(ReflectionEngine.java:374)
	at py4j.Gateway.invoke(Gateway.java:282)
	at py4j.commands.AbstractCommand.invokeMethod(AbstractCommand.java:132)
	at py4j.commands.CallCommand.execute(CallCommand.java:79)
	at py4j.ClientServerConnection.waitForCommands(ClientServerConnection.java:182)
	at py4j.ClientServerConnection.run(ClientServerConnection.java:106)
	at java.base/java.lang.Thread.run(Thread.java:840)
Caused by: java.lang.IllegalStateException: Input row doesn't have expected number of values required by the schema. 69 fields are required while 70 values are provided.
	at org.apache.spark.sql.execution.python.EvaluatePython$$anonfun$$nestedInanonfun$makeFromJava$16$1.applyOrElse(EvaluatePython.scala:188)
	at org.apache.spark.sql.execution.python.EvaluatePython$.nullSafeConvert(EvaluatePython.scala:213)
	at org.apache.spark.sql.execution.python.EvaluatePython$.$anonfun$makeFromJava$16(EvaluatePython.scala:182)
	at org.apache.spark.sql.SparkSession.$anonfun$applySchemaToPythonRDD$2(SparkSession.scala:875)
	at scala.collection.Iterator$$anon$10.next(Iterator.scala:461)
	at org.apache.spark.sql.catalyst.expressions.GeneratedClass$GeneratedIteratorForCodegenStage1.processNext(Unknown Source)
	at org.apache.spark.sql.execution.BufferedRowIterator.hasNext(BufferedRowIterator.java:43)
	at org.apache.spark.sql.execution.WholeStageCodegenEvaluatorFactory$WholeStageCodegenPartitionEvaluator$$anon$1.hasNext(WholeStageCodegenEvaluatorFactory.scala:43)
	at scala.collection.Iterator$$anon$10.hasNext(Iterator.scala:460)
	at scala.collection.convert.Wrappers$IteratorWrapper.hasNext(Wrappers.scala:32)
	at org.sparkproject.guava.collect.Ordering.leastOf(Ordering.java:670)
	at org.apache.spark.util.collection.Utils$.takeOrdered(Utils.scala:42)
	at org.apache.spark.rdd.RDD.$anonfun$takeOrdered$2(RDD.scala:1561)
	at org.apache.spark.rdd.RDD.$anonfun$takeOrdered$2$adapted(RDD.scala:1558)
	at org.apache.spark.rdd.RDD.$anonfun$mapPartitionsWithIndex$2(RDD.scala:910)
	at org.apache.spark.rdd.RDD.$anonfun$mapPartitionsWithIndex$2$adapted(RDD.scala:910)
	at org.apache.spark.rdd.MapPartitionsRDD.compute(MapPartitionsRDD.scala:52)
	at org.apache.spark.rdd.RDD.computeOrReadCheckpoint(RDD.scala:367)
	at org.apache.spark.rdd.RDD.iterator(RDD.scala:331)
	at org.apache.spark.scheduler.ResultTask.runTask(ResultTask.scala:93)
	at org.apache.spark.TaskContext.runTaskWithListeners(TaskContext.scala:166)
	at org.apache.spark.scheduler.Task.run(Task.scala:141)
	at org.apache.spark.executor.Executor$TaskRunner.$anonfun$run$4(Executor.scala:620)
	at org.apache.spark.util.SparkErrorUtils.tryWithSafeFinally(SparkErrorUtils.scala:64)
	at org.apache.spark.util.SparkErrorUtils.tryWithSafeFinally$(SparkErrorUtils.scala:61)
	at org.apache.spark.util.Utils$.tryWithSafeFinally(Utils.scala:94)
	at org.apache.spark.executor.Executor$TaskRunner.run(Executor.scala:623)
	at java.base/java.util.concurrent.ThreadPoolExecutor.runWorker(ThreadPoolExecutor.java:1136)
	at java.base/java.util.concurrent.ThreadPoolExecutor$Worker.run(ThreadPoolExecutor.java:635)
	... 1 more
[2024-11-02T22:55:07.479+0000] {python.py:240} INFO - Done. Returned value was: None
[2024-11-02T22:55:07.492+0000] {taskinstance.py:340} INFO - ::group::Post task execution logs
[2024-11-02T22:55:07.493+0000] {taskinstance.py:352} INFO - Marking task as SUCCESS. dag_id=banco_mundial_indicators_v02, task_id=transform, run_id=scheduled__2024-10-31T00:00:00+00:00, execution_date=20241031T000000, start_date=20241102T225449, end_date=20241102T225507
[2024-11-02T22:55:07.537+0000] {local_task_job_runner.py:266} INFO - Task exited with return code 0
[2024-11-02T22:55:07.565+0000] {taskinstance.py:3900} INFO - 1 downstream tasks scheduled from follow-on schedule check
[2024-11-02T22:55:07.567+0000] {local_task_job_runner.py:245} INFO - ::endgroup::
