[2024-10-27T23:49:40.372+0000] {local_task_job_runner.py:123} INFO - ::group::Pre task execution logs
[2024-10-27T23:49:40.403+0000] {taskinstance.py:2612} INFO - Dependencies all met for dep_context=non-requeueable deps ti=<TaskInstance: indices_argentina_v07.transform scheduled__2024-10-26T00:00:00+00:00 [queued]>
[2024-10-27T23:49:40.418+0000] {taskinstance.py:2612} INFO - Dependencies all met for dep_context=requeueable deps ti=<TaskInstance: indices_argentina_v07.transform scheduled__2024-10-26T00:00:00+00:00 [queued]>
[2024-10-27T23:49:40.419+0000] {taskinstance.py:2865} INFO - Starting attempt 1 of 6
[2024-10-27T23:49:40.445+0000] {taskinstance.py:2888} INFO - Executing <Task(PythonOperator): transform> on 2024-10-26 00:00:00+00:00
[2024-10-27T23:49:40.462+0000] {standard_task_runner.py:104} INFO - Running: ['***', 'tasks', 'run', 'indices_argentina_v07', 'transform', 'scheduled__2024-10-26T00:00:00+00:00', '--job-id', '202', '--raw', '--subdir', 'DAGS_FOLDER/first_dag.py', '--cfg-path', '/tmp/tmpnfs8fsy1']
[2024-10-27T23:49:40.465+0000] {standard_task_runner.py:105} INFO - Job 202: Subtask transform
[2024-10-27T23:49:40.467+0000] {logging_mixin.py:190} WARNING - /home/***/.local/lib/python3.12/site-packages/***/task/task_runner/standard_task_runner.py:70 DeprecationWarning: This process (pid=795) is multi-threaded, use of fork() may lead to deadlocks in the child.
[2024-10-27T23:49:40.468+0000] {standard_task_runner.py:72} INFO - Started process 796 to run task
[2024-10-27T23:49:40.526+0000] {task_command.py:467} INFO - Running <TaskInstance: indices_argentina_v07.transform scheduled__2024-10-26T00:00:00+00:00 [running]> on host 6cc4d0e9ddc2
[2024-10-27T23:49:40.833+0000] {taskinstance.py:3131} INFO - Exporting env vars: AIRFLOW_CTX_DAG_OWNER='rolo' AIRFLOW_CTX_DAG_ID='indices_argentina_v07' AIRFLOW_CTX_TASK_ID='transform' AIRFLOW_CTX_EXECUTION_DATE='2024-10-26T00:00:00+00:00' AIRFLOW_CTX_TRY_NUMBER='1' AIRFLOW_CTX_DAG_RUN_ID='scheduled__2024-10-26T00:00:00+00:00'
[2024-10-27T23:49:40.834+0000] {taskinstance.py:731} INFO - ::endgroup::
[2024-10-27T23:50:04.104+0000] {logging_mixin.py:190} INFO - +---------------+-------------+-----------+------------+------------+
|fecha_inflacion|valor_mensual|valor_anual|fecha_riesgo|valor_riesgo|
+---------------+-------------+-----------+------------+------------+
|     2024-09-30|          3.5|      209.0|  2024-09-30|        1311|
|     2024-09-30|          3.5|      209.0|  2024-09-10|        1442|
|     2024-09-30|          3.5|      209.0|  2024-09-29|        1302|
|     2024-09-30|          3.5|      209.0|  2024-09-28|        1302|
|     2024-09-30|          3.5|      209.0|  2024-09-27|        1302|
|     2024-09-30|          3.5|      209.0|  2024-09-26|        1304|
|     2024-09-30|          3.5|      209.0|  2024-09-25|        1303|
|     2024-09-30|          3.5|      209.0|  2024-09-24|        1308|
|     2024-09-30|          3.5|      209.0|  2024-09-23|        1319|
|     2024-09-30|          3.5|      209.0|  2024-09-22|        1301|
|     2024-09-30|          3.5|      209.0|  2024-09-21|        1301|
|     2024-09-30|          3.5|      209.0|  2024-09-20|        1301|
|     2024-09-30|          3.5|      209.0|  2024-09-19|        1363|
|     2024-09-30|          3.5|      209.0|  2024-09-18|        1370|
|     2024-09-30|          3.5|      209.0|  2024-09-17|        1365|
|     2024-09-30|          3.5|      209.0|  2024-09-16|        1400|
|     2024-09-30|          3.5|      209.0|  2024-09-15|        1422|
|     2024-09-30|          3.5|      209.0|  2024-09-14|        1422|
|     2024-09-30|          3.5|      209.0|  2024-09-13|        1422|
|     2024-09-30|          3.5|      209.0|  2024-09-12|        1445|
+---------------+-------------+-----------+------------+------------+
only showing top 20 rows
[2024-10-27T23:50:10.257+0000] {logging_mixin.py:190} INFO - Error: An error occurred while calling o86.csv.
: java.io.FileNotFoundException: File file:/opt/***/data/indice_joined.csv/_temporary/0 does not exist
	at org.apache.hadoop.fs.RawLocalFileSystem.listStatus(RawLocalFileSystem.java:597)
	at org.apache.hadoop.fs.FileSystem.listStatus(FileSystem.java:1972)
	at org.apache.hadoop.fs.FileSystem.listStatus(FileSystem.java:2014)
	at org.apache.hadoop.fs.ChecksumFileSystem.listStatus(ChecksumFileSystem.java:761)
	at org.apache.hadoop.fs.FileSystem.listStatus(FileSystem.java:1972)
	at org.apache.hadoop.fs.FileSystem.listStatus(FileSystem.java:2014)
	at org.apache.hadoop.mapreduce.lib.output.FileOutputCommitter.getAllCommittedTaskPaths(FileOutputCommitter.java:334)
	at org.apache.hadoop.mapreduce.lib.output.FileOutputCommitter.commitJobInternal(FileOutputCommitter.java:404)
	at org.apache.hadoop.mapreduce.lib.output.FileOutputCommitter.commitJob(FileOutputCommitter.java:377)
	at org.apache.spark.internal.io.HadoopMapReduceCommitProtocol.commitJob(HadoopMapReduceCommitProtocol.scala:192)
	at org.apache.spark.sql.execution.datasources.FileFormatWriter$.$anonfun$writeAndCommit$3(FileFormatWriter.scala:275)
	at scala.runtime.java8.JFunction0$mcV$sp.apply(JFunction0$mcV$sp.java:23)
	at org.apache.spark.util.Utils$.timeTakenMs(Utils.scala:552)
	at org.apache.spark.sql.execution.datasources.FileFormatWriter$.writeAndCommit(FileFormatWriter.scala:275)
	at org.apache.spark.sql.execution.datasources.FileFormatWriter$.executeWrite(FileFormatWriter.scala:304)
	at org.apache.spark.sql.execution.datasources.FileFormatWriter$.write(FileFormatWriter.scala:190)
	at org.apache.spark.sql.execution.datasources.InsertIntoHadoopFsRelationCommand.run(InsertIntoHadoopFsRelationCommand.scala:190)
	at org.apache.spark.sql.execution.command.DataWritingCommandExec.sideEffectResult$lzycompute(commands.scala:113)
	at org.apache.spark.sql.execution.command.DataWritingCommandExec.sideEffectResult(commands.scala:111)
	at org.apache.spark.sql.execution.command.DataWritingCommandExec.executeCollect(commands.scala:125)
	at org.apache.spark.sql.execution.adaptive.AdaptiveSparkPlanExec.$anonfun$executeCollect$1(AdaptiveSparkPlanExec.scala:390)
	at org.apache.spark.sql.execution.adaptive.AdaptiveSparkPlanExec.withFinalPlanUpdate(AdaptiveSparkPlanExec.scala:418)
	at org.apache.spark.sql.execution.adaptive.AdaptiveSparkPlanExec.executeCollect(AdaptiveSparkPlanExec.scala:390)
	at org.apache.spark.sql.execution.QueryExecution$$anonfun$eagerlyExecuteCommands$1.$anonfun$applyOrElse$1(QueryExecution.scala:107)
	at org.apache.spark.sql.execution.SQLExecution$.$anonfun$withNewExecutionId$6(SQLExecution.scala:125)
	at org.apache.spark.sql.execution.SQLExecution$.withSQLConfPropagated(SQLExecution.scala:201)
	at org.apache.spark.sql.execution.SQLExecution$.$anonfun$withNewExecutionId$1(SQLExecution.scala:108)
	at org.apache.spark.sql.SparkSession.withActive(SparkSession.scala:900)
	at org.apache.spark.sql.execution.SQLExecution$.withNewExecutionId(SQLExecution.scala:66)
	at org.apache.spark.sql.execution.QueryExecution$$anonfun$eagerlyExecuteCommands$1.applyOrElse(QueryExecution.scala:107)
	at org.apache.spark.sql.execution.QueryExecution$$anonfun$eagerlyExecuteCommands$1.applyOrElse(QueryExecution.scala:98)
	at org.apache.spark.sql.catalyst.trees.TreeNode.$anonfun$transformDownWithPruning$1(TreeNode.scala:461)
	at org.apache.spark.sql.catalyst.trees.CurrentOrigin$.withOrigin(origin.scala:76)
	at org.apache.spark.sql.catalyst.trees.TreeNode.transformDownWithPruning(TreeNode.scala:461)
	at org.apache.spark.sql.catalyst.plans.logical.LogicalPlan.org$apache$spark$sql$catalyst$plans$logical$AnalysisHelper$$super$transformDownWithPruning(LogicalPlan.scala:32)
	at org.apache.spark.sql.catalyst.plans.logical.AnalysisHelper.transformDownWithPruning(AnalysisHelper.scala:267)
	at org.apache.spark.sql.catalyst.plans.logical.AnalysisHelper.transformDownWithPruning$(AnalysisHelper.scala:263)
	at org.apache.spark.sql.catalyst.plans.logical.LogicalPlan.transformDownWithPruning(LogicalPlan.scala:32)
	at org.apache.spark.sql.catalyst.plans.logical.LogicalPlan.transformDownWithPruning(LogicalPlan.scala:32)
	at org.apache.spark.sql.catalyst.trees.TreeNode.transformDown(TreeNode.scala:437)
	at org.apache.spark.sql.execution.QueryExecution.eagerlyExecuteCommands(QueryExecution.scala:98)
	at org.apache.spark.sql.execution.QueryExecution.commandExecuted$lzycompute(QueryExecution.scala:85)
	at org.apache.spark.sql.execution.QueryExecution.commandExecuted(QueryExecution.scala:83)
	at org.apache.spark.sql.execution.QueryExecution.assertCommandExecuted(QueryExecution.scala:142)
	at org.apache.spark.sql.DataFrameWriter.runCommand(DataFrameWriter.scala:869)
	at org.apache.spark.sql.DataFrameWriter.saveToV1Source(DataFrameWriter.scala:391)
	at org.apache.spark.sql.DataFrameWriter.saveInternal(DataFrameWriter.scala:364)
	at org.apache.spark.sql.DataFrameWriter.save(DataFrameWriter.scala:243)
	at org.apache.spark.sql.DataFrameWriter.csv(DataFrameWriter.scala:860)
	at java.base/jdk.internal.reflect.NativeMethodAccessorImpl.invoke0(Native Method)
	at java.base/jdk.internal.reflect.NativeMethodAccessorImpl.invoke(NativeMethodAccessorImpl.java:77)
	at java.base/jdk.internal.reflect.DelegatingMethodAccessorImpl.invoke(DelegatingMethodAccessorImpl.java:43)
	at java.base/java.lang.reflect.Method.invoke(Method.java:569)
	at py4j.reflection.MethodInvoker.invoke(MethodInvoker.java:244)
	at py4j.reflection.ReflectionEngine.invoke(ReflectionEngine.java:374)
	at py4j.Gateway.invoke(Gateway.java:282)
	at py4j.commands.AbstractCommand.invokeMethod(AbstractCommand.java:132)
	at py4j.commands.CallCommand.execute(CallCommand.java:79)
	at py4j.ClientServerConnection.waitForCommands(ClientServerConnection.java:182)
	at py4j.ClientServerConnection.run(ClientServerConnection.java:106)
	at java.base/java.lang.Thread.run(Thread.java:840)
[2024-10-27T23:50:10.530+0000] {python.py:240} INFO - Done. Returned value was: None
[2024-10-27T23:50:10.547+0000] {taskinstance.py:340} INFO - ::group::Post task execution logs
[2024-10-27T23:50:10.548+0000] {taskinstance.py:352} INFO - Marking task as SUCCESS. dag_id=indices_argentina_v07, task_id=transform, run_id=scheduled__2024-10-26T00:00:00+00:00, execution_date=20241026T000000, start_date=20241027T234940, end_date=20241027T235010
[2024-10-27T23:50:10.625+0000] {local_task_job_runner.py:266} INFO - Task exited with return code 0
[2024-10-27T23:50:10.723+0000] {taskinstance.py:3900} INFO - 1 downstream tasks scheduled from follow-on schedule check
[2024-10-27T23:50:10.731+0000] {local_task_job_runner.py:245} INFO - ::endgroup::
