[2024-10-29T00:36:26.882+0000] {local_task_job_runner.py:123} INFO - ::group::Pre task execution logs
[2024-10-29T00:36:26.905+0000] {taskinstance.py:2612} INFO - Dependencies all met for dep_context=non-requeueable deps ti=<TaskInstance: indices_provincias_v01.inflacion_santafe scheduled__2024-10-27T00:00:00+00:00 [queued]>
[2024-10-29T00:36:26.918+0000] {taskinstance.py:2612} INFO - Dependencies all met for dep_context=requeueable deps ti=<TaskInstance: indices_provincias_v01.inflacion_santafe scheduled__2024-10-27T00:00:00+00:00 [queued]>
[2024-10-29T00:36:26.919+0000] {taskinstance.py:2865} INFO - Starting attempt 6 of 11
[2024-10-29T00:36:26.940+0000] {taskinstance.py:2888} INFO - Executing <Task(PythonOperator): inflacion_santafe> on 2024-10-27 00:00:00+00:00
[2024-10-29T00:36:26.948+0000] {standard_task_runner.py:104} INFO - Running: ['***', 'tasks', 'run', 'indices_provincias_v01', 'inflacion_santafe', 'scheduled__2024-10-27T00:00:00+00:00', '--job-id', '261', '--raw', '--subdir', 'DAGS_FOLDER/second_dag.py', '--cfg-path', '/tmp/tmp_y6vgq_a']
[2024-10-29T00:36:26.950+0000] {standard_task_runner.py:105} INFO - Job 261: Subtask inflacion_santafe
[2024-10-29T00:36:26.952+0000] {logging_mixin.py:190} WARNING - /home/***/.local/lib/python3.12/site-packages/***/task/task_runner/standard_task_runner.py:70 DeprecationWarning: This process (pid=3307) is multi-threaded, use of fork() may lead to deadlocks in the child.
[2024-10-29T00:36:26.953+0000] {standard_task_runner.py:72} INFO - Started process 3308 to run task
[2024-10-29T00:36:27.003+0000] {task_command.py:467} INFO - Running <TaskInstance: indices_provincias_v01.inflacion_santafe scheduled__2024-10-27T00:00:00+00:00 [running]> on host 276004bbea2b
[2024-10-29T00:36:27.240+0000] {taskinstance.py:3131} INFO - Exporting env vars: AIRFLOW_CTX_DAG_OWNER='rolo' AIRFLOW_CTX_DAG_ID='indices_provincias_v01' AIRFLOW_CTX_TASK_ID='inflacion_santafe' AIRFLOW_CTX_EXECUTION_DATE='2024-10-27T00:00:00+00:00' AIRFLOW_CTX_TRY_NUMBER='6' AIRFLOW_CTX_DAG_RUN_ID='scheduled__2024-10-27T00:00:00+00:00'
[2024-10-29T00:36:27.240+0000] {taskinstance.py:731} INFO - ::endgroup::
[2024-10-29T00:36:56.746+0000] {logging_mixin.py:190} INFO - +---------------+------------------+------------------+
|fecha_inflacion|     valor_mensual|       valor_anual|
+---------------+------------------+------------------+
|     2024-09-30|0.7000000000000001|41.800000000000004|
|     2024-09-30|0.7000000000000001|41.800000000000004|
|     2024-09-30|0.7000000000000001|41.800000000000004|
|     2024-09-30|0.7000000000000001|41.800000000000004|
|     2024-09-30|0.7000000000000001|41.800000000000004|
|     2024-09-30|0.7000000000000001|41.800000000000004|
|     2024-09-30|0.7000000000000001|41.800000000000004|
|     2024-09-30|0.7000000000000001|41.800000000000004|
|     2024-09-30|0.7000000000000001|41.800000000000004|
|     2024-09-30|0.7000000000000001|41.800000000000004|
|     2024-09-30|0.7000000000000001|41.800000000000004|
|     2024-09-30|0.7000000000000001|41.800000000000004|
|     2024-09-30|0.7000000000000001|41.800000000000004|
|     2024-09-30|0.7000000000000001|41.800000000000004|
|     2024-09-30|0.7000000000000001|41.800000000000004|
|     2024-09-30|0.7000000000000001|41.800000000000004|
|     2024-09-30|0.7000000000000001|41.800000000000004|
|     2024-09-30|0.7000000000000001|41.800000000000004|
|     2024-09-30|0.7000000000000001|41.800000000000004|
|     2024-09-30|0.7000000000000001|41.800000000000004|
+---------------+------------------+------------------+
only showing top 20 rows
[2024-10-29T00:36:59.938+0000] {python.py:240} INFO - Done. Returned value was: None
[2024-10-29T00:36:59.959+0000] {taskinstance.py:340} INFO - ::group::Post task execution logs
[2024-10-29T00:36:59.960+0000] {taskinstance.py:352} INFO - Marking task as SUCCESS. dag_id=indices_provincias_v01, task_id=inflacion_santafe, run_id=scheduled__2024-10-27T00:00:00+00:00, execution_date=20241027T000000, start_date=20241029T003626, end_date=20241029T003659
[2024-10-29T00:37:00.027+0000] {local_task_job_runner.py:266} INFO - Task exited with return code 0
[2024-10-29T00:37:00.083+0000] {taskinstance.py:3900} INFO - 0 downstream tasks scheduled from follow-on schedule check
[2024-10-29T00:37:00.090+0000] {local_task_job_runner.py:245} INFO - ::endgroup::
