[2024-10-27T00:00:09.066+0000] {processor.py:186} INFO - Started process (PID=43193) to work on /opt/airflow/dags/first_dag.py
[2024-10-27T00:00:09.067+0000] {processor.py:914} INFO - Processing file /opt/airflow/dags/first_dag.py for tasks to queue
[2024-10-27T00:00:09.068+0000] {logging_mixin.py:190} INFO - [2024-10-27T00:00:09.068+0000] {dagbag.py:588} INFO - Filling up the DagBag from /opt/airflow/dags/first_dag.py
[2024-10-27T00:00:09.177+0000] {processor.py:925} INFO - DAG(s) 'indices_argentina_v04' retrieved from /opt/airflow/dags/first_dag.py
[2024-10-27T00:00:09.211+0000] {logging_mixin.py:190} INFO - [2024-10-27T00:00:09.210+0000] {dag.py:3239} INFO - Sync 1 DAGs
[2024-10-27T00:00:09.276+0000] {logging_mixin.py:190} INFO - [2024-10-27T00:00:09.276+0000] {dag.py:4180} INFO - Setting next_dagrun for indices_argentina_v04 to 2024-10-27 00:00:00+00:00, run_after=2024-10-28 00:00:00+00:00
[2024-10-27T00:00:09.309+0000] {processor.py:208} INFO - Processing /opt/airflow/dags/first_dag.py took 0.250 seconds
[2024-10-27T00:00:39.521+0000] {processor.py:186} INFO - Started process (PID=43666) to work on /opt/airflow/dags/first_dag.py
[2024-10-27T00:00:39.523+0000] {processor.py:914} INFO - Processing file /opt/airflow/dags/first_dag.py for tasks to queue
[2024-10-27T00:00:39.525+0000] {logging_mixin.py:190} INFO - [2024-10-27T00:00:39.525+0000] {dagbag.py:588} INFO - Filling up the DagBag from /opt/airflow/dags/first_dag.py
[2024-10-27T00:00:39.670+0000] {processor.py:925} INFO - DAG(s) 'indices_argentina_v04' retrieved from /opt/airflow/dags/first_dag.py
[2024-10-27T00:00:39.707+0000] {logging_mixin.py:190} INFO - [2024-10-27T00:00:39.707+0000] {dag.py:3239} INFO - Sync 1 DAGs
[2024-10-27T00:00:39.749+0000] {logging_mixin.py:190} INFO - [2024-10-27T00:00:39.749+0000] {dag.py:4180} INFO - Setting next_dagrun for indices_argentina_v04 to 2024-10-27 00:00:00+00:00, run_after=2024-10-28 00:00:00+00:00
[2024-10-27T00:00:39.777+0000] {processor.py:208} INFO - Processing /opt/airflow/dags/first_dag.py took 0.267 seconds
[2024-10-27T00:01:10.079+0000] {processor.py:186} INFO - Started process (PID=43721) to work on /opt/airflow/dags/first_dag.py
[2024-10-27T00:01:10.080+0000] {processor.py:914} INFO - Processing file /opt/airflow/dags/first_dag.py for tasks to queue
[2024-10-27T00:01:10.081+0000] {logging_mixin.py:190} INFO - [2024-10-27T00:01:10.081+0000] {dagbag.py:588} INFO - Filling up the DagBag from /opt/airflow/dags/first_dag.py
[2024-10-27T00:01:10.194+0000] {processor.py:925} INFO - DAG(s) 'indices_argentina_v04' retrieved from /opt/airflow/dags/first_dag.py
[2024-10-27T00:01:10.221+0000] {logging_mixin.py:190} INFO - [2024-10-27T00:01:10.221+0000] {dag.py:3239} INFO - Sync 1 DAGs
[2024-10-27T00:01:10.252+0000] {logging_mixin.py:190} INFO - [2024-10-27T00:01:10.251+0000] {dag.py:4180} INFO - Setting next_dagrun for indices_argentina_v04 to 2024-10-27 00:00:00+00:00, run_after=2024-10-28 00:00:00+00:00
[2024-10-27T00:01:10.273+0000] {processor.py:208} INFO - Processing /opt/airflow/dags/first_dag.py took 0.202 seconds
[2024-10-27T00:01:40.496+0000] {processor.py:186} INFO - Started process (PID=43732) to work on /opt/airflow/dags/first_dag.py
[2024-10-27T00:01:40.497+0000] {processor.py:914} INFO - Processing file /opt/airflow/dags/first_dag.py for tasks to queue
[2024-10-27T00:01:40.499+0000] {logging_mixin.py:190} INFO - [2024-10-27T00:01:40.498+0000] {dagbag.py:588} INFO - Filling up the DagBag from /opt/airflow/dags/first_dag.py
[2024-10-27T00:01:40.603+0000] {processor.py:925} INFO - DAG(s) 'indices_argentina_v04' retrieved from /opt/airflow/dags/first_dag.py
[2024-10-27T00:01:40.629+0000] {logging_mixin.py:190} INFO - [2024-10-27T00:01:40.629+0000] {dag.py:3239} INFO - Sync 1 DAGs
[2024-10-27T00:01:40.658+0000] {logging_mixin.py:190} INFO - [2024-10-27T00:01:40.658+0000] {dag.py:4180} INFO - Setting next_dagrun for indices_argentina_v04 to 2024-10-27 00:00:00+00:00, run_after=2024-10-28 00:00:00+00:00
[2024-10-27T00:01:40.682+0000] {processor.py:208} INFO - Processing /opt/airflow/dags/first_dag.py took 0.194 seconds
[2024-10-27T00:02:10.884+0000] {processor.py:186} INFO - Started process (PID=43743) to work on /opt/airflow/dags/first_dag.py
[2024-10-27T00:02:10.885+0000] {processor.py:914} INFO - Processing file /opt/airflow/dags/first_dag.py for tasks to queue
[2024-10-27T00:02:10.888+0000] {logging_mixin.py:190} INFO - [2024-10-27T00:02:10.887+0000] {dagbag.py:588} INFO - Filling up the DagBag from /opt/airflow/dags/first_dag.py
[2024-10-27T00:02:10.988+0000] {processor.py:925} INFO - DAG(s) 'indices_argentina_v04' retrieved from /opt/airflow/dags/first_dag.py
[2024-10-27T00:02:11.018+0000] {logging_mixin.py:190} INFO - [2024-10-27T00:02:11.018+0000] {dag.py:3239} INFO - Sync 1 DAGs
[2024-10-27T00:02:11.050+0000] {logging_mixin.py:190} INFO - [2024-10-27T00:02:11.050+0000] {dag.py:4180} INFO - Setting next_dagrun for indices_argentina_v04 to 2024-10-27 00:00:00+00:00, run_after=2024-10-28 00:00:00+00:00
[2024-10-27T00:02:11.070+0000] {processor.py:208} INFO - Processing /opt/airflow/dags/first_dag.py took 0.196 seconds
[2024-10-27T00:02:41.284+0000] {processor.py:186} INFO - Started process (PID=43754) to work on /opt/airflow/dags/first_dag.py
[2024-10-27T00:02:41.286+0000] {processor.py:914} INFO - Processing file /opt/airflow/dags/first_dag.py for tasks to queue
[2024-10-27T00:02:41.287+0000] {logging_mixin.py:190} INFO - [2024-10-27T00:02:41.287+0000] {dagbag.py:588} INFO - Filling up the DagBag from /opt/airflow/dags/first_dag.py
[2024-10-27T00:02:41.382+0000] {processor.py:925} INFO - DAG(s) 'indices_argentina_v04' retrieved from /opt/airflow/dags/first_dag.py
[2024-10-27T00:02:41.410+0000] {logging_mixin.py:190} INFO - [2024-10-27T00:02:41.409+0000] {dag.py:3239} INFO - Sync 1 DAGs
[2024-10-27T00:02:41.439+0000] {logging_mixin.py:190} INFO - [2024-10-27T00:02:41.439+0000] {dag.py:4180} INFO - Setting next_dagrun for indices_argentina_v04 to 2024-10-27 00:00:00+00:00, run_after=2024-10-28 00:00:00+00:00
[2024-10-27T00:02:41.461+0000] {processor.py:208} INFO - Processing /opt/airflow/dags/first_dag.py took 0.184 seconds
[2024-10-27T00:03:11.504+0000] {processor.py:186} INFO - Started process (PID=43765) to work on /opt/airflow/dags/first_dag.py
[2024-10-27T00:03:11.505+0000] {processor.py:914} INFO - Processing file /opt/airflow/dags/first_dag.py for tasks to queue
[2024-10-27T00:03:11.507+0000] {logging_mixin.py:190} INFO - [2024-10-27T00:03:11.507+0000] {dagbag.py:588} INFO - Filling up the DagBag from /opt/airflow/dags/first_dag.py
[2024-10-27T00:03:11.612+0000] {processor.py:925} INFO - DAG(s) 'indices_argentina_v04' retrieved from /opt/airflow/dags/first_dag.py
[2024-10-27T00:03:11.641+0000] {logging_mixin.py:190} INFO - [2024-10-27T00:03:11.641+0000] {dag.py:3239} INFO - Sync 1 DAGs
[2024-10-27T00:03:11.680+0000] {logging_mixin.py:190} INFO - [2024-10-27T00:03:11.680+0000] {dag.py:4180} INFO - Setting next_dagrun for indices_argentina_v04 to 2024-10-27 00:00:00+00:00, run_after=2024-10-28 00:00:00+00:00
[2024-10-27T00:03:11.703+0000] {processor.py:208} INFO - Processing /opt/airflow/dags/first_dag.py took 0.206 seconds
[2024-10-27T00:03:41.876+0000] {processor.py:186} INFO - Started process (PID=43776) to work on /opt/airflow/dags/first_dag.py
[2024-10-27T00:03:41.878+0000] {processor.py:914} INFO - Processing file /opt/airflow/dags/first_dag.py for tasks to queue
[2024-10-27T00:03:41.880+0000] {logging_mixin.py:190} INFO - [2024-10-27T00:03:41.880+0000] {dagbag.py:588} INFO - Filling up the DagBag from /opt/airflow/dags/first_dag.py
[2024-10-27T00:03:41.991+0000] {processor.py:925} INFO - DAG(s) 'indices_argentina_v04' retrieved from /opt/airflow/dags/first_dag.py
[2024-10-27T00:03:42.016+0000] {logging_mixin.py:190} INFO - [2024-10-27T00:03:42.016+0000] {dag.py:3239} INFO - Sync 1 DAGs
[2024-10-27T00:03:42.046+0000] {logging_mixin.py:190} INFO - [2024-10-27T00:03:42.046+0000] {dag.py:4180} INFO - Setting next_dagrun for indices_argentina_v04 to 2024-10-27 00:00:00+00:00, run_after=2024-10-28 00:00:00+00:00
[2024-10-27T00:03:42.068+0000] {processor.py:208} INFO - Processing /opt/airflow/dags/first_dag.py took 0.201 seconds
[2024-10-27T00:04:12.139+0000] {processor.py:186} INFO - Started process (PID=43787) to work on /opt/airflow/dags/first_dag.py
[2024-10-27T00:04:12.140+0000] {processor.py:914} INFO - Processing file /opt/airflow/dags/first_dag.py for tasks to queue
[2024-10-27T00:04:12.142+0000] {logging_mixin.py:190} INFO - [2024-10-27T00:04:12.141+0000] {dagbag.py:588} INFO - Filling up the DagBag from /opt/airflow/dags/first_dag.py
[2024-10-27T00:04:12.240+0000] {processor.py:925} INFO - DAG(s) 'indices_argentina_v04' retrieved from /opt/airflow/dags/first_dag.py
[2024-10-27T00:04:12.268+0000] {logging_mixin.py:190} INFO - [2024-10-27T00:04:12.267+0000] {dag.py:3239} INFO - Sync 1 DAGs
[2024-10-27T00:04:12.299+0000] {logging_mixin.py:190} INFO - [2024-10-27T00:04:12.298+0000] {dag.py:4180} INFO - Setting next_dagrun for indices_argentina_v04 to 2024-10-27 00:00:00+00:00, run_after=2024-10-28 00:00:00+00:00
[2024-10-27T00:04:12.321+0000] {processor.py:208} INFO - Processing /opt/airflow/dags/first_dag.py took 0.190 seconds
[2024-10-27T00:04:42.491+0000] {processor.py:186} INFO - Started process (PID=43798) to work on /opt/airflow/dags/first_dag.py
[2024-10-27T00:04:42.492+0000] {processor.py:914} INFO - Processing file /opt/airflow/dags/first_dag.py for tasks to queue
[2024-10-27T00:04:42.494+0000] {logging_mixin.py:190} INFO - [2024-10-27T00:04:42.493+0000] {dagbag.py:588} INFO - Filling up the DagBag from /opt/airflow/dags/first_dag.py
[2024-10-27T00:04:42.598+0000] {processor.py:925} INFO - DAG(s) 'indices_argentina_v04' retrieved from /opt/airflow/dags/first_dag.py
[2024-10-27T00:04:42.627+0000] {logging_mixin.py:190} INFO - [2024-10-27T00:04:42.627+0000] {dag.py:3239} INFO - Sync 1 DAGs
[2024-10-27T00:04:42.656+0000] {logging_mixin.py:190} INFO - [2024-10-27T00:04:42.656+0000] {dag.py:4180} INFO - Setting next_dagrun for indices_argentina_v04 to 2024-10-27 00:00:00+00:00, run_after=2024-10-28 00:00:00+00:00
[2024-10-27T00:04:42.677+0000] {processor.py:208} INFO - Processing /opt/airflow/dags/first_dag.py took 0.195 seconds
[2024-10-27T00:05:12.741+0000] {processor.py:186} INFO - Started process (PID=43809) to work on /opt/airflow/dags/first_dag.py
[2024-10-27T00:05:12.742+0000] {processor.py:914} INFO - Processing file /opt/airflow/dags/first_dag.py for tasks to queue
[2024-10-27T00:05:12.743+0000] {logging_mixin.py:190} INFO - [2024-10-27T00:05:12.743+0000] {dagbag.py:588} INFO - Filling up the DagBag from /opt/airflow/dags/first_dag.py
[2024-10-27T00:05:12.844+0000] {processor.py:925} INFO - DAG(s) 'indices_argentina_v04' retrieved from /opt/airflow/dags/first_dag.py
[2024-10-27T00:05:12.872+0000] {logging_mixin.py:190} INFO - [2024-10-27T00:05:12.872+0000] {dag.py:3239} INFO - Sync 1 DAGs
[2024-10-27T00:05:12.901+0000] {logging_mixin.py:190} INFO - [2024-10-27T00:05:12.901+0000] {dag.py:4180} INFO - Setting next_dagrun for indices_argentina_v04 to 2024-10-27 00:00:00+00:00, run_after=2024-10-28 00:00:00+00:00
[2024-10-27T00:05:12.921+0000] {processor.py:208} INFO - Processing /opt/airflow/dags/first_dag.py took 0.186 seconds
[2024-10-27T00:05:43.108+0000] {processor.py:186} INFO - Started process (PID=43820) to work on /opt/airflow/dags/first_dag.py
[2024-10-27T00:05:43.110+0000] {processor.py:914} INFO - Processing file /opt/airflow/dags/first_dag.py for tasks to queue
[2024-10-27T00:05:43.111+0000] {logging_mixin.py:190} INFO - [2024-10-27T00:05:43.111+0000] {dagbag.py:588} INFO - Filling up the DagBag from /opt/airflow/dags/first_dag.py
[2024-10-27T00:05:43.210+0000] {processor.py:925} INFO - DAG(s) 'indices_argentina_v04' retrieved from /opt/airflow/dags/first_dag.py
[2024-10-27T00:05:43.238+0000] {logging_mixin.py:190} INFO - [2024-10-27T00:05:43.238+0000] {dag.py:3239} INFO - Sync 1 DAGs
[2024-10-27T00:05:43.268+0000] {logging_mixin.py:190} INFO - [2024-10-27T00:05:43.268+0000] {dag.py:4180} INFO - Setting next_dagrun for indices_argentina_v04 to 2024-10-27 00:00:00+00:00, run_after=2024-10-28 00:00:00+00:00
[2024-10-27T00:05:43.291+0000] {processor.py:208} INFO - Processing /opt/airflow/dags/first_dag.py took 0.190 seconds
[2024-10-27T00:06:13.502+0000] {processor.py:186} INFO - Started process (PID=43831) to work on /opt/airflow/dags/first_dag.py
[2024-10-27T00:06:13.503+0000] {processor.py:914} INFO - Processing file /opt/airflow/dags/first_dag.py for tasks to queue
[2024-10-27T00:06:13.504+0000] {logging_mixin.py:190} INFO - [2024-10-27T00:06:13.504+0000] {dagbag.py:588} INFO - Filling up the DagBag from /opt/airflow/dags/first_dag.py
[2024-10-27T00:06:13.601+0000] {processor.py:925} INFO - DAG(s) 'indices_argentina_v04' retrieved from /opt/airflow/dags/first_dag.py
[2024-10-27T00:06:13.629+0000] {logging_mixin.py:190} INFO - [2024-10-27T00:06:13.629+0000] {dag.py:3239} INFO - Sync 1 DAGs
[2024-10-27T00:06:13.662+0000] {logging_mixin.py:190} INFO - [2024-10-27T00:06:13.662+0000] {dag.py:4180} INFO - Setting next_dagrun for indices_argentina_v04 to 2024-10-27 00:00:00+00:00, run_after=2024-10-28 00:00:00+00:00
[2024-10-27T00:06:13.683+0000] {processor.py:208} INFO - Processing /opt/airflow/dags/first_dag.py took 0.188 seconds
[2024-10-27T00:06:43.903+0000] {processor.py:186} INFO - Started process (PID=43842) to work on /opt/airflow/dags/first_dag.py
[2024-10-27T00:06:43.904+0000] {processor.py:914} INFO - Processing file /opt/airflow/dags/first_dag.py for tasks to queue
[2024-10-27T00:06:43.906+0000] {logging_mixin.py:190} INFO - [2024-10-27T00:06:43.905+0000] {dagbag.py:588} INFO - Filling up the DagBag from /opt/airflow/dags/first_dag.py
[2024-10-27T00:06:44.006+0000] {processor.py:925} INFO - DAG(s) 'indices_argentina_v04' retrieved from /opt/airflow/dags/first_dag.py
[2024-10-27T00:06:44.032+0000] {logging_mixin.py:190} INFO - [2024-10-27T00:06:44.032+0000] {dag.py:3239} INFO - Sync 1 DAGs
[2024-10-27T00:06:44.061+0000] {logging_mixin.py:190} INFO - [2024-10-27T00:06:44.060+0000] {dag.py:4180} INFO - Setting next_dagrun for indices_argentina_v04 to 2024-10-27 00:00:00+00:00, run_after=2024-10-28 00:00:00+00:00
[2024-10-27T00:06:44.081+0000] {processor.py:208} INFO - Processing /opt/airflow/dags/first_dag.py took 0.188 seconds
[2024-10-27T00:07:14.119+0000] {processor.py:186} INFO - Started process (PID=43853) to work on /opt/airflow/dags/first_dag.py
[2024-10-27T00:07:14.120+0000] {processor.py:914} INFO - Processing file /opt/airflow/dags/first_dag.py for tasks to queue
[2024-10-27T00:07:14.121+0000] {logging_mixin.py:190} INFO - [2024-10-27T00:07:14.121+0000] {dagbag.py:588} INFO - Filling up the DagBag from /opt/airflow/dags/first_dag.py
[2024-10-27T00:07:14.222+0000] {processor.py:925} INFO - DAG(s) 'indices_argentina_v04' retrieved from /opt/airflow/dags/first_dag.py
[2024-10-27T00:07:14.249+0000] {logging_mixin.py:190} INFO - [2024-10-27T00:07:14.249+0000] {dag.py:3239} INFO - Sync 1 DAGs
[2024-10-27T00:07:14.285+0000] {logging_mixin.py:190} INFO - [2024-10-27T00:07:14.284+0000] {dag.py:4180} INFO - Setting next_dagrun for indices_argentina_v04 to 2024-10-27 00:00:00+00:00, run_after=2024-10-28 00:00:00+00:00
[2024-10-27T00:07:14.308+0000] {processor.py:208} INFO - Processing /opt/airflow/dags/first_dag.py took 0.198 seconds
[2024-10-27T00:07:44.503+0000] {processor.py:186} INFO - Started process (PID=43864) to work on /opt/airflow/dags/first_dag.py
[2024-10-27T00:07:44.504+0000] {processor.py:914} INFO - Processing file /opt/airflow/dags/first_dag.py for tasks to queue
[2024-10-27T00:07:44.506+0000] {logging_mixin.py:190} INFO - [2024-10-27T00:07:44.505+0000] {dagbag.py:588} INFO - Filling up the DagBag from /opt/airflow/dags/first_dag.py
[2024-10-27T00:07:44.605+0000] {processor.py:925} INFO - DAG(s) 'indices_argentina_v04' retrieved from /opt/airflow/dags/first_dag.py
[2024-10-27T00:07:44.630+0000] {logging_mixin.py:190} INFO - [2024-10-27T00:07:44.630+0000] {dag.py:3239} INFO - Sync 1 DAGs
[2024-10-27T00:07:44.659+0000] {logging_mixin.py:190} INFO - [2024-10-27T00:07:44.659+0000] {dag.py:4180} INFO - Setting next_dagrun for indices_argentina_v04 to 2024-10-27 00:00:00+00:00, run_after=2024-10-28 00:00:00+00:00
[2024-10-27T00:07:44.680+0000] {processor.py:208} INFO - Processing /opt/airflow/dags/first_dag.py took 0.187 seconds
[2024-10-27T00:08:14.720+0000] {processor.py:186} INFO - Started process (PID=43875) to work on /opt/airflow/dags/first_dag.py
[2024-10-27T00:08:14.720+0000] {processor.py:914} INFO - Processing file /opt/airflow/dags/first_dag.py for tasks to queue
[2024-10-27T00:08:14.722+0000] {logging_mixin.py:190} INFO - [2024-10-27T00:08:14.721+0000] {dagbag.py:588} INFO - Filling up the DagBag from /opt/airflow/dags/first_dag.py
[2024-10-27T00:08:14.818+0000] {processor.py:925} INFO - DAG(s) 'indices_argentina_v04' retrieved from /opt/airflow/dags/first_dag.py
[2024-10-27T00:08:14.846+0000] {logging_mixin.py:190} INFO - [2024-10-27T00:08:14.845+0000] {dag.py:3239} INFO - Sync 1 DAGs
[2024-10-27T00:08:14.878+0000] {logging_mixin.py:190} INFO - [2024-10-27T00:08:14.878+0000] {dag.py:4180} INFO - Setting next_dagrun for indices_argentina_v04 to 2024-10-27 00:00:00+00:00, run_after=2024-10-28 00:00:00+00:00
[2024-10-27T00:08:14.899+0000] {processor.py:208} INFO - Processing /opt/airflow/dags/first_dag.py took 0.187 seconds
[2024-10-27T00:08:45.097+0000] {processor.py:186} INFO - Started process (PID=43886) to work on /opt/airflow/dags/first_dag.py
[2024-10-27T00:08:45.098+0000] {processor.py:914} INFO - Processing file /opt/airflow/dags/first_dag.py for tasks to queue
[2024-10-27T00:08:45.100+0000] {logging_mixin.py:190} INFO - [2024-10-27T00:08:45.099+0000] {dagbag.py:588} INFO - Filling up the DagBag from /opt/airflow/dags/first_dag.py
[2024-10-27T00:08:45.204+0000] {processor.py:925} INFO - DAG(s) 'indices_argentina_v04' retrieved from /opt/airflow/dags/first_dag.py
[2024-10-27T00:08:45.231+0000] {logging_mixin.py:190} INFO - [2024-10-27T00:08:45.230+0000] {dag.py:3239} INFO - Sync 1 DAGs
[2024-10-27T00:08:45.262+0000] {logging_mixin.py:190} INFO - [2024-10-27T00:08:45.262+0000] {dag.py:4180} INFO - Setting next_dagrun for indices_argentina_v04 to 2024-10-27 00:00:00+00:00, run_after=2024-10-28 00:00:00+00:00
[2024-10-27T00:08:45.284+0000] {processor.py:208} INFO - Processing /opt/airflow/dags/first_dag.py took 0.196 seconds
[2024-10-27T00:09:15.327+0000] {processor.py:186} INFO - Started process (PID=43897) to work on /opt/airflow/dags/first_dag.py
[2024-10-27T00:09:15.328+0000] {processor.py:914} INFO - Processing file /opt/airflow/dags/first_dag.py for tasks to queue
[2024-10-27T00:09:15.330+0000] {logging_mixin.py:190} INFO - [2024-10-27T00:09:15.329+0000] {dagbag.py:588} INFO - Filling up the DagBag from /opt/airflow/dags/first_dag.py
[2024-10-27T00:09:15.430+0000] {processor.py:925} INFO - DAG(s) 'indices_argentina_v04' retrieved from /opt/airflow/dags/first_dag.py
[2024-10-27T00:09:15.456+0000] {logging_mixin.py:190} INFO - [2024-10-27T00:09:15.455+0000] {dag.py:3239} INFO - Sync 1 DAGs
[2024-10-27T00:09:15.484+0000] {logging_mixin.py:190} INFO - [2024-10-27T00:09:15.484+0000] {dag.py:4180} INFO - Setting next_dagrun for indices_argentina_v04 to 2024-10-27 00:00:00+00:00, run_after=2024-10-28 00:00:00+00:00
[2024-10-27T00:09:15.504+0000] {processor.py:208} INFO - Processing /opt/airflow/dags/first_dag.py took 0.186 seconds
[2024-10-27T00:09:45.663+0000] {processor.py:186} INFO - Started process (PID=43908) to work on /opt/airflow/dags/first_dag.py
[2024-10-27T00:09:45.664+0000] {processor.py:914} INFO - Processing file /opt/airflow/dags/first_dag.py for tasks to queue
[2024-10-27T00:09:45.666+0000] {logging_mixin.py:190} INFO - [2024-10-27T00:09:45.665+0000] {dagbag.py:588} INFO - Filling up the DagBag from /opt/airflow/dags/first_dag.py
[2024-10-27T00:09:45.764+0000] {processor.py:925} INFO - DAG(s) 'indices_argentina_v04' retrieved from /opt/airflow/dags/first_dag.py
[2024-10-27T00:09:45.792+0000] {logging_mixin.py:190} INFO - [2024-10-27T00:09:45.791+0000] {dag.py:3239} INFO - Sync 1 DAGs
[2024-10-27T00:09:45.821+0000] {logging_mixin.py:190} INFO - [2024-10-27T00:09:45.821+0000] {dag.py:4180} INFO - Setting next_dagrun for indices_argentina_v04 to 2024-10-27 00:00:00+00:00, run_after=2024-10-28 00:00:00+00:00
[2024-10-27T00:09:45.843+0000] {processor.py:208} INFO - Processing /opt/airflow/dags/first_dag.py took 0.186 seconds
[2024-10-27T00:10:15.921+0000] {processor.py:186} INFO - Started process (PID=43919) to work on /opt/airflow/dags/first_dag.py
[2024-10-27T00:10:15.922+0000] {processor.py:914} INFO - Processing file /opt/airflow/dags/first_dag.py for tasks to queue
[2024-10-27T00:10:15.924+0000] {logging_mixin.py:190} INFO - [2024-10-27T00:10:15.924+0000] {dagbag.py:588} INFO - Filling up the DagBag from /opt/airflow/dags/first_dag.py
[2024-10-27T00:10:16.046+0000] {processor.py:925} INFO - DAG(s) 'indices_argentina_v04' retrieved from /opt/airflow/dags/first_dag.py
[2024-10-27T00:10:16.071+0000] {logging_mixin.py:190} INFO - [2024-10-27T00:10:16.071+0000] {dag.py:3239} INFO - Sync 1 DAGs
[2024-10-27T00:10:16.101+0000] {logging_mixin.py:190} INFO - [2024-10-27T00:10:16.101+0000] {dag.py:4180} INFO - Setting next_dagrun for indices_argentina_v04 to 2024-10-27 00:00:00+00:00, run_after=2024-10-28 00:00:00+00:00
[2024-10-27T00:10:16.124+0000] {processor.py:208} INFO - Processing /opt/airflow/dags/first_dag.py took 0.212 seconds
[2024-10-27T00:10:46.268+0000] {processor.py:186} INFO - Started process (PID=43930) to work on /opt/airflow/dags/first_dag.py
[2024-10-27T00:10:46.269+0000] {processor.py:914} INFO - Processing file /opt/airflow/dags/first_dag.py for tasks to queue
[2024-10-27T00:10:46.271+0000] {logging_mixin.py:190} INFO - [2024-10-27T00:10:46.270+0000] {dagbag.py:588} INFO - Filling up the DagBag from /opt/airflow/dags/first_dag.py
[2024-10-27T00:10:46.367+0000] {processor.py:925} INFO - DAG(s) 'indices_argentina_v04' retrieved from /opt/airflow/dags/first_dag.py
[2024-10-27T00:10:46.393+0000] {logging_mixin.py:190} INFO - [2024-10-27T00:10:46.393+0000] {dag.py:3239} INFO - Sync 1 DAGs
[2024-10-27T00:10:46.424+0000] {logging_mixin.py:190} INFO - [2024-10-27T00:10:46.423+0000] {dag.py:4180} INFO - Setting next_dagrun for indices_argentina_v04 to 2024-10-27 00:00:00+00:00, run_after=2024-10-28 00:00:00+00:00
[2024-10-27T00:10:46.443+0000] {processor.py:208} INFO - Processing /opt/airflow/dags/first_dag.py took 0.182 seconds
[2024-10-27T00:11:16.549+0000] {processor.py:186} INFO - Started process (PID=43941) to work on /opt/airflow/dags/first_dag.py
[2024-10-27T00:11:16.551+0000] {processor.py:914} INFO - Processing file /opt/airflow/dags/first_dag.py for tasks to queue
[2024-10-27T00:11:16.553+0000] {logging_mixin.py:190} INFO - [2024-10-27T00:11:16.553+0000] {dagbag.py:588} INFO - Filling up the DagBag from /opt/airflow/dags/first_dag.py
[2024-10-27T00:11:16.656+0000] {processor.py:925} INFO - DAG(s) 'indices_argentina_v04' retrieved from /opt/airflow/dags/first_dag.py
[2024-10-27T00:11:16.682+0000] {logging_mixin.py:190} INFO - [2024-10-27T00:11:16.682+0000] {dag.py:3239} INFO - Sync 1 DAGs
[2024-10-27T00:11:16.710+0000] {logging_mixin.py:190} INFO - [2024-10-27T00:11:16.710+0000] {dag.py:4180} INFO - Setting next_dagrun for indices_argentina_v04 to 2024-10-27 00:00:00+00:00, run_after=2024-10-28 00:00:00+00:00
[2024-10-27T00:11:16.731+0000] {processor.py:208} INFO - Processing /opt/airflow/dags/first_dag.py took 0.190 seconds
[2024-10-27T00:11:46.860+0000] {processor.py:186} INFO - Started process (PID=43952) to work on /opt/airflow/dags/first_dag.py
[2024-10-27T00:11:46.862+0000] {processor.py:914} INFO - Processing file /opt/airflow/dags/first_dag.py for tasks to queue
[2024-10-27T00:11:46.863+0000] {logging_mixin.py:190} INFO - [2024-10-27T00:11:46.863+0000] {dagbag.py:588} INFO - Filling up the DagBag from /opt/airflow/dags/first_dag.py
[2024-10-27T00:11:46.965+0000] {processor.py:925} INFO - DAG(s) 'indices_argentina_v04' retrieved from /opt/airflow/dags/first_dag.py
[2024-10-27T00:11:46.990+0000] {logging_mixin.py:190} INFO - [2024-10-27T00:11:46.990+0000] {dag.py:3239} INFO - Sync 1 DAGs
[2024-10-27T00:11:47.019+0000] {logging_mixin.py:190} INFO - [2024-10-27T00:11:47.018+0000] {dag.py:4180} INFO - Setting next_dagrun for indices_argentina_v04 to 2024-10-27 00:00:00+00:00, run_after=2024-10-28 00:00:00+00:00
[2024-10-27T00:11:47.040+0000] {processor.py:208} INFO - Processing /opt/airflow/dags/first_dag.py took 0.188 seconds
[2024-10-27T00:12:17.142+0000] {processor.py:186} INFO - Started process (PID=43962) to work on /opt/airflow/dags/first_dag.py
[2024-10-27T00:12:17.144+0000] {processor.py:914} INFO - Processing file /opt/airflow/dags/first_dag.py for tasks to queue
[2024-10-27T00:12:17.145+0000] {logging_mixin.py:190} INFO - [2024-10-27T00:12:17.145+0000] {dagbag.py:588} INFO - Filling up the DagBag from /opt/airflow/dags/first_dag.py
[2024-10-27T00:12:17.245+0000] {processor.py:925} INFO - DAG(s) 'indices_argentina_v04' retrieved from /opt/airflow/dags/first_dag.py
[2024-10-27T00:12:17.270+0000] {logging_mixin.py:190} INFO - [2024-10-27T00:12:17.270+0000] {dag.py:3239} INFO - Sync 1 DAGs
[2024-10-27T00:12:17.301+0000] {logging_mixin.py:190} INFO - [2024-10-27T00:12:17.301+0000] {dag.py:4180} INFO - Setting next_dagrun for indices_argentina_v04 to 2024-10-27 00:00:00+00:00, run_after=2024-10-28 00:00:00+00:00
[2024-10-27T00:12:17.322+0000] {processor.py:208} INFO - Processing /opt/airflow/dags/first_dag.py took 0.188 seconds
[2024-10-27T00:12:47.459+0000] {processor.py:186} INFO - Started process (PID=43973) to work on /opt/airflow/dags/first_dag.py
[2024-10-27T00:12:47.461+0000] {processor.py:914} INFO - Processing file /opt/airflow/dags/first_dag.py for tasks to queue
[2024-10-27T00:12:47.462+0000] {logging_mixin.py:190} INFO - [2024-10-27T00:12:47.462+0000] {dagbag.py:588} INFO - Filling up the DagBag from /opt/airflow/dags/first_dag.py
[2024-10-27T00:12:47.568+0000] {processor.py:925} INFO - DAG(s) 'indices_argentina_v04' retrieved from /opt/airflow/dags/first_dag.py
[2024-10-27T00:12:47.595+0000] {logging_mixin.py:190} INFO - [2024-10-27T00:12:47.594+0000] {dag.py:3239} INFO - Sync 1 DAGs
[2024-10-27T00:12:47.623+0000] {logging_mixin.py:190} INFO - [2024-10-27T00:12:47.623+0000] {dag.py:4180} INFO - Setting next_dagrun for indices_argentina_v04 to 2024-10-27 00:00:00+00:00, run_after=2024-10-28 00:00:00+00:00
[2024-10-27T00:12:47.641+0000] {processor.py:208} INFO - Processing /opt/airflow/dags/first_dag.py took 0.191 seconds
[2024-10-27T00:13:17.727+0000] {processor.py:186} INFO - Started process (PID=43984) to work on /opt/airflow/dags/first_dag.py
[2024-10-27T00:13:17.728+0000] {processor.py:914} INFO - Processing file /opt/airflow/dags/first_dag.py for tasks to queue
[2024-10-27T00:13:17.730+0000] {logging_mixin.py:190} INFO - [2024-10-27T00:13:17.729+0000] {dagbag.py:588} INFO - Filling up the DagBag from /opt/airflow/dags/first_dag.py
[2024-10-27T00:13:17.835+0000] {processor.py:925} INFO - DAG(s) 'indices_argentina_v04' retrieved from /opt/airflow/dags/first_dag.py
[2024-10-27T00:13:17.859+0000] {logging_mixin.py:190} INFO - [2024-10-27T00:13:17.859+0000] {dag.py:3239} INFO - Sync 1 DAGs
[2024-10-27T00:13:17.888+0000] {logging_mixin.py:190} INFO - [2024-10-27T00:13:17.888+0000] {dag.py:4180} INFO - Setting next_dagrun for indices_argentina_v04 to 2024-10-27 00:00:00+00:00, run_after=2024-10-28 00:00:00+00:00
[2024-10-27T00:13:17.910+0000] {processor.py:208} INFO - Processing /opt/airflow/dags/first_dag.py took 0.191 seconds
[2024-10-27T00:13:48.054+0000] {processor.py:186} INFO - Started process (PID=43995) to work on /opt/airflow/dags/first_dag.py
[2024-10-27T00:13:48.056+0000] {processor.py:914} INFO - Processing file /opt/airflow/dags/first_dag.py for tasks to queue
[2024-10-27T00:13:48.057+0000] {logging_mixin.py:190} INFO - [2024-10-27T00:13:48.057+0000] {dagbag.py:588} INFO - Filling up the DagBag from /opt/airflow/dags/first_dag.py
[2024-10-27T00:13:48.164+0000] {processor.py:925} INFO - DAG(s) 'indices_argentina_v04' retrieved from /opt/airflow/dags/first_dag.py
[2024-10-27T00:13:48.194+0000] {logging_mixin.py:190} INFO - [2024-10-27T00:13:48.194+0000] {dag.py:3239} INFO - Sync 1 DAGs
[2024-10-27T00:13:48.229+0000] {logging_mixin.py:190} INFO - [2024-10-27T00:13:48.229+0000] {dag.py:4180} INFO - Setting next_dagrun for indices_argentina_v04 to 2024-10-27 00:00:00+00:00, run_after=2024-10-28 00:00:00+00:00
[2024-10-27T00:13:48.253+0000] {processor.py:208} INFO - Processing /opt/airflow/dags/first_dag.py took 0.206 seconds
[2024-10-27T00:14:18.322+0000] {processor.py:186} INFO - Started process (PID=44006) to work on /opt/airflow/dags/first_dag.py
[2024-10-27T00:14:18.323+0000] {processor.py:914} INFO - Processing file /opt/airflow/dags/first_dag.py for tasks to queue
[2024-10-27T00:14:18.325+0000] {logging_mixin.py:190} INFO - [2024-10-27T00:14:18.324+0000] {dagbag.py:588} INFO - Filling up the DagBag from /opt/airflow/dags/first_dag.py
[2024-10-27T00:14:18.430+0000] {processor.py:925} INFO - DAG(s) 'indices_argentina_v04' retrieved from /opt/airflow/dags/first_dag.py
[2024-10-27T00:14:18.455+0000] {logging_mixin.py:190} INFO - [2024-10-27T00:14:18.454+0000] {dag.py:3239} INFO - Sync 1 DAGs
[2024-10-27T00:14:18.485+0000] {logging_mixin.py:190} INFO - [2024-10-27T00:14:18.485+0000] {dag.py:4180} INFO - Setting next_dagrun for indices_argentina_v04 to 2024-10-27 00:00:00+00:00, run_after=2024-10-28 00:00:00+00:00
[2024-10-27T00:14:18.506+0000] {processor.py:208} INFO - Processing /opt/airflow/dags/first_dag.py took 0.195 seconds
[2024-10-27T00:14:48.708+0000] {processor.py:186} INFO - Started process (PID=44017) to work on /opt/airflow/dags/first_dag.py
[2024-10-27T00:14:48.709+0000] {processor.py:914} INFO - Processing file /opt/airflow/dags/first_dag.py for tasks to queue
[2024-10-27T00:14:48.710+0000] {logging_mixin.py:190} INFO - [2024-10-27T00:14:48.709+0000] {dagbag.py:588} INFO - Filling up the DagBag from /opt/airflow/dags/first_dag.py
[2024-10-27T00:14:48.805+0000] {processor.py:925} INFO - DAG(s) 'indices_argentina_v04' retrieved from /opt/airflow/dags/first_dag.py
[2024-10-27T00:14:48.836+0000] {logging_mixin.py:190} INFO - [2024-10-27T00:14:48.835+0000] {dag.py:3239} INFO - Sync 1 DAGs
[2024-10-27T00:14:48.867+0000] {logging_mixin.py:190} INFO - [2024-10-27T00:14:48.866+0000] {dag.py:4180} INFO - Setting next_dagrun for indices_argentina_v04 to 2024-10-27 00:00:00+00:00, run_after=2024-10-28 00:00:00+00:00
[2024-10-27T00:14:48.887+0000] {processor.py:208} INFO - Processing /opt/airflow/dags/first_dag.py took 0.186 seconds
[2024-10-27T00:15:18.922+0000] {processor.py:186} INFO - Started process (PID=44028) to work on /opt/airflow/dags/first_dag.py
[2024-10-27T00:15:18.923+0000] {processor.py:914} INFO - Processing file /opt/airflow/dags/first_dag.py for tasks to queue
[2024-10-27T00:15:18.924+0000] {logging_mixin.py:190} INFO - [2024-10-27T00:15:18.923+0000] {dagbag.py:588} INFO - Filling up the DagBag from /opt/airflow/dags/first_dag.py
[2024-10-27T00:15:19.030+0000] {processor.py:925} INFO - DAG(s) 'indices_argentina_v04' retrieved from /opt/airflow/dags/first_dag.py
[2024-10-27T00:15:19.057+0000] {logging_mixin.py:190} INFO - [2024-10-27T00:15:19.056+0000] {dag.py:3239} INFO - Sync 1 DAGs
[2024-10-27T00:15:19.089+0000] {logging_mixin.py:190} INFO - [2024-10-27T00:15:19.089+0000] {dag.py:4180} INFO - Setting next_dagrun for indices_argentina_v04 to 2024-10-27 00:00:00+00:00, run_after=2024-10-28 00:00:00+00:00
[2024-10-27T00:15:19.111+0000] {processor.py:208} INFO - Processing /opt/airflow/dags/first_dag.py took 0.196 seconds
[2024-10-27T00:15:49.317+0000] {processor.py:186} INFO - Started process (PID=44039) to work on /opt/airflow/dags/first_dag.py
[2024-10-27T00:15:49.319+0000] {processor.py:914} INFO - Processing file /opt/airflow/dags/first_dag.py for tasks to queue
[2024-10-27T00:15:49.320+0000] {logging_mixin.py:190} INFO - [2024-10-27T00:15:49.319+0000] {dagbag.py:588} INFO - Filling up the DagBag from /opt/airflow/dags/first_dag.py
[2024-10-27T00:15:49.424+0000] {processor.py:925} INFO - DAG(s) 'indices_argentina_v04' retrieved from /opt/airflow/dags/first_dag.py
[2024-10-27T00:15:49.460+0000] {logging_mixin.py:190} INFO - [2024-10-27T00:15:49.460+0000] {dag.py:3239} INFO - Sync 1 DAGs
[2024-10-27T00:15:49.500+0000] {logging_mixin.py:190} INFO - [2024-10-27T00:15:49.499+0000] {dag.py:4180} INFO - Setting next_dagrun for indices_argentina_v04 to 2024-10-27 00:00:00+00:00, run_after=2024-10-28 00:00:00+00:00
[2024-10-27T00:15:49.523+0000] {processor.py:208} INFO - Processing /opt/airflow/dags/first_dag.py took 0.213 seconds
[2024-10-27T00:16:19.744+0000] {processor.py:186} INFO - Started process (PID=44050) to work on /opt/airflow/dags/first_dag.py
[2024-10-27T00:16:19.745+0000] {processor.py:914} INFO - Processing file /opt/airflow/dags/first_dag.py for tasks to queue
[2024-10-27T00:16:19.746+0000] {logging_mixin.py:190} INFO - [2024-10-27T00:16:19.746+0000] {dagbag.py:588} INFO - Filling up the DagBag from /opt/airflow/dags/first_dag.py
[2024-10-27T00:16:19.852+0000] {processor.py:925} INFO - DAG(s) 'indices_argentina_v04' retrieved from /opt/airflow/dags/first_dag.py
[2024-10-27T00:16:19.878+0000] {logging_mixin.py:190} INFO - [2024-10-27T00:16:19.878+0000] {dag.py:3239} INFO - Sync 1 DAGs
[2024-10-27T00:16:19.910+0000] {logging_mixin.py:190} INFO - [2024-10-27T00:16:19.910+0000] {dag.py:4180} INFO - Setting next_dagrun for indices_argentina_v04 to 2024-10-27 00:00:00+00:00, run_after=2024-10-28 00:00:00+00:00
[2024-10-27T00:16:19.931+0000] {processor.py:208} INFO - Processing /opt/airflow/dags/first_dag.py took 0.194 seconds
[2024-10-27T00:16:50.138+0000] {processor.py:186} INFO - Started process (PID=44061) to work on /opt/airflow/dags/first_dag.py
[2024-10-27T00:16:50.139+0000] {processor.py:914} INFO - Processing file /opt/airflow/dags/first_dag.py for tasks to queue
[2024-10-27T00:16:50.141+0000] {logging_mixin.py:190} INFO - [2024-10-27T00:16:50.140+0000] {dagbag.py:588} INFO - Filling up the DagBag from /opt/airflow/dags/first_dag.py
[2024-10-27T00:16:50.279+0000] {processor.py:925} INFO - DAG(s) 'indices_argentina_v04' retrieved from /opt/airflow/dags/first_dag.py
[2024-10-27T00:16:50.319+0000] {logging_mixin.py:190} INFO - [2024-10-27T00:16:50.319+0000] {dag.py:3239} INFO - Sync 1 DAGs
[2024-10-27T00:16:50.354+0000] {logging_mixin.py:190} INFO - [2024-10-27T00:16:50.354+0000] {dag.py:4180} INFO - Setting next_dagrun for indices_argentina_v04 to 2024-10-27 00:00:00+00:00, run_after=2024-10-28 00:00:00+00:00
[2024-10-27T00:16:50.378+0000] {processor.py:208} INFO - Processing /opt/airflow/dags/first_dag.py took 0.251 seconds
[2024-10-27T00:17:20.594+0000] {processor.py:186} INFO - Started process (PID=44072) to work on /opt/airflow/dags/first_dag.py
[2024-10-27T00:17:20.595+0000] {processor.py:914} INFO - Processing file /opt/airflow/dags/first_dag.py for tasks to queue
[2024-10-27T00:17:20.597+0000] {logging_mixin.py:190} INFO - [2024-10-27T00:17:20.596+0000] {dagbag.py:588} INFO - Filling up the DagBag from /opt/airflow/dags/first_dag.py
[2024-10-27T00:17:20.695+0000] {processor.py:925} INFO - DAG(s) 'indices_argentina_v04' retrieved from /opt/airflow/dags/first_dag.py
[2024-10-27T00:17:20.722+0000] {logging_mixin.py:190} INFO - [2024-10-27T00:17:20.721+0000] {dag.py:3239} INFO - Sync 1 DAGs
[2024-10-27T00:17:20.752+0000] {logging_mixin.py:190} INFO - [2024-10-27T00:17:20.752+0000] {dag.py:4180} INFO - Setting next_dagrun for indices_argentina_v04 to 2024-10-27 00:00:00+00:00, run_after=2024-10-28 00:00:00+00:00
[2024-10-27T00:17:20.773+0000] {processor.py:208} INFO - Processing /opt/airflow/dags/first_dag.py took 0.189 seconds
[2024-10-27T00:17:50.984+0000] {processor.py:186} INFO - Started process (PID=44083) to work on /opt/airflow/dags/first_dag.py
[2024-10-27T00:17:50.986+0000] {processor.py:914} INFO - Processing file /opt/airflow/dags/first_dag.py for tasks to queue
[2024-10-27T00:17:50.988+0000] {logging_mixin.py:190} INFO - [2024-10-27T00:17:50.987+0000] {dagbag.py:588} INFO - Filling up the DagBag from /opt/airflow/dags/first_dag.py
[2024-10-27T00:17:51.090+0000] {processor.py:925} INFO - DAG(s) 'indices_argentina_v04' retrieved from /opt/airflow/dags/first_dag.py
[2024-10-27T00:17:51.119+0000] {logging_mixin.py:190} INFO - [2024-10-27T00:17:51.119+0000] {dag.py:3239} INFO - Sync 1 DAGs
[2024-10-27T00:17:51.152+0000] {logging_mixin.py:190} INFO - [2024-10-27T00:17:51.151+0000] {dag.py:4180} INFO - Setting next_dagrun for indices_argentina_v04 to 2024-10-27 00:00:00+00:00, run_after=2024-10-28 00:00:00+00:00
[2024-10-27T00:17:51.174+0000] {processor.py:208} INFO - Processing /opt/airflow/dags/first_dag.py took 0.200 seconds
[2024-10-27T00:18:21.387+0000] {processor.py:186} INFO - Started process (PID=44094) to work on /opt/airflow/dags/first_dag.py
[2024-10-27T00:18:21.388+0000] {processor.py:914} INFO - Processing file /opt/airflow/dags/first_dag.py for tasks to queue
[2024-10-27T00:18:21.389+0000] {logging_mixin.py:190} INFO - [2024-10-27T00:18:21.389+0000] {dagbag.py:588} INFO - Filling up the DagBag from /opt/airflow/dags/first_dag.py
[2024-10-27T00:18:21.485+0000] {processor.py:925} INFO - DAG(s) 'indices_argentina_v04' retrieved from /opt/airflow/dags/first_dag.py
[2024-10-27T00:18:21.514+0000] {logging_mixin.py:190} INFO - [2024-10-27T00:18:21.514+0000] {dag.py:3239} INFO - Sync 1 DAGs
[2024-10-27T00:18:21.545+0000] {logging_mixin.py:190} INFO - [2024-10-27T00:18:21.545+0000] {dag.py:4180} INFO - Setting next_dagrun for indices_argentina_v04 to 2024-10-27 00:00:00+00:00, run_after=2024-10-28 00:00:00+00:00
[2024-10-27T00:18:21.567+0000] {processor.py:208} INFO - Processing /opt/airflow/dags/first_dag.py took 0.188 seconds
[2024-10-27T00:18:51.788+0000] {processor.py:186} INFO - Started process (PID=44105) to work on /opt/airflow/dags/first_dag.py
[2024-10-27T00:18:51.789+0000] {processor.py:914} INFO - Processing file /opt/airflow/dags/first_dag.py for tasks to queue
[2024-10-27T00:18:51.791+0000] {logging_mixin.py:190} INFO - [2024-10-27T00:18:51.791+0000] {dagbag.py:588} INFO - Filling up the DagBag from /opt/airflow/dags/first_dag.py
[2024-10-27T00:18:51.894+0000] {processor.py:925} INFO - DAG(s) 'indices_argentina_v04' retrieved from /opt/airflow/dags/first_dag.py
[2024-10-27T00:18:51.922+0000] {logging_mixin.py:190} INFO - [2024-10-27T00:18:51.921+0000] {dag.py:3239} INFO - Sync 1 DAGs
[2024-10-27T00:18:51.953+0000] {logging_mixin.py:190} INFO - [2024-10-27T00:18:51.953+0000] {dag.py:4180} INFO - Setting next_dagrun for indices_argentina_v04 to 2024-10-27 00:00:00+00:00, run_after=2024-10-28 00:00:00+00:00
[2024-10-27T00:18:51.975+0000] {processor.py:208} INFO - Processing /opt/airflow/dags/first_dag.py took 0.196 seconds
[2024-10-27T00:19:22.035+0000] {processor.py:186} INFO - Started process (PID=44116) to work on /opt/airflow/dags/first_dag.py
[2024-10-27T00:19:22.036+0000] {processor.py:914} INFO - Processing file /opt/airflow/dags/first_dag.py for tasks to queue
[2024-10-27T00:19:22.037+0000] {logging_mixin.py:190} INFO - [2024-10-27T00:19:22.037+0000] {dagbag.py:588} INFO - Filling up the DagBag from /opt/airflow/dags/first_dag.py
[2024-10-27T00:19:22.136+0000] {processor.py:925} INFO - DAG(s) 'indices_argentina_v04' retrieved from /opt/airflow/dags/first_dag.py
[2024-10-27T00:19:22.163+0000] {logging_mixin.py:190} INFO - [2024-10-27T00:19:22.162+0000] {dag.py:3239} INFO - Sync 1 DAGs
[2024-10-27T00:19:22.194+0000] {logging_mixin.py:190} INFO - [2024-10-27T00:19:22.193+0000] {dag.py:4180} INFO - Setting next_dagrun for indices_argentina_v04 to 2024-10-27 00:00:00+00:00, run_after=2024-10-28 00:00:00+00:00
[2024-10-27T00:19:22.216+0000] {processor.py:208} INFO - Processing /opt/airflow/dags/first_dag.py took 0.190 seconds
[2024-10-27T00:19:52.403+0000] {processor.py:186} INFO - Started process (PID=44127) to work on /opt/airflow/dags/first_dag.py
[2024-10-27T00:19:52.404+0000] {processor.py:914} INFO - Processing file /opt/airflow/dags/first_dag.py for tasks to queue
[2024-10-27T00:19:52.405+0000] {logging_mixin.py:190} INFO - [2024-10-27T00:19:52.404+0000] {dagbag.py:588} INFO - Filling up the DagBag from /opt/airflow/dags/first_dag.py
[2024-10-27T00:19:52.500+0000] {processor.py:925} INFO - DAG(s) 'indices_argentina_v04' retrieved from /opt/airflow/dags/first_dag.py
[2024-10-27T00:19:52.526+0000] {logging_mixin.py:190} INFO - [2024-10-27T00:19:52.526+0000] {dag.py:3239} INFO - Sync 1 DAGs
[2024-10-27T00:19:52.557+0000] {logging_mixin.py:190} INFO - [2024-10-27T00:19:52.556+0000] {dag.py:4180} INFO - Setting next_dagrun for indices_argentina_v04 to 2024-10-27 00:00:00+00:00, run_after=2024-10-28 00:00:00+00:00
[2024-10-27T00:19:52.576+0000] {processor.py:208} INFO - Processing /opt/airflow/dags/first_dag.py took 0.180 seconds
[2024-10-27T00:20:22.790+0000] {processor.py:186} INFO - Started process (PID=44138) to work on /opt/airflow/dags/first_dag.py
[2024-10-27T00:20:22.791+0000] {processor.py:914} INFO - Processing file /opt/airflow/dags/first_dag.py for tasks to queue
[2024-10-27T00:20:22.793+0000] {logging_mixin.py:190} INFO - [2024-10-27T00:20:22.792+0000] {dagbag.py:588} INFO - Filling up the DagBag from /opt/airflow/dags/first_dag.py
[2024-10-27T00:20:22.899+0000] {processor.py:925} INFO - DAG(s) 'indices_argentina_v04' retrieved from /opt/airflow/dags/first_dag.py
[2024-10-27T00:20:22.925+0000] {logging_mixin.py:190} INFO - [2024-10-27T00:20:22.925+0000] {dag.py:3239} INFO - Sync 1 DAGs
[2024-10-27T00:20:22.957+0000] {logging_mixin.py:190} INFO - [2024-10-27T00:20:22.957+0000] {dag.py:4180} INFO - Setting next_dagrun for indices_argentina_v04 to 2024-10-27 00:00:00+00:00, run_after=2024-10-28 00:00:00+00:00
[2024-10-27T00:20:22.978+0000] {processor.py:208} INFO - Processing /opt/airflow/dags/first_dag.py took 0.198 seconds
[2024-10-27T00:20:53.182+0000] {processor.py:186} INFO - Started process (PID=44149) to work on /opt/airflow/dags/first_dag.py
[2024-10-27T00:20:53.183+0000] {processor.py:914} INFO - Processing file /opt/airflow/dags/first_dag.py for tasks to queue
[2024-10-27T00:20:53.185+0000] {logging_mixin.py:190} INFO - [2024-10-27T00:20:53.185+0000] {dagbag.py:588} INFO - Filling up the DagBag from /opt/airflow/dags/first_dag.py
[2024-10-27T00:20:53.339+0000] {processor.py:925} INFO - DAG(s) 'indices_argentina_v04' retrieved from /opt/airflow/dags/first_dag.py
[2024-10-27T00:20:53.369+0000] {logging_mixin.py:190} INFO - [2024-10-27T00:20:53.369+0000] {dag.py:3239} INFO - Sync 1 DAGs
[2024-10-27T00:20:53.398+0000] {logging_mixin.py:190} INFO - [2024-10-27T00:20:53.398+0000] {dag.py:4180} INFO - Setting next_dagrun for indices_argentina_v04 to 2024-10-27 00:00:00+00:00, run_after=2024-10-28 00:00:00+00:00
[2024-10-27T00:20:53.417+0000] {processor.py:208} INFO - Processing /opt/airflow/dags/first_dag.py took 0.245 seconds
[2024-10-27T00:21:23.646+0000] {processor.py:186} INFO - Started process (PID=44160) to work on /opt/airflow/dags/first_dag.py
[2024-10-27T00:21:23.648+0000] {processor.py:914} INFO - Processing file /opt/airflow/dags/first_dag.py for tasks to queue
[2024-10-27T00:21:23.649+0000] {logging_mixin.py:190} INFO - [2024-10-27T00:21:23.649+0000] {dagbag.py:588} INFO - Filling up the DagBag from /opt/airflow/dags/first_dag.py
[2024-10-27T00:21:23.752+0000] {processor.py:925} INFO - DAG(s) 'indices_argentina_v04' retrieved from /opt/airflow/dags/first_dag.py
[2024-10-27T00:21:23.784+0000] {logging_mixin.py:190} INFO - [2024-10-27T00:21:23.784+0000] {dag.py:3239} INFO - Sync 1 DAGs
[2024-10-27T00:21:23.815+0000] {logging_mixin.py:190} INFO - [2024-10-27T00:21:23.814+0000] {dag.py:4180} INFO - Setting next_dagrun for indices_argentina_v04 to 2024-10-27 00:00:00+00:00, run_after=2024-10-28 00:00:00+00:00
[2024-10-27T00:21:23.835+0000] {processor.py:208} INFO - Processing /opt/airflow/dags/first_dag.py took 0.196 seconds
[2024-10-27T00:21:54.046+0000] {processor.py:186} INFO - Started process (PID=44171) to work on /opt/airflow/dags/first_dag.py
[2024-10-27T00:21:54.047+0000] {processor.py:914} INFO - Processing file /opt/airflow/dags/first_dag.py for tasks to queue
[2024-10-27T00:21:54.049+0000] {logging_mixin.py:190} INFO - [2024-10-27T00:21:54.048+0000] {dagbag.py:588} INFO - Filling up the DagBag from /opt/airflow/dags/first_dag.py
[2024-10-27T00:21:54.188+0000] {processor.py:925} INFO - DAG(s) 'indices_argentina_v04' retrieved from /opt/airflow/dags/first_dag.py
[2024-10-27T00:21:54.213+0000] {logging_mixin.py:190} INFO - [2024-10-27T00:21:54.213+0000] {dag.py:3239} INFO - Sync 1 DAGs
[2024-10-27T00:21:54.244+0000] {logging_mixin.py:190} INFO - [2024-10-27T00:21:54.243+0000] {dag.py:4180} INFO - Setting next_dagrun for indices_argentina_v04 to 2024-10-27 00:00:00+00:00, run_after=2024-10-28 00:00:00+00:00
[2024-10-27T00:21:54.263+0000] {processor.py:208} INFO - Processing /opt/airflow/dags/first_dag.py took 0.225 seconds
[2024-10-27T00:22:24.481+0000] {processor.py:186} INFO - Started process (PID=44182) to work on /opt/airflow/dags/first_dag.py
[2024-10-27T00:22:24.482+0000] {processor.py:914} INFO - Processing file /opt/airflow/dags/first_dag.py for tasks to queue
[2024-10-27T00:22:24.483+0000] {logging_mixin.py:190} INFO - [2024-10-27T00:22:24.483+0000] {dagbag.py:588} INFO - Filling up the DagBag from /opt/airflow/dags/first_dag.py
[2024-10-27T00:22:24.583+0000] {processor.py:925} INFO - DAG(s) 'indices_argentina_v04' retrieved from /opt/airflow/dags/first_dag.py
[2024-10-27T00:22:24.611+0000] {logging_mixin.py:190} INFO - [2024-10-27T00:22:24.610+0000] {dag.py:3239} INFO - Sync 1 DAGs
[2024-10-27T00:22:24.640+0000] {logging_mixin.py:190} INFO - [2024-10-27T00:22:24.640+0000] {dag.py:4180} INFO - Setting next_dagrun for indices_argentina_v04 to 2024-10-27 00:00:00+00:00, run_after=2024-10-28 00:00:00+00:00
[2024-10-27T00:22:24.660+0000] {processor.py:208} INFO - Processing /opt/airflow/dags/first_dag.py took 0.187 seconds
[2024-10-27T00:22:54.881+0000] {processor.py:186} INFO - Started process (PID=44193) to work on /opt/airflow/dags/first_dag.py
[2024-10-27T00:22:54.882+0000] {processor.py:914} INFO - Processing file /opt/airflow/dags/first_dag.py for tasks to queue
[2024-10-27T00:22:54.884+0000] {logging_mixin.py:190} INFO - [2024-10-27T00:22:54.883+0000] {dagbag.py:588} INFO - Filling up the DagBag from /opt/airflow/dags/first_dag.py
[2024-10-27T00:22:54.982+0000] {processor.py:925} INFO - DAG(s) 'indices_argentina_v04' retrieved from /opt/airflow/dags/first_dag.py
[2024-10-27T00:22:55.009+0000] {logging_mixin.py:190} INFO - [2024-10-27T00:22:55.009+0000] {dag.py:3239} INFO - Sync 1 DAGs
[2024-10-27T00:22:55.041+0000] {logging_mixin.py:190} INFO - [2024-10-27T00:22:55.041+0000] {dag.py:4180} INFO - Setting next_dagrun for indices_argentina_v04 to 2024-10-27 00:00:00+00:00, run_after=2024-10-28 00:00:00+00:00
[2024-10-27T00:22:55.061+0000] {processor.py:208} INFO - Processing /opt/airflow/dags/first_dag.py took 0.188 seconds
[2024-10-27T00:23:25.266+0000] {processor.py:186} INFO - Started process (PID=44204) to work on /opt/airflow/dags/first_dag.py
[2024-10-27T00:23:25.267+0000] {processor.py:914} INFO - Processing file /opt/airflow/dags/first_dag.py for tasks to queue
[2024-10-27T00:23:25.268+0000] {logging_mixin.py:190} INFO - [2024-10-27T00:23:25.268+0000] {dagbag.py:588} INFO - Filling up the DagBag from /opt/airflow/dags/first_dag.py
[2024-10-27T00:23:25.376+0000] {processor.py:925} INFO - DAG(s) 'indices_argentina_v04' retrieved from /opt/airflow/dags/first_dag.py
[2024-10-27T00:23:25.403+0000] {logging_mixin.py:190} INFO - [2024-10-27T00:23:25.403+0000] {dag.py:3239} INFO - Sync 1 DAGs
[2024-10-27T00:23:25.434+0000] {logging_mixin.py:190} INFO - [2024-10-27T00:23:25.434+0000] {dag.py:4180} INFO - Setting next_dagrun for indices_argentina_v04 to 2024-10-27 00:00:00+00:00, run_after=2024-10-28 00:00:00+00:00
[2024-10-27T00:23:25.456+0000] {processor.py:208} INFO - Processing /opt/airflow/dags/first_dag.py took 0.197 seconds
[2024-10-27T00:23:55.674+0000] {processor.py:186} INFO - Started process (PID=44215) to work on /opt/airflow/dags/first_dag.py
[2024-10-27T00:23:55.675+0000] {processor.py:914} INFO - Processing file /opt/airflow/dags/first_dag.py for tasks to queue
[2024-10-27T00:23:55.678+0000] {logging_mixin.py:190} INFO - [2024-10-27T00:23:55.677+0000] {dagbag.py:588} INFO - Filling up the DagBag from /opt/airflow/dags/first_dag.py
[2024-10-27T00:23:55.791+0000] {processor.py:925} INFO - DAG(s) 'indices_argentina_v04' retrieved from /opt/airflow/dags/first_dag.py
[2024-10-27T00:23:55.821+0000] {logging_mixin.py:190} INFO - [2024-10-27T00:23:55.820+0000] {dag.py:3239} INFO - Sync 1 DAGs
[2024-10-27T00:23:55.855+0000] {logging_mixin.py:190} INFO - [2024-10-27T00:23:55.855+0000] {dag.py:4180} INFO - Setting next_dagrun for indices_argentina_v04 to 2024-10-27 00:00:00+00:00, run_after=2024-10-28 00:00:00+00:00
[2024-10-27T00:23:55.878+0000] {processor.py:208} INFO - Processing /opt/airflow/dags/first_dag.py took 0.213 seconds
[2024-10-27T00:24:26.117+0000] {processor.py:186} INFO - Started process (PID=44226) to work on /opt/airflow/dags/first_dag.py
[2024-10-27T00:24:26.118+0000] {processor.py:914} INFO - Processing file /opt/airflow/dags/first_dag.py for tasks to queue
[2024-10-27T00:24:26.120+0000] {logging_mixin.py:190} INFO - [2024-10-27T00:24:26.119+0000] {dagbag.py:588} INFO - Filling up the DagBag from /opt/airflow/dags/first_dag.py
[2024-10-27T00:24:26.215+0000] {processor.py:925} INFO - DAG(s) 'indices_argentina_v04' retrieved from /opt/airflow/dags/first_dag.py
[2024-10-27T00:24:26.240+0000] {logging_mixin.py:190} INFO - [2024-10-27T00:24:26.240+0000] {dag.py:3239} INFO - Sync 1 DAGs
[2024-10-27T00:24:26.270+0000] {logging_mixin.py:190} INFO - [2024-10-27T00:24:26.270+0000] {dag.py:4180} INFO - Setting next_dagrun for indices_argentina_v04 to 2024-10-27 00:00:00+00:00, run_after=2024-10-28 00:00:00+00:00
[2024-10-27T00:24:26.288+0000] {processor.py:208} INFO - Processing /opt/airflow/dags/first_dag.py took 0.177 seconds
[2024-10-27T00:24:56.496+0000] {processor.py:186} INFO - Started process (PID=44237) to work on /opt/airflow/dags/first_dag.py
[2024-10-27T00:24:56.497+0000] {processor.py:914} INFO - Processing file /opt/airflow/dags/first_dag.py for tasks to queue
[2024-10-27T00:24:56.498+0000] {logging_mixin.py:190} INFO - [2024-10-27T00:24:56.498+0000] {dagbag.py:588} INFO - Filling up the DagBag from /opt/airflow/dags/first_dag.py
[2024-10-27T00:24:56.596+0000] {processor.py:925} INFO - DAG(s) 'indices_argentina_v04' retrieved from /opt/airflow/dags/first_dag.py
[2024-10-27T00:24:56.625+0000] {logging_mixin.py:190} INFO - [2024-10-27T00:24:56.624+0000] {dag.py:3239} INFO - Sync 1 DAGs
[2024-10-27T00:24:56.656+0000] {logging_mixin.py:190} INFO - [2024-10-27T00:24:56.656+0000] {dag.py:4180} INFO - Setting next_dagrun for indices_argentina_v04 to 2024-10-27 00:00:00+00:00, run_after=2024-10-28 00:00:00+00:00
[2024-10-27T00:24:56.678+0000] {processor.py:208} INFO - Processing /opt/airflow/dags/first_dag.py took 0.191 seconds
[2024-10-27T00:25:26.883+0000] {processor.py:186} INFO - Started process (PID=44248) to work on /opt/airflow/dags/first_dag.py
[2024-10-27T00:25:26.884+0000] {processor.py:914} INFO - Processing file /opt/airflow/dags/first_dag.py for tasks to queue
[2024-10-27T00:25:26.886+0000] {logging_mixin.py:190} INFO - [2024-10-27T00:25:26.885+0000] {dagbag.py:588} INFO - Filling up the DagBag from /opt/airflow/dags/first_dag.py
[2024-10-27T00:25:26.986+0000] {processor.py:925} INFO - DAG(s) 'indices_argentina_v04' retrieved from /opt/airflow/dags/first_dag.py
[2024-10-27T00:25:27.013+0000] {logging_mixin.py:190} INFO - [2024-10-27T00:25:27.013+0000] {dag.py:3239} INFO - Sync 1 DAGs
[2024-10-27T00:25:27.048+0000] {logging_mixin.py:190} INFO - [2024-10-27T00:25:27.047+0000] {dag.py:4180} INFO - Setting next_dagrun for indices_argentina_v04 to 2024-10-27 00:00:00+00:00, run_after=2024-10-28 00:00:00+00:00
[2024-10-27T00:25:27.067+0000] {processor.py:208} INFO - Processing /opt/airflow/dags/first_dag.py took 0.191 seconds
[2024-10-27T00:25:57.279+0000] {processor.py:186} INFO - Started process (PID=44259) to work on /opt/airflow/dags/first_dag.py
[2024-10-27T00:25:57.280+0000] {processor.py:914} INFO - Processing file /opt/airflow/dags/first_dag.py for tasks to queue
[2024-10-27T00:25:57.282+0000] {logging_mixin.py:190} INFO - [2024-10-27T00:25:57.281+0000] {dagbag.py:588} INFO - Filling up the DagBag from /opt/airflow/dags/first_dag.py
[2024-10-27T00:25:57.392+0000] {processor.py:925} INFO - DAG(s) 'indices_argentina_v04' retrieved from /opt/airflow/dags/first_dag.py
[2024-10-27T00:25:57.418+0000] {logging_mixin.py:190} INFO - [2024-10-27T00:25:57.417+0000] {dag.py:3239} INFO - Sync 1 DAGs
[2024-10-27T00:25:57.448+0000] {logging_mixin.py:190} INFO - [2024-10-27T00:25:57.448+0000] {dag.py:4180} INFO - Setting next_dagrun for indices_argentina_v04 to 2024-10-27 00:00:00+00:00, run_after=2024-10-28 00:00:00+00:00
[2024-10-27T00:25:57.466+0000] {processor.py:208} INFO - Processing /opt/airflow/dags/first_dag.py took 0.196 seconds
[2024-10-27T00:26:27.684+0000] {processor.py:186} INFO - Started process (PID=44270) to work on /opt/airflow/dags/first_dag.py
[2024-10-27T00:26:27.686+0000] {processor.py:914} INFO - Processing file /opt/airflow/dags/first_dag.py for tasks to queue
[2024-10-27T00:26:27.688+0000] {logging_mixin.py:190} INFO - [2024-10-27T00:26:27.687+0000] {dagbag.py:588} INFO - Filling up the DagBag from /opt/airflow/dags/first_dag.py
[2024-10-27T00:26:27.789+0000] {processor.py:925} INFO - DAG(s) 'indices_argentina_v04' retrieved from /opt/airflow/dags/first_dag.py
[2024-10-27T00:26:27.816+0000] {logging_mixin.py:190} INFO - [2024-10-27T00:26:27.815+0000] {dag.py:3239} INFO - Sync 1 DAGs
[2024-10-27T00:26:27.853+0000] {logging_mixin.py:190} INFO - [2024-10-27T00:26:27.852+0000] {dag.py:4180} INFO - Setting next_dagrun for indices_argentina_v04 to 2024-10-27 00:00:00+00:00, run_after=2024-10-28 00:00:00+00:00
[2024-10-27T00:26:27.879+0000] {processor.py:208} INFO - Processing /opt/airflow/dags/first_dag.py took 0.202 seconds
[2024-10-27T00:26:58.103+0000] {processor.py:186} INFO - Started process (PID=44281) to work on /opt/airflow/dags/first_dag.py
[2024-10-27T00:26:58.104+0000] {processor.py:914} INFO - Processing file /opt/airflow/dags/first_dag.py for tasks to queue
[2024-10-27T00:26:58.105+0000] {logging_mixin.py:190} INFO - [2024-10-27T00:26:58.105+0000] {dagbag.py:588} INFO - Filling up the DagBag from /opt/airflow/dags/first_dag.py
[2024-10-27T00:26:58.203+0000] {processor.py:925} INFO - DAG(s) 'indices_argentina_v04' retrieved from /opt/airflow/dags/first_dag.py
[2024-10-27T00:26:58.231+0000] {logging_mixin.py:190} INFO - [2024-10-27T00:26:58.230+0000] {dag.py:3239} INFO - Sync 1 DAGs
[2024-10-27T00:26:58.259+0000] {logging_mixin.py:190} INFO - [2024-10-27T00:26:58.259+0000] {dag.py:4180} INFO - Setting next_dagrun for indices_argentina_v04 to 2024-10-27 00:00:00+00:00, run_after=2024-10-28 00:00:00+00:00
[2024-10-27T00:26:58.281+0000] {processor.py:208} INFO - Processing /opt/airflow/dags/first_dag.py took 0.186 seconds
[2024-10-27T00:27:28.496+0000] {processor.py:186} INFO - Started process (PID=44292) to work on /opt/airflow/dags/first_dag.py
[2024-10-27T00:27:28.497+0000] {processor.py:914} INFO - Processing file /opt/airflow/dags/first_dag.py for tasks to queue
[2024-10-27T00:27:28.499+0000] {logging_mixin.py:190} INFO - [2024-10-27T00:27:28.498+0000] {dagbag.py:588} INFO - Filling up the DagBag from /opt/airflow/dags/first_dag.py
[2024-10-27T00:27:28.597+0000] {processor.py:925} INFO - DAG(s) 'indices_argentina_v04' retrieved from /opt/airflow/dags/first_dag.py
[2024-10-27T00:27:28.624+0000] {logging_mixin.py:190} INFO - [2024-10-27T00:27:28.623+0000] {dag.py:3239} INFO - Sync 1 DAGs
[2024-10-27T00:27:28.654+0000] {logging_mixin.py:190} INFO - [2024-10-27T00:27:28.654+0000] {dag.py:4180} INFO - Setting next_dagrun for indices_argentina_v04 to 2024-10-27 00:00:00+00:00, run_after=2024-10-28 00:00:00+00:00
[2024-10-27T00:27:28.676+0000] {processor.py:208} INFO - Processing /opt/airflow/dags/first_dag.py took 0.189 seconds
[2024-10-27T00:27:58.895+0000] {processor.py:186} INFO - Started process (PID=44303) to work on /opt/airflow/dags/first_dag.py
[2024-10-27T00:27:58.896+0000] {processor.py:914} INFO - Processing file /opt/airflow/dags/first_dag.py for tasks to queue
[2024-10-27T00:27:58.897+0000] {logging_mixin.py:190} INFO - [2024-10-27T00:27:58.897+0000] {dagbag.py:588} INFO - Filling up the DagBag from /opt/airflow/dags/first_dag.py
[2024-10-27T00:27:58.998+0000] {processor.py:925} INFO - DAG(s) 'indices_argentina_v04' retrieved from /opt/airflow/dags/first_dag.py
[2024-10-27T00:27:59.024+0000] {logging_mixin.py:190} INFO - [2024-10-27T00:27:59.023+0000] {dag.py:3239} INFO - Sync 1 DAGs
[2024-10-27T00:27:59.054+0000] {logging_mixin.py:190} INFO - [2024-10-27T00:27:59.054+0000] {dag.py:4180} INFO - Setting next_dagrun for indices_argentina_v04 to 2024-10-27 00:00:00+00:00, run_after=2024-10-28 00:00:00+00:00
[2024-10-27T00:27:59.075+0000] {processor.py:208} INFO - Processing /opt/airflow/dags/first_dag.py took 0.188 seconds
[2024-10-27T00:28:29.295+0000] {processor.py:186} INFO - Started process (PID=44314) to work on /opt/airflow/dags/first_dag.py
[2024-10-27T00:28:29.296+0000] {processor.py:914} INFO - Processing file /opt/airflow/dags/first_dag.py for tasks to queue
[2024-10-27T00:28:29.298+0000] {logging_mixin.py:190} INFO - [2024-10-27T00:28:29.297+0000] {dagbag.py:588} INFO - Filling up the DagBag from /opt/airflow/dags/first_dag.py
[2024-10-27T00:28:29.402+0000] {processor.py:925} INFO - DAG(s) 'indices_argentina_v04' retrieved from /opt/airflow/dags/first_dag.py
[2024-10-27T00:28:29.428+0000] {logging_mixin.py:190} INFO - [2024-10-27T00:28:29.428+0000] {dag.py:3239} INFO - Sync 1 DAGs
[2024-10-27T00:28:29.459+0000] {logging_mixin.py:190} INFO - [2024-10-27T00:28:29.459+0000] {dag.py:4180} INFO - Setting next_dagrun for indices_argentina_v04 to 2024-10-27 00:00:00+00:00, run_after=2024-10-28 00:00:00+00:00
[2024-10-27T00:28:29.478+0000] {processor.py:208} INFO - Processing /opt/airflow/dags/first_dag.py took 0.193 seconds
[2024-10-27T00:28:59.696+0000] {processor.py:186} INFO - Started process (PID=44325) to work on /opt/airflow/dags/first_dag.py
[2024-10-27T00:28:59.697+0000] {processor.py:914} INFO - Processing file /opt/airflow/dags/first_dag.py for tasks to queue
[2024-10-27T00:28:59.698+0000] {logging_mixin.py:190} INFO - [2024-10-27T00:28:59.698+0000] {dagbag.py:588} INFO - Filling up the DagBag from /opt/airflow/dags/first_dag.py
[2024-10-27T00:28:59.802+0000] {processor.py:925} INFO - DAG(s) 'indices_argentina_v04' retrieved from /opt/airflow/dags/first_dag.py
[2024-10-27T00:28:59.830+0000] {logging_mixin.py:190} INFO - [2024-10-27T00:28:59.830+0000] {dag.py:3239} INFO - Sync 1 DAGs
[2024-10-27T00:28:59.861+0000] {logging_mixin.py:190} INFO - [2024-10-27T00:28:59.861+0000] {dag.py:4180} INFO - Setting next_dagrun for indices_argentina_v04 to 2024-10-27 00:00:00+00:00, run_after=2024-10-28 00:00:00+00:00
[2024-10-27T00:28:59.884+0000] {processor.py:208} INFO - Processing /opt/airflow/dags/first_dag.py took 0.196 seconds
[2024-10-27T00:29:29.938+0000] {processor.py:186} INFO - Started process (PID=44336) to work on /opt/airflow/dags/first_dag.py
[2024-10-27T00:29:29.939+0000] {processor.py:914} INFO - Processing file /opt/airflow/dags/first_dag.py for tasks to queue
[2024-10-27T00:29:29.940+0000] {logging_mixin.py:190} INFO - [2024-10-27T00:29:29.940+0000] {dagbag.py:588} INFO - Filling up the DagBag from /opt/airflow/dags/first_dag.py
[2024-10-27T00:29:30.040+0000] {processor.py:925} INFO - DAG(s) 'indices_argentina_v04' retrieved from /opt/airflow/dags/first_dag.py
[2024-10-27T00:29:30.067+0000] {logging_mixin.py:190} INFO - [2024-10-27T00:29:30.066+0000] {dag.py:3239} INFO - Sync 1 DAGs
[2024-10-27T00:29:30.099+0000] {logging_mixin.py:190} INFO - [2024-10-27T00:29:30.098+0000] {dag.py:4180} INFO - Setting next_dagrun for indices_argentina_v04 to 2024-10-27 00:00:00+00:00, run_after=2024-10-28 00:00:00+00:00
[2024-10-27T00:29:30.119+0000] {processor.py:208} INFO - Processing /opt/airflow/dags/first_dag.py took 0.188 seconds
[2024-10-27T00:30:00.312+0000] {processor.py:186} INFO - Started process (PID=44347) to work on /opt/airflow/dags/first_dag.py
[2024-10-27T00:30:00.313+0000] {processor.py:914} INFO - Processing file /opt/airflow/dags/first_dag.py for tasks to queue
[2024-10-27T00:30:00.315+0000] {logging_mixin.py:190} INFO - [2024-10-27T00:30:00.314+0000] {dagbag.py:588} INFO - Filling up the DagBag from /opt/airflow/dags/first_dag.py
[2024-10-27T00:30:00.413+0000] {processor.py:925} INFO - DAG(s) 'indices_argentina_v04' retrieved from /opt/airflow/dags/first_dag.py
[2024-10-27T00:30:00.438+0000] {logging_mixin.py:190} INFO - [2024-10-27T00:30:00.438+0000] {dag.py:3239} INFO - Sync 1 DAGs
[2024-10-27T00:30:00.470+0000] {logging_mixin.py:190} INFO - [2024-10-27T00:30:00.469+0000] {dag.py:4180} INFO - Setting next_dagrun for indices_argentina_v04 to 2024-10-27 00:00:00+00:00, run_after=2024-10-28 00:00:00+00:00
[2024-10-27T00:30:00.491+0000] {processor.py:208} INFO - Processing /opt/airflow/dags/first_dag.py took 0.188 seconds
[2024-10-27T00:30:30.536+0000] {processor.py:186} INFO - Started process (PID=44358) to work on /opt/airflow/dags/first_dag.py
[2024-10-27T00:30:30.537+0000] {processor.py:914} INFO - Processing file /opt/airflow/dags/first_dag.py for tasks to queue
[2024-10-27T00:30:30.539+0000] {logging_mixin.py:190} INFO - [2024-10-27T00:30:30.538+0000] {dagbag.py:588} INFO - Filling up the DagBag from /opt/airflow/dags/first_dag.py
[2024-10-27T00:30:30.642+0000] {processor.py:925} INFO - DAG(s) 'indices_argentina_v04' retrieved from /opt/airflow/dags/first_dag.py
[2024-10-27T00:30:30.669+0000] {logging_mixin.py:190} INFO - [2024-10-27T00:30:30.669+0000] {dag.py:3239} INFO - Sync 1 DAGs
[2024-10-27T00:30:30.700+0000] {logging_mixin.py:190} INFO - [2024-10-27T00:30:30.699+0000] {dag.py:4180} INFO - Setting next_dagrun for indices_argentina_v04 to 2024-10-27 00:00:00+00:00, run_after=2024-10-28 00:00:00+00:00
[2024-10-27T00:30:30.721+0000] {processor.py:208} INFO - Processing /opt/airflow/dags/first_dag.py took 0.192 seconds
[2024-10-27T00:31:00.925+0000] {processor.py:186} INFO - Started process (PID=44375) to work on /opt/airflow/dags/first_dag.py
[2024-10-27T00:31:00.926+0000] {processor.py:914} INFO - Processing file /opt/airflow/dags/first_dag.py for tasks to queue
[2024-10-27T00:31:00.927+0000] {logging_mixin.py:190} INFO - [2024-10-27T00:31:00.927+0000] {dagbag.py:588} INFO - Filling up the DagBag from /opt/airflow/dags/first_dag.py
[2024-10-27T00:31:01.028+0000] {processor.py:925} INFO - DAG(s) 'indices_argentina_v04' retrieved from /opt/airflow/dags/first_dag.py
[2024-10-27T00:31:01.057+0000] {logging_mixin.py:190} INFO - [2024-10-27T00:31:01.056+0000] {dag.py:3239} INFO - Sync 1 DAGs
[2024-10-27T00:31:01.086+0000] {logging_mixin.py:190} INFO - [2024-10-27T00:31:01.086+0000] {dag.py:4180} INFO - Setting next_dagrun for indices_argentina_v04 to 2024-10-27 00:00:00+00:00, run_after=2024-10-28 00:00:00+00:00
[2024-10-27T00:31:01.108+0000] {processor.py:208} INFO - Processing /opt/airflow/dags/first_dag.py took 0.192 seconds
[2024-10-27T00:31:31.145+0000] {processor.py:186} INFO - Started process (PID=44386) to work on /opt/airflow/dags/first_dag.py
[2024-10-27T00:31:31.146+0000] {processor.py:914} INFO - Processing file /opt/airflow/dags/first_dag.py for tasks to queue
[2024-10-27T00:31:31.147+0000] {logging_mixin.py:190} INFO - [2024-10-27T00:31:31.147+0000] {dagbag.py:588} INFO - Filling up the DagBag from /opt/airflow/dags/first_dag.py
[2024-10-27T00:31:31.252+0000] {processor.py:925} INFO - DAG(s) 'indices_argentina_v04' retrieved from /opt/airflow/dags/first_dag.py
[2024-10-27T00:31:31.288+0000] {logging_mixin.py:190} INFO - [2024-10-27T00:31:31.288+0000] {dag.py:3239} INFO - Sync 1 DAGs
[2024-10-27T00:31:31.323+0000] {logging_mixin.py:190} INFO - [2024-10-27T00:31:31.323+0000] {dag.py:4180} INFO - Setting next_dagrun for indices_argentina_v04 to 2024-10-27 00:00:00+00:00, run_after=2024-10-28 00:00:00+00:00
[2024-10-27T00:31:31.346+0000] {processor.py:208} INFO - Processing /opt/airflow/dags/first_dag.py took 0.208 seconds
[2024-10-27T00:32:01.528+0000] {processor.py:186} INFO - Started process (PID=44397) to work on /opt/airflow/dags/first_dag.py
[2024-10-27T00:32:01.529+0000] {processor.py:914} INFO - Processing file /opt/airflow/dags/first_dag.py for tasks to queue
[2024-10-27T00:32:01.531+0000] {logging_mixin.py:190} INFO - [2024-10-27T00:32:01.531+0000] {dagbag.py:588} INFO - Filling up the DagBag from /opt/airflow/dags/first_dag.py
[2024-10-27T00:32:01.640+0000] {processor.py:925} INFO - DAG(s) 'indices_argentina_v04' retrieved from /opt/airflow/dags/first_dag.py
[2024-10-27T00:32:01.671+0000] {logging_mixin.py:190} INFO - [2024-10-27T00:32:01.670+0000] {dag.py:3239} INFO - Sync 1 DAGs
[2024-10-27T00:32:01.704+0000] {logging_mixin.py:190} INFO - [2024-10-27T00:32:01.704+0000] {dag.py:4180} INFO - Setting next_dagrun for indices_argentina_v04 to 2024-10-27 00:00:00+00:00, run_after=2024-10-28 00:00:00+00:00
[2024-10-27T00:32:01.727+0000] {processor.py:208} INFO - Processing /opt/airflow/dags/first_dag.py took 0.208 seconds
[2024-10-27T00:32:31.947+0000] {processor.py:186} INFO - Started process (PID=44408) to work on /opt/airflow/dags/first_dag.py
[2024-10-27T00:32:31.948+0000] {processor.py:914} INFO - Processing file /opt/airflow/dags/first_dag.py for tasks to queue
[2024-10-27T00:32:31.950+0000] {logging_mixin.py:190} INFO - [2024-10-27T00:32:31.949+0000] {dagbag.py:588} INFO - Filling up the DagBag from /opt/airflow/dags/first_dag.py
[2024-10-27T00:32:32.050+0000] {processor.py:925} INFO - DAG(s) 'indices_argentina_v04' retrieved from /opt/airflow/dags/first_dag.py
[2024-10-27T00:32:32.076+0000] {logging_mixin.py:190} INFO - [2024-10-27T00:32:32.075+0000] {dag.py:3239} INFO - Sync 1 DAGs
[2024-10-27T00:32:32.106+0000] {logging_mixin.py:190} INFO - [2024-10-27T00:32:32.105+0000] {dag.py:4180} INFO - Setting next_dagrun for indices_argentina_v04 to 2024-10-27 00:00:00+00:00, run_after=2024-10-28 00:00:00+00:00
[2024-10-27T00:32:32.125+0000] {processor.py:208} INFO - Processing /opt/airflow/dags/first_dag.py took 0.187 seconds
[2024-10-27T00:33:02.324+0000] {processor.py:186} INFO - Started process (PID=44419) to work on /opt/airflow/dags/first_dag.py
[2024-10-27T00:33:02.325+0000] {processor.py:914} INFO - Processing file /opt/airflow/dags/first_dag.py for tasks to queue
[2024-10-27T00:33:02.328+0000] {logging_mixin.py:190} INFO - [2024-10-27T00:33:02.327+0000] {dagbag.py:588} INFO - Filling up the DagBag from /opt/airflow/dags/first_dag.py
[2024-10-27T00:33:02.424+0000] {processor.py:925} INFO - DAG(s) 'indices_argentina_v04' retrieved from /opt/airflow/dags/first_dag.py
[2024-10-27T00:33:02.452+0000] {logging_mixin.py:190} INFO - [2024-10-27T00:33:02.452+0000] {dag.py:3239} INFO - Sync 1 DAGs
[2024-10-27T00:33:02.482+0000] {logging_mixin.py:190} INFO - [2024-10-27T00:33:02.482+0000] {dag.py:4180} INFO - Setting next_dagrun for indices_argentina_v04 to 2024-10-27 00:00:00+00:00, run_after=2024-10-28 00:00:00+00:00
[2024-10-27T00:33:02.503+0000] {processor.py:208} INFO - Processing /opt/airflow/dags/first_dag.py took 0.186 seconds
[2024-10-27T00:33:32.720+0000] {processor.py:186} INFO - Started process (PID=44430) to work on /opt/airflow/dags/first_dag.py
[2024-10-27T00:33:32.722+0000] {processor.py:914} INFO - Processing file /opt/airflow/dags/first_dag.py for tasks to queue
[2024-10-27T00:33:32.724+0000] {logging_mixin.py:190} INFO - [2024-10-27T00:33:32.723+0000] {dagbag.py:588} INFO - Filling up the DagBag from /opt/airflow/dags/first_dag.py
[2024-10-27T00:33:32.862+0000] {processor.py:925} INFO - DAG(s) 'indices_argentina_v04' retrieved from /opt/airflow/dags/first_dag.py
[2024-10-27T00:33:32.890+0000] {logging_mixin.py:190} INFO - [2024-10-27T00:33:32.890+0000] {dag.py:3239} INFO - Sync 1 DAGs
[2024-10-27T00:33:32.925+0000] {logging_mixin.py:190} INFO - [2024-10-27T00:33:32.925+0000] {dag.py:4180} INFO - Setting next_dagrun for indices_argentina_v04 to 2024-10-27 00:00:00+00:00, run_after=2024-10-28 00:00:00+00:00
[2024-10-27T00:33:32.952+0000] {processor.py:208} INFO - Processing /opt/airflow/dags/first_dag.py took 0.244 seconds
[2024-10-27T00:34:03.168+0000] {processor.py:186} INFO - Started process (PID=44441) to work on /opt/airflow/dags/first_dag.py
[2024-10-27T00:34:03.170+0000] {processor.py:914} INFO - Processing file /opt/airflow/dags/first_dag.py for tasks to queue
[2024-10-27T00:34:03.171+0000] {logging_mixin.py:190} INFO - [2024-10-27T00:34:03.171+0000] {dagbag.py:588} INFO - Filling up the DagBag from /opt/airflow/dags/first_dag.py
[2024-10-27T00:34:03.267+0000] {processor.py:925} INFO - DAG(s) 'indices_argentina_v04' retrieved from /opt/airflow/dags/first_dag.py
[2024-10-27T00:34:03.293+0000] {logging_mixin.py:190} INFO - [2024-10-27T00:34:03.293+0000] {dag.py:3239} INFO - Sync 1 DAGs
[2024-10-27T00:34:03.322+0000] {logging_mixin.py:190} INFO - [2024-10-27T00:34:03.322+0000] {dag.py:4180} INFO - Setting next_dagrun for indices_argentina_v04 to 2024-10-27 00:00:00+00:00, run_after=2024-10-28 00:00:00+00:00
[2024-10-27T00:34:03.342+0000] {processor.py:208} INFO - Processing /opt/airflow/dags/first_dag.py took 0.181 seconds
[2024-10-27T00:34:33.408+0000] {processor.py:186} INFO - Started process (PID=44452) to work on /opt/airflow/dags/first_dag.py
[2024-10-27T00:34:33.409+0000] {processor.py:914} INFO - Processing file /opt/airflow/dags/first_dag.py for tasks to queue
[2024-10-27T00:34:33.410+0000] {logging_mixin.py:190} INFO - [2024-10-27T00:34:33.410+0000] {dagbag.py:588} INFO - Filling up the DagBag from /opt/airflow/dags/first_dag.py
[2024-10-27T00:34:33.507+0000] {processor.py:925} INFO - DAG(s) 'indices_argentina_v04' retrieved from /opt/airflow/dags/first_dag.py
[2024-10-27T00:34:33.534+0000] {logging_mixin.py:190} INFO - [2024-10-27T00:34:33.533+0000] {dag.py:3239} INFO - Sync 1 DAGs
[2024-10-27T00:34:33.565+0000] {logging_mixin.py:190} INFO - [2024-10-27T00:34:33.564+0000] {dag.py:4180} INFO - Setting next_dagrun for indices_argentina_v04 to 2024-10-27 00:00:00+00:00, run_after=2024-10-28 00:00:00+00:00
[2024-10-27T00:34:33.586+0000] {processor.py:208} INFO - Processing /opt/airflow/dags/first_dag.py took 0.186 seconds
[2024-10-27T00:35:03.728+0000] {processor.py:186} INFO - Started process (PID=44462) to work on /opt/airflow/dags/first_dag.py
[2024-10-27T00:35:03.729+0000] {processor.py:914} INFO - Processing file /opt/airflow/dags/first_dag.py for tasks to queue
[2024-10-27T00:35:03.731+0000] {logging_mixin.py:190} INFO - [2024-10-27T00:35:03.730+0000] {dagbag.py:588} INFO - Filling up the DagBag from /opt/airflow/dags/first_dag.py
[2024-10-27T00:35:03.859+0000] {processor.py:925} INFO - DAG(s) 'indices_argentina_v04' retrieved from /opt/airflow/dags/first_dag.py
[2024-10-27T00:35:03.903+0000] {logging_mixin.py:190} INFO - [2024-10-27T00:35:03.902+0000] {dag.py:3239} INFO - Sync 1 DAGs
[2024-10-27T00:35:03.954+0000] {logging_mixin.py:190} INFO - [2024-10-27T00:35:03.953+0000] {dag.py:4180} INFO - Setting next_dagrun for indices_argentina_v04 to 2024-10-27 00:00:00+00:00, run_after=2024-10-28 00:00:00+00:00
[2024-10-27T00:35:03.985+0000] {processor.py:208} INFO - Processing /opt/airflow/dags/first_dag.py took 0.264 seconds
