[2024-11-03T00:01:14.472+0000] {local_task_job_runner.py:123} INFO - ::group::Pre task execution logs
[2024-11-03T00:01:14.578+0000] {taskinstance.py:2612} INFO - Dependencies all met for dep_context=non-requeueable deps ti=<TaskInstance: indices_argentina_v08.transform scheduled__2024-11-02T00:00:00+00:00 [queued]>
[2024-11-03T00:01:14.606+0000] {taskinstance.py:2612} INFO - Dependencies all met for dep_context=requeueable deps ti=<TaskInstance: indices_argentina_v08.transform scheduled__2024-11-02T00:00:00+00:00 [queued]>
[2024-11-03T00:01:14.607+0000] {taskinstance.py:2865} INFO - Starting attempt 1 of 6
[2024-11-03T00:01:14.648+0000] {taskinstance.py:2888} INFO - Executing <Task(PythonOperator): transform> on 2024-11-02 00:00:00+00:00
[2024-11-03T00:01:14.695+0000] {logging_mixin.py:190} WARNING - /home/***/.local/lib/python3.12/site-packages/***/task/task_runner/standard_task_runner.py:70 DeprecationWarning: This process (pid=12422) is multi-threaded, use of fork() may lead to deadlocks in the child.
[2024-11-03T00:01:14.697+0000] {standard_task_runner.py:72} INFO - Started process 12454 to run task
[2024-11-03T00:01:14.694+0000] {standard_task_runner.py:104} INFO - Running: ['***', 'tasks', 'run', 'indices_argentina_v08', 'transform', 'scheduled__2024-11-02T00:00:00+00:00', '--job-id', '539', '--raw', '--subdir', 'DAGS_FOLDER/first_dag.py', '--cfg-path', '/tmp/tmp1b9ttq6h']
[2024-11-03T00:01:14.725+0000] {standard_task_runner.py:105} INFO - Job 539: Subtask transform
[2024-11-03T00:01:14.864+0000] {task_command.py:467} INFO - Running <TaskInstance: indices_argentina_v08.transform scheduled__2024-11-02T00:00:00+00:00 [running]> on host 276004bbea2b
[2024-11-03T00:01:15.421+0000] {taskinstance.py:3131} INFO - Exporting env vars: AIRFLOW_CTX_DAG_OWNER='rolo' AIRFLOW_CTX_DAG_ID='indices_argentina_v08' AIRFLOW_CTX_TASK_ID='transform' AIRFLOW_CTX_EXECUTION_DATE='2024-11-02T00:00:00+00:00' AIRFLOW_CTX_TRY_NUMBER='1' AIRFLOW_CTX_DAG_RUN_ID='scheduled__2024-11-02T00:00:00+00:00'
[2024-11-03T00:01:15.422+0000] {taskinstance.py:731} INFO - ::endgroup::
[2024-11-03T00:02:06.570+0000] {logging_mixin.py:190} INFO - +---------------+-------------+-----------+------------+------------+
|fecha_inflacion|valor_mensual|valor_anual|fecha_riesgo|valor_riesgo|
+---------------+-------------+-----------+------------+------------+
|     2024-09-30|          3.5|      209.0|  2024-09-30|        1311|
|     2024-09-30|          3.5|      209.0|  2024-09-10|        1442|
|     2024-09-30|          3.5|      209.0|  2024-09-29|        1302|
|     2024-09-30|          3.5|      209.0|  2024-09-28|        1302|
|     2024-09-30|          3.5|      209.0|  2024-09-27|        1302|
|     2024-09-30|          3.5|      209.0|  2024-09-26|        1304|
|     2024-09-30|          3.5|      209.0|  2024-09-25|        1303|
|     2024-09-30|          3.5|      209.0|  2024-09-24|        1308|
|     2024-09-30|          3.5|      209.0|  2024-09-23|        1319|
|     2024-09-30|          3.5|      209.0|  2024-09-22|        1301|
|     2024-09-30|          3.5|      209.0|  2024-09-21|        1301|
|     2024-09-30|          3.5|      209.0|  2024-09-20|        1301|
|     2024-09-30|          3.5|      209.0|  2024-09-19|        1363|
|     2024-09-30|          3.5|      209.0|  2024-09-18|        1370|
|     2024-09-30|          3.5|      209.0|  2024-09-17|        1365|
|     2024-09-30|          3.5|      209.0|  2024-09-16|        1400|
|     2024-09-30|          3.5|      209.0|  2024-09-15|        1422|
|     2024-09-30|          3.5|      209.0|  2024-09-14|        1422|
|     2024-09-30|          3.5|      209.0|  2024-09-13|        1422|
|     2024-09-30|          3.5|      209.0|  2024-09-12|        1445|
+---------------+-------------+-----------+------------+------------+
only showing top 20 rows
[2024-11-03T00:02:12.759+0000] {python.py:240} INFO - Done. Returned value was: None
[2024-11-03T00:02:12.792+0000] {taskinstance.py:340} INFO - ::group::Post task execution logs
[2024-11-03T00:02:12.793+0000] {taskinstance.py:352} INFO - Marking task as SUCCESS. dag_id=indices_argentina_v08, task_id=transform, run_id=scheduled__2024-11-02T00:00:00+00:00, execution_date=20241102T000000, start_date=20241103T000114, end_date=20241103T000212
[2024-11-03T00:02:12.849+0000] {local_task_job_runner.py:266} INFO - Task exited with return code 0
[2024-11-03T00:02:12.925+0000] {taskinstance.py:3900} INFO - 1 downstream tasks scheduled from follow-on schedule check
[2024-11-03T00:02:12.932+0000] {local_task_job_runner.py:245} INFO - ::endgroup::
