[2024-10-30T00:58:35.296+0000] {local_task_job_runner.py:123} INFO - ::group::Pre task execution logs
[2024-10-30T00:58:35.328+0000] {taskinstance.py:2612} INFO - Dependencies all met for dep_context=non-requeueable deps ti=<TaskInstance: ipc_inflation_v02.transform scheduled__2024-10-28T00:00:00+00:00 [queued]>
[2024-10-30T00:58:35.341+0000] {taskinstance.py:2612} INFO - Dependencies all met for dep_context=requeueable deps ti=<TaskInstance: ipc_inflation_v02.transform scheduled__2024-10-28T00:00:00+00:00 [queued]>
[2024-10-30T00:58:35.342+0000] {taskinstance.py:2865} INFO - Starting attempt 1 of 6
[2024-10-30T00:58:35.361+0000] {taskinstance.py:2888} INFO - Executing <Task(PythonOperator): transform> on 2024-10-28 00:00:00+00:00
[2024-10-30T00:58:35.371+0000] {standard_task_runner.py:104} INFO - Running: ['***', 'tasks', 'run', 'ipc_inflation_v02', 'transform', 'scheduled__2024-10-28T00:00:00+00:00', '--job-id', '325', '--raw', '--subdir', 'DAGS_FOLDER/ipc_dag.py', '--cfg-path', '/tmp/tmpvu4glthk']
[2024-10-30T00:58:35.374+0000] {standard_task_runner.py:105} INFO - Job 325: Subtask transform
[2024-10-30T00:58:35.376+0000] {logging_mixin.py:190} WARNING - /home/***/.local/lib/python3.12/site-packages/***/task/task_runner/standard_task_runner.py:70 DeprecationWarning: This process (pid=2790) is multi-threaded, use of fork() may lead to deadlocks in the child.
[2024-10-30T00:58:35.377+0000] {standard_task_runner.py:72} INFO - Started process 2798 to run task
[2024-10-30T00:58:35.439+0000] {task_command.py:467} INFO - Running <TaskInstance: ipc_inflation_v02.transform scheduled__2024-10-28T00:00:00+00:00 [running]> on host 276004bbea2b
[2024-10-30T00:58:35.676+0000] {taskinstance.py:3131} INFO - Exporting env vars: AIRFLOW_CTX_DAG_OWNER='rolo' AIRFLOW_CTX_DAG_ID='ipc_inflation_v02' AIRFLOW_CTX_TASK_ID='transform' AIRFLOW_CTX_EXECUTION_DATE='2024-10-28T00:00:00+00:00' AIRFLOW_CTX_TRY_NUMBER='1' AIRFLOW_CTX_DAG_RUN_ID='scheduled__2024-10-28T00:00:00+00:00'
[2024-10-30T00:58:35.677+0000] {taskinstance.py:731} INFO - ::endgroup::
[2024-10-30T00:58:54.730+0000] {logging_mixin.py:190} INFO - +-------+-------+---------+
|Periodo|v_m_IPC|v_i_a_IPC|
+-------+-------+---------+
| 201612|     NA|       NA|
| 201612|     NA|       NA|
| 201612|     NA|       NA|
| 201612|     NA|       NA|
| 201612|     NA|       NA|
| 201612|     NA|       NA|
| 201612|     NA|       NA|
| 201612|     NA|       NA|
| 201612|     NA|       NA|
| 201612|     NA|       NA|
| 201612|     NA|       NA|
| 201612|     NA|       NA|
| 201612|     NA|       NA|
| 201612|     NA|       NA|
| 201612|     NA|       NA|
| 201612|     NA|       NA|
| 201612|     NA|       NA|
| 201612|     NA|       NA|
| 201612|     NA|       NA|
| 201612|     NA|       NA|
+-------+-------+---------+
only showing top 20 rows
[2024-10-30T00:58:55.087+0000] {python.py:240} INFO - Done. Returned value was: None
[2024-10-30T00:58:55.118+0000] {taskinstance.py:340} INFO - ::group::Post task execution logs
[2024-10-30T00:58:55.119+0000] {taskinstance.py:352} INFO - Marking task as SUCCESS. dag_id=ipc_inflation_v02, task_id=transform, run_id=scheduled__2024-10-28T00:00:00+00:00, execution_date=20241028T000000, start_date=20241030T005835, end_date=20241030T005855
[2024-10-30T00:58:55.183+0000] {local_task_job_runner.py:266} INFO - Task exited with return code 0
[2024-10-30T00:58:55.226+0000] {taskinstance.py:3900} INFO - 0 downstream tasks scheduled from follow-on schedule check
[2024-10-30T00:58:55.237+0000] {local_task_job_runner.py:245} INFO - ::endgroup::
