[2024-11-01T02:29:34.145+0000] {local_task_job_runner.py:123} INFO - ::group::Pre task execution logs
[2024-11-01T02:29:34.166+0000] {taskinstance.py:2612} INFO - Dependencies all met for dep_context=non-requeueable deps ti=<TaskInstance: banco_mundial_indicators_v01.extract scheduled__2024-10-31T00:00:00+00:00 [queued]>
[2024-11-01T02:29:34.177+0000] {taskinstance.py:2612} INFO - Dependencies all met for dep_context=requeueable deps ti=<TaskInstance: banco_mundial_indicators_v01.extract scheduled__2024-10-31T00:00:00+00:00 [queued]>
[2024-11-01T02:29:34.177+0000] {taskinstance.py:2865} INFO - Starting attempt 2 of 7
[2024-11-01T02:29:34.192+0000] {taskinstance.py:2888} INFO - Executing <Task(PythonOperator): extract> on 2024-10-31 00:00:00+00:00
[2024-11-01T02:29:34.202+0000] {standard_task_runner.py:104} INFO - Running: ['***', 'tasks', 'run', 'banco_mundial_indicators_v01', 'extract', 'scheduled__2024-10-31T00:00:00+00:00', '--job-id', '408', '--raw', '--subdir', 'DAGS_FOLDER/banco_mundial_indicators_dag.py', '--cfg-path', '/tmp/tmpn54jh6j3']
[2024-11-01T02:29:34.206+0000] {standard_task_runner.py:105} INFO - Job 408: Subtask extract
[2024-11-01T02:29:34.209+0000] {logging_mixin.py:190} WARNING - /home/***/.local/lib/python3.12/site-packages/***/task/task_runner/standard_task_runner.py:70 DeprecationWarning: This process (pid=6450) is multi-threaded, use of fork() may lead to deadlocks in the child.
[2024-11-01T02:29:34.210+0000] {standard_task_runner.py:72} INFO - Started process 6451 to run task
[2024-11-01T02:29:34.293+0000] {task_command.py:467} INFO - Running <TaskInstance: banco_mundial_indicators_v01.extract scheduled__2024-10-31T00:00:00+00:00 [running]> on host 276004bbea2b
[2024-11-01T02:29:34.656+0000] {taskinstance.py:3131} INFO - Exporting env vars: AIRFLOW_CTX_DAG_OWNER='rolo' AIRFLOW_CTX_DAG_ID='banco_mundial_indicators_v01' AIRFLOW_CTX_TASK_ID='extract' AIRFLOW_CTX_EXECUTION_DATE='2024-10-31T00:00:00+00:00' AIRFLOW_CTX_TRY_NUMBER='2' AIRFLOW_CTX_DAG_RUN_ID='scheduled__2024-10-31T00:00:00+00:00'
[2024-11-01T02:29:34.658+0000] {taskinstance.py:731} INFO - ::endgroup::
[2024-11-01T02:29:51.414+0000] {logging_mixin.py:190} INFO - +--------------------+----------------+
|        Country Name|            2023|
+--------------------+----------------+
|               Aruba|            NULL|
|                NULL|1236163044999.97|
|          Afganistán|            NULL|
|                NULL|796586157553.094|
|              Angola|84722957642.3757|
|             Albania|22977677860.7979|
|             Andorra|3727673593.01922|
|      El mundo árabe|3491516939569.88|
|Emiratos Árabes U...|504173451327.434|
|           Argentina|640591410663.883|
|             Armenia| 24212134631.064|
|     Samoa Americana|            NULL|
|   Antigua y Barbuda|2033085185.18518|
|           Australia|1723827215334.71|
|             Austria| 516034144115.95|
|          Azerbaiyán|72356176470.5882|
|             Burundi|2642161668.92754|
|             Bélgica|632216577075.109|
|               Benin|19673284686.0023|
|        Burkina Faso|20324617838.9676|
+--------------------+----------------+
only showing top 20 rows
[2024-11-01T02:29:51.949+0000] {python.py:240} INFO - Done. Returned value was: None
[2024-11-01T02:29:51.962+0000] {taskinstance.py:340} INFO - ::group::Post task execution logs
[2024-11-01T02:29:51.963+0000] {taskinstance.py:352} INFO - Marking task as SUCCESS. dag_id=banco_mundial_indicators_v01, task_id=extract, run_id=scheduled__2024-10-31T00:00:00+00:00, execution_date=20241031T000000, start_date=20241101T022934, end_date=20241101T022951
[2024-11-01T02:29:52.019+0000] {local_task_job_runner.py:266} INFO - Task exited with return code 0
[2024-11-01T02:29:52.034+0000] {taskinstance.py:3900} INFO - 0 downstream tasks scheduled from follow-on schedule check
[2024-11-01T02:29:52.036+0000] {local_task_job_runner.py:245} INFO - ::endgroup::
