[2024-10-29T03:45:42.637+0000] {local_task_job_runner.py:123} INFO - ::group::Pre task execution logs
[2024-10-29T03:45:42.666+0000] {taskinstance.py:2612} INFO - Dependencies all met for dep_context=non-requeueable deps ti=<TaskInstance: indices_provincias_v04.inflacion_parana scheduled__2024-10-28T00:00:00+00:00 [queued]>
[2024-10-29T03:45:42.681+0000] {taskinstance.py:2612} INFO - Dependencies all met for dep_context=requeueable deps ti=<TaskInstance: indices_provincias_v04.inflacion_parana scheduled__2024-10-28T00:00:00+00:00 [queued]>
[2024-10-29T03:45:42.682+0000] {taskinstance.py:2865} INFO - Starting attempt 1 of 6
[2024-10-29T03:45:42.704+0000] {taskinstance.py:2888} INFO - Executing <Task(PythonOperator): inflacion_parana> on 2024-10-28 00:00:00+00:00
[2024-10-29T03:45:42.714+0000] {logging_mixin.py:190} WARNING - /home/***/.local/lib/python3.12/site-packages/***/task/task_runner/standard_task_runner.py:70 DeprecationWarning: This process (pid=16321) is multi-threaded, use of fork() may lead to deadlocks in the child.
[2024-10-29T03:45:42.716+0000] {standard_task_runner.py:72} INFO - Started process 16324 to run task
[2024-10-29T03:45:42.714+0000] {standard_task_runner.py:104} INFO - Running: ['***', 'tasks', 'run', 'indices_provincias_v04', 'inflacion_parana', 'scheduled__2024-10-28T00:00:00+00:00', '--job-id', '295', '--raw', '--subdir', 'DAGS_FOLDER/second_dag.py', '--cfg-path', '/tmp/tmpvyg53lkd']
[2024-10-29T03:45:42.718+0000] {standard_task_runner.py:105} INFO - Job 295: Subtask inflacion_parana
[2024-10-29T03:45:42.776+0000] {task_command.py:467} INFO - Running <TaskInstance: indices_provincias_v04.inflacion_parana scheduled__2024-10-28T00:00:00+00:00 [running]> on host 276004bbea2b
[2024-10-29T03:45:43.108+0000] {taskinstance.py:3131} INFO - Exporting env vars: AIRFLOW_CTX_DAG_OWNER='rolo' AIRFLOW_CTX_DAG_ID='indices_provincias_v04' AIRFLOW_CTX_TASK_ID='inflacion_parana' AIRFLOW_CTX_EXECUTION_DATE='2024-10-28T00:00:00+00:00' AIRFLOW_CTX_TRY_NUMBER='1' AIRFLOW_CTX_DAG_RUN_ID='scheduled__2024-10-28T00:00:00+00:00'
[2024-10-29T03:45:43.109+0000] {taskinstance.py:731} INFO - ::endgroup::
[2024-10-29T03:46:09.239+0000] {logging_mixin.py:190} INFO - +---------------+-------------+-----------+
|fecha_inflacion|valor_mensual|valor_anual|
+---------------+-------------+-----------+
|     2019-08-31|          0.4|       5.45|
|     2018-12-31|         0.26|       4.76|
|     2007-09-30|         0.08|       0.86|
|     2015-02-28|         0.09|       1.79|
|     2008-02-29|         0.05|       0.84|
|     2002-12-31|         0.02|       4.09|
|     2017-04-30|         0.26|       2.74|
|     2017-10-31|         0.15|       2.27|
|     2014-08-31|         0.13|       2.29|
|     2011-10-31|         0.06|       0.97|
|     2000-04-30|        -0.01|      -0.11|
|     2023-12-31|         2.55|      21.14|
|     2021-09-30|         0.35|       5.25|
|     2018-10-31|         0.54|       4.59|
|     2005-04-30|         0.05|       0.88|
|     2009-12-31|         0.09|       0.77|
|     2018-05-31|         0.21|       2.63|
|     2009-04-30|         0.03|       0.57|
|     2005-02-28|         0.09|       0.81|
|     2003-04-30|         0.01|       1.94|
+---------------+-------------+-----------+
only showing top 20 rows
[2024-10-29T03:46:11.731+0000] {python.py:240} INFO - Done. Returned value was: None
[2024-10-29T03:46:11.761+0000] {taskinstance.py:340} INFO - ::group::Post task execution logs
[2024-10-29T03:46:11.762+0000] {taskinstance.py:352} INFO - Marking task as SUCCESS. dag_id=indices_provincias_v04, task_id=inflacion_parana, run_id=scheduled__2024-10-28T00:00:00+00:00, execution_date=20241028T000000, start_date=20241029T034542, end_date=20241029T034611
[2024-10-29T03:46:11.868+0000] {local_task_job_runner.py:266} INFO - Task exited with return code 0
[2024-10-29T03:46:11.883+0000] {local_task_job_runner.py:245} INFO - ::endgroup::
