[2024-10-29T03:23:15.114+0000] {local_task_job_runner.py:123} INFO - ::group::Pre task execution logs
[2024-10-29T03:23:15.142+0000] {taskinstance.py:2612} INFO - Dependencies all met for dep_context=non-requeueable deps ti=<TaskInstance: indices_provincias_v02.inflacion_santafe scheduled__2024-10-28T00:00:00+00:00 [queued]>
[2024-10-29T03:23:15.157+0000] {taskinstance.py:2612} INFO - Dependencies all met for dep_context=requeueable deps ti=<TaskInstance: indices_provincias_v02.inflacion_santafe scheduled__2024-10-28T00:00:00+00:00 [queued]>
[2024-10-29T03:23:15.158+0000] {taskinstance.py:2865} INFO - Starting attempt 2 of 7
[2024-10-29T03:23:15.177+0000] {taskinstance.py:2888} INFO - Executing <Task(PythonOperator): inflacion_santafe> on 2024-10-28 00:00:00+00:00
[2024-10-29T03:23:15.187+0000] {logging_mixin.py:190} WARNING - /home/***/.local/lib/python3.12/site-packages/***/task/task_runner/standard_task_runner.py:70 DeprecationWarning: This process (pid=13569) is multi-threaded, use of fork() may lead to deadlocks in the child.
[2024-10-29T03:23:15.189+0000] {standard_task_runner.py:72} INFO - Started process 13570 to run task
[2024-10-29T03:23:15.189+0000] {standard_task_runner.py:104} INFO - Running: ['***', 'tasks', 'run', 'indices_provincias_v02', 'inflacion_santafe', 'scheduled__2024-10-28T00:00:00+00:00', '--job-id', '285', '--raw', '--subdir', 'DAGS_FOLDER/second_dag.py', '--cfg-path', '/tmp/tmpr_dwvuag']
[2024-10-29T03:23:15.192+0000] {standard_task_runner.py:105} INFO - Job 285: Subtask inflacion_santafe
[2024-10-29T03:23:15.257+0000] {task_command.py:467} INFO - Running <TaskInstance: indices_provincias_v02.inflacion_santafe scheduled__2024-10-28T00:00:00+00:00 [running]> on host 276004bbea2b
[2024-10-29T03:23:15.563+0000] {taskinstance.py:3131} INFO - Exporting env vars: AIRFLOW_CTX_DAG_OWNER='rolo' AIRFLOW_CTX_DAG_ID='indices_provincias_v02' AIRFLOW_CTX_TASK_ID='inflacion_santafe' AIRFLOW_CTX_EXECUTION_DATE='2024-10-28T00:00:00+00:00' AIRFLOW_CTX_TRY_NUMBER='2' AIRFLOW_CTX_DAG_RUN_ID='scheduled__2024-10-28T00:00:00+00:00'
[2024-10-29T03:23:15.564+0000] {taskinstance.py:731} INFO - ::endgroup::
[2024-10-29T03:23:51.629+0000] {logging_mixin.py:190} INFO - +---------------+-------------+-----------+
|fecha_inflacion|valor_mensual|valor_anual|
+---------------+-------------+-----------+
|     2019-08-31|          0.8|       10.9|
|     2018-12-31|         0.52|       9.52|
|     2007-09-30|         0.16|       1.72|
|     2015-02-28|         0.18|       3.58|
|     2008-02-29|          0.1|       1.68|
|     2002-12-31|         0.04|       8.18|
|     2017-04-30|         0.52|       5.48|
|     2017-10-31|          0.3|       4.54|
|     2014-08-31|         0.26|       4.58|
|     2011-10-31|         0.12|       1.94|
|     2000-04-30|        -0.02|      -0.22|
|     2023-12-31|          5.1|      42.28|
|     2021-09-30|          0.7|       10.5|
|     2018-10-31|         1.08|       9.18|
|     2005-04-30|          0.1|       1.76|
|     2009-12-31|         0.18|       1.54|
|     2018-05-31|         0.42|       5.26|
|     2009-04-30|         0.06|       1.14|
|     2005-02-28|         0.18|       1.62|
|     2003-04-30|         0.02|       3.88|
+---------------+-------------+-----------+
only showing top 20 rows
[2024-10-29T03:23:55.938+0000] {python.py:240} INFO - Done. Returned value was: None
[2024-10-29T03:23:55.989+0000] {taskinstance.py:340} INFO - ::group::Post task execution logs
[2024-10-29T03:23:56.000+0000] {taskinstance.py:352} INFO - Marking task as SUCCESS. dag_id=indices_provincias_v02, task_id=inflacion_santafe, run_id=scheduled__2024-10-28T00:00:00+00:00, execution_date=20241028T000000, start_date=20241029T032315, end_date=20241029T032356
[2024-10-29T03:23:56.130+0000] {local_task_job_runner.py:266} INFO - Task exited with return code 0
[2024-10-29T03:23:56.195+0000] {taskinstance.py:3900} INFO - 0 downstream tasks scheduled from follow-on schedule check
[2024-10-29T03:23:56.210+0000] {local_task_job_runner.py:245} INFO - ::endgroup::
