[2024-10-28T00:00:18.081+0000] {local_task_job_runner.py:123} INFO - ::group::Pre task execution logs
[2024-10-28T00:00:18.098+0000] {taskinstance.py:2612} INFO - Dependencies all met for dep_context=non-requeueable deps ti=<TaskInstance: indices_argentina_v07.transform scheduled__2024-10-27T00:00:00+00:00 [queued]>
[2024-10-28T00:00:18.108+0000] {taskinstance.py:2612} INFO - Dependencies all met for dep_context=requeueable deps ti=<TaskInstance: indices_argentina_v07.transform scheduled__2024-10-27T00:00:00+00:00 [queued]>
[2024-10-28T00:00:18.108+0000] {taskinstance.py:2865} INFO - Starting attempt 1 of 6
[2024-10-28T00:00:18.137+0000] {taskinstance.py:2888} INFO - Executing <Task(PythonOperator): transform> on 2024-10-27 00:00:00+00:00
[2024-10-28T00:00:18.146+0000] {standard_task_runner.py:104} INFO - Running: ['***', 'tasks', 'run', 'indices_argentina_v07', 'transform', 'scheduled__2024-10-27T00:00:00+00:00', '--job-id', '206', '--raw', '--subdir', 'DAGS_FOLDER/first_dag.py', '--cfg-path', '/tmp/tmpu5j0r9qu']
[2024-10-28T00:00:18.148+0000] {standard_task_runner.py:105} INFO - Job 206: Subtask transform
[2024-10-28T00:00:18.151+0000] {logging_mixin.py:190} WARNING - /home/***/.local/lib/python3.12/site-packages/***/task/task_runner/standard_task_runner.py:70 DeprecationWarning: This process (pid=2109) is multi-threaded, use of fork() may lead to deadlocks in the child.
[2024-10-28T00:00:18.152+0000] {standard_task_runner.py:72} INFO - Started process 2110 to run task
[2024-10-28T00:00:18.212+0000] {task_command.py:467} INFO - Running <TaskInstance: indices_argentina_v07.transform scheduled__2024-10-27T00:00:00+00:00 [running]> on host 6cc4d0e9ddc2
[2024-10-28T00:00:18.460+0000] {taskinstance.py:3131} INFO - Exporting env vars: AIRFLOW_CTX_DAG_OWNER='rolo' AIRFLOW_CTX_DAG_ID='indices_argentina_v07' AIRFLOW_CTX_TASK_ID='transform' AIRFLOW_CTX_EXECUTION_DATE='2024-10-27T00:00:00+00:00' AIRFLOW_CTX_TRY_NUMBER='1' AIRFLOW_CTX_DAG_RUN_ID='scheduled__2024-10-27T00:00:00+00:00'
[2024-10-28T00:00:18.461+0000] {taskinstance.py:731} INFO - ::endgroup::
[2024-10-28T00:00:31.287+0000] {logging_mixin.py:190} INFO - +---------------+-------------+-----------+------------+------------+
|fecha_inflacion|valor_mensual|valor_anual|fecha_riesgo|valor_riesgo|
+---------------+-------------+-----------+------------+------------+
|     2024-09-30|          3.5|      209.0|  2024-09-30|        1311|
|     2024-09-30|          3.5|      209.0|  2024-09-10|        1442|
|     2024-09-30|          3.5|      209.0|  2024-09-29|        1302|
|     2024-09-30|          3.5|      209.0|  2024-09-28|        1302|
|     2024-09-30|          3.5|      209.0|  2024-09-27|        1302|
|     2024-09-30|          3.5|      209.0|  2024-09-26|        1304|
|     2024-09-30|          3.5|      209.0|  2024-09-25|        1303|
|     2024-09-30|          3.5|      209.0|  2024-09-24|        1308|
|     2024-09-30|          3.5|      209.0|  2024-09-23|        1319|
|     2024-09-30|          3.5|      209.0|  2024-09-22|        1301|
|     2024-09-30|          3.5|      209.0|  2024-09-21|        1301|
|     2024-09-30|          3.5|      209.0|  2024-09-20|        1301|
|     2024-09-30|          3.5|      209.0|  2024-09-19|        1363|
|     2024-09-30|          3.5|      209.0|  2024-09-18|        1370|
|     2024-09-30|          3.5|      209.0|  2024-09-17|        1365|
|     2024-09-30|          3.5|      209.0|  2024-09-16|        1400|
|     2024-09-30|          3.5|      209.0|  2024-09-15|        1422|
|     2024-09-30|          3.5|      209.0|  2024-09-14|        1422|
|     2024-09-30|          3.5|      209.0|  2024-09-13|        1422|
|     2024-09-30|          3.5|      209.0|  2024-09-12|        1445|
+---------------+-------------+-----------+------------+------------+
only showing top 20 rows
[2024-10-28T00:00:33.897+0000] {python.py:240} INFO - Done. Returned value was: None
[2024-10-28T00:00:33.915+0000] {taskinstance.py:340} INFO - ::group::Post task execution logs
[2024-10-28T00:00:33.916+0000] {taskinstance.py:352} INFO - Marking task as SUCCESS. dag_id=indices_argentina_v07, task_id=transform, run_id=scheduled__2024-10-27T00:00:00+00:00, execution_date=20241027T000000, start_date=20241028T000018, end_date=20241028T000033
[2024-10-28T00:00:33.965+0000] {local_task_job_runner.py:266} INFO - Task exited with return code 0
[2024-10-28T00:00:34.002+0000] {taskinstance.py:3900} INFO - 1 downstream tasks scheduled from follow-on schedule check
[2024-10-28T00:00:34.004+0000] {local_task_job_runner.py:245} INFO - ::endgroup::
