[2024-11-08T00:47:05.923+0000] {local_task_job_runner.py:123} INFO - ::group::Pre task execution logs
[2024-11-08T00:47:05.995+0000] {taskinstance.py:2612} INFO - Dependencies all met for dep_context=non-requeueable deps ti=<TaskInstance: ipc_inflation_v03.extract_and_land scheduled__2024-11-07T00:00:00+00:00 [queued]>
[2024-11-08T00:47:06.022+0000] {taskinstance.py:2612} INFO - Dependencies all met for dep_context=requeueable deps ti=<TaskInstance: ipc_inflation_v03.extract_and_land scheduled__2024-11-07T00:00:00+00:00 [queued]>
[2024-11-08T00:47:06.023+0000] {taskinstance.py:2865} INFO - Starting attempt 1 of 6
[2024-11-08T00:47:06.094+0000] {taskinstance.py:2888} INFO - Executing <Task(PythonOperator): extract_and_land> on 2024-11-07 00:00:00+00:00
[2024-11-08T00:47:06.113+0000] {standard_task_runner.py:104} INFO - Running: ['***', 'tasks', 'run', 'ipc_inflation_v03', 'extract_and_land', 'scheduled__2024-11-07T00:00:00+00:00', '--job-id', '692', '--raw', '--subdir', 'DAGS_FOLDER/ipc_dag.py', '--cfg-path', '/tmp/tmprl434kwx']
[2024-11-08T00:47:06.141+0000] {logging_mixin.py:190} WARNING - /home/***/.local/lib/python3.12/site-packages/***/task/task_runner/standard_task_runner.py:70 DeprecationWarning: This process (pid=189) is multi-threaded, use of fork() may lead to deadlocks in the child.
[2024-11-08T00:47:06.133+0000] {standard_task_runner.py:105} INFO - Job 692: Subtask extract_and_land
[2024-11-08T00:47:06.143+0000] {standard_task_runner.py:72} INFO - Started process 208 to run task
[2024-11-08T00:47:06.264+0000] {task_command.py:467} INFO - Running <TaskInstance: ipc_inflation_v03.extract_and_land scheduled__2024-11-07T00:00:00+00:00 [running]> on host 276004bbea2b
[2024-11-08T00:47:07.836+0000] {taskinstance.py:3131} INFO - Exporting env vars: AIRFLOW_CTX_DAG_OWNER='rolo' AIRFLOW_CTX_DAG_ID='ipc_inflation_v03' AIRFLOW_CTX_TASK_ID='extract_and_land' AIRFLOW_CTX_EXECUTION_DATE='2024-11-07T00:00:00+00:00' AIRFLOW_CTX_TRY_NUMBER='1' AIRFLOW_CTX_DAG_RUN_ID='scheduled__2024-11-07T00:00:00+00:00'
[2024-11-08T00:47:07.839+0000] {taskinstance.py:731} INFO - ::endgroup::
[2024-11-08T00:47:39.923+0000] {logging_mixin.py:190} INFO - CSV successfully downloaded
[2024-11-08T00:47:40.587+0000] {python.py:240} INFO - Done. Returned value was: /opt/***/data/ipc/serie_ipc_aperturas.csv
[2024-11-08T00:47:40.702+0000] {taskinstance.py:340} INFO - ::group::Post task execution logs
[2024-11-08T00:47:40.703+0000] {taskinstance.py:352} INFO - Marking task as SUCCESS. dag_id=ipc_inflation_v03, task_id=extract_and_land, run_id=scheduled__2024-11-07T00:00:00+00:00, execution_date=20241107T000000, start_date=20241108T004705, end_date=20241108T004740
[2024-11-08T00:47:40.902+0000] {local_task_job_runner.py:266} INFO - Task exited with return code 0
[2024-11-08T00:47:41.114+0000] {taskinstance.py:3900} INFO - 1 downstream tasks scheduled from follow-on schedule check
[2024-11-08T00:47:41.147+0000] {local_task_job_runner.py:245} INFO - ::endgroup::
[2024-11-08T00:47:41.173+0000] {standard_task_runner.py:217} INFO - Process not found (most likely exited), stop collecting metrics
