[2024-11-01T01:09:30.422+0000] {local_task_job_runner.py:123} INFO - ::group::Pre task execution logs
[2024-11-01T01:09:30.458+0000] {taskinstance.py:2612} INFO - Dependencies all met for dep_context=non-requeueable deps ti=<TaskInstance: ipc_inflation_v03.transform scheduled__2024-10-31T00:00:00+00:00 [queued]>
[2024-11-01T01:09:30.475+0000] {taskinstance.py:2612} INFO - Dependencies all met for dep_context=requeueable deps ti=<TaskInstance: ipc_inflation_v03.transform scheduled__2024-10-31T00:00:00+00:00 [queued]>
[2024-11-01T01:09:30.475+0000] {taskinstance.py:2865} INFO - Starting attempt 1 of 6
[2024-11-01T01:09:30.504+0000] {taskinstance.py:2888} INFO - Executing <Task(PythonOperator): transform> on 2024-10-31 00:00:00+00:00
[2024-11-01T01:09:30.520+0000] {standard_task_runner.py:104} INFO - Running: ['***', 'tasks', 'run', 'ipc_inflation_v03', 'transform', 'scheduled__2024-10-31T00:00:00+00:00', '--job-id', '398', '--raw', '--subdir', 'DAGS_FOLDER/ipc_dag.py', '--cfg-path', '/tmp/tmpmyqip05l']
[2024-11-01T01:09:30.524+0000] {standard_task_runner.py:105} INFO - Job 398: Subtask transform
[2024-11-01T01:09:30.528+0000] {logging_mixin.py:190} WARNING - /home/***/.local/lib/python3.12/site-packages/***/task/task_runner/standard_task_runner.py:70 DeprecationWarning: This process (pid=804) is multi-threaded, use of fork() may lead to deadlocks in the child.
[2024-11-01T01:09:30.529+0000] {standard_task_runner.py:72} INFO - Started process 807 to run task
[2024-11-01T01:09:30.618+0000] {task_command.py:467} INFO - Running <TaskInstance: ipc_inflation_v03.transform scheduled__2024-10-31T00:00:00+00:00 [running]> on host 276004bbea2b
[2024-11-01T01:09:31.167+0000] {taskinstance.py:3131} INFO - Exporting env vars: AIRFLOW_CTX_DAG_OWNER='rolo' AIRFLOW_CTX_DAG_ID='ipc_inflation_v03' AIRFLOW_CTX_TASK_ID='transform' AIRFLOW_CTX_EXECUTION_DATE='2024-10-31T00:00:00+00:00' AIRFLOW_CTX_TRY_NUMBER='1' AIRFLOW_CTX_DAG_RUN_ID='scheduled__2024-10-31T00:00:00+00:00'
[2024-11-01T01:09:31.167+0000] {taskinstance.py:731} INFO - ::endgroup::
[2024-11-01T01:10:33.650+0000] {logging_mixin.py:190} INFO - +-------+---------------+-----------------+------------------+
|Periodo|avg_ipc_mensual|variacion_mensual|avg_ipc_interanual|
+-------+---------------+-----------------+------------------+
| 202409|            3.6|             3.35|            221.76|
| 202408|           4.37|             4.25|            247.15|
| 202407|           4.55|             4.16|            268.21|
| 202406|           4.79|             4.66|            277.74|
| 202405|           4.39|             4.07|            284.57|
| 202404|           9.13|             8.21|            297.55|
| 202403|          12.24|            10.98|            291.94|
| 202402|          14.54|             13.9|            275.94|
| 202401|          23.52|            23.44|            250.16|
| 202312|          24.12|             25.2|            200.75|
| 202311|          12.41|            12.65|            154.49|
| 202310|           8.16|             8.05|            138.08|
| 202309|          12.18|            12.54|            134.63|
| 202308|          10.98|            11.49|            122.24|
| 202307|           7.08|             7.02|            115.04|
| 202306|           6.66|             6.61|            115.06|
| 202305|           7.75|             7.78|            112.23|
| 202304|           7.18|             7.42|            106.92|
| 202303|           7.15|             7.06|            103.56|
| 202302|            6.2|             6.19|            102.43|
+-------+---------------+-----------------+------------------+
only showing top 20 rows
[2024-11-01T01:10:37.897+0000] {python.py:240} INFO - Done. Returned value was: None
[2024-11-01T01:10:37.912+0000] {taskinstance.py:340} INFO - ::group::Post task execution logs
[2024-11-01T01:10:37.913+0000] {taskinstance.py:352} INFO - Marking task as SUCCESS. dag_id=ipc_inflation_v03, task_id=transform, run_id=scheduled__2024-10-31T00:00:00+00:00, execution_date=20241031T000000, start_date=20241101T010930, end_date=20241101T011037
[2024-11-01T01:10:37.982+0000] {local_task_job_runner.py:266} INFO - Task exited with return code 0
[2024-11-01T01:10:38.023+0000] {taskinstance.py:3900} INFO - 1 downstream tasks scheduled from follow-on schedule check
[2024-11-01T01:10:38.026+0000] {local_task_job_runner.py:245} INFO - ::endgroup::
