[2024-11-08T21:17:48.771+0000] {processor.py:186} INFO - Started process (PID=11044) to work on /opt/airflow/dags/plazo_fijo_dag.py
[2024-11-08T21:17:48.772+0000] {processor.py:914} INFO - Processing file /opt/airflow/dags/plazo_fijo_dag.py for tasks to queue
[2024-11-08T21:17:48.775+0000] {logging_mixin.py:190} INFO - [2024-11-08T21:17:48.775+0000] {dagbag.py:588} INFO - Filling up the DagBag from /opt/airflow/dags/plazo_fijo_dag.py
[2024-11-08T21:17:48.892+0000] {processor.py:925} INFO - DAG(s) 'plazo_fijo_v01' retrieved from /opt/airflow/dags/plazo_fijo_dag.py
[2024-11-08T21:17:49.104+0000] {logging_mixin.py:190} INFO - [2024-11-08T21:17:49.103+0000] {override.py:1900} INFO - Created Permission View: can edit on DAG:plazo_fijo_v01
[2024-11-08T21:17:49.119+0000] {logging_mixin.py:190} INFO - [2024-11-08T21:17:49.118+0000] {override.py:1900} INFO - Created Permission View: can delete on DAG:plazo_fijo_v01
[2024-11-08T21:17:49.129+0000] {logging_mixin.py:190} INFO - [2024-11-08T21:17:49.129+0000] {override.py:1900} INFO - Created Permission View: can read on DAG:plazo_fijo_v01
[2024-11-08T21:17:49.137+0000] {logging_mixin.py:190} INFO - [2024-11-08T21:17:49.137+0000] {override.py:1900} INFO - Created Permission View: can create on DAG Run:plazo_fijo_v01
[2024-11-08T21:17:49.146+0000] {logging_mixin.py:190} INFO - [2024-11-08T21:17:49.146+0000] {override.py:1900} INFO - Created Permission View: can delete on DAG Run:plazo_fijo_v01
[2024-11-08T21:17:49.154+0000] {logging_mixin.py:190} INFO - [2024-11-08T21:17:49.154+0000] {override.py:1900} INFO - Created Permission View: can read on DAG Run:plazo_fijo_v01
[2024-11-08T21:17:49.164+0000] {logging_mixin.py:190} INFO - [2024-11-08T21:17:49.163+0000] {override.py:1900} INFO - Created Permission View: menu access on DAG Run:plazo_fijo_v01
[2024-11-08T21:17:49.164+0000] {logging_mixin.py:190} INFO - [2024-11-08T21:17:49.164+0000] {dag.py:3239} INFO - Sync 1 DAGs
[2024-11-08T21:17:49.182+0000] {logging_mixin.py:190} INFO - [2024-11-08T21:17:49.181+0000] {dag.py:3262} INFO - Creating ORM DAG for plazo_fijo_v01
[2024-11-08T21:17:49.196+0000] {logging_mixin.py:190} INFO - [2024-11-08T21:17:49.195+0000] {dag.py:4180} INFO - Setting next_dagrun for plazo_fijo_v01 to 2024-11-07 00:00:00+00:00, run_after=2024-11-08 00:00:00+00:00
[2024-11-08T21:17:49.213+0000] {processor.py:208} INFO - Processing /opt/airflow/dags/plazo_fijo_dag.py took 0.451 seconds
[2024-11-08T21:18:19.291+0000] {processor.py:186} INFO - Started process (PID=11090) to work on /opt/airflow/dags/plazo_fijo_dag.py
[2024-11-08T21:18:19.292+0000] {processor.py:914} INFO - Processing file /opt/airflow/dags/plazo_fijo_dag.py for tasks to queue
[2024-11-08T21:18:19.295+0000] {logging_mixin.py:190} INFO - [2024-11-08T21:18:19.294+0000] {dagbag.py:588} INFO - Filling up the DagBag from /opt/airflow/dags/plazo_fijo_dag.py
[2024-11-08T21:18:19.435+0000] {processor.py:925} INFO - DAG(s) 'plazo_fijo_v01' retrieved from /opt/airflow/dags/plazo_fijo_dag.py
[2024-11-08T21:18:19.468+0000] {logging_mixin.py:190} INFO - [2024-11-08T21:18:19.467+0000] {dag.py:3239} INFO - Sync 1 DAGs
[2024-11-08T21:18:19.499+0000] {logging_mixin.py:190} INFO - [2024-11-08T21:18:19.499+0000] {dag.py:4180} INFO - Setting next_dagrun for plazo_fijo_v01 to 2024-11-07 00:00:00+00:00, run_after=2024-11-08 00:00:00+00:00
[2024-11-08T21:18:19.521+0000] {processor.py:208} INFO - Processing /opt/airflow/dags/plazo_fijo_dag.py took 0.241 seconds
[2024-11-08T21:18:49.661+0000] {processor.py:186} INFO - Started process (PID=11145) to work on /opt/airflow/dags/plazo_fijo_dag.py
[2024-11-08T21:18:49.663+0000] {processor.py:914} INFO - Processing file /opt/airflow/dags/plazo_fijo_dag.py for tasks to queue
[2024-11-08T21:18:49.665+0000] {logging_mixin.py:190} INFO - [2024-11-08T21:18:49.665+0000] {dagbag.py:588} INFO - Filling up the DagBag from /opt/airflow/dags/plazo_fijo_dag.py
[2024-11-08T21:18:49.777+0000] {processor.py:925} INFO - DAG(s) 'plazo_fijo_v01' retrieved from /opt/airflow/dags/plazo_fijo_dag.py
[2024-11-08T21:18:49.809+0000] {logging_mixin.py:190} INFO - [2024-11-08T21:18:49.808+0000] {dag.py:3239} INFO - Sync 1 DAGs
[2024-11-08T21:18:49.841+0000] {logging_mixin.py:190} INFO - [2024-11-08T21:18:49.841+0000] {dag.py:4180} INFO - Setting next_dagrun for plazo_fijo_v01 to 2024-11-08 00:00:00+00:00, run_after=2024-11-09 00:00:00+00:00
[2024-11-08T21:18:49.861+0000] {processor.py:208} INFO - Processing /opt/airflow/dags/plazo_fijo_dag.py took 0.207 seconds
[2024-11-08T21:19:20.001+0000] {processor.py:186} INFO - Started process (PID=11191) to work on /opt/airflow/dags/plazo_fijo_dag.py
[2024-11-08T21:19:20.003+0000] {processor.py:914} INFO - Processing file /opt/airflow/dags/plazo_fijo_dag.py for tasks to queue
[2024-11-08T21:19:20.007+0000] {logging_mixin.py:190} INFO - [2024-11-08T21:19:20.006+0000] {dagbag.py:588} INFO - Filling up the DagBag from /opt/airflow/dags/plazo_fijo_dag.py
[2024-11-08T21:19:20.128+0000] {processor.py:925} INFO - DAG(s) 'plazo_fijo_v01' retrieved from /opt/airflow/dags/plazo_fijo_dag.py
[2024-11-08T21:19:20.157+0000] {logging_mixin.py:190} INFO - [2024-11-08T21:19:20.156+0000] {dag.py:3239} INFO - Sync 1 DAGs
[2024-11-08T21:19:20.201+0000] {logging_mixin.py:190} INFO - [2024-11-08T21:19:20.200+0000] {dag.py:4180} INFO - Setting next_dagrun for plazo_fijo_v01 to 2024-11-08 00:00:00+00:00, run_after=2024-11-09 00:00:00+00:00
[2024-11-08T21:19:20.228+0000] {processor.py:208} INFO - Processing /opt/airflow/dags/plazo_fijo_dag.py took 0.237 seconds
[2024-11-08T21:19:51.123+0000] {processor.py:186} INFO - Started process (PID=11246) to work on /opt/airflow/dags/plazo_fijo_dag.py
[2024-11-08T21:19:51.123+0000] {processor.py:914} INFO - Processing file /opt/airflow/dags/plazo_fijo_dag.py for tasks to queue
[2024-11-08T21:19:51.126+0000] {logging_mixin.py:190} INFO - [2024-11-08T21:19:51.125+0000] {dagbag.py:588} INFO - Filling up the DagBag from /opt/airflow/dags/plazo_fijo_dag.py
[2024-11-08T21:19:51.260+0000] {processor.py:925} INFO - DAG(s) 'plazo_fijo_v01' retrieved from /opt/airflow/dags/plazo_fijo_dag.py
[2024-11-08T21:19:51.293+0000] {logging_mixin.py:190} INFO - [2024-11-08T21:19:51.292+0000] {dag.py:3239} INFO - Sync 1 DAGs
[2024-11-08T21:19:51.329+0000] {logging_mixin.py:190} INFO - [2024-11-08T21:19:51.329+0000] {dag.py:4180} INFO - Setting next_dagrun for plazo_fijo_v01 to 2024-11-08 00:00:00+00:00, run_after=2024-11-09 00:00:00+00:00
[2024-11-08T21:19:51.350+0000] {processor.py:208} INFO - Processing /opt/airflow/dags/plazo_fijo_dag.py took 0.235 seconds
[2024-11-08T21:20:21.415+0000] {processor.py:186} INFO - Started process (PID=11292) to work on /opt/airflow/dags/plazo_fijo_dag.py
[2024-11-08T21:20:21.416+0000] {processor.py:914} INFO - Processing file /opt/airflow/dags/plazo_fijo_dag.py for tasks to queue
[2024-11-08T21:20:21.418+0000] {logging_mixin.py:190} INFO - [2024-11-08T21:20:21.418+0000] {dagbag.py:588} INFO - Filling up the DagBag from /opt/airflow/dags/plazo_fijo_dag.py
[2024-11-08T21:20:21.533+0000] {processor.py:925} INFO - DAG(s) 'plazo_fijo_v01' retrieved from /opt/airflow/dags/plazo_fijo_dag.py
[2024-11-08T21:20:21.559+0000] {logging_mixin.py:190} INFO - [2024-11-08T21:20:21.559+0000] {dag.py:3239} INFO - Sync 1 DAGs
[2024-11-08T21:20:21.591+0000] {logging_mixin.py:190} INFO - [2024-11-08T21:20:21.591+0000] {dag.py:4180} INFO - Setting next_dagrun for plazo_fijo_v01 to 2024-11-08 00:00:00+00:00, run_after=2024-11-09 00:00:00+00:00
[2024-11-08T21:20:21.611+0000] {processor.py:208} INFO - Processing /opt/airflow/dags/plazo_fijo_dag.py took 0.203 seconds
[2024-11-08T21:20:52.271+0000] {processor.py:186} INFO - Started process (PID=11338) to work on /opt/airflow/dags/plazo_fijo_dag.py
[2024-11-08T21:20:52.273+0000] {processor.py:914} INFO - Processing file /opt/airflow/dags/plazo_fijo_dag.py for tasks to queue
[2024-11-08T21:20:52.275+0000] {logging_mixin.py:190} INFO - [2024-11-08T21:20:52.275+0000] {dagbag.py:588} INFO - Filling up the DagBag from /opt/airflow/dags/plazo_fijo_dag.py
[2024-11-08T21:20:52.385+0000] {processor.py:925} INFO - DAG(s) 'plazo_fijo_v01' retrieved from /opt/airflow/dags/plazo_fijo_dag.py
[2024-11-08T21:20:52.414+0000] {logging_mixin.py:190} INFO - [2024-11-08T21:20:52.414+0000] {dag.py:3239} INFO - Sync 1 DAGs
[2024-11-08T21:20:52.444+0000] {logging_mixin.py:190} INFO - [2024-11-08T21:20:52.444+0000] {dag.py:4180} INFO - Setting next_dagrun for plazo_fijo_v01 to 2024-11-08 00:00:00+00:00, run_after=2024-11-09 00:00:00+00:00
[2024-11-08T21:20:52.463+0000] {processor.py:208} INFO - Processing /opt/airflow/dags/plazo_fijo_dag.py took 0.199 seconds
[2024-11-08T21:21:22.597+0000] {processor.py:186} INFO - Started process (PID=11390) to work on /opt/airflow/dags/plazo_fijo_dag.py
[2024-11-08T21:21:22.598+0000] {processor.py:914} INFO - Processing file /opt/airflow/dags/plazo_fijo_dag.py for tasks to queue
[2024-11-08T21:21:22.601+0000] {logging_mixin.py:190} INFO - [2024-11-08T21:21:22.600+0000] {dagbag.py:588} INFO - Filling up the DagBag from /opt/airflow/dags/plazo_fijo_dag.py
[2024-11-08T21:21:22.752+0000] {processor.py:925} INFO - DAG(s) 'plazo_fijo_v01' retrieved from /opt/airflow/dags/plazo_fijo_dag.py
[2024-11-08T21:21:22.791+0000] {logging_mixin.py:190} INFO - [2024-11-08T21:21:22.790+0000] {dag.py:3239} INFO - Sync 1 DAGs
[2024-11-08T21:21:22.825+0000] {logging_mixin.py:190} INFO - [2024-11-08T21:21:22.825+0000] {dag.py:4180} INFO - Setting next_dagrun for plazo_fijo_v01 to 2024-11-08 00:00:00+00:00, run_after=2024-11-09 00:00:00+00:00
[2024-11-08T21:21:22.850+0000] {processor.py:208} INFO - Processing /opt/airflow/dags/plazo_fijo_dag.py took 0.261 seconds
[2024-11-08T21:21:53.093+0000] {processor.py:186} INFO - Started process (PID=11439) to work on /opt/airflow/dags/plazo_fijo_dag.py
[2024-11-08T21:21:53.094+0000] {processor.py:914} INFO - Processing file /opt/airflow/dags/plazo_fijo_dag.py for tasks to queue
[2024-11-08T21:21:53.096+0000] {logging_mixin.py:190} INFO - [2024-11-08T21:21:53.096+0000] {dagbag.py:588} INFO - Filling up the DagBag from /opt/airflow/dags/plazo_fijo_dag.py
[2024-11-08T21:21:53.214+0000] {processor.py:925} INFO - DAG(s) 'plazo_fijo_v01' retrieved from /opt/airflow/dags/plazo_fijo_dag.py
[2024-11-08T21:21:53.251+0000] {logging_mixin.py:190} INFO - [2024-11-08T21:21:53.250+0000] {dag.py:3239} INFO - Sync 1 DAGs
[2024-11-08T21:21:53.292+0000] {logging_mixin.py:190} INFO - [2024-11-08T21:21:53.291+0000] {dag.py:4180} INFO - Setting next_dagrun for plazo_fijo_v01 to 2024-11-08 00:00:00+00:00, run_after=2024-11-09 00:00:00+00:00
[2024-11-08T21:21:53.321+0000] {processor.py:208} INFO - Processing /opt/airflow/dags/plazo_fijo_dag.py took 0.235 seconds
[2024-11-08T21:22:23.991+0000] {processor.py:186} INFO - Started process (PID=11494) to work on /opt/airflow/dags/plazo_fijo_dag.py
[2024-11-08T21:22:23.992+0000] {processor.py:914} INFO - Processing file /opt/airflow/dags/plazo_fijo_dag.py for tasks to queue
[2024-11-08T21:22:23.995+0000] {logging_mixin.py:190} INFO - [2024-11-08T21:22:23.995+0000] {dagbag.py:588} INFO - Filling up the DagBag from /opt/airflow/dags/plazo_fijo_dag.py
[2024-11-08T21:22:24.106+0000] {processor.py:925} INFO - DAG(s) 'plazo_fijo_v01' retrieved from /opt/airflow/dags/plazo_fijo_dag.py
[2024-11-08T21:22:24.136+0000] {logging_mixin.py:190} INFO - [2024-11-08T21:22:24.135+0000] {dag.py:3239} INFO - Sync 1 DAGs
[2024-11-08T21:22:24.169+0000] {logging_mixin.py:190} INFO - [2024-11-08T21:22:24.169+0000] {dag.py:4180} INFO - Setting next_dagrun for plazo_fijo_v01 to 2024-11-08 00:00:00+00:00, run_after=2024-11-09 00:00:00+00:00
[2024-11-08T21:22:24.191+0000] {processor.py:208} INFO - Processing /opt/airflow/dags/plazo_fijo_dag.py took 0.206 seconds
[2024-11-08T21:22:55.158+0000] {processor.py:186} INFO - Started process (PID=11540) to work on /opt/airflow/dags/plazo_fijo_dag.py
[2024-11-08T21:22:55.159+0000] {processor.py:914} INFO - Processing file /opt/airflow/dags/plazo_fijo_dag.py for tasks to queue
[2024-11-08T21:22:55.163+0000] {logging_mixin.py:190} INFO - [2024-11-08T21:22:55.162+0000] {dagbag.py:588} INFO - Filling up the DagBag from /opt/airflow/dags/plazo_fijo_dag.py
[2024-11-08T21:22:55.308+0000] {processor.py:925} INFO - DAG(s) 'plazo_fijo_v01' retrieved from /opt/airflow/dags/plazo_fijo_dag.py
[2024-11-08T21:22:55.344+0000] {logging_mixin.py:190} INFO - [2024-11-08T21:22:55.344+0000] {dag.py:3239} INFO - Sync 1 DAGs
[2024-11-08T21:22:55.389+0000] {logging_mixin.py:190} INFO - [2024-11-08T21:22:55.388+0000] {dag.py:4180} INFO - Setting next_dagrun for plazo_fijo_v01 to 2024-11-08 00:00:00+00:00, run_after=2024-11-09 00:00:00+00:00
[2024-11-08T21:22:55.414+0000] {processor.py:208} INFO - Processing /opt/airflow/dags/plazo_fijo_dag.py took 0.265 seconds
[2024-11-08T21:23:25.460+0000] {processor.py:186} INFO - Started process (PID=11586) to work on /opt/airflow/dags/plazo_fijo_dag.py
[2024-11-08T21:23:25.461+0000] {processor.py:914} INFO - Processing file /opt/airflow/dags/plazo_fijo_dag.py for tasks to queue
[2024-11-08T21:23:25.463+0000] {logging_mixin.py:190} INFO - [2024-11-08T21:23:25.463+0000] {dagbag.py:588} INFO - Filling up the DagBag from /opt/airflow/dags/plazo_fijo_dag.py
[2024-11-08T21:23:25.569+0000] {processor.py:925} INFO - DAG(s) 'plazo_fijo_v01' retrieved from /opt/airflow/dags/plazo_fijo_dag.py
[2024-11-08T21:23:25.597+0000] {logging_mixin.py:190} INFO - [2024-11-08T21:23:25.597+0000] {dag.py:3239} INFO - Sync 1 DAGs
[2024-11-08T21:23:25.626+0000] {logging_mixin.py:190} INFO - [2024-11-08T21:23:25.625+0000] {dag.py:4180} INFO - Setting next_dagrun for plazo_fijo_v01 to 2024-11-08 00:00:00+00:00, run_after=2024-11-09 00:00:00+00:00
[2024-11-08T21:23:25.646+0000] {processor.py:208} INFO - Processing /opt/airflow/dags/plazo_fijo_dag.py took 0.193 seconds
[2024-11-08T21:23:55.703+0000] {processor.py:186} INFO - Started process (PID=11631) to work on /opt/airflow/dags/plazo_fijo_dag.py
[2024-11-08T21:23:55.705+0000] {processor.py:914} INFO - Processing file /opt/airflow/dags/plazo_fijo_dag.py for tasks to queue
[2024-11-08T21:23:55.709+0000] {logging_mixin.py:190} INFO - [2024-11-08T21:23:55.708+0000] {dagbag.py:588} INFO - Filling up the DagBag from /opt/airflow/dags/plazo_fijo_dag.py
[2024-11-08T21:23:55.908+0000] {processor.py:925} INFO - DAG(s) 'plazo_fijo_v01' retrieved from /opt/airflow/dags/plazo_fijo_dag.py
[2024-11-08T21:23:55.988+0000] {logging_mixin.py:190} INFO - [2024-11-08T21:23:55.988+0000] {dag.py:3239} INFO - Sync 1 DAGs
[2024-11-08T21:23:56.047+0000] {logging_mixin.py:190} INFO - [2024-11-08T21:23:56.047+0000] {dag.py:4180} INFO - Setting next_dagrun for plazo_fijo_v01 to 2024-11-08 00:00:00+00:00, run_after=2024-11-09 00:00:00+00:00
[2024-11-08T21:23:56.086+0000] {processor.py:208} INFO - Processing /opt/airflow/dags/plazo_fijo_dag.py took 0.392 seconds
[2024-11-08T21:24:26.252+0000] {processor.py:186} INFO - Started process (PID=11677) to work on /opt/airflow/dags/plazo_fijo_dag.py
[2024-11-08T21:24:26.253+0000] {processor.py:914} INFO - Processing file /opt/airflow/dags/plazo_fijo_dag.py for tasks to queue
[2024-11-08T21:24:26.256+0000] {logging_mixin.py:190} INFO - [2024-11-08T21:24:26.256+0000] {dagbag.py:588} INFO - Filling up the DagBag from /opt/airflow/dags/plazo_fijo_dag.py
[2024-11-08T21:24:26.446+0000] {processor.py:925} INFO - DAG(s) 'plazo_fijo_v01' retrieved from /opt/airflow/dags/plazo_fijo_dag.py
[2024-11-08T21:24:26.503+0000] {logging_mixin.py:190} INFO - [2024-11-08T21:24:26.503+0000] {dag.py:3239} INFO - Sync 1 DAGs
[2024-11-08T21:24:26.562+0000] {logging_mixin.py:190} INFO - [2024-11-08T21:24:26.562+0000] {dag.py:4180} INFO - Setting next_dagrun for plazo_fijo_v01 to 2024-11-08 00:00:00+00:00, run_after=2024-11-09 00:00:00+00:00
[2024-11-08T21:24:26.595+0000] {processor.py:208} INFO - Processing /opt/airflow/dags/plazo_fijo_dag.py took 0.354 seconds
[2024-11-08T21:24:56.767+0000] {processor.py:186} INFO - Started process (PID=11723) to work on /opt/airflow/dags/plazo_fijo_dag.py
[2024-11-08T21:24:56.769+0000] {processor.py:914} INFO - Processing file /opt/airflow/dags/plazo_fijo_dag.py for tasks to queue
[2024-11-08T21:24:56.773+0000] {logging_mixin.py:190} INFO - [2024-11-08T21:24:56.773+0000] {dagbag.py:588} INFO - Filling up the DagBag from /opt/airflow/dags/plazo_fijo_dag.py
[2024-11-08T21:24:56.887+0000] {processor.py:925} INFO - DAG(s) 'plazo_fijo_v01' retrieved from /opt/airflow/dags/plazo_fijo_dag.py
[2024-11-08T21:24:56.913+0000] {logging_mixin.py:190} INFO - [2024-11-08T21:24:56.912+0000] {dag.py:3239} INFO - Sync 1 DAGs
[2024-11-08T21:24:56.942+0000] {logging_mixin.py:190} INFO - [2024-11-08T21:24:56.941+0000] {dag.py:4180} INFO - Setting next_dagrun for plazo_fijo_v01 to 2024-11-08 00:00:00+00:00, run_after=2024-11-09 00:00:00+00:00
[2024-11-08T21:24:56.966+0000] {processor.py:208} INFO - Processing /opt/airflow/dags/plazo_fijo_dag.py took 0.206 seconds
[2024-11-08T21:25:27.102+0000] {processor.py:186} INFO - Started process (PID=11769) to work on /opt/airflow/dags/plazo_fijo_dag.py
[2024-11-08T21:25:27.104+0000] {processor.py:914} INFO - Processing file /opt/airflow/dags/plazo_fijo_dag.py for tasks to queue
[2024-11-08T21:25:27.108+0000] {logging_mixin.py:190} INFO - [2024-11-08T21:25:27.108+0000] {dagbag.py:588} INFO - Filling up the DagBag from /opt/airflow/dags/plazo_fijo_dag.py
[2024-11-08T21:25:27.266+0000] {processor.py:925} INFO - DAG(s) 'plazo_fijo_v01' retrieved from /opt/airflow/dags/plazo_fijo_dag.py
[2024-11-08T21:25:27.307+0000] {logging_mixin.py:190} INFO - [2024-11-08T21:25:27.307+0000] {dag.py:3239} INFO - Sync 1 DAGs
[2024-11-08T21:25:27.365+0000] {logging_mixin.py:190} INFO - [2024-11-08T21:25:27.364+0000] {dag.py:4180} INFO - Setting next_dagrun for plazo_fijo_v01 to 2024-11-08 00:00:00+00:00, run_after=2024-11-09 00:00:00+00:00
[2024-11-08T21:25:27.400+0000] {processor.py:208} INFO - Processing /opt/airflow/dags/plazo_fijo_dag.py took 0.313 seconds
[2024-11-08T21:25:57.498+0000] {processor.py:186} INFO - Started process (PID=11815) to work on /opt/airflow/dags/plazo_fijo_dag.py
[2024-11-08T21:25:57.499+0000] {processor.py:914} INFO - Processing file /opt/airflow/dags/plazo_fijo_dag.py for tasks to queue
[2024-11-08T21:25:57.502+0000] {logging_mixin.py:190} INFO - [2024-11-08T21:25:57.501+0000] {dagbag.py:588} INFO - Filling up the DagBag from /opt/airflow/dags/plazo_fijo_dag.py
[2024-11-08T21:25:57.608+0000] {processor.py:925} INFO - DAG(s) 'plazo_fijo_v01' retrieved from /opt/airflow/dags/plazo_fijo_dag.py
[2024-11-08T21:25:57.635+0000] {logging_mixin.py:190} INFO - [2024-11-08T21:25:57.635+0000] {dag.py:3239} INFO - Sync 1 DAGs
[2024-11-08T21:25:57.666+0000] {logging_mixin.py:190} INFO - [2024-11-08T21:25:57.666+0000] {dag.py:4180} INFO - Setting next_dagrun for plazo_fijo_v01 to 2024-11-08 00:00:00+00:00, run_after=2024-11-09 00:00:00+00:00
[2024-11-08T21:25:57.686+0000] {processor.py:208} INFO - Processing /opt/airflow/dags/plazo_fijo_dag.py took 0.195 seconds
[2024-11-08T21:26:28.410+0000] {processor.py:186} INFO - Started process (PID=11861) to work on /opt/airflow/dags/plazo_fijo_dag.py
[2024-11-08T21:26:28.411+0000] {processor.py:914} INFO - Processing file /opt/airflow/dags/plazo_fijo_dag.py for tasks to queue
[2024-11-08T21:26:28.414+0000] {logging_mixin.py:190} INFO - [2024-11-08T21:26:28.414+0000] {dagbag.py:588} INFO - Filling up the DagBag from /opt/airflow/dags/plazo_fijo_dag.py
[2024-11-08T21:26:28.536+0000] {processor.py:925} INFO - DAG(s) 'plazo_fijo_v01' retrieved from /opt/airflow/dags/plazo_fijo_dag.py
[2024-11-08T21:26:28.576+0000] {logging_mixin.py:190} INFO - [2024-11-08T21:26:28.576+0000] {dag.py:3239} INFO - Sync 1 DAGs
[2024-11-08T21:26:28.608+0000] {logging_mixin.py:190} INFO - [2024-11-08T21:26:28.608+0000] {dag.py:4180} INFO - Setting next_dagrun for plazo_fijo_v01 to 2024-11-08 00:00:00+00:00, run_after=2024-11-09 00:00:00+00:00
[2024-11-08T21:26:28.631+0000] {processor.py:208} INFO - Processing /opt/airflow/dags/plazo_fijo_dag.py took 0.230 seconds
[2024-11-08T21:26:58.746+0000] {processor.py:186} INFO - Started process (PID=11907) to work on /opt/airflow/dags/plazo_fijo_dag.py
[2024-11-08T21:26:58.747+0000] {processor.py:914} INFO - Processing file /opt/airflow/dags/plazo_fijo_dag.py for tasks to queue
[2024-11-08T21:26:58.751+0000] {logging_mixin.py:190} INFO - [2024-11-08T21:26:58.750+0000] {dagbag.py:588} INFO - Filling up the DagBag from /opt/airflow/dags/plazo_fijo_dag.py
[2024-11-08T21:26:58.854+0000] {processor.py:925} INFO - DAG(s) 'plazo_fijo_v01' retrieved from /opt/airflow/dags/plazo_fijo_dag.py
[2024-11-08T21:26:58.881+0000] {logging_mixin.py:190} INFO - [2024-11-08T21:26:58.880+0000] {dag.py:3239} INFO - Sync 1 DAGs
[2024-11-08T21:26:58.910+0000] {logging_mixin.py:190} INFO - [2024-11-08T21:26:58.910+0000] {dag.py:4180} INFO - Setting next_dagrun for plazo_fijo_v01 to 2024-11-08 00:00:00+00:00, run_after=2024-11-09 00:00:00+00:00
[2024-11-08T21:26:58.929+0000] {processor.py:208} INFO - Processing /opt/airflow/dags/plazo_fijo_dag.py took 0.189 seconds
[2024-11-08T21:27:29.117+0000] {processor.py:186} INFO - Started process (PID=11953) to work on /opt/airflow/dags/plazo_fijo_dag.py
[2024-11-08T21:27:29.118+0000] {processor.py:914} INFO - Processing file /opt/airflow/dags/plazo_fijo_dag.py for tasks to queue
[2024-11-08T21:27:29.121+0000] {logging_mixin.py:190} INFO - [2024-11-08T21:27:29.121+0000] {dagbag.py:588} INFO - Filling up the DagBag from /opt/airflow/dags/plazo_fijo_dag.py
[2024-11-08T21:27:29.228+0000] {processor.py:925} INFO - DAG(s) 'plazo_fijo_v01' retrieved from /opt/airflow/dags/plazo_fijo_dag.py
[2024-11-08T21:27:29.256+0000] {logging_mixin.py:190} INFO - [2024-11-08T21:27:29.256+0000] {dag.py:3239} INFO - Sync 1 DAGs
[2024-11-08T21:27:29.286+0000] {logging_mixin.py:190} INFO - [2024-11-08T21:27:29.286+0000] {dag.py:4180} INFO - Setting next_dagrun for plazo_fijo_v01 to 2024-11-08 00:00:00+00:00, run_after=2024-11-09 00:00:00+00:00
[2024-11-08T21:27:29.310+0000] {processor.py:208} INFO - Processing /opt/airflow/dags/plazo_fijo_dag.py took 0.201 seconds
[2024-11-08T21:27:59.392+0000] {processor.py:186} INFO - Started process (PID=11999) to work on /opt/airflow/dags/plazo_fijo_dag.py
[2024-11-08T21:27:59.393+0000] {processor.py:914} INFO - Processing file /opt/airflow/dags/plazo_fijo_dag.py for tasks to queue
[2024-11-08T21:27:59.395+0000] {logging_mixin.py:190} INFO - [2024-11-08T21:27:59.395+0000] {dagbag.py:588} INFO - Filling up the DagBag from /opt/airflow/dags/plazo_fijo_dag.py
[2024-11-08T21:27:59.518+0000] {processor.py:925} INFO - DAG(s) 'plazo_fijo_v01' retrieved from /opt/airflow/dags/plazo_fijo_dag.py
[2024-11-08T21:27:59.565+0000] {logging_mixin.py:190} INFO - [2024-11-08T21:27:59.565+0000] {dag.py:3239} INFO - Sync 1 DAGs
[2024-11-08T21:27:59.636+0000] {logging_mixin.py:190} INFO - [2024-11-08T21:27:59.635+0000] {dag.py:4180} INFO - Setting next_dagrun for plazo_fijo_v01 to 2024-11-08 00:00:00+00:00, run_after=2024-11-09 00:00:00+00:00
[2024-11-08T21:27:59.673+0000] {processor.py:208} INFO - Processing /opt/airflow/dags/plazo_fijo_dag.py took 0.289 seconds
[2024-11-08T21:28:30.457+0000] {processor.py:186} INFO - Started process (PID=12045) to work on /opt/airflow/dags/plazo_fijo_dag.py
[2024-11-08T21:28:30.459+0000] {processor.py:914} INFO - Processing file /opt/airflow/dags/plazo_fijo_dag.py for tasks to queue
[2024-11-08T21:28:30.463+0000] {logging_mixin.py:190} INFO - [2024-11-08T21:28:30.462+0000] {dagbag.py:588} INFO - Filling up the DagBag from /opt/airflow/dags/plazo_fijo_dag.py
[2024-11-08T21:28:30.644+0000] {processor.py:925} INFO - DAG(s) 'plazo_fijo_v01' retrieved from /opt/airflow/dags/plazo_fijo_dag.py
[2024-11-08T21:28:30.675+0000] {logging_mixin.py:190} INFO - [2024-11-08T21:28:30.675+0000] {dag.py:3239} INFO - Sync 1 DAGs
[2024-11-08T21:28:30.709+0000] {logging_mixin.py:190} INFO - [2024-11-08T21:28:30.709+0000] {dag.py:4180} INFO - Setting next_dagrun for plazo_fijo_v01 to 2024-11-08 00:00:00+00:00, run_after=2024-11-09 00:00:00+00:00
[2024-11-08T21:28:30.732+0000] {processor.py:208} INFO - Processing /opt/airflow/dags/plazo_fijo_dag.py took 0.286 seconds
[2024-11-08T21:29:00.982+0000] {processor.py:186} INFO - Started process (PID=12097) to work on /opt/airflow/dags/plazo_fijo_dag.py
[2024-11-08T21:29:00.983+0000] {processor.py:914} INFO - Processing file /opt/airflow/dags/plazo_fijo_dag.py for tasks to queue
[2024-11-08T21:29:00.986+0000] {logging_mixin.py:190} INFO - [2024-11-08T21:29:00.985+0000] {dagbag.py:588} INFO - Filling up the DagBag from /opt/airflow/dags/plazo_fijo_dag.py
[2024-11-08T21:29:01.097+0000] {processor.py:925} INFO - DAG(s) 'plazo_fijo_v01' retrieved from /opt/airflow/dags/plazo_fijo_dag.py
[2024-11-08T21:29:01.124+0000] {logging_mixin.py:190} INFO - [2024-11-08T21:29:01.124+0000] {dag.py:3239} INFO - Sync 1 DAGs
[2024-11-08T21:29:01.153+0000] {logging_mixin.py:190} INFO - [2024-11-08T21:29:01.153+0000] {dag.py:4180} INFO - Setting next_dagrun for plazo_fijo_v01 to 2024-11-08 00:00:00+00:00, run_after=2024-11-09 00:00:00+00:00
[2024-11-08T21:29:01.173+0000] {processor.py:208} INFO - Processing /opt/airflow/dags/plazo_fijo_dag.py took 0.198 seconds
[2024-11-08T21:29:31.383+0000] {processor.py:186} INFO - Started process (PID=12143) to work on /opt/airflow/dags/plazo_fijo_dag.py
[2024-11-08T21:29:31.384+0000] {processor.py:914} INFO - Processing file /opt/airflow/dags/plazo_fijo_dag.py for tasks to queue
[2024-11-08T21:29:31.386+0000] {logging_mixin.py:190} INFO - [2024-11-08T21:29:31.386+0000] {dagbag.py:588} INFO - Filling up the DagBag from /opt/airflow/dags/plazo_fijo_dag.py
[2024-11-08T21:29:31.495+0000] {processor.py:925} INFO - DAG(s) 'plazo_fijo_v01' retrieved from /opt/airflow/dags/plazo_fijo_dag.py
[2024-11-08T21:29:31.522+0000] {logging_mixin.py:190} INFO - [2024-11-08T21:29:31.522+0000] {dag.py:3239} INFO - Sync 1 DAGs
[2024-11-08T21:29:31.554+0000] {logging_mixin.py:190} INFO - [2024-11-08T21:29:31.554+0000] {dag.py:4180} INFO - Setting next_dagrun for plazo_fijo_v01 to 2024-11-08 00:00:00+00:00, run_after=2024-11-09 00:00:00+00:00
[2024-11-08T21:29:31.575+0000] {processor.py:208} INFO - Processing /opt/airflow/dags/plazo_fijo_dag.py took 0.199 seconds
[2024-11-08T21:30:01.827+0000] {processor.py:186} INFO - Started process (PID=12189) to work on /opt/airflow/dags/plazo_fijo_dag.py
[2024-11-08T21:30:01.828+0000] {processor.py:914} INFO - Processing file /opt/airflow/dags/plazo_fijo_dag.py for tasks to queue
[2024-11-08T21:30:01.831+0000] {logging_mixin.py:190} INFO - [2024-11-08T21:30:01.831+0000] {dagbag.py:588} INFO - Filling up the DagBag from /opt/airflow/dags/plazo_fijo_dag.py
[2024-11-08T21:30:01.942+0000] {processor.py:925} INFO - DAG(s) 'plazo_fijo_v01' retrieved from /opt/airflow/dags/plazo_fijo_dag.py
[2024-11-08T21:30:01.970+0000] {logging_mixin.py:190} INFO - [2024-11-08T21:30:01.970+0000] {dag.py:3239} INFO - Sync 1 DAGs
[2024-11-08T21:30:02.001+0000] {logging_mixin.py:190} INFO - [2024-11-08T21:30:02.000+0000] {dag.py:4180} INFO - Setting next_dagrun for plazo_fijo_v01 to 2024-11-08 00:00:00+00:00, run_after=2024-11-09 00:00:00+00:00
[2024-11-08T21:30:02.028+0000] {processor.py:208} INFO - Processing /opt/airflow/dags/plazo_fijo_dag.py took 0.210 seconds
[2024-11-08T21:30:32.229+0000] {processor.py:186} INFO - Started process (PID=12235) to work on /opt/airflow/dags/plazo_fijo_dag.py
[2024-11-08T21:30:32.230+0000] {processor.py:914} INFO - Processing file /opt/airflow/dags/plazo_fijo_dag.py for tasks to queue
[2024-11-08T21:30:32.232+0000] {logging_mixin.py:190} INFO - [2024-11-08T21:30:32.232+0000] {dagbag.py:588} INFO - Filling up the DagBag from /opt/airflow/dags/plazo_fijo_dag.py
[2024-11-08T21:30:32.342+0000] {processor.py:925} INFO - DAG(s) 'plazo_fijo_v01' retrieved from /opt/airflow/dags/plazo_fijo_dag.py
[2024-11-08T21:30:32.369+0000] {logging_mixin.py:190} INFO - [2024-11-08T21:30:32.369+0000] {dag.py:3239} INFO - Sync 1 DAGs
[2024-11-08T21:30:32.399+0000] {logging_mixin.py:190} INFO - [2024-11-08T21:30:32.399+0000] {dag.py:4180} INFO - Setting next_dagrun for plazo_fijo_v01 to 2024-11-08 00:00:00+00:00, run_after=2024-11-09 00:00:00+00:00
[2024-11-08T21:30:32.418+0000] {processor.py:208} INFO - Processing /opt/airflow/dags/plazo_fijo_dag.py took 0.195 seconds
[2024-11-08T21:31:02.675+0000] {processor.py:186} INFO - Started process (PID=12281) to work on /opt/airflow/dags/plazo_fijo_dag.py
[2024-11-08T21:31:02.676+0000] {processor.py:914} INFO - Processing file /opt/airflow/dags/plazo_fijo_dag.py for tasks to queue
[2024-11-08T21:31:02.678+0000] {logging_mixin.py:190} INFO - [2024-11-08T21:31:02.678+0000] {dagbag.py:588} INFO - Filling up the DagBag from /opt/airflow/dags/plazo_fijo_dag.py
[2024-11-08T21:31:02.786+0000] {processor.py:925} INFO - DAG(s) 'plazo_fijo_v01' retrieved from /opt/airflow/dags/plazo_fijo_dag.py
[2024-11-08T21:31:02.819+0000] {logging_mixin.py:190} INFO - [2024-11-08T21:31:02.819+0000] {dag.py:3239} INFO - Sync 1 DAGs
[2024-11-08T21:31:02.854+0000] {logging_mixin.py:190} INFO - [2024-11-08T21:31:02.853+0000] {dag.py:4180} INFO - Setting next_dagrun for plazo_fijo_v01 to 2024-11-08 00:00:00+00:00, run_after=2024-11-09 00:00:00+00:00
[2024-11-08T21:31:02.876+0000] {processor.py:208} INFO - Processing /opt/airflow/dags/plazo_fijo_dag.py took 0.208 seconds
[2024-11-08T21:31:32.960+0000] {processor.py:186} INFO - Started process (PID=12327) to work on /opt/airflow/dags/plazo_fijo_dag.py
[2024-11-08T21:31:32.961+0000] {processor.py:914} INFO - Processing file /opt/airflow/dags/plazo_fijo_dag.py for tasks to queue
[2024-11-08T21:31:32.964+0000] {logging_mixin.py:190} INFO - [2024-11-08T21:31:32.964+0000] {dagbag.py:588} INFO - Filling up the DagBag from /opt/airflow/dags/plazo_fijo_dag.py
[2024-11-08T21:31:33.074+0000] {processor.py:925} INFO - DAG(s) 'plazo_fijo_v01' retrieved from /opt/airflow/dags/plazo_fijo_dag.py
[2024-11-08T21:31:33.109+0000] {logging_mixin.py:190} INFO - [2024-11-08T21:31:33.109+0000] {dag.py:3239} INFO - Sync 1 DAGs
[2024-11-08T21:31:33.141+0000] {logging_mixin.py:190} INFO - [2024-11-08T21:31:33.141+0000] {dag.py:4180} INFO - Setting next_dagrun for plazo_fijo_v01 to 2024-11-08 00:00:00+00:00, run_after=2024-11-09 00:00:00+00:00
[2024-11-08T21:31:33.165+0000] {processor.py:208} INFO - Processing /opt/airflow/dags/plazo_fijo_dag.py took 0.214 seconds
[2024-11-08T21:32:03.312+0000] {processor.py:186} INFO - Started process (PID=12373) to work on /opt/airflow/dags/plazo_fijo_dag.py
[2024-11-08T21:32:03.314+0000] {processor.py:914} INFO - Processing file /opt/airflow/dags/plazo_fijo_dag.py for tasks to queue
[2024-11-08T21:32:03.316+0000] {logging_mixin.py:190} INFO - [2024-11-08T21:32:03.316+0000] {dagbag.py:588} INFO - Filling up the DagBag from /opt/airflow/dags/plazo_fijo_dag.py
[2024-11-08T21:32:03.509+0000] {processor.py:925} INFO - DAG(s) 'plazo_fijo_v01' retrieved from /opt/airflow/dags/plazo_fijo_dag.py
[2024-11-08T21:32:03.555+0000] {logging_mixin.py:190} INFO - [2024-11-08T21:32:03.554+0000] {dag.py:3239} INFO - Sync 1 DAGs
[2024-11-08T21:32:03.599+0000] {logging_mixin.py:190} INFO - [2024-11-08T21:32:03.599+0000] {dag.py:4180} INFO - Setting next_dagrun for plazo_fijo_v01 to 2024-11-08 00:00:00+00:00, run_after=2024-11-09 00:00:00+00:00
[2024-11-08T21:32:03.637+0000] {processor.py:208} INFO - Processing /opt/airflow/dags/plazo_fijo_dag.py took 0.335 seconds
[2024-11-08T21:32:33.708+0000] {processor.py:186} INFO - Started process (PID=12418) to work on /opt/airflow/dags/plazo_fijo_dag.py
[2024-11-08T21:32:33.709+0000] {processor.py:914} INFO - Processing file /opt/airflow/dags/plazo_fijo_dag.py for tasks to queue
[2024-11-08T21:32:33.711+0000] {logging_mixin.py:190} INFO - [2024-11-08T21:32:33.711+0000] {dagbag.py:588} INFO - Filling up the DagBag from /opt/airflow/dags/plazo_fijo_dag.py
[2024-11-08T21:32:33.850+0000] {processor.py:925} INFO - DAG(s) 'plazo_fijo_v01' retrieved from /opt/airflow/dags/plazo_fijo_dag.py
[2024-11-08T21:32:33.879+0000] {logging_mixin.py:190} INFO - [2024-11-08T21:32:33.879+0000] {dag.py:3239} INFO - Sync 1 DAGs
[2024-11-08T21:32:33.917+0000] {logging_mixin.py:190} INFO - [2024-11-08T21:32:33.917+0000] {dag.py:4180} INFO - Setting next_dagrun for plazo_fijo_v01 to 2024-11-08 00:00:00+00:00, run_after=2024-11-09 00:00:00+00:00
[2024-11-08T21:32:33.942+0000] {processor.py:208} INFO - Processing /opt/airflow/dags/plazo_fijo_dag.py took 0.243 seconds
[2024-11-08T21:33:04.286+0000] {processor.py:186} INFO - Started process (PID=12464) to work on /opt/airflow/dags/plazo_fijo_dag.py
[2024-11-08T21:33:04.289+0000] {processor.py:914} INFO - Processing file /opt/airflow/dags/plazo_fijo_dag.py for tasks to queue
[2024-11-08T21:33:04.293+0000] {logging_mixin.py:190} INFO - [2024-11-08T21:33:04.292+0000] {dagbag.py:588} INFO - Filling up the DagBag from /opt/airflow/dags/plazo_fijo_dag.py
[2024-11-08T21:33:04.473+0000] {processor.py:925} INFO - DAG(s) 'plazo_fijo_v01' retrieved from /opt/airflow/dags/plazo_fijo_dag.py
[2024-11-08T21:33:04.520+0000] {logging_mixin.py:190} INFO - [2024-11-08T21:33:04.520+0000] {dag.py:3239} INFO - Sync 1 DAGs
[2024-11-08T21:33:04.569+0000] {logging_mixin.py:190} INFO - [2024-11-08T21:33:04.568+0000] {dag.py:4180} INFO - Setting next_dagrun for plazo_fijo_v01 to 2024-11-08 00:00:00+00:00, run_after=2024-11-09 00:00:00+00:00
[2024-11-08T21:33:04.606+0000] {processor.py:208} INFO - Processing /opt/airflow/dags/plazo_fijo_dag.py took 0.330 seconds
[2024-11-08T21:33:35.171+0000] {processor.py:186} INFO - Started process (PID=12510) to work on /opt/airflow/dags/plazo_fijo_dag.py
[2024-11-08T21:33:35.172+0000] {processor.py:914} INFO - Processing file /opt/airflow/dags/plazo_fijo_dag.py for tasks to queue
[2024-11-08T21:33:35.175+0000] {logging_mixin.py:190} INFO - [2024-11-08T21:33:35.175+0000] {dagbag.py:588} INFO - Filling up the DagBag from /opt/airflow/dags/plazo_fijo_dag.py
[2024-11-08T21:33:35.291+0000] {processor.py:925} INFO - DAG(s) 'plazo_fijo_v01' retrieved from /opt/airflow/dags/plazo_fijo_dag.py
[2024-11-08T21:33:35.321+0000] {logging_mixin.py:190} INFO - [2024-11-08T21:33:35.321+0000] {dag.py:3239} INFO - Sync 1 DAGs
[2024-11-08T21:33:35.356+0000] {logging_mixin.py:190} INFO - [2024-11-08T21:33:35.355+0000] {dag.py:4180} INFO - Setting next_dagrun for plazo_fijo_v01 to 2024-11-08 00:00:00+00:00, run_after=2024-11-09 00:00:00+00:00
[2024-11-08T21:33:35.388+0000] {processor.py:208} INFO - Processing /opt/airflow/dags/plazo_fijo_dag.py took 0.224 seconds
[2024-11-08T21:34:05.443+0000] {processor.py:186} INFO - Started process (PID=12556) to work on /opt/airflow/dags/plazo_fijo_dag.py
[2024-11-08T21:34:05.445+0000] {processor.py:914} INFO - Processing file /opt/airflow/dags/plazo_fijo_dag.py for tasks to queue
[2024-11-08T21:34:05.448+0000] {logging_mixin.py:190} INFO - [2024-11-08T21:34:05.447+0000] {dagbag.py:588} INFO - Filling up the DagBag from /opt/airflow/dags/plazo_fijo_dag.py
[2024-11-08T21:34:05.598+0000] {processor.py:925} INFO - DAG(s) 'plazo_fijo_v01' retrieved from /opt/airflow/dags/plazo_fijo_dag.py
[2024-11-08T21:34:05.647+0000] {logging_mixin.py:190} INFO - [2024-11-08T21:34:05.646+0000] {dag.py:3239} INFO - Sync 1 DAGs
[2024-11-08T21:34:05.695+0000] {logging_mixin.py:190} INFO - [2024-11-08T21:34:05.695+0000] {dag.py:4180} INFO - Setting next_dagrun for plazo_fijo_v01 to 2024-11-08 00:00:00+00:00, run_after=2024-11-09 00:00:00+00:00
[2024-11-08T21:34:05.728+0000] {processor.py:208} INFO - Processing /opt/airflow/dags/plazo_fijo_dag.py took 0.293 seconds
[2024-11-08T21:34:35.811+0000] {processor.py:186} INFO - Started process (PID=12602) to work on /opt/airflow/dags/plazo_fijo_dag.py
[2024-11-08T21:34:35.811+0000] {processor.py:914} INFO - Processing file /opt/airflow/dags/plazo_fijo_dag.py for tasks to queue
[2024-11-08T21:34:35.814+0000] {logging_mixin.py:190} INFO - [2024-11-08T21:34:35.814+0000] {dagbag.py:588} INFO - Filling up the DagBag from /opt/airflow/dags/plazo_fijo_dag.py
[2024-11-08T21:34:35.943+0000] {processor.py:925} INFO - DAG(s) 'plazo_fijo_v01' retrieved from /opt/airflow/dags/plazo_fijo_dag.py
[2024-11-08T21:34:35.970+0000] {logging_mixin.py:190} INFO - [2024-11-08T21:34:35.970+0000] {dag.py:3239} INFO - Sync 1 DAGs
[2024-11-08T21:34:35.999+0000] {logging_mixin.py:190} INFO - [2024-11-08T21:34:35.999+0000] {dag.py:4180} INFO - Setting next_dagrun for plazo_fijo_v01 to 2024-11-08 00:00:00+00:00, run_after=2024-11-09 00:00:00+00:00
[2024-11-08T21:34:36.019+0000] {processor.py:208} INFO - Processing /opt/airflow/dags/plazo_fijo_dag.py took 0.218 seconds
[2024-11-08T21:35:06.219+0000] {processor.py:186} INFO - Started process (PID=12648) to work on /opt/airflow/dags/plazo_fijo_dag.py
[2024-11-08T21:35:06.220+0000] {processor.py:914} INFO - Processing file /opt/airflow/dags/plazo_fijo_dag.py for tasks to queue
[2024-11-08T21:35:06.223+0000] {logging_mixin.py:190} INFO - [2024-11-08T21:35:06.223+0000] {dagbag.py:588} INFO - Filling up the DagBag from /opt/airflow/dags/plazo_fijo_dag.py
[2024-11-08T21:35:06.341+0000] {processor.py:925} INFO - DAG(s) 'plazo_fijo_v01' retrieved from /opt/airflow/dags/plazo_fijo_dag.py
[2024-11-08T21:35:06.370+0000] {logging_mixin.py:190} INFO - [2024-11-08T21:35:06.370+0000] {dag.py:3239} INFO - Sync 1 DAGs
[2024-11-08T21:35:06.407+0000] {logging_mixin.py:190} INFO - [2024-11-08T21:35:06.407+0000] {dag.py:4180} INFO - Setting next_dagrun for plazo_fijo_v01 to 2024-11-08 00:00:00+00:00, run_after=2024-11-09 00:00:00+00:00
[2024-11-08T21:35:06.429+0000] {processor.py:208} INFO - Processing /opt/airflow/dags/plazo_fijo_dag.py took 0.217 seconds
[2024-11-08T21:35:36.464+0000] {processor.py:186} INFO - Started process (PID=12694) to work on /opt/airflow/dags/plazo_fijo_dag.py
[2024-11-08T21:35:36.465+0000] {processor.py:914} INFO - Processing file /opt/airflow/dags/plazo_fijo_dag.py for tasks to queue
[2024-11-08T21:35:36.467+0000] {logging_mixin.py:190} INFO - [2024-11-08T21:35:36.467+0000] {dagbag.py:588} INFO - Filling up the DagBag from /opt/airflow/dags/plazo_fijo_dag.py
[2024-11-08T21:35:36.579+0000] {processor.py:925} INFO - DAG(s) 'plazo_fijo_v01' retrieved from /opt/airflow/dags/plazo_fijo_dag.py
[2024-11-08T21:35:36.607+0000] {logging_mixin.py:190} INFO - [2024-11-08T21:35:36.606+0000] {dag.py:3239} INFO - Sync 1 DAGs
[2024-11-08T21:35:36.641+0000] {logging_mixin.py:190} INFO - [2024-11-08T21:35:36.641+0000] {dag.py:4180} INFO - Setting next_dagrun for plazo_fijo_v01 to 2024-11-08 00:00:00+00:00, run_after=2024-11-09 00:00:00+00:00
[2024-11-08T21:35:36.663+0000] {processor.py:208} INFO - Processing /opt/airflow/dags/plazo_fijo_dag.py took 0.208 seconds
[2024-11-08T21:36:07.383+0000] {processor.py:186} INFO - Started process (PID=12740) to work on /opt/airflow/dags/plazo_fijo_dag.py
[2024-11-08T21:36:07.384+0000] {processor.py:914} INFO - Processing file /opt/airflow/dags/plazo_fijo_dag.py for tasks to queue
[2024-11-08T21:36:07.387+0000] {logging_mixin.py:190} INFO - [2024-11-08T21:36:07.387+0000] {dagbag.py:588} INFO - Filling up the DagBag from /opt/airflow/dags/plazo_fijo_dag.py
[2024-11-08T21:36:07.506+0000] {processor.py:925} INFO - DAG(s) 'plazo_fijo_v01' retrieved from /opt/airflow/dags/plazo_fijo_dag.py
[2024-11-08T21:36:07.536+0000] {logging_mixin.py:190} INFO - [2024-11-08T21:36:07.536+0000] {dag.py:3239} INFO - Sync 1 DAGs
[2024-11-08T21:36:07.570+0000] {logging_mixin.py:190} INFO - [2024-11-08T21:36:07.569+0000] {dag.py:4180} INFO - Setting next_dagrun for plazo_fijo_v01 to 2024-11-08 00:00:00+00:00, run_after=2024-11-09 00:00:00+00:00
[2024-11-08T21:36:07.596+0000] {processor.py:208} INFO - Processing /opt/airflow/dags/plazo_fijo_dag.py took 0.220 seconds
[2024-11-08T21:36:37.790+0000] {processor.py:186} INFO - Started process (PID=12786) to work on /opt/airflow/dags/plazo_fijo_dag.py
[2024-11-08T21:36:37.791+0000] {processor.py:914} INFO - Processing file /opt/airflow/dags/plazo_fijo_dag.py for tasks to queue
[2024-11-08T21:36:37.793+0000] {logging_mixin.py:190} INFO - [2024-11-08T21:36:37.793+0000] {dagbag.py:588} INFO - Filling up the DagBag from /opt/airflow/dags/plazo_fijo_dag.py
[2024-11-08T21:36:37.910+0000] {processor.py:925} INFO - DAG(s) 'plazo_fijo_v01' retrieved from /opt/airflow/dags/plazo_fijo_dag.py
[2024-11-08T21:36:37.945+0000] {logging_mixin.py:190} INFO - [2024-11-08T21:36:37.945+0000] {dag.py:3239} INFO - Sync 1 DAGs
[2024-11-08T21:36:37.979+0000] {logging_mixin.py:190} INFO - [2024-11-08T21:36:37.979+0000] {dag.py:4180} INFO - Setting next_dagrun for plazo_fijo_v01 to 2024-11-08 00:00:00+00:00, run_after=2024-11-09 00:00:00+00:00
[2024-11-08T21:36:38.000+0000] {processor.py:208} INFO - Processing /opt/airflow/dags/plazo_fijo_dag.py took 0.218 seconds
[2024-11-08T21:37:08.304+0000] {processor.py:186} INFO - Started process (PID=12832) to work on /opt/airflow/dags/plazo_fijo_dag.py
[2024-11-08T21:37:08.305+0000] {processor.py:914} INFO - Processing file /opt/airflow/dags/plazo_fijo_dag.py for tasks to queue
[2024-11-08T21:37:08.308+0000] {logging_mixin.py:190} INFO - [2024-11-08T21:37:08.308+0000] {dagbag.py:588} INFO - Filling up the DagBag from /opt/airflow/dags/plazo_fijo_dag.py
[2024-11-08T21:37:08.417+0000] {processor.py:925} INFO - DAG(s) 'plazo_fijo_v01' retrieved from /opt/airflow/dags/plazo_fijo_dag.py
[2024-11-08T21:37:08.445+0000] {logging_mixin.py:190} INFO - [2024-11-08T21:37:08.445+0000] {dag.py:3239} INFO - Sync 1 DAGs
[2024-11-08T21:37:08.478+0000] {logging_mixin.py:190} INFO - [2024-11-08T21:37:08.478+0000] {dag.py:4180} INFO - Setting next_dagrun for plazo_fijo_v01 to 2024-11-08 00:00:00+00:00, run_after=2024-11-09 00:00:00+00:00
[2024-11-08T21:37:08.500+0000] {processor.py:208} INFO - Processing /opt/airflow/dags/plazo_fijo_dag.py took 0.203 seconds
[2024-11-08T21:37:39.266+0000] {processor.py:186} INFO - Started process (PID=12878) to work on /opt/airflow/dags/plazo_fijo_dag.py
[2024-11-08T21:37:39.267+0000] {processor.py:914} INFO - Processing file /opt/airflow/dags/plazo_fijo_dag.py for tasks to queue
[2024-11-08T21:37:39.269+0000] {logging_mixin.py:190} INFO - [2024-11-08T21:37:39.269+0000] {dagbag.py:588} INFO - Filling up the DagBag from /opt/airflow/dags/plazo_fijo_dag.py
[2024-11-08T21:37:39.386+0000] {processor.py:925} INFO - DAG(s) 'plazo_fijo_v01' retrieved from /opt/airflow/dags/plazo_fijo_dag.py
[2024-11-08T21:37:39.415+0000] {logging_mixin.py:190} INFO - [2024-11-08T21:37:39.415+0000] {dag.py:3239} INFO - Sync 1 DAGs
[2024-11-08T21:37:39.447+0000] {logging_mixin.py:190} INFO - [2024-11-08T21:37:39.447+0000] {dag.py:4180} INFO - Setting next_dagrun for plazo_fijo_v01 to 2024-11-08 00:00:00+00:00, run_after=2024-11-09 00:00:00+00:00
[2024-11-08T21:37:39.469+0000] {processor.py:208} INFO - Processing /opt/airflow/dags/plazo_fijo_dag.py took 0.211 seconds
[2024-11-08T21:38:09.664+0000] {processor.py:186} INFO - Started process (PID=12924) to work on /opt/airflow/dags/plazo_fijo_dag.py
[2024-11-08T21:38:09.665+0000] {processor.py:914} INFO - Processing file /opt/airflow/dags/plazo_fijo_dag.py for tasks to queue
[2024-11-08T21:38:09.668+0000] {logging_mixin.py:190} INFO - [2024-11-08T21:38:09.668+0000] {dagbag.py:588} INFO - Filling up the DagBag from /opt/airflow/dags/plazo_fijo_dag.py
[2024-11-08T21:38:09.786+0000] {processor.py:925} INFO - DAG(s) 'plazo_fijo_v01' retrieved from /opt/airflow/dags/plazo_fijo_dag.py
[2024-11-08T21:38:09.816+0000] {logging_mixin.py:190} INFO - [2024-11-08T21:38:09.816+0000] {dag.py:3239} INFO - Sync 1 DAGs
[2024-11-08T21:38:09.851+0000] {logging_mixin.py:190} INFO - [2024-11-08T21:38:09.851+0000] {dag.py:4180} INFO - Setting next_dagrun for plazo_fijo_v01 to 2024-11-08 00:00:00+00:00, run_after=2024-11-09 00:00:00+00:00
[2024-11-08T21:38:09.871+0000] {processor.py:208} INFO - Processing /opt/airflow/dags/plazo_fijo_dag.py took 0.214 seconds
[2024-11-08T21:38:40.056+0000] {processor.py:186} INFO - Started process (PID=12970) to work on /opt/airflow/dags/plazo_fijo_dag.py
[2024-11-08T21:38:40.057+0000] {processor.py:914} INFO - Processing file /opt/airflow/dags/plazo_fijo_dag.py for tasks to queue
[2024-11-08T21:38:40.060+0000] {logging_mixin.py:190} INFO - [2024-11-08T21:38:40.059+0000] {dagbag.py:588} INFO - Filling up the DagBag from /opt/airflow/dags/plazo_fijo_dag.py
[2024-11-08T21:38:40.171+0000] {processor.py:925} INFO - DAG(s) 'plazo_fijo_v01' retrieved from /opt/airflow/dags/plazo_fijo_dag.py
[2024-11-08T21:38:40.200+0000] {logging_mixin.py:190} INFO - [2024-11-08T21:38:40.200+0000] {dag.py:3239} INFO - Sync 1 DAGs
[2024-11-08T21:38:40.232+0000] {logging_mixin.py:190} INFO - [2024-11-08T21:38:40.232+0000] {dag.py:4180} INFO - Setting next_dagrun for plazo_fijo_v01 to 2024-11-08 00:00:00+00:00, run_after=2024-11-09 00:00:00+00:00
[2024-11-08T21:38:40.255+0000] {processor.py:208} INFO - Processing /opt/airflow/dags/plazo_fijo_dag.py took 0.207 seconds
[2024-11-08T21:39:10.526+0000] {processor.py:186} INFO - Started process (PID=13016) to work on /opt/airflow/dags/plazo_fijo_dag.py
[2024-11-08T21:39:10.527+0000] {processor.py:914} INFO - Processing file /opt/airflow/dags/plazo_fijo_dag.py for tasks to queue
[2024-11-08T21:39:10.529+0000] {logging_mixin.py:190} INFO - [2024-11-08T21:39:10.529+0000] {dagbag.py:588} INFO - Filling up the DagBag from /opt/airflow/dags/plazo_fijo_dag.py
[2024-11-08T21:39:10.653+0000] {processor.py:925} INFO - DAG(s) 'plazo_fijo_v01' retrieved from /opt/airflow/dags/plazo_fijo_dag.py
[2024-11-08T21:39:10.686+0000] {logging_mixin.py:190} INFO - [2024-11-08T21:39:10.686+0000] {dag.py:3239} INFO - Sync 1 DAGs
[2024-11-08T21:39:10.718+0000] {logging_mixin.py:190} INFO - [2024-11-08T21:39:10.718+0000] {dag.py:4180} INFO - Setting next_dagrun for plazo_fijo_v01 to 2024-11-08 00:00:00+00:00, run_after=2024-11-09 00:00:00+00:00
[2024-11-08T21:39:10.739+0000] {processor.py:208} INFO - Processing /opt/airflow/dags/plazo_fijo_dag.py took 0.220 seconds
[2024-11-08T21:39:40.960+0000] {processor.py:186} INFO - Started process (PID=13062) to work on /opt/airflow/dags/plazo_fijo_dag.py
[2024-11-08T21:39:40.961+0000] {processor.py:914} INFO - Processing file /opt/airflow/dags/plazo_fijo_dag.py for tasks to queue
[2024-11-08T21:39:40.963+0000] {logging_mixin.py:190} INFO - [2024-11-08T21:39:40.963+0000] {dagbag.py:588} INFO - Filling up the DagBag from /opt/airflow/dags/plazo_fijo_dag.py
[2024-11-08T21:39:41.075+0000] {processor.py:925} INFO - DAG(s) 'plazo_fijo_v01' retrieved from /opt/airflow/dags/plazo_fijo_dag.py
[2024-11-08T21:39:41.102+0000] {logging_mixin.py:190} INFO - [2024-11-08T21:39:41.102+0000] {dag.py:3239} INFO - Sync 1 DAGs
[2024-11-08T21:39:41.135+0000] {logging_mixin.py:190} INFO - [2024-11-08T21:39:41.134+0000] {dag.py:4180} INFO - Setting next_dagrun for plazo_fijo_v01 to 2024-11-08 00:00:00+00:00, run_after=2024-11-09 00:00:00+00:00
[2024-11-08T21:39:41.158+0000] {processor.py:208} INFO - Processing /opt/airflow/dags/plazo_fijo_dag.py took 0.206 seconds
[2024-11-08T21:40:11.289+0000] {processor.py:186} INFO - Started process (PID=13108) to work on /opt/airflow/dags/plazo_fijo_dag.py
[2024-11-08T21:40:11.290+0000] {processor.py:914} INFO - Processing file /opt/airflow/dags/plazo_fijo_dag.py for tasks to queue
[2024-11-08T21:40:11.293+0000] {logging_mixin.py:190} INFO - [2024-11-08T21:40:11.293+0000] {dagbag.py:588} INFO - Filling up the DagBag from /opt/airflow/dags/plazo_fijo_dag.py
[2024-11-08T21:40:11.410+0000] {processor.py:925} INFO - DAG(s) 'plazo_fijo_v01' retrieved from /opt/airflow/dags/plazo_fijo_dag.py
[2024-11-08T21:40:11.439+0000] {logging_mixin.py:190} INFO - [2024-11-08T21:40:11.439+0000] {dag.py:3239} INFO - Sync 1 DAGs
[2024-11-08T21:40:11.471+0000] {logging_mixin.py:190} INFO - [2024-11-08T21:40:11.470+0000] {dag.py:4180} INFO - Setting next_dagrun for plazo_fijo_v01 to 2024-11-08 00:00:00+00:00, run_after=2024-11-09 00:00:00+00:00
[2024-11-08T21:40:11.494+0000] {processor.py:208} INFO - Processing /opt/airflow/dags/plazo_fijo_dag.py took 0.211 seconds
[2024-11-08T21:40:41.652+0000] {processor.py:186} INFO - Started process (PID=13154) to work on /opt/airflow/dags/plazo_fijo_dag.py
[2024-11-08T21:40:41.653+0000] {processor.py:914} INFO - Processing file /opt/airflow/dags/plazo_fijo_dag.py for tasks to queue
[2024-11-08T21:40:41.656+0000] {logging_mixin.py:190} INFO - [2024-11-08T21:40:41.655+0000] {dagbag.py:588} INFO - Filling up the DagBag from /opt/airflow/dags/plazo_fijo_dag.py
[2024-11-08T21:40:41.765+0000] {processor.py:925} INFO - DAG(s) 'plazo_fijo_v01' retrieved from /opt/airflow/dags/plazo_fijo_dag.py
[2024-11-08T21:40:41.792+0000] {logging_mixin.py:190} INFO - [2024-11-08T21:40:41.792+0000] {dag.py:3239} INFO - Sync 1 DAGs
[2024-11-08T21:40:41.824+0000] {logging_mixin.py:190} INFO - [2024-11-08T21:40:41.824+0000] {dag.py:4180} INFO - Setting next_dagrun for plazo_fijo_v01 to 2024-11-08 00:00:00+00:00, run_after=2024-11-09 00:00:00+00:00
[2024-11-08T21:40:41.846+0000] {processor.py:208} INFO - Processing /opt/airflow/dags/plazo_fijo_dag.py took 0.203 seconds
