[2024-10-29T01:24:05.421+0000] {local_task_job_runner.py:123} INFO - ::group::Pre task execution logs
[2024-10-29T01:24:05.474+0000] {taskinstance.py:2612} INFO - Dependencies all met for dep_context=non-requeueable deps ti=<TaskInstance: indices_provincias_v01.inflacion_cordoba scheduled__2024-10-27T00:00:00+00:00 [queued]>
[2024-10-29T01:24:05.496+0000] {taskinstance.py:2612} INFO - Dependencies all met for dep_context=requeueable deps ti=<TaskInstance: indices_provincias_v01.inflacion_cordoba scheduled__2024-10-27T00:00:00+00:00 [queued]>
[2024-10-29T01:24:05.496+0000] {taskinstance.py:2865} INFO - Starting attempt 15 of 20
[2024-10-29T01:24:05.519+0000] {taskinstance.py:2888} INFO - Executing <Task(PythonOperator): inflacion_cordoba> on 2024-10-27 00:00:00+00:00
[2024-10-29T01:24:05.528+0000] {standard_task_runner.py:104} INFO - Running: ['***', 'tasks', 'run', 'indices_provincias_v01', 'inflacion_cordoba', 'scheduled__2024-10-27T00:00:00+00:00', '--job-id', '277', '--raw', '--subdir', 'DAGS_FOLDER/second_dag.py', '--cfg-path', '/tmp/tmp44x0itfs']
[2024-10-29T01:24:05.531+0000] {standard_task_runner.py:105} INFO - Job 277: Subtask inflacion_cordoba
[2024-10-29T01:24:05.533+0000] {logging_mixin.py:190} WARNING - /home/***/.local/lib/python3.12/site-packages/***/task/task_runner/standard_task_runner.py:70 DeprecationWarning: This process (pid=7837) is multi-threaded, use of fork() may lead to deadlocks in the child.
[2024-10-29T01:24:05.533+0000] {standard_task_runner.py:72} INFO - Started process 7839 to run task
[2024-10-29T01:24:05.617+0000] {task_command.py:467} INFO - Running <TaskInstance: indices_provincias_v01.inflacion_cordoba scheduled__2024-10-27T00:00:00+00:00 [running]> on host 276004bbea2b
[2024-10-29T01:24:05.997+0000] {taskinstance.py:3131} INFO - Exporting env vars: AIRFLOW_CTX_DAG_OWNER='rolo' AIRFLOW_CTX_DAG_ID='indices_provincias_v01' AIRFLOW_CTX_TASK_ID='inflacion_cordoba' AIRFLOW_CTX_EXECUTION_DATE='2024-10-27T00:00:00+00:00' AIRFLOW_CTX_TRY_NUMBER='15' AIRFLOW_CTX_DAG_RUN_ID='scheduled__2024-10-27T00:00:00+00:00'
[2024-10-29T01:24:05.998+0000] {taskinstance.py:731} INFO - ::endgroup::
[2024-10-29T01:24:41.878+0000] {logging_mixin.py:190} INFO - +---------------+-------------+-----------+
|fecha_inflacion|valor_mensual|valor_anual|
+---------------+-------------+-----------+
|     2022-07-31|         2.22|       21.3|
|     2022-01-31|         1.17|      15.21|
|     2020-04-30|         0.45|      13.68|
|     2016-08-31|         0.06|      10.65|
|     2006-02-28|         0.12|       3.45|
|     2018-06-30|         1.11|       8.85|
|     2006-06-30|         0.15|        3.3|
|     2003-07-31|         0.12|       2.19|
|     2017-07-31|         0.51|       6.42|
|     2008-05-31|         0.18|       2.73|
|     2007-01-31|         0.33|       2.91|
|     2015-12-31|         1.17|       5.55|
|     2010-05-31|         0.21|       3.21|
|     2018-08-31|         1.17|      10.32|
|     2017-02-28|         0.75|       8.73|
|     2012-05-31|         0.24|       2.97|
|     2024-09-30|         1.05|       62.7|
|     2016-09-30|         0.33|      10.65|
|     2017-06-30|         0.36|       6.54|
|     2013-03-31|         0.21|       3.18|
+---------------+-------------+-----------+
only showing top 20 rows
[2024-10-29T01:24:44.839+0000] {python.py:240} INFO - Done. Returned value was: None
[2024-10-29T01:24:44.859+0000] {taskinstance.py:340} INFO - ::group::Post task execution logs
[2024-10-29T01:24:44.860+0000] {taskinstance.py:352} INFO - Marking task as SUCCESS. dag_id=indices_provincias_v01, task_id=inflacion_cordoba, run_id=scheduled__2024-10-27T00:00:00+00:00, execution_date=20241027T000000, start_date=20241029T012405, end_date=20241029T012444
[2024-10-29T01:24:44.923+0000] {local_task_job_runner.py:266} INFO - Task exited with return code 0
[2024-10-29T01:24:44.960+0000] {taskinstance.py:3900} INFO - 0 downstream tasks scheduled from follow-on schedule check
[2024-10-29T01:24:44.972+0000] {local_task_job_runner.py:245} INFO - ::endgroup::
