[2024-10-29T00:57:12.610+0000] {local_task_job_runner.py:123} INFO - ::group::Pre task execution logs
[2024-10-29T00:57:12.632+0000] {taskinstance.py:2612} INFO - Dependencies all met for dep_context=non-requeueable deps ti=<TaskInstance: indices_provincias_v01.inflacion_cordoba scheduled__2024-10-27T00:00:00+00:00 [queued]>
[2024-10-29T00:57:12.643+0000] {taskinstance.py:2612} INFO - Dependencies all met for dep_context=requeueable deps ti=<TaskInstance: indices_provincias_v01.inflacion_cordoba scheduled__2024-10-27T00:00:00+00:00 [queued]>
[2024-10-29T00:57:12.643+0000] {taskinstance.py:2865} INFO - Starting attempt 9 of 14
[2024-10-29T00:57:12.658+0000] {taskinstance.py:2888} INFO - Executing <Task(PythonOperator): inflacion_cordoba> on 2024-10-27 00:00:00+00:00
[2024-10-29T00:57:12.665+0000] {standard_task_runner.py:104} INFO - Running: ['***', 'tasks', 'run', 'indices_provincias_v01', 'inflacion_cordoba', 'scheduled__2024-10-27T00:00:00+00:00', '--job-id', '270', '--raw', '--subdir', 'DAGS_FOLDER/second_dag.py', '--cfg-path', '/tmp/tmpwghesok7']
[2024-10-29T00:57:12.668+0000] {standard_task_runner.py:105} INFO - Job 270: Subtask inflacion_cordoba
[2024-10-29T00:57:12.670+0000] {logging_mixin.py:190} WARNING - /home/***/.local/lib/python3.12/site-packages/***/task/task_runner/standard_task_runner.py:70 DeprecationWarning: This process (pid=5677) is multi-threaded, use of fork() may lead to deadlocks in the child.
[2024-10-29T00:57:12.671+0000] {standard_task_runner.py:72} INFO - Started process 5678 to run task
[2024-10-29T00:57:12.721+0000] {task_command.py:467} INFO - Running <TaskInstance: indices_provincias_v01.inflacion_cordoba scheduled__2024-10-27T00:00:00+00:00 [running]> on host 276004bbea2b
[2024-10-29T00:57:12.948+0000] {taskinstance.py:3131} INFO - Exporting env vars: AIRFLOW_CTX_DAG_OWNER='rolo' AIRFLOW_CTX_DAG_ID='indices_provincias_v01' AIRFLOW_CTX_TASK_ID='inflacion_cordoba' AIRFLOW_CTX_EXECUTION_DATE='2024-10-27T00:00:00+00:00' AIRFLOW_CTX_TRY_NUMBER='9' AIRFLOW_CTX_DAG_RUN_ID='scheduled__2024-10-27T00:00:00+00:00'
[2024-10-29T00:57:12.949+0000] {taskinstance.py:731} INFO - ::endgroup::
[2024-10-29T00:57:25.445+0000] {logging_mixin.py:190} INFO - +---------------+-------------+------------------+
|fecha_inflacion|valor_mensual|       valor_anual|
+---------------+-------------+------------------+
|     2024-09-30|         1.05|62.699999999999996|
|     2024-09-30|         1.05|62.699999999999996|
|     2024-09-30|         1.05|62.699999999999996|
|     2024-09-30|         1.05|62.699999999999996|
|     2024-09-30|         1.05|62.699999999999996|
|     2024-09-30|         1.05|62.699999999999996|
|     2024-09-30|         1.05|62.699999999999996|
|     2024-09-30|         1.05|62.699999999999996|
|     2024-09-30|         1.05|62.699999999999996|
|     2024-09-30|         1.05|62.699999999999996|
|     2024-09-30|         1.05|62.699999999999996|
|     2024-09-30|         1.05|62.699999999999996|
|     2024-09-30|         1.05|62.699999999999996|
|     2024-09-30|         1.05|62.699999999999996|
|     2024-09-30|         1.05|62.699999999999996|
|     2024-09-30|         1.05|62.699999999999996|
|     2024-09-30|         1.05|62.699999999999996|
|     2024-09-30|         1.05|62.699999999999996|
|     2024-09-30|         1.05|62.699999999999996|
|     2024-09-30|         1.05|62.699999999999996|
+---------------+-------------+------------------+
only showing top 20 rows
[2024-10-29T00:57:26.877+0000] {python.py:240} INFO - Done. Returned value was: None
[2024-10-29T00:57:26.887+0000] {taskinstance.py:340} INFO - ::group::Post task execution logs
[2024-10-29T00:57:26.888+0000] {taskinstance.py:352} INFO - Marking task as SUCCESS. dag_id=indices_provincias_v01, task_id=inflacion_cordoba, run_id=scheduled__2024-10-27T00:00:00+00:00, execution_date=20241027T000000, start_date=20241029T005712, end_date=20241029T005726
[2024-10-29T00:57:26.925+0000] {local_task_job_runner.py:266} INFO - Task exited with return code 0
[2024-10-29T00:57:26.946+0000] {taskinstance.py:3900} INFO - 0 downstream tasks scheduled from follow-on schedule check
[2024-10-29T00:57:26.948+0000] {local_task_job_runner.py:245} INFO - ::endgroup::
