[2024-10-29T01:17:43.355+0000] {local_task_job_runner.py:123} INFO - ::group::Pre task execution logs
[2024-10-29T01:17:43.377+0000] {taskinstance.py:2612} INFO - Dependencies all met for dep_context=non-requeueable deps ti=<TaskInstance: indices_provincias_v01.inflacion_cordoba scheduled__2024-10-27T00:00:00+00:00 [queued]>
[2024-10-29T01:17:43.388+0000] {taskinstance.py:2612} INFO - Dependencies all met for dep_context=requeueable deps ti=<TaskInstance: indices_provincias_v01.inflacion_cordoba scheduled__2024-10-27T00:00:00+00:00 [queued]>
[2024-10-29T01:17:43.388+0000] {taskinstance.py:2865} INFO - Starting attempt 14 of 19
[2024-10-29T01:17:43.405+0000] {taskinstance.py:2888} INFO - Executing <Task(PythonOperator): inflacion_cordoba> on 2024-10-27 00:00:00+00:00
[2024-10-29T01:17:43.414+0000] {standard_task_runner.py:104} INFO - Running: ['***', 'tasks', 'run', 'indices_provincias_v01', 'inflacion_cordoba', 'scheduled__2024-10-27T00:00:00+00:00', '--job-id', '275', '--raw', '--subdir', 'DAGS_FOLDER/second_dag.py', '--cfg-path', '/tmp/tmpb58zgkrx']
[2024-10-29T01:17:43.416+0000] {standard_task_runner.py:105} INFO - Job 275: Subtask inflacion_cordoba
[2024-10-29T01:17:43.419+0000] {logging_mixin.py:190} WARNING - /home/***/.local/lib/python3.12/site-packages/***/task/task_runner/standard_task_runner.py:70 DeprecationWarning: This process (pid=7320) is multi-threaded, use of fork() may lead to deadlocks in the child.
[2024-10-29T01:17:43.419+0000] {standard_task_runner.py:72} INFO - Started process 7321 to run task
[2024-10-29T01:17:43.468+0000] {task_command.py:467} INFO - Running <TaskInstance: indices_provincias_v01.inflacion_cordoba scheduled__2024-10-27T00:00:00+00:00 [running]> on host 276004bbea2b
[2024-10-29T01:17:43.701+0000] {taskinstance.py:3131} INFO - Exporting env vars: AIRFLOW_CTX_DAG_OWNER='rolo' AIRFLOW_CTX_DAG_ID='indices_provincias_v01' AIRFLOW_CTX_TASK_ID='inflacion_cordoba' AIRFLOW_CTX_EXECUTION_DATE='2024-10-27T00:00:00+00:00' AIRFLOW_CTX_TRY_NUMBER='14' AIRFLOW_CTX_DAG_RUN_ID='scheduled__2024-10-27T00:00:00+00:00'
[2024-10-29T01:17:43.702+0000] {taskinstance.py:731} INFO - ::endgroup::
[2024-10-29T01:17:58.358+0000] {logging_mixin.py:190} INFO - +---------------+-------------------+------------------+
|fecha_inflacion|      valor_mensual|       valor_anual|
+---------------+-------------------+------------------+
|     2022-07-31|               2.22|              21.3|
|     2022-01-31|               1.17|             15.21|
|     2020-04-30|0.44999999999999996|             13.68|
|     2016-08-31|               0.06|             10.65|
|     2006-02-28|               0.12|3.4499999999999997|
|     2018-06-30|               1.11|              8.85|
|     2006-06-30|               0.15|               3.3|
|     2003-07-31|               0.12|              2.19|
|     2017-07-31|               0.51| 6.419999999999999|
|     2008-05-31|               0.18|              2.73|
|     2007-01-31|               0.33|2.9099999999999997|
|     2015-12-31|               1.17|              5.55|
|     2010-05-31|               0.21|3.2099999999999995|
|     2018-08-31|               1.17|10.319999999999999|
|     2017-02-28|               0.75|              8.73|
|     2012-05-31|               0.24|              2.97|
|     2024-09-30|               1.05|62.699999999999996|
|     2016-09-30|               0.33|             10.65|
|     2017-06-30|               0.36|              6.54|
|     2013-03-31|               0.21|3.1799999999999997|
+---------------+-------------------+------------------+
only showing top 20 rows
[2024-10-29T01:18:00.022+0000] {python.py:240} INFO - Done. Returned value was: None
[2024-10-29T01:18:00.036+0000] {taskinstance.py:340} INFO - ::group::Post task execution logs
[2024-10-29T01:18:00.037+0000] {taskinstance.py:352} INFO - Marking task as SUCCESS. dag_id=indices_provincias_v01, task_id=inflacion_cordoba, run_id=scheduled__2024-10-27T00:00:00+00:00, execution_date=20241027T000000, start_date=20241029T011743, end_date=20241029T011800
[2024-10-29T01:18:00.093+0000] {local_task_job_runner.py:266} INFO - Task exited with return code 0
[2024-10-29T01:18:00.114+0000] {taskinstance.py:3900} INFO - 0 downstream tasks scheduled from follow-on schedule check
[2024-10-29T01:18:00.116+0000] {local_task_job_runner.py:245} INFO - ::endgroup::
