[2024-10-29T01:02:10.773+0000] {local_task_job_runner.py:123} INFO - ::group::Pre task execution logs
[2024-10-29T01:02:10.795+0000] {taskinstance.py:2612} INFO - Dependencies all met for dep_context=non-requeueable deps ti=<TaskInstance: indices_provincias_v01.inflacion_cordoba scheduled__2024-10-27T00:00:00+00:00 [queued]>
[2024-10-29T01:02:10.807+0000] {taskinstance.py:2612} INFO - Dependencies all met for dep_context=requeueable deps ti=<TaskInstance: indices_provincias_v01.inflacion_cordoba scheduled__2024-10-27T00:00:00+00:00 [queued]>
[2024-10-29T01:02:10.808+0000] {taskinstance.py:2865} INFO - Starting attempt 11 of 16
[2024-10-29T01:02:10.823+0000] {taskinstance.py:2888} INFO - Executing <Task(PythonOperator): inflacion_cordoba> on 2024-10-27 00:00:00+00:00
[2024-10-29T01:02:10.831+0000] {standard_task_runner.py:104} INFO - Running: ['***', 'tasks', 'run', 'indices_provincias_v01', 'inflacion_cordoba', 'scheduled__2024-10-27T00:00:00+00:00', '--job-id', '272', '--raw', '--subdir', 'DAGS_FOLDER/second_dag.py', '--cfg-path', '/tmp/tmpb1ws1_qb']
[2024-10-29T01:02:10.834+0000] {standard_task_runner.py:105} INFO - Job 272: Subtask inflacion_cordoba
[2024-10-29T01:02:10.837+0000] {logging_mixin.py:190} WARNING - /home/***/.local/lib/python3.12/site-packages/***/task/task_runner/standard_task_runner.py:70 DeprecationWarning: This process (pid=6229) is multi-threaded, use of fork() may lead to deadlocks in the child.
[2024-10-29T01:02:10.838+0000] {standard_task_runner.py:72} INFO - Started process 6230 to run task
[2024-10-29T01:02:10.885+0000] {task_command.py:467} INFO - Running <TaskInstance: indices_provincias_v01.inflacion_cordoba scheduled__2024-10-27T00:00:00+00:00 [running]> on host 276004bbea2b
[2024-10-29T01:02:11.198+0000] {taskinstance.py:3131} INFO - Exporting env vars: AIRFLOW_CTX_DAG_OWNER='rolo' AIRFLOW_CTX_DAG_ID='indices_provincias_v01' AIRFLOW_CTX_TASK_ID='inflacion_cordoba' AIRFLOW_CTX_EXECUTION_DATE='2024-10-27T00:00:00+00:00' AIRFLOW_CTX_TRY_NUMBER='11' AIRFLOW_CTX_DAG_RUN_ID='scheduled__2024-10-27T00:00:00+00:00'
[2024-10-29T01:02:11.198+0000] {taskinstance.py:731} INFO - ::endgroup::
[2024-10-29T01:02:28.058+0000] {logging_mixin.py:190} INFO - +---------------+-------------+------------------+
|fecha_inflacion|valor_mensual|       valor_anual|
+---------------+-------------+------------------+
|     2024-09-30|         1.05|62.699999999999996|
|     2024-09-30|         1.05|62.699999999999996|
|     2024-09-30|         1.05|62.699999999999996|
|     2024-09-30|         1.05|62.699999999999996|
|     2024-09-30|         1.05|62.699999999999996|
|     2024-09-30|         1.05|62.699999999999996|
|     2024-09-30|         1.05|62.699999999999996|
|     2024-09-30|         1.05|62.699999999999996|
|     2024-09-30|         1.05|62.699999999999996|
|     2024-09-30|         1.05|62.699999999999996|
|     2024-09-30|         1.05|62.699999999999996|
|     2024-09-30|         1.05|62.699999999999996|
|     2024-09-30|         1.05|62.699999999999996|
|     2024-09-30|         1.05|62.699999999999996|
|     2024-09-30|         1.05|62.699999999999996|
|     2024-09-30|         1.05|62.699999999999996|
|     2024-09-30|         1.05|62.699999999999996|
|     2024-09-30|         1.05|62.699999999999996|
|     2024-09-30|         1.05|62.699999999999996|
|     2024-09-30|         1.05|62.699999999999996|
+---------------+-------------+------------------+
only showing top 20 rows
[2024-10-29T01:02:30.325+0000] {python.py:240} INFO - Done. Returned value was: None
[2024-10-29T01:02:30.343+0000] {taskinstance.py:340} INFO - ::group::Post task execution logs
[2024-10-29T01:02:30.344+0000] {taskinstance.py:352} INFO - Marking task as SUCCESS. dag_id=indices_provincias_v01, task_id=inflacion_cordoba, run_id=scheduled__2024-10-27T00:00:00+00:00, execution_date=20241027T000000, start_date=20241029T010210, end_date=20241029T010230
[2024-10-29T01:02:30.389+0000] {local_task_job_runner.py:266} INFO - Task exited with return code 0
[2024-10-29T01:02:30.415+0000] {taskinstance.py:3900} INFO - 0 downstream tasks scheduled from follow-on schedule check
[2024-10-29T01:02:30.417+0000] {local_task_job_runner.py:245} INFO - ::endgroup::
