[2024-10-25T06:18:01.707+0000] {local_task_job_runner.py:123} INFO - ::group::Pre task execution logs
[2024-10-25T06:18:01.725+0000] {taskinstance.py:2612} INFO - Dependencies all met for dep_context=non-requeueable deps ti=<TaskInstance: indices_argentina_v02.extract_and_land scheduled__2024-10-23T00:00:00+00:00 [queued]>
[2024-10-25T06:18:01.736+0000] {taskinstance.py:2612} INFO - Dependencies all met for dep_context=requeueable deps ti=<TaskInstance: indices_argentina_v02.extract_and_land scheduled__2024-10-23T00:00:00+00:00 [queued]>
[2024-10-25T06:18:01.736+0000] {taskinstance.py:2865} INFO - Starting attempt 3 of 8
[2024-10-25T06:18:01.752+0000] {taskinstance.py:2888} INFO - Executing <Task(PythonOperator): extract_and_land> on 2024-10-23 00:00:00+00:00
[2024-10-25T06:18:01.757+0000] {clientserver.py:543} INFO - Closing down clientserver connection
[2024-10-25T06:18:01.763+0000] {standard_task_runner.py:104} INFO - Running: ['***', 'tasks', 'run', 'indices_argentina_v02', 'extract_and_land', 'scheduled__2024-10-23T00:00:00+00:00', '--job-id', '55', '--raw', '--subdir', 'DAGS_FOLDER/first_dag.py', '--cfg-path', '/tmp/tmpwu996iqa']
[2024-10-25T06:18:01.766+0000] {standard_task_runner.py:105} INFO - Job 55: Subtask extract_and_land
[2024-10-25T06:18:01.770+0000] {logging_mixin.py:190} WARNING - /home/***/.local/lib/python3.12/site-packages/***/task/task_runner/standard_task_runner.py:70 DeprecationWarning: This process (pid=73654) is multi-threaded, use of fork() may lead to deadlocks in the child.
[2024-10-25T06:18:01.771+0000] {standard_task_runner.py:72} INFO - Started process 73755 to run task
[2024-10-25T06:18:01.817+0000] {task_command.py:467} INFO - Running <TaskInstance: indices_argentina_v02.extract_and_land scheduled__2024-10-23T00:00:00+00:00 [running]> on host 1ed3068e8402
[2024-10-25T06:18:02.044+0000] {taskinstance.py:3131} INFO - Exporting env vars: AIRFLOW_CTX_DAG_OWNER='rolo' AIRFLOW_CTX_DAG_ID='indices_argentina_v02' AIRFLOW_CTX_TASK_ID='extract_and_land' AIRFLOW_CTX_EXECUTION_DATE='2024-10-23T00:00:00+00:00' AIRFLOW_CTX_TRY_NUMBER='3' AIRFLOW_CTX_DAG_RUN_ID='scheduled__2024-10-23T00:00:00+00:00'
[2024-10-25T06:18:02.045+0000] {taskinstance.py:731} INFO - ::endgroup::
[2024-10-25T06:18:02.566+0000] {clientserver.py:505} INFO - Error while sending or receiving.
Traceback (most recent call last):
  File "/home/airflow/.local/lib/python3.12/site-packages/py4j/clientserver.py", line 503, in send_command
    self.socket.sendall(command.encode("utf-8"))
ConnectionResetError: [Errno 104] Connection reset by peer
[2024-10-25T06:18:02.567+0000] {clientserver.py:543} INFO - Closing down clientserver connection
[2024-10-25T06:18:02.568+0000] {java_gateway.py:1052} INFO - Exception while sending command.
Traceback (most recent call last):
  File "/home/airflow/.local/lib/python3.12/site-packages/py4j/clientserver.py", line 503, in send_command
    self.socket.sendall(command.encode("utf-8"))
ConnectionResetError: [Errno 104] Connection reset by peer

During handling of the above exception, another exception occurred:

Traceback (most recent call last):
  File "/home/airflow/.local/lib/python3.12/site-packages/py4j/java_gateway.py", line 1038, in send_command
    response = connection.send_command(command)
               ^^^^^^^^^^^^^^^^^^^^^^^^^^^^^^^^
  File "/home/airflow/.local/lib/python3.12/site-packages/py4j/clientserver.py", line 506, in send_command
    raise Py4JNetworkError(
py4j.protocol.Py4JNetworkError: Error while sending
[2024-10-25T06:18:02.570+0000] {clientserver.py:543} INFO - Closing down clientserver connection
[2024-10-25T06:18:02.715+0000] {logging_mixin.py:190} INFO - <Response [200]>
[2024-10-25T06:18:02.716+0000] {python.py:240} INFO - Done. Returned value was: None
[2024-10-25T06:18:02.731+0000] {taskinstance.py:340} INFO - ::group::Post task execution logs
[2024-10-25T06:18:02.731+0000] {taskinstance.py:352} INFO - Marking task as SUCCESS. dag_id=indices_argentina_v02, task_id=extract_and_land, run_id=scheduled__2024-10-23T00:00:00+00:00, execution_date=20241023T000000, start_date=20241025T061801, end_date=20241025T061802
[2024-10-25T06:18:02.788+0000] {local_task_job_runner.py:266} INFO - Task exited with return code 0
[2024-10-25T06:18:02.821+0000] {taskinstance.py:3900} INFO - 1 downstream tasks scheduled from follow-on schedule check
[2024-10-25T06:18:02.823+0000] {local_task_job_runner.py:245} INFO - ::endgroup::
