[2024-10-27T22:27:10.644+0000] {local_task_job_runner.py:123} INFO - ::group::Pre task execution logs
[2024-10-27T22:27:10.664+0000] {taskinstance.py:2612} INFO - Dependencies all met for dep_context=non-requeueable deps ti=<TaskInstance: indices_argentina_v05.transform scheduled__2024-10-26T00:00:00+00:00 [queued]>
[2024-10-27T22:27:10.674+0000] {taskinstance.py:2612} INFO - Dependencies all met for dep_context=requeueable deps ti=<TaskInstance: indices_argentina_v05.transform scheduled__2024-10-26T00:00:00+00:00 [queued]>
[2024-10-27T22:27:10.675+0000] {taskinstance.py:2865} INFO - Starting attempt 1 of 6
[2024-10-27T22:27:10.690+0000] {taskinstance.py:2888} INFO - Executing <Task(PythonOperator): transform> on 2024-10-26 00:00:00+00:00
[2024-10-27T22:27:10.698+0000] {standard_task_runner.py:104} INFO - Running: ['***', 'tasks', 'run', 'indices_argentina_v05', 'transform', 'scheduled__2024-10-26T00:00:00+00:00', '--job-id', '168', '--raw', '--subdir', 'DAGS_FOLDER/first_dag.py', '--cfg-path', '/tmp/tmpdlevwmx8']
[2024-10-27T22:27:10.700+0000] {standard_task_runner.py:105} INFO - Job 168: Subtask transform
[2024-10-27T22:27:10.703+0000] {logging_mixin.py:190} WARNING - /home/***/.local/lib/python3.12/site-packages/***/task/task_runner/standard_task_runner.py:70 DeprecationWarning: This process (pid=2709) is multi-threaded, use of fork() may lead to deadlocks in the child.
[2024-10-27T22:27:10.704+0000] {standard_task_runner.py:72} INFO - Started process 2710 to run task
[2024-10-27T22:27:10.750+0000] {task_command.py:467} INFO - Running <TaskInstance: indices_argentina_v05.transform scheduled__2024-10-26T00:00:00+00:00 [running]> on host d9df5aecafce
[2024-10-27T22:27:10.976+0000] {taskinstance.py:3131} INFO - Exporting env vars: AIRFLOW_CTX_DAG_OWNER='rolo' AIRFLOW_CTX_DAG_ID='indices_argentina_v05' AIRFLOW_CTX_TASK_ID='transform' AIRFLOW_CTX_EXECUTION_DATE='2024-10-26T00:00:00+00:00' AIRFLOW_CTX_TRY_NUMBER='1' AIRFLOW_CTX_DAG_RUN_ID='scheduled__2024-10-26T00:00:00+00:00'
[2024-10-27T22:27:10.977+0000] {taskinstance.py:731} INFO - ::endgroup::
[2024-10-27T22:27:29.853+0000] {logging_mixin.py:190} INFO - Error: [CANNOT_CONVERT_COLUMN_INTO_BOOL] Cannot convert column into bool: please use '&' for 'and', '|' for 'or', '~' for 'not' when building DataFrame boolean expressions.
[2024-10-27T22:27:30.530+0000] {python.py:240} INFO - Done. Returned value was: None
[2024-10-27T22:27:30.588+0000] {taskinstance.py:340} INFO - ::group::Post task execution logs
[2024-10-27T22:27:30.606+0000] {taskinstance.py:352} INFO - Marking task as SUCCESS. dag_id=indices_argentina_v05, task_id=transform, run_id=scheduled__2024-10-26T00:00:00+00:00, execution_date=20241026T000000, start_date=20241027T222710, end_date=20241027T222730
[2024-10-27T22:27:30.692+0000] {local_task_job_runner.py:266} INFO - Task exited with return code 0
[2024-10-27T22:27:30.710+0000] {standard_task_runner.py:217} INFO - Process not found (most likely exited), stop collecting metrics
[2024-10-27T22:27:30.764+0000] {taskinstance.py:3900} INFO - 1 downstream tasks scheduled from follow-on schedule check
[2024-10-27T22:27:30.774+0000] {local_task_job_runner.py:245} INFO - ::endgroup::
