[2024-10-29T22:08:38.972+0000] {local_task_job_runner.py:123} INFO - ::group::Pre task execution logs
[2024-10-29T22:08:38.991+0000] {taskinstance.py:2612} INFO - Dependencies all met for dep_context=non-requeueable deps ti=<TaskInstance: ipc_inflation_v01.extract_and_land scheduled__2024-10-28T00:00:00+00:00 [queued]>
[2024-10-29T22:08:38.999+0000] {taskinstance.py:2612} INFO - Dependencies all met for dep_context=requeueable deps ti=<TaskInstance: ipc_inflation_v01.extract_and_land scheduled__2024-10-28T00:00:00+00:00 [queued]>
[2024-10-29T22:08:39.000+0000] {taskinstance.py:2865} INFO - Starting attempt 4 of 9
[2024-10-29T22:08:39.015+0000] {taskinstance.py:2888} INFO - Executing <Task(PythonOperator): extract_and_land> on 2024-10-28 00:00:00+00:00
[2024-10-29T22:08:39.022+0000] {standard_task_runner.py:104} INFO - Running: ['***', 'tasks', 'run', 'ipc_inflation_v01', 'extract_and_land', 'scheduled__2024-10-28T00:00:00+00:00', '--job-id', '312', '--raw', '--subdir', 'DAGS_FOLDER/ipc_dag.py', '--cfg-path', '/tmp/tmp9msotyp6']
[2024-10-29T22:08:39.025+0000] {standard_task_runner.py:105} INFO - Job 312: Subtask extract_and_land
[2024-10-29T22:08:39.027+0000] {logging_mixin.py:190} WARNING - /home/***/.local/lib/python3.12/site-packages/***/task/task_runner/standard_task_runner.py:70 DeprecationWarning: This process (pid=6087) is multi-threaded, use of fork() may lead to deadlocks in the child.
[2024-10-29T22:08:39.028+0000] {standard_task_runner.py:72} INFO - Started process 6088 to run task
[2024-10-29T22:08:39.073+0000] {task_command.py:467} INFO - Running <TaskInstance: ipc_inflation_v01.extract_and_land scheduled__2024-10-28T00:00:00+00:00 [running]> on host 276004bbea2b
[2024-10-29T22:08:39.320+0000] {taskinstance.py:3131} INFO - Exporting env vars: AIRFLOW_CTX_DAG_OWNER='rolo' AIRFLOW_CTX_DAG_ID='ipc_inflation_v01' AIRFLOW_CTX_TASK_ID='extract_and_land' AIRFLOW_CTX_EXECUTION_DATE='2024-10-28T00:00:00+00:00' AIRFLOW_CTX_TRY_NUMBER='4' AIRFLOW_CTX_DAG_RUN_ID='scheduled__2024-10-28T00:00:00+00:00'
[2024-10-29T22:08:39.321+0000] {taskinstance.py:731} INFO - ::endgroup::
[2024-10-29T22:08:45.841+0000] {logging_mixin.py:190} INFO - CSV successfully downloaded
[2024-10-29T22:08:52.179+0000] {logging_mixin.py:190} INFO - ['Codigo;Descripcion;Clasificador;Periodo;Indice_IPC;v_m_IPC;v_i_a_IPC;Region']
[2024-10-29T22:08:52.438+0000] {logging_mixin.py:190} INFO - Error: [UNRESOLVED_COLUMN.WITH_SUGGESTION] A column or function parameter with name `Periodo` cannot be resolved. Did you mean one of the following? [`Codigo;Descripcion;Clasificador;Periodo;Indice_IPC;v_m_IPC;v_i_a_IPC;Region`].;
'Project ['Periodo, 'v_m_IPC, 'v_i_a_IPC]
+- Relation [Codigo;Descripcion;Clasificador;Periodo;Indice_IPC;v_m_IPC;v_i_a_IPC;Region#17] csv
[2024-10-29T22:08:52.787+0000] {python.py:240} INFO - Done. Returned value was: None
[2024-10-29T22:08:52.798+0000] {taskinstance.py:340} INFO - ::group::Post task execution logs
[2024-10-29T22:08:52.798+0000] {taskinstance.py:352} INFO - Marking task as SUCCESS. dag_id=ipc_inflation_v01, task_id=extract_and_land, run_id=scheduled__2024-10-28T00:00:00+00:00, execution_date=20241028T000000, start_date=20241029T220838, end_date=20241029T220852
[2024-10-29T22:08:52.850+0000] {local_task_job_runner.py:266} INFO - Task exited with return code 0
[2024-10-29T22:08:52.887+0000] {taskinstance.py:3900} INFO - 0 downstream tasks scheduled from follow-on schedule check
[2024-10-29T22:08:52.889+0000] {local_task_job_runner.py:245} INFO - ::endgroup::
