[2024-10-29T22:07:09.988+0000] {local_task_job_runner.py:123} INFO - ::group::Pre task execution logs
[2024-10-29T22:07:10.007+0000] {taskinstance.py:2612} INFO - Dependencies all met for dep_context=non-requeueable deps ti=<TaskInstance: ipc_inflation_v01.extract_and_land scheduled__2024-10-28T00:00:00+00:00 [queued]>
[2024-10-29T22:07:10.017+0000] {taskinstance.py:2612} INFO - Dependencies all met for dep_context=requeueable deps ti=<TaskInstance: ipc_inflation_v01.extract_and_land scheduled__2024-10-28T00:00:00+00:00 [queued]>
[2024-10-29T22:07:10.018+0000] {taskinstance.py:2865} INFO - Starting attempt 3 of 8
[2024-10-29T22:07:10.034+0000] {taskinstance.py:2888} INFO - Executing <Task(PythonOperator): extract_and_land> on 2024-10-28 00:00:00+00:00
[2024-10-29T22:07:10.041+0000] {standard_task_runner.py:104} INFO - Running: ['***', 'tasks', 'run', 'ipc_inflation_v01', 'extract_and_land', 'scheduled__2024-10-28T00:00:00+00:00', '--job-id', '311', '--raw', '--subdir', 'DAGS_FOLDER/ipc_dag.py', '--cfg-path', '/tmp/tmp03tvv4zz']
[2024-10-29T22:07:10.043+0000] {standard_task_runner.py:105} INFO - Job 311: Subtask extract_and_land
[2024-10-29T22:07:10.046+0000] {logging_mixin.py:190} WARNING - /home/***/.local/lib/python3.12/site-packages/***/task/task_runner/standard_task_runner.py:70 DeprecationWarning: This process (pid=5881) is multi-threaded, use of fork() may lead to deadlocks in the child.
[2024-10-29T22:07:10.047+0000] {standard_task_runner.py:72} INFO - Started process 5882 to run task
[2024-10-29T22:07:10.095+0000] {task_command.py:467} INFO - Running <TaskInstance: ipc_inflation_v01.extract_and_land scheduled__2024-10-28T00:00:00+00:00 [running]> on host 276004bbea2b
[2024-10-29T22:07:10.343+0000] {taskinstance.py:3131} INFO - Exporting env vars: AIRFLOW_CTX_DAG_OWNER='rolo' AIRFLOW_CTX_DAG_ID='ipc_inflation_v01' AIRFLOW_CTX_TASK_ID='extract_and_land' AIRFLOW_CTX_EXECUTION_DATE='2024-10-28T00:00:00+00:00' AIRFLOW_CTX_TRY_NUMBER='3' AIRFLOW_CTX_DAG_RUN_ID='scheduled__2024-10-28T00:00:00+00:00'
[2024-10-29T22:07:10.343+0000] {taskinstance.py:731} INFO - ::endgroup::
[2024-10-29T22:07:18.061+0000] {logging_mixin.py:190} INFO - CSV successfully downloaded
[2024-10-29T22:07:24.850+0000] {logging_mixin.py:190} INFO - Error: [UNRESOLVED_COLUMN.WITH_SUGGESTION] A column or function parameter with name `Periodo` cannot be resolved. Did you mean one of the following? [`Codigo;Descripcion;Clasificador;Periodo;Indice_IPC;v_m_IPC;v_i_a_IPC;Region`].;
'Project ['Periodo, 'v_m_IPC, 'v_i_a_IPC]
+- Relation [Codigo;Descripcion;Clasificador;Periodo;Indice_IPC;v_m_IPC;v_i_a_IPC;Region#17] csv
[2024-10-29T22:07:25.020+0000] {python.py:240} INFO - Done. Returned value was: None
[2024-10-29T22:07:25.033+0000] {taskinstance.py:340} INFO - ::group::Post task execution logs
[2024-10-29T22:07:25.034+0000] {taskinstance.py:352} INFO - Marking task as SUCCESS. dag_id=ipc_inflation_v01, task_id=extract_and_land, run_id=scheduled__2024-10-28T00:00:00+00:00, execution_date=20241028T000000, start_date=20241029T220710, end_date=20241029T220725
[2024-10-29T22:07:25.085+0000] {local_task_job_runner.py:266} INFO - Task exited with return code 0
[2024-10-29T22:07:25.101+0000] {taskinstance.py:3900} INFO - 0 downstream tasks scheduled from follow-on schedule check
[2024-10-29T22:07:25.103+0000] {local_task_job_runner.py:245} INFO - ::endgroup::
