[2024-10-29T00:36:34.074+0000] {local_task_job_runner.py:123} INFO - ::group::Pre task execution logs
[2024-10-29T00:36:34.129+0000] {taskinstance.py:2612} INFO - Dependencies all met for dep_context=non-requeueable deps ti=<TaskInstance: indices_provincias_v01.inflacion_parana scheduled__2024-10-27T00:00:00+00:00 [queued]>
[2024-10-29T00:36:34.146+0000] {taskinstance.py:2612} INFO - Dependencies all met for dep_context=requeueable deps ti=<TaskInstance: indices_provincias_v01.inflacion_parana scheduled__2024-10-27T00:00:00+00:00 [queued]>
[2024-10-29T00:36:34.147+0000] {taskinstance.py:2865} INFO - Starting attempt 8 of 13
[2024-10-29T00:36:34.175+0000] {taskinstance.py:2888} INFO - Executing <Task(PythonOperator): inflacion_parana> on 2024-10-27 00:00:00+00:00
[2024-10-29T00:36:34.192+0000] {logging_mixin.py:190} WARNING - /home/***/.local/lib/python3.12/site-packages/***/task/task_runner/standard_task_runner.py:70 DeprecationWarning: This process (pid=3418) is multi-threaded, use of fork() may lead to deadlocks in the child.
[2024-10-29T00:36:34.193+0000] {standard_task_runner.py:72} INFO - Started process 3426 to run task
[2024-10-29T00:36:34.205+0000] {standard_task_runner.py:104} INFO - Running: ['***', 'tasks', 'run', 'indices_provincias_v01', 'inflacion_parana', 'scheduled__2024-10-27T00:00:00+00:00', '--job-id', '263', '--raw', '--subdir', 'DAGS_FOLDER/second_dag.py', '--cfg-path', '/tmp/tmpfo5nx1bl']
[2024-10-29T00:36:34.219+0000] {standard_task_runner.py:105} INFO - Job 263: Subtask inflacion_parana
[2024-10-29T00:36:34.508+0000] {task_command.py:467} INFO - Running <TaskInstance: indices_provincias_v01.inflacion_parana scheduled__2024-10-27T00:00:00+00:00 [running]> on host 276004bbea2b
[2024-10-29T00:36:35.344+0000] {taskinstance.py:3131} INFO - Exporting env vars: AIRFLOW_CTX_DAG_OWNER='rolo' AIRFLOW_CTX_DAG_ID='indices_provincias_v01' AIRFLOW_CTX_TASK_ID='inflacion_parana' AIRFLOW_CTX_EXECUTION_DATE='2024-10-27T00:00:00+00:00' AIRFLOW_CTX_TRY_NUMBER='8' AIRFLOW_CTX_DAG_RUN_ID='scheduled__2024-10-27T00:00:00+00:00'
[2024-10-29T00:36:35.345+0000] {taskinstance.py:731} INFO - ::endgroup::
[2024-10-29T00:37:04.589+0000] {logging_mixin.py:190} INFO - +---------------+-------------------+------------------+
|fecha_inflacion|      valor_mensual|       valor_anual|
+---------------+-------------------+------------------+
|     2024-09-30|0.35000000000000003|20.900000000000002|
|     2024-09-30|0.35000000000000003|20.900000000000002|
|     2024-09-30|0.35000000000000003|20.900000000000002|
|     2024-09-30|0.35000000000000003|20.900000000000002|
|     2024-09-30|0.35000000000000003|20.900000000000002|
|     2024-09-30|0.35000000000000003|20.900000000000002|
|     2024-09-30|0.35000000000000003|20.900000000000002|
|     2024-09-30|0.35000000000000003|20.900000000000002|
|     2024-09-30|0.35000000000000003|20.900000000000002|
|     2024-09-30|0.35000000000000003|20.900000000000002|
|     2024-09-30|0.35000000000000003|20.900000000000002|
|     2024-09-30|0.35000000000000003|20.900000000000002|
|     2024-09-30|0.35000000000000003|20.900000000000002|
|     2024-09-30|0.35000000000000003|20.900000000000002|
|     2024-09-30|0.35000000000000003|20.900000000000002|
|     2024-09-30|0.35000000000000003|20.900000000000002|
|     2024-09-30|0.35000000000000003|20.900000000000002|
|     2024-09-30|0.35000000000000003|20.900000000000002|
|     2024-09-30|0.35000000000000003|20.900000000000002|
|     2024-09-30|0.35000000000000003|20.900000000000002|
+---------------+-------------------+------------------+
only showing top 20 rows
[2024-10-29T00:37:06.433+0000] {python.py:240} INFO - Done. Returned value was: None
[2024-10-29T00:37:06.446+0000] {taskinstance.py:340} INFO - ::group::Post task execution logs
[2024-10-29T00:37:06.446+0000] {taskinstance.py:352} INFO - Marking task as SUCCESS. dag_id=indices_provincias_v01, task_id=inflacion_parana, run_id=scheduled__2024-10-27T00:00:00+00:00, execution_date=20241027T000000, start_date=20241029T003634, end_date=20241029T003706
[2024-10-29T00:37:06.470+0000] {local_task_job_runner.py:266} INFO - Task exited with return code 0
[2024-10-29T00:37:06.490+0000] {taskinstance.py:3900} INFO - 0 downstream tasks scheduled from follow-on schedule check
[2024-10-29T00:37:06.492+0000] {local_task_job_runner.py:245} INFO - ::endgroup::
