[2024-11-06T01:09:16.839+0000] {processor.py:186} INFO - Started process (PID=202) to work on /opt/airflow/dags/banco_mundial_indicators_dag.py
[2024-11-06T01:09:16.840+0000] {processor.py:914} INFO - Processing file /opt/airflow/dags/banco_mundial_indicators_dag.py for tasks to queue
[2024-11-06T01:09:16.853+0000] {logging_mixin.py:190} INFO - [2024-11-06T01:09:16.852+0000] {dagbag.py:588} INFO - Filling up the DagBag from /opt/airflow/dags/banco_mundial_indicators_dag.py
[2024-11-06T01:09:17.616+0000] {processor.py:925} INFO - DAG(s) 'banco_mundial_indicators_v02' retrieved from /opt/airflow/dags/banco_mundial_indicators_dag.py
[2024-11-06T01:09:17.751+0000] {logging_mixin.py:190} INFO - [2024-11-06T01:09:17.750+0000] {dag.py:3239} INFO - Sync 1 DAGs
[2024-11-06T01:09:17.922+0000] {logging_mixin.py:190} INFO - [2024-11-06T01:09:17.921+0000] {dag.py:4180} INFO - Setting next_dagrun for banco_mundial_indicators_v02 to 2024-11-06 00:00:00+00:00, run_after=2024-11-07 00:00:00+00:00
[2024-11-06T01:09:18.013+0000] {processor.py:208} INFO - Processing /opt/airflow/dags/banco_mundial_indicators_dag.py took 1.219 seconds
[2024-11-06T01:09:48.210+0000] {processor.py:186} INFO - Started process (PID=992) to work on /opt/airflow/dags/banco_mundial_indicators_dag.py
[2024-11-06T01:09:48.217+0000] {processor.py:914} INFO - Processing file /opt/airflow/dags/banco_mundial_indicators_dag.py for tasks to queue
[2024-11-06T01:09:48.225+0000] {logging_mixin.py:190} INFO - [2024-11-06T01:09:48.224+0000] {dagbag.py:588} INFO - Filling up the DagBag from /opt/airflow/dags/banco_mundial_indicators_dag.py
[2024-11-06T01:09:48.791+0000] {processor.py:925} INFO - DAG(s) 'banco_mundial_indicators_v02' retrieved from /opt/airflow/dags/banco_mundial_indicators_dag.py
[2024-11-06T01:09:48.916+0000] {logging_mixin.py:190} INFO - [2024-11-06T01:09:48.916+0000] {dag.py:3239} INFO - Sync 1 DAGs
[2024-11-06T01:09:49.082+0000] {logging_mixin.py:190} INFO - [2024-11-06T01:09:49.082+0000] {dag.py:4180} INFO - Setting next_dagrun for banco_mundial_indicators_v02 to 2024-11-06 00:00:00+00:00, run_after=2024-11-07 00:00:00+00:00
[2024-11-06T01:09:49.212+0000] {processor.py:208} INFO - Processing /opt/airflow/dags/banco_mundial_indicators_dag.py took 1.014 seconds
[2024-11-06T01:10:21.801+0000] {processor.py:186} INFO - Started process (PID=1417) to work on /opt/airflow/dags/banco_mundial_indicators_dag.py
[2024-11-06T01:10:21.837+0000] {processor.py:914} INFO - Processing file /opt/airflow/dags/banco_mundial_indicators_dag.py for tasks to queue
[2024-11-06T01:10:21.881+0000] {logging_mixin.py:190} INFO - [2024-11-06T01:10:21.840+0000] {dagbag.py:588} INFO - Filling up the DagBag from /opt/airflow/dags/banco_mundial_indicators_dag.py
[2024-11-06T01:10:23.470+0000] {processor.py:925} INFO - DAG(s) 'banco_mundial_indicators_v02' retrieved from /opt/airflow/dags/banco_mundial_indicators_dag.py
[2024-11-06T01:10:23.624+0000] {logging_mixin.py:190} INFO - [2024-11-06T01:10:23.624+0000] {dag.py:3239} INFO - Sync 1 DAGs
[2024-11-06T01:10:23.684+0000] {logging_mixin.py:190} INFO - [2024-11-06T01:10:23.684+0000] {dag.py:4180} INFO - Setting next_dagrun for banco_mundial_indicators_v02 to 2024-11-06 00:00:00+00:00, run_after=2024-11-07 00:00:00+00:00
[2024-11-06T01:10:23.929+0000] {processor.py:208} INFO - Processing /opt/airflow/dags/banco_mundial_indicators_dag.py took 2.212 seconds
[2024-11-06T01:10:54.465+0000] {processor.py:186} INFO - Started process (PID=2167) to work on /opt/airflow/dags/banco_mundial_indicators_dag.py
[2024-11-06T01:10:54.483+0000] {processor.py:914} INFO - Processing file /opt/airflow/dags/banco_mundial_indicators_dag.py for tasks to queue
[2024-11-06T01:10:54.487+0000] {logging_mixin.py:190} INFO - [2024-11-06T01:10:54.487+0000] {dagbag.py:588} INFO - Filling up the DagBag from /opt/airflow/dags/banco_mundial_indicators_dag.py
[2024-11-06T01:10:55.303+0000] {processor.py:925} INFO - DAG(s) 'banco_mundial_indicators_v02' retrieved from /opt/airflow/dags/banco_mundial_indicators_dag.py
[2024-11-06T01:10:55.445+0000] {logging_mixin.py:190} INFO - [2024-11-06T01:10:55.444+0000] {dag.py:3239} INFO - Sync 1 DAGs
[2024-11-06T01:10:56.193+0000] {logging_mixin.py:190} INFO - [2024-11-06T01:10:56.192+0000] {dag.py:4180} INFO - Setting next_dagrun for banco_mundial_indicators_v02 to 2024-11-06 00:00:00+00:00, run_after=2024-11-07 00:00:00+00:00
[2024-11-06T01:10:56.272+0000] {processor.py:208} INFO - Processing /opt/airflow/dags/banco_mundial_indicators_dag.py took 1.863 seconds
[2024-11-06T01:11:26.893+0000] {processor.py:186} INFO - Started process (PID=2807) to work on /opt/airflow/dags/banco_mundial_indicators_dag.py
[2024-11-06T01:11:26.907+0000] {processor.py:914} INFO - Processing file /opt/airflow/dags/banco_mundial_indicators_dag.py for tasks to queue
[2024-11-06T01:11:26.910+0000] {logging_mixin.py:190} INFO - [2024-11-06T01:11:26.909+0000] {dagbag.py:588} INFO - Filling up the DagBag from /opt/airflow/dags/banco_mundial_indicators_dag.py
[2024-11-06T01:11:27.747+0000] {processor.py:925} INFO - DAG(s) 'banco_mundial_indicators_v02' retrieved from /opt/airflow/dags/banco_mundial_indicators_dag.py
[2024-11-06T01:11:27.922+0000] {logging_mixin.py:190} INFO - [2024-11-06T01:11:27.921+0000] {dag.py:3239} INFO - Sync 1 DAGs
[2024-11-06T01:11:28.819+0000] {logging_mixin.py:190} INFO - [2024-11-06T01:11:28.818+0000] {dag.py:4180} INFO - Setting next_dagrun for banco_mundial_indicators_v02 to 2024-11-06 00:00:00+00:00, run_after=2024-11-07 00:00:00+00:00
[2024-11-06T01:11:28.902+0000] {processor.py:208} INFO - Processing /opt/airflow/dags/banco_mundial_indicators_dag.py took 2.059 seconds
[2024-11-06T01:11:59.179+0000] {processor.py:186} INFO - Started process (PID=3297) to work on /opt/airflow/dags/banco_mundial_indicators_dag.py
[2024-11-06T01:11:59.201+0000] {processor.py:914} INFO - Processing file /opt/airflow/dags/banco_mundial_indicators_dag.py for tasks to queue
[2024-11-06T01:11:59.221+0000] {logging_mixin.py:190} INFO - [2024-11-06T01:11:59.204+0000] {dagbag.py:588} INFO - Filling up the DagBag from /opt/airflow/dags/banco_mundial_indicators_dag.py
[2024-11-06T01:12:00.280+0000] {processor.py:925} INFO - DAG(s) 'banco_mundial_indicators_v02' retrieved from /opt/airflow/dags/banco_mundial_indicators_dag.py
[2024-11-06T01:12:01.566+0000] {logging_mixin.py:190} INFO - [2024-11-06T01:12:01.565+0000] {dag.py:3239} INFO - Sync 1 DAGs
[2024-11-06T01:12:01.907+0000] {logging_mixin.py:190} INFO - [2024-11-06T01:12:01.907+0000] {dag.py:4180} INFO - Setting next_dagrun for banco_mundial_indicators_v02 to 2024-11-06 00:00:00+00:00, run_after=2024-11-07 00:00:00+00:00
[2024-11-06T01:12:02.201+0000] {processor.py:208} INFO - Processing /opt/airflow/dags/banco_mundial_indicators_dag.py took 3.095 seconds
[2024-11-06T01:12:33.064+0000] {processor.py:186} INFO - Started process (PID=3760) to work on /opt/airflow/dags/banco_mundial_indicators_dag.py
[2024-11-06T01:12:33.074+0000] {processor.py:914} INFO - Processing file /opt/airflow/dags/banco_mundial_indicators_dag.py for tasks to queue
[2024-11-06T01:12:33.079+0000] {logging_mixin.py:190} INFO - [2024-11-06T01:12:33.078+0000] {dagbag.py:588} INFO - Filling up the DagBag from /opt/airflow/dags/banco_mundial_indicators_dag.py
[2024-11-06T01:12:33.645+0000] {processor.py:925} INFO - DAG(s) 'banco_mundial_indicators_v02' retrieved from /opt/airflow/dags/banco_mundial_indicators_dag.py
[2024-11-06T01:12:33.722+0000] {logging_mixin.py:190} INFO - [2024-11-06T01:12:33.721+0000] {dag.py:3239} INFO - Sync 1 DAGs
[2024-11-06T01:12:33.783+0000] {logging_mixin.py:190} INFO - [2024-11-06T01:12:33.783+0000] {dag.py:4180} INFO - Setting next_dagrun for banco_mundial_indicators_v02 to 2024-11-06 00:00:00+00:00, run_after=2024-11-07 00:00:00+00:00
[2024-11-06T01:12:33.826+0000] {processor.py:208} INFO - Processing /opt/airflow/dags/banco_mundial_indicators_dag.py took 0.789 seconds
[2024-11-06T01:13:04.154+0000] {processor.py:186} INFO - Started process (PID=3827) to work on /opt/airflow/dags/banco_mundial_indicators_dag.py
[2024-11-06T01:13:04.237+0000] {processor.py:914} INFO - Processing file /opt/airflow/dags/banco_mundial_indicators_dag.py for tasks to queue
[2024-11-06T01:13:04.241+0000] {logging_mixin.py:190} INFO - [2024-11-06T01:13:04.240+0000] {dagbag.py:588} INFO - Filling up the DagBag from /opt/airflow/dags/banco_mundial_indicators_dag.py
[2024-11-06T01:13:04.638+0000] {processor.py:925} INFO - DAG(s) 'banco_mundial_indicators_v02' retrieved from /opt/airflow/dags/banco_mundial_indicators_dag.py
[2024-11-06T01:13:04.679+0000] {logging_mixin.py:190} INFO - [2024-11-06T01:13:04.678+0000] {dag.py:3239} INFO - Sync 1 DAGs
[2024-11-06T01:13:04.732+0000] {logging_mixin.py:190} INFO - [2024-11-06T01:13:04.732+0000] {dag.py:4180} INFO - Setting next_dagrun for banco_mundial_indicators_v02 to 2024-11-06 00:00:00+00:00, run_after=2024-11-07 00:00:00+00:00
[2024-11-06T01:13:04.771+0000] {processor.py:208} INFO - Processing /opt/airflow/dags/banco_mundial_indicators_dag.py took 0.624 seconds
[2024-11-06T01:13:34.864+0000] {processor.py:186} INFO - Started process (PID=3863) to work on /opt/airflow/dags/banco_mundial_indicators_dag.py
[2024-11-06T01:13:34.867+0000] {processor.py:914} INFO - Processing file /opt/airflow/dags/banco_mundial_indicators_dag.py for tasks to queue
[2024-11-06T01:13:34.870+0000] {logging_mixin.py:190} INFO - [2024-11-06T01:13:34.869+0000] {dagbag.py:588} INFO - Filling up the DagBag from /opt/airflow/dags/banco_mundial_indicators_dag.py
[2024-11-06T01:13:35.141+0000] {processor.py:925} INFO - DAG(s) 'banco_mundial_indicators_v02' retrieved from /opt/airflow/dags/banco_mundial_indicators_dag.py
[2024-11-06T01:13:35.172+0000] {logging_mixin.py:190} INFO - [2024-11-06T01:13:35.171+0000] {dag.py:3239} INFO - Sync 1 DAGs
[2024-11-06T01:13:35.204+0000] {logging_mixin.py:190} INFO - [2024-11-06T01:13:35.203+0000] {dag.py:4180} INFO - Setting next_dagrun for banco_mundial_indicators_v02 to 2024-11-06 00:00:00+00:00, run_after=2024-11-07 00:00:00+00:00
[2024-11-06T01:13:35.223+0000] {processor.py:208} INFO - Processing /opt/airflow/dags/banco_mundial_indicators_dag.py took 0.370 seconds
[2024-11-06T01:14:05.270+0000] {processor.py:186} INFO - Started process (PID=3896) to work on /opt/airflow/dags/banco_mundial_indicators_dag.py
[2024-11-06T01:14:05.270+0000] {processor.py:914} INFO - Processing file /opt/airflow/dags/banco_mundial_indicators_dag.py for tasks to queue
[2024-11-06T01:14:05.274+0000] {logging_mixin.py:190} INFO - [2024-11-06T01:14:05.273+0000] {dagbag.py:588} INFO - Filling up the DagBag from /opt/airflow/dags/banco_mundial_indicators_dag.py
[2024-11-06T01:14:05.515+0000] {processor.py:925} INFO - DAG(s) 'banco_mundial_indicators_v02' retrieved from /opt/airflow/dags/banco_mundial_indicators_dag.py
[2024-11-06T01:14:05.538+0000] {logging_mixin.py:190} INFO - [2024-11-06T01:14:05.538+0000] {dag.py:3239} INFO - Sync 1 DAGs
[2024-11-06T01:14:05.566+0000] {logging_mixin.py:190} INFO - [2024-11-06T01:14:05.566+0000] {dag.py:4180} INFO - Setting next_dagrun for banco_mundial_indicators_v02 to 2024-11-06 00:00:00+00:00, run_after=2024-11-07 00:00:00+00:00
[2024-11-06T01:14:05.587+0000] {processor.py:208} INFO - Processing /opt/airflow/dags/banco_mundial_indicators_dag.py took 0.324 seconds
[2024-11-06T01:14:35.867+0000] {processor.py:186} INFO - Started process (PID=3932) to work on /opt/airflow/dags/banco_mundial_indicators_dag.py
[2024-11-06T01:14:35.868+0000] {processor.py:914} INFO - Processing file /opt/airflow/dags/banco_mundial_indicators_dag.py for tasks to queue
[2024-11-06T01:14:35.871+0000] {logging_mixin.py:190} INFO - [2024-11-06T01:14:35.870+0000] {dagbag.py:588} INFO - Filling up the DagBag from /opt/airflow/dags/banco_mundial_indicators_dag.py
[2024-11-06T01:14:36.107+0000] {processor.py:925} INFO - DAG(s) 'banco_mundial_indicators_v02' retrieved from /opt/airflow/dags/banco_mundial_indicators_dag.py
[2024-11-06T01:14:36.134+0000] {logging_mixin.py:190} INFO - [2024-11-06T01:14:36.133+0000] {dag.py:3239} INFO - Sync 1 DAGs
[2024-11-06T01:14:36.161+0000] {logging_mixin.py:190} INFO - [2024-11-06T01:14:36.161+0000] {dag.py:4180} INFO - Setting next_dagrun for banco_mundial_indicators_v02 to 2024-11-06 00:00:00+00:00, run_after=2024-11-07 00:00:00+00:00
[2024-11-06T01:14:36.183+0000] {processor.py:208} INFO - Processing /opt/airflow/dags/banco_mundial_indicators_dag.py took 0.324 seconds
[2024-11-06T01:15:06.471+0000] {processor.py:186} INFO - Started process (PID=3968) to work on /opt/airflow/dags/banco_mundial_indicators_dag.py
[2024-11-06T01:15:06.472+0000] {processor.py:914} INFO - Processing file /opt/airflow/dags/banco_mundial_indicators_dag.py for tasks to queue
[2024-11-06T01:15:06.474+0000] {logging_mixin.py:190} INFO - [2024-11-06T01:15:06.474+0000] {dagbag.py:588} INFO - Filling up the DagBag from /opt/airflow/dags/banco_mundial_indicators_dag.py
[2024-11-06T01:15:06.699+0000] {processor.py:925} INFO - DAG(s) 'banco_mundial_indicators_v02' retrieved from /opt/airflow/dags/banco_mundial_indicators_dag.py
[2024-11-06T01:15:06.721+0000] {logging_mixin.py:190} INFO - [2024-11-06T01:15:06.721+0000] {dag.py:3239} INFO - Sync 1 DAGs
[2024-11-06T01:15:06.748+0000] {logging_mixin.py:190} INFO - [2024-11-06T01:15:06.747+0000] {dag.py:4180} INFO - Setting next_dagrun for banco_mundial_indicators_v02 to 2024-11-06 00:00:00+00:00, run_after=2024-11-07 00:00:00+00:00
[2024-11-06T01:15:06.766+0000] {processor.py:208} INFO - Processing /opt/airflow/dags/banco_mundial_indicators_dag.py took 0.301 seconds
[2024-11-06T01:15:37.196+0000] {processor.py:186} INFO - Started process (PID=4007) to work on /opt/airflow/dags/banco_mundial_indicators_dag.py
[2024-11-06T01:15:37.197+0000] {processor.py:914} INFO - Processing file /opt/airflow/dags/banco_mundial_indicators_dag.py for tasks to queue
[2024-11-06T01:15:37.201+0000] {logging_mixin.py:190} INFO - [2024-11-06T01:15:37.200+0000] {dagbag.py:588} INFO - Filling up the DagBag from /opt/airflow/dags/banco_mundial_indicators_dag.py
[2024-11-06T01:15:37.554+0000] {processor.py:925} INFO - DAG(s) 'banco_mundial_indicators_v02' retrieved from /opt/airflow/dags/banco_mundial_indicators_dag.py
[2024-11-06T01:15:37.594+0000] {logging_mixin.py:190} INFO - [2024-11-06T01:15:37.594+0000] {dag.py:3239} INFO - Sync 1 DAGs
[2024-11-06T01:15:37.639+0000] {logging_mixin.py:190} INFO - [2024-11-06T01:15:37.639+0000] {dag.py:4180} INFO - Setting next_dagrun for banco_mundial_indicators_v02 to 2024-11-06 00:00:00+00:00, run_after=2024-11-07 00:00:00+00:00
[2024-11-06T01:15:37.673+0000] {processor.py:208} INFO - Processing /opt/airflow/dags/banco_mundial_indicators_dag.py took 0.486 seconds
[2024-11-06T01:16:08.596+0000] {processor.py:186} INFO - Started process (PID=4043) to work on /opt/airflow/dags/banco_mundial_indicators_dag.py
[2024-11-06T01:16:08.597+0000] {processor.py:914} INFO - Processing file /opt/airflow/dags/banco_mundial_indicators_dag.py for tasks to queue
[2024-11-06T01:16:08.600+0000] {logging_mixin.py:190} INFO - [2024-11-06T01:16:08.600+0000] {dagbag.py:588} INFO - Filling up the DagBag from /opt/airflow/dags/banco_mundial_indicators_dag.py
[2024-11-06T01:16:08.925+0000] {processor.py:925} INFO - DAG(s) 'banco_mundial_indicators_v02' retrieved from /opt/airflow/dags/banco_mundial_indicators_dag.py
[2024-11-06T01:16:08.955+0000] {logging_mixin.py:190} INFO - [2024-11-06T01:16:08.954+0000] {dag.py:3239} INFO - Sync 1 DAGs
[2024-11-06T01:16:08.995+0000] {logging_mixin.py:190} INFO - [2024-11-06T01:16:08.995+0000] {dag.py:4180} INFO - Setting next_dagrun for banco_mundial_indicators_v02 to 2024-11-06 00:00:00+00:00, run_after=2024-11-07 00:00:00+00:00
[2024-11-06T01:16:09.020+0000] {processor.py:208} INFO - Processing /opt/airflow/dags/banco_mundial_indicators_dag.py took 0.433 seconds
[2024-11-06T01:16:39.108+0000] {processor.py:186} INFO - Started process (PID=4079) to work on /opt/airflow/dags/banco_mundial_indicators_dag.py
[2024-11-06T01:16:39.109+0000] {processor.py:914} INFO - Processing file /opt/airflow/dags/banco_mundial_indicators_dag.py for tasks to queue
[2024-11-06T01:16:39.112+0000] {logging_mixin.py:190} INFO - [2024-11-06T01:16:39.111+0000] {dagbag.py:588} INFO - Filling up the DagBag from /opt/airflow/dags/banco_mundial_indicators_dag.py
[2024-11-06T01:16:39.350+0000] {processor.py:925} INFO - DAG(s) 'banco_mundial_indicators_v02' retrieved from /opt/airflow/dags/banco_mundial_indicators_dag.py
[2024-11-06T01:16:39.372+0000] {logging_mixin.py:190} INFO - [2024-11-06T01:16:39.372+0000] {dag.py:3239} INFO - Sync 1 DAGs
[2024-11-06T01:16:39.399+0000] {logging_mixin.py:190} INFO - [2024-11-06T01:16:39.399+0000] {dag.py:4180} INFO - Setting next_dagrun for banco_mundial_indicators_v02 to 2024-11-06 00:00:00+00:00, run_after=2024-11-07 00:00:00+00:00
[2024-11-06T01:16:39.418+0000] {processor.py:208} INFO - Processing /opt/airflow/dags/banco_mundial_indicators_dag.py took 0.316 seconds
[2024-11-06T01:17:09.552+0000] {processor.py:186} INFO - Started process (PID=4115) to work on /opt/airflow/dags/banco_mundial_indicators_dag.py
[2024-11-06T01:17:09.553+0000] {processor.py:914} INFO - Processing file /opt/airflow/dags/banco_mundial_indicators_dag.py for tasks to queue
[2024-11-06T01:17:09.557+0000] {logging_mixin.py:190} INFO - [2024-11-06T01:17:09.556+0000] {dagbag.py:588} INFO - Filling up the DagBag from /opt/airflow/dags/banco_mundial_indicators_dag.py
[2024-11-06T01:17:09.908+0000] {processor.py:925} INFO - DAG(s) 'banco_mundial_indicators_v02' retrieved from /opt/airflow/dags/banco_mundial_indicators_dag.py
[2024-11-06T01:17:09.943+0000] {logging_mixin.py:190} INFO - [2024-11-06T01:17:09.942+0000] {dag.py:3239} INFO - Sync 1 DAGs
[2024-11-06T01:17:09.982+0000] {logging_mixin.py:190} INFO - [2024-11-06T01:17:09.981+0000] {dag.py:4180} INFO - Setting next_dagrun for banco_mundial_indicators_v02 to 2024-11-06 00:00:00+00:00, run_after=2024-11-07 00:00:00+00:00
[2024-11-06T01:17:10.008+0000] {processor.py:208} INFO - Processing /opt/airflow/dags/banco_mundial_indicators_dag.py took 0.466 seconds
[2024-11-06T01:17:40.063+0000] {processor.py:186} INFO - Started process (PID=4151) to work on /opt/airflow/dags/banco_mundial_indicators_dag.py
[2024-11-06T01:17:40.064+0000] {processor.py:914} INFO - Processing file /opt/airflow/dags/banco_mundial_indicators_dag.py for tasks to queue
[2024-11-06T01:17:40.066+0000] {logging_mixin.py:190} INFO - [2024-11-06T01:17:40.066+0000] {dagbag.py:588} INFO - Filling up the DagBag from /opt/airflow/dags/banco_mundial_indicators_dag.py
[2024-11-06T01:17:40.170+0000] {processor.py:925} INFO - DAG(s) 'banco_mundial_indicators_v02' retrieved from /opt/airflow/dags/banco_mundial_indicators_dag.py
[2024-11-06T01:17:40.196+0000] {logging_mixin.py:190} INFO - [2024-11-06T01:17:40.196+0000] {dag.py:3239} INFO - Sync 1 DAGs
[2024-11-06T01:17:40.224+0000] {logging_mixin.py:190} INFO - [2024-11-06T01:17:40.224+0000] {dag.py:4180} INFO - Setting next_dagrun for banco_mundial_indicators_v02 to 2024-11-06 00:00:00+00:00, run_after=2024-11-07 00:00:00+00:00
[2024-11-06T01:17:40.247+0000] {processor.py:208} INFO - Processing /opt/airflow/dags/banco_mundial_indicators_dag.py took 0.193 seconds
[2024-11-06T01:18:10.932+0000] {processor.py:186} INFO - Started process (PID=4187) to work on /opt/airflow/dags/banco_mundial_indicators_dag.py
[2024-11-06T01:18:10.933+0000] {processor.py:914} INFO - Processing file /opt/airflow/dags/banco_mundial_indicators_dag.py for tasks to queue
[2024-11-06T01:18:10.935+0000] {logging_mixin.py:190} INFO - [2024-11-06T01:18:10.935+0000] {dagbag.py:588} INFO - Filling up the DagBag from /opt/airflow/dags/banco_mundial_indicators_dag.py
[2024-11-06T01:18:11.039+0000] {processor.py:925} INFO - DAG(s) 'banco_mundial_indicators_v02' retrieved from /opt/airflow/dags/banco_mundial_indicators_dag.py
[2024-11-06T01:18:11.072+0000] {logging_mixin.py:190} INFO - [2024-11-06T01:18:11.072+0000] {dag.py:3239} INFO - Sync 1 DAGs
[2024-11-06T01:18:11.113+0000] {logging_mixin.py:190} INFO - [2024-11-06T01:18:11.112+0000] {dag.py:4180} INFO - Setting next_dagrun for banco_mundial_indicators_v02 to 2024-11-06 00:00:00+00:00, run_after=2024-11-07 00:00:00+00:00
[2024-11-06T01:18:11.138+0000] {processor.py:208} INFO - Processing /opt/airflow/dags/banco_mundial_indicators_dag.py took 0.215 seconds
[2024-11-06T01:18:41.626+0000] {processor.py:186} INFO - Started process (PID=4223) to work on /opt/airflow/dags/banco_mundial_indicators_dag.py
[2024-11-06T01:18:41.627+0000] {processor.py:914} INFO - Processing file /opt/airflow/dags/banco_mundial_indicators_dag.py for tasks to queue
[2024-11-06T01:18:41.629+0000] {logging_mixin.py:190} INFO - [2024-11-06T01:18:41.629+0000] {dagbag.py:588} INFO - Filling up the DagBag from /opt/airflow/dags/banco_mundial_indicators_dag.py
[2024-11-06T01:18:41.734+0000] {processor.py:925} INFO - DAG(s) 'banco_mundial_indicators_v02' retrieved from /opt/airflow/dags/banco_mundial_indicators_dag.py
[2024-11-06T01:18:41.758+0000] {logging_mixin.py:190} INFO - [2024-11-06T01:18:41.758+0000] {dag.py:3239} INFO - Sync 1 DAGs
[2024-11-06T01:18:41.788+0000] {logging_mixin.py:190} INFO - [2024-11-06T01:18:41.787+0000] {dag.py:4180} INFO - Setting next_dagrun for banco_mundial_indicators_v02 to 2024-11-06 00:00:00+00:00, run_after=2024-11-07 00:00:00+00:00
[2024-11-06T01:18:41.808+0000] {processor.py:208} INFO - Processing /opt/airflow/dags/banco_mundial_indicators_dag.py took 0.188 seconds
[2024-11-06T01:19:12.316+0000] {processor.py:186} INFO - Started process (PID=4259) to work on /opt/airflow/dags/banco_mundial_indicators_dag.py
[2024-11-06T01:19:12.318+0000] {processor.py:914} INFO - Processing file /opt/airflow/dags/banco_mundial_indicators_dag.py for tasks to queue
[2024-11-06T01:19:12.322+0000] {logging_mixin.py:190} INFO - [2024-11-06T01:19:12.321+0000] {dagbag.py:588} INFO - Filling up the DagBag from /opt/airflow/dags/banco_mundial_indicators_dag.py
[2024-11-06T01:19:12.475+0000] {processor.py:925} INFO - DAG(s) 'banco_mundial_indicators_v02' retrieved from /opt/airflow/dags/banco_mundial_indicators_dag.py
[2024-11-06T01:19:12.506+0000] {logging_mixin.py:190} INFO - [2024-11-06T01:19:12.506+0000] {dag.py:3239} INFO - Sync 1 DAGs
[2024-11-06T01:19:12.537+0000] {logging_mixin.py:190} INFO - [2024-11-06T01:19:12.537+0000] {dag.py:4180} INFO - Setting next_dagrun for banco_mundial_indicators_v02 to 2024-11-06 00:00:00+00:00, run_after=2024-11-07 00:00:00+00:00
[2024-11-06T01:19:12.562+0000] {processor.py:208} INFO - Processing /opt/airflow/dags/banco_mundial_indicators_dag.py took 0.257 seconds
[2024-11-06T01:19:43.040+0000] {processor.py:186} INFO - Started process (PID=4295) to work on /opt/airflow/dags/banco_mundial_indicators_dag.py
[2024-11-06T01:19:43.041+0000] {processor.py:914} INFO - Processing file /opt/airflow/dags/banco_mundial_indicators_dag.py for tasks to queue
[2024-11-06T01:19:43.044+0000] {logging_mixin.py:190} INFO - [2024-11-06T01:19:43.043+0000] {dagbag.py:588} INFO - Filling up the DagBag from /opt/airflow/dags/banco_mundial_indicators_dag.py
[2024-11-06T01:19:43.154+0000] {processor.py:925} INFO - DAG(s) 'banco_mundial_indicators_v02' retrieved from /opt/airflow/dags/banco_mundial_indicators_dag.py
[2024-11-06T01:19:43.179+0000] {logging_mixin.py:190} INFO - [2024-11-06T01:19:43.178+0000] {dag.py:3239} INFO - Sync 1 DAGs
[2024-11-06T01:19:43.207+0000] {logging_mixin.py:190} INFO - [2024-11-06T01:19:43.206+0000] {dag.py:4180} INFO - Setting next_dagrun for banco_mundial_indicators_v02 to 2024-11-06 00:00:00+00:00, run_after=2024-11-07 00:00:00+00:00
[2024-11-06T01:19:43.226+0000] {processor.py:208} INFO - Processing /opt/airflow/dags/banco_mundial_indicators_dag.py took 0.193 seconds
[2024-11-06T01:20:13.731+0000] {processor.py:186} INFO - Started process (PID=4331) to work on /opt/airflow/dags/banco_mundial_indicators_dag.py
[2024-11-06T01:20:13.732+0000] {processor.py:914} INFO - Processing file /opt/airflow/dags/banco_mundial_indicators_dag.py for tasks to queue
[2024-11-06T01:20:13.736+0000] {logging_mixin.py:190} INFO - [2024-11-06T01:20:13.735+0000] {dagbag.py:588} INFO - Filling up the DagBag from /opt/airflow/dags/banco_mundial_indicators_dag.py
[2024-11-06T01:20:13.853+0000] {processor.py:925} INFO - DAG(s) 'banco_mundial_indicators_v02' retrieved from /opt/airflow/dags/banco_mundial_indicators_dag.py
[2024-11-06T01:20:13.880+0000] {logging_mixin.py:190} INFO - [2024-11-06T01:20:13.880+0000] {dag.py:3239} INFO - Sync 1 DAGs
[2024-11-06T01:20:13.919+0000] {logging_mixin.py:190} INFO - [2024-11-06T01:20:13.919+0000] {dag.py:4180} INFO - Setting next_dagrun for banco_mundial_indicators_v02 to 2024-11-06 00:00:00+00:00, run_after=2024-11-07 00:00:00+00:00
[2024-11-06T01:20:13.941+0000] {processor.py:208} INFO - Processing /opt/airflow/dags/banco_mundial_indicators_dag.py took 0.222 seconds
[2024-11-06T01:20:44.427+0000] {processor.py:186} INFO - Started process (PID=4367) to work on /opt/airflow/dags/banco_mundial_indicators_dag.py
[2024-11-06T01:20:44.428+0000] {processor.py:914} INFO - Processing file /opt/airflow/dags/banco_mundial_indicators_dag.py for tasks to queue
[2024-11-06T01:20:44.433+0000] {logging_mixin.py:190} INFO - [2024-11-06T01:20:44.432+0000] {dagbag.py:588} INFO - Filling up the DagBag from /opt/airflow/dags/banco_mundial_indicators_dag.py
[2024-11-06T01:20:44.544+0000] {processor.py:925} INFO - DAG(s) 'banco_mundial_indicators_v02' retrieved from /opt/airflow/dags/banco_mundial_indicators_dag.py
[2024-11-06T01:20:44.570+0000] {logging_mixin.py:190} INFO - [2024-11-06T01:20:44.570+0000] {dag.py:3239} INFO - Sync 1 DAGs
[2024-11-06T01:20:44.601+0000] {logging_mixin.py:190} INFO - [2024-11-06T01:20:44.601+0000] {dag.py:4180} INFO - Setting next_dagrun for banco_mundial_indicators_v02 to 2024-11-06 00:00:00+00:00, run_after=2024-11-07 00:00:00+00:00
[2024-11-06T01:20:44.621+0000] {processor.py:208} INFO - Processing /opt/airflow/dags/banco_mundial_indicators_dag.py took 0.205 seconds
[2024-11-06T01:21:15.120+0000] {processor.py:186} INFO - Started process (PID=4403) to work on /opt/airflow/dags/banco_mundial_indicators_dag.py
[2024-11-06T01:21:15.121+0000] {processor.py:914} INFO - Processing file /opt/airflow/dags/banco_mundial_indicators_dag.py for tasks to queue
[2024-11-06T01:21:15.125+0000] {logging_mixin.py:190} INFO - [2024-11-06T01:21:15.124+0000] {dagbag.py:588} INFO - Filling up the DagBag from /opt/airflow/dags/banco_mundial_indicators_dag.py
[2024-11-06T01:21:15.267+0000] {processor.py:925} INFO - DAG(s) 'banco_mundial_indicators_v02' retrieved from /opt/airflow/dags/banco_mundial_indicators_dag.py
[2024-11-06T01:21:15.304+0000] {logging_mixin.py:190} INFO - [2024-11-06T01:21:15.304+0000] {dag.py:3239} INFO - Sync 1 DAGs
[2024-11-06T01:21:15.334+0000] {logging_mixin.py:190} INFO - [2024-11-06T01:21:15.334+0000] {dag.py:4180} INFO - Setting next_dagrun for banco_mundial_indicators_v02 to 2024-11-06 00:00:00+00:00, run_after=2024-11-07 00:00:00+00:00
[2024-11-06T01:21:15.353+0000] {processor.py:208} INFO - Processing /opt/airflow/dags/banco_mundial_indicators_dag.py took 0.247 seconds
[2024-11-06T01:21:45.931+0000] {processor.py:186} INFO - Started process (PID=4439) to work on /opt/airflow/dags/banco_mundial_indicators_dag.py
[2024-11-06T01:21:45.932+0000] {processor.py:914} INFO - Processing file /opt/airflow/dags/banco_mundial_indicators_dag.py for tasks to queue
[2024-11-06T01:21:45.935+0000] {logging_mixin.py:190} INFO - [2024-11-06T01:21:45.934+0000] {dagbag.py:588} INFO - Filling up the DagBag from /opt/airflow/dags/banco_mundial_indicators_dag.py
[2024-11-06T01:21:46.096+0000] {processor.py:925} INFO - DAG(s) 'banco_mundial_indicators_v02' retrieved from /opt/airflow/dags/banco_mundial_indicators_dag.py
[2024-11-06T01:21:46.136+0000] {logging_mixin.py:190} INFO - [2024-11-06T01:21:46.135+0000] {dag.py:3239} INFO - Sync 1 DAGs
[2024-11-06T01:21:46.175+0000] {logging_mixin.py:190} INFO - [2024-11-06T01:21:46.174+0000] {dag.py:4180} INFO - Setting next_dagrun for banco_mundial_indicators_v02 to 2024-11-06 00:00:00+00:00, run_after=2024-11-07 00:00:00+00:00
[2024-11-06T01:21:46.199+0000] {processor.py:208} INFO - Processing /opt/airflow/dags/banco_mundial_indicators_dag.py took 0.279 seconds
[2024-11-06T01:22:16.639+0000] {processor.py:186} INFO - Started process (PID=4475) to work on /opt/airflow/dags/banco_mundial_indicators_dag.py
[2024-11-06T01:22:16.640+0000] {processor.py:914} INFO - Processing file /opt/airflow/dags/banco_mundial_indicators_dag.py for tasks to queue
[2024-11-06T01:22:16.643+0000] {logging_mixin.py:190} INFO - [2024-11-06T01:22:16.643+0000] {dagbag.py:588} INFO - Filling up the DagBag from /opt/airflow/dags/banco_mundial_indicators_dag.py
[2024-11-06T01:22:16.769+0000] {processor.py:925} INFO - DAG(s) 'banco_mundial_indicators_v02' retrieved from /opt/airflow/dags/banco_mundial_indicators_dag.py
[2024-11-06T01:22:16.801+0000] {logging_mixin.py:190} INFO - [2024-11-06T01:22:16.801+0000] {dag.py:3239} INFO - Sync 1 DAGs
[2024-11-06T01:22:16.831+0000] {logging_mixin.py:190} INFO - [2024-11-06T01:22:16.831+0000] {dag.py:4180} INFO - Setting next_dagrun for banco_mundial_indicators_v02 to 2024-11-06 00:00:00+00:00, run_after=2024-11-07 00:00:00+00:00
[2024-11-06T01:22:16.852+0000] {processor.py:208} INFO - Processing /opt/airflow/dags/banco_mundial_indicators_dag.py took 0.223 seconds
[2024-11-06T01:22:47.359+0000] {processor.py:186} INFO - Started process (PID=4511) to work on /opt/airflow/dags/banco_mundial_indicators_dag.py
[2024-11-06T01:22:47.360+0000] {processor.py:914} INFO - Processing file /opt/airflow/dags/banco_mundial_indicators_dag.py for tasks to queue
[2024-11-06T01:22:47.363+0000] {logging_mixin.py:190} INFO - [2024-11-06T01:22:47.363+0000] {dagbag.py:588} INFO - Filling up the DagBag from /opt/airflow/dags/banco_mundial_indicators_dag.py
[2024-11-06T01:22:47.472+0000] {processor.py:925} INFO - DAG(s) 'banco_mundial_indicators_v02' retrieved from /opt/airflow/dags/banco_mundial_indicators_dag.py
[2024-11-06T01:22:47.499+0000] {logging_mixin.py:190} INFO - [2024-11-06T01:22:47.498+0000] {dag.py:3239} INFO - Sync 1 DAGs
[2024-11-06T01:22:47.535+0000] {logging_mixin.py:190} INFO - [2024-11-06T01:22:47.535+0000] {dag.py:4180} INFO - Setting next_dagrun for banco_mundial_indicators_v02 to 2024-11-06 00:00:00+00:00, run_after=2024-11-07 00:00:00+00:00
[2024-11-06T01:22:47.558+0000] {processor.py:208} INFO - Processing /opt/airflow/dags/banco_mundial_indicators_dag.py took 0.205 seconds
[2024-11-06T01:23:17.829+0000] {processor.py:186} INFO - Started process (PID=4547) to work on /opt/airflow/dags/banco_mundial_indicators_dag.py
[2024-11-06T01:23:17.830+0000] {processor.py:914} INFO - Processing file /opt/airflow/dags/banco_mundial_indicators_dag.py for tasks to queue
[2024-11-06T01:23:17.835+0000] {logging_mixin.py:190} INFO - [2024-11-06T01:23:17.834+0000] {dagbag.py:588} INFO - Filling up the DagBag from /opt/airflow/dags/banco_mundial_indicators_dag.py
[2024-11-06T01:23:17.994+0000] {processor.py:925} INFO - DAG(s) 'banco_mundial_indicators_v02' retrieved from /opt/airflow/dags/banco_mundial_indicators_dag.py
[2024-11-06T01:23:18.021+0000] {logging_mixin.py:190} INFO - [2024-11-06T01:23:18.021+0000] {dag.py:3239} INFO - Sync 1 DAGs
[2024-11-06T01:23:18.053+0000] {logging_mixin.py:190} INFO - [2024-11-06T01:23:18.052+0000] {dag.py:4180} INFO - Setting next_dagrun for banco_mundial_indicators_v02 to 2024-11-06 00:00:00+00:00, run_after=2024-11-07 00:00:00+00:00
[2024-11-06T01:23:18.079+0000] {processor.py:208} INFO - Processing /opt/airflow/dags/banco_mundial_indicators_dag.py took 0.262 seconds
[2024-11-06T01:23:48.556+0000] {processor.py:186} INFO - Started process (PID=4583) to work on /opt/airflow/dags/banco_mundial_indicators_dag.py
[2024-11-06T01:23:48.558+0000] {processor.py:914} INFO - Processing file /opt/airflow/dags/banco_mundial_indicators_dag.py for tasks to queue
[2024-11-06T01:23:48.561+0000] {logging_mixin.py:190} INFO - [2024-11-06T01:23:48.560+0000] {dagbag.py:588} INFO - Filling up the DagBag from /opt/airflow/dags/banco_mundial_indicators_dag.py
[2024-11-06T01:23:48.687+0000] {processor.py:925} INFO - DAG(s) 'banco_mundial_indicators_v02' retrieved from /opt/airflow/dags/banco_mundial_indicators_dag.py
[2024-11-06T01:23:48.722+0000] {logging_mixin.py:190} INFO - [2024-11-06T01:23:48.721+0000] {dag.py:3239} INFO - Sync 1 DAGs
[2024-11-06T01:23:48.760+0000] {logging_mixin.py:190} INFO - [2024-11-06T01:23:48.760+0000] {dag.py:4180} INFO - Setting next_dagrun for banco_mundial_indicators_v02 to 2024-11-06 00:00:00+00:00, run_after=2024-11-07 00:00:00+00:00
[2024-11-06T01:23:48.782+0000] {processor.py:208} INFO - Processing /opt/airflow/dags/banco_mundial_indicators_dag.py took 0.236 seconds
[2024-11-06T01:24:19.275+0000] {processor.py:186} INFO - Started process (PID=4619) to work on /opt/airflow/dags/banco_mundial_indicators_dag.py
[2024-11-06T01:24:19.276+0000] {processor.py:914} INFO - Processing file /opt/airflow/dags/banco_mundial_indicators_dag.py for tasks to queue
[2024-11-06T01:24:19.279+0000] {logging_mixin.py:190} INFO - [2024-11-06T01:24:19.279+0000] {dagbag.py:588} INFO - Filling up the DagBag from /opt/airflow/dags/banco_mundial_indicators_dag.py
[2024-11-06T01:24:19.392+0000] {processor.py:925} INFO - DAG(s) 'banco_mundial_indicators_v02' retrieved from /opt/airflow/dags/banco_mundial_indicators_dag.py
[2024-11-06T01:24:19.423+0000] {logging_mixin.py:190} INFO - [2024-11-06T01:24:19.422+0000] {dag.py:3239} INFO - Sync 1 DAGs
[2024-11-06T01:24:19.453+0000] {logging_mixin.py:190} INFO - [2024-11-06T01:24:19.452+0000] {dag.py:4180} INFO - Setting next_dagrun for banco_mundial_indicators_v02 to 2024-11-06 00:00:00+00:00, run_after=2024-11-07 00:00:00+00:00
[2024-11-06T01:24:19.475+0000] {processor.py:208} INFO - Processing /opt/airflow/dags/banco_mundial_indicators_dag.py took 0.210 seconds
[2024-11-06T01:24:50.136+0000] {processor.py:186} INFO - Started process (PID=4655) to work on /opt/airflow/dags/banco_mundial_indicators_dag.py
[2024-11-06T01:24:50.137+0000] {processor.py:914} INFO - Processing file /opt/airflow/dags/banco_mundial_indicators_dag.py for tasks to queue
[2024-11-06T01:24:50.141+0000] {logging_mixin.py:190} INFO - [2024-11-06T01:24:50.140+0000] {dagbag.py:588} INFO - Filling up the DagBag from /opt/airflow/dags/banco_mundial_indicators_dag.py
[2024-11-06T01:24:50.248+0000] {processor.py:925} INFO - DAG(s) 'banco_mundial_indicators_v02' retrieved from /opt/airflow/dags/banco_mundial_indicators_dag.py
[2024-11-06T01:24:50.275+0000] {logging_mixin.py:190} INFO - [2024-11-06T01:24:50.274+0000] {dag.py:3239} INFO - Sync 1 DAGs
[2024-11-06T01:24:50.307+0000] {logging_mixin.py:190} INFO - [2024-11-06T01:24:50.307+0000] {dag.py:4180} INFO - Setting next_dagrun for banco_mundial_indicators_v02 to 2024-11-06 00:00:00+00:00, run_after=2024-11-07 00:00:00+00:00
[2024-11-06T01:24:50.329+0000] {processor.py:208} INFO - Processing /opt/airflow/dags/banco_mundial_indicators_dag.py took 0.200 seconds
[2024-11-06T01:25:21.026+0000] {processor.py:186} INFO - Started process (PID=4691) to work on /opt/airflow/dags/banco_mundial_indicators_dag.py
[2024-11-06T01:25:21.027+0000] {processor.py:914} INFO - Processing file /opt/airflow/dags/banco_mundial_indicators_dag.py for tasks to queue
[2024-11-06T01:25:21.030+0000] {logging_mixin.py:190} INFO - [2024-11-06T01:25:21.030+0000] {dagbag.py:588} INFO - Filling up the DagBag from /opt/airflow/dags/banco_mundial_indicators_dag.py
[2024-11-06T01:25:21.150+0000] {processor.py:925} INFO - DAG(s) 'banco_mundial_indicators_v02' retrieved from /opt/airflow/dags/banco_mundial_indicators_dag.py
[2024-11-06T01:25:21.178+0000] {logging_mixin.py:190} INFO - [2024-11-06T01:25:21.177+0000] {dag.py:3239} INFO - Sync 1 DAGs
[2024-11-06T01:25:21.206+0000] {logging_mixin.py:190} INFO - [2024-11-06T01:25:21.206+0000] {dag.py:4180} INFO - Setting next_dagrun for banco_mundial_indicators_v02 to 2024-11-06 00:00:00+00:00, run_after=2024-11-07 00:00:00+00:00
[2024-11-06T01:25:21.227+0000] {processor.py:208} INFO - Processing /opt/airflow/dags/banco_mundial_indicators_dag.py took 0.210 seconds
[2024-11-06T01:25:51.903+0000] {processor.py:186} INFO - Started process (PID=4727) to work on /opt/airflow/dags/banco_mundial_indicators_dag.py
[2024-11-06T01:25:51.904+0000] {processor.py:914} INFO - Processing file /opt/airflow/dags/banco_mundial_indicators_dag.py for tasks to queue
[2024-11-06T01:25:51.906+0000] {logging_mixin.py:190} INFO - [2024-11-06T01:25:51.905+0000] {dagbag.py:588} INFO - Filling up the DagBag from /opt/airflow/dags/banco_mundial_indicators_dag.py
[2024-11-06T01:25:52.010+0000] {processor.py:925} INFO - DAG(s) 'banco_mundial_indicators_v02' retrieved from /opt/airflow/dags/banco_mundial_indicators_dag.py
[2024-11-06T01:25:52.037+0000] {logging_mixin.py:190} INFO - [2024-11-06T01:25:52.036+0000] {dag.py:3239} INFO - Sync 1 DAGs
[2024-11-06T01:25:52.075+0000] {logging_mixin.py:190} INFO - [2024-11-06T01:25:52.075+0000] {dag.py:4180} INFO - Setting next_dagrun for banco_mundial_indicators_v02 to 2024-11-06 00:00:00+00:00, run_after=2024-11-07 00:00:00+00:00
[2024-11-06T01:25:52.102+0000] {processor.py:208} INFO - Processing /opt/airflow/dags/banco_mundial_indicators_dag.py took 0.208 seconds
[2024-11-06T01:26:22.571+0000] {processor.py:186} INFO - Started process (PID=4763) to work on /opt/airflow/dags/banco_mundial_indicators_dag.py
[2024-11-06T01:26:22.573+0000] {processor.py:914} INFO - Processing file /opt/airflow/dags/banco_mundial_indicators_dag.py for tasks to queue
[2024-11-06T01:26:22.576+0000] {logging_mixin.py:190} INFO - [2024-11-06T01:26:22.575+0000] {dagbag.py:588} INFO - Filling up the DagBag from /opt/airflow/dags/banco_mundial_indicators_dag.py
[2024-11-06T01:26:22.686+0000] {processor.py:925} INFO - DAG(s) 'banco_mundial_indicators_v02' retrieved from /opt/airflow/dags/banco_mundial_indicators_dag.py
[2024-11-06T01:26:22.711+0000] {logging_mixin.py:190} INFO - [2024-11-06T01:26:22.711+0000] {dag.py:3239} INFO - Sync 1 DAGs
[2024-11-06T01:26:22.740+0000] {logging_mixin.py:190} INFO - [2024-11-06T01:26:22.740+0000] {dag.py:4180} INFO - Setting next_dagrun for banco_mundial_indicators_v02 to 2024-11-06 00:00:00+00:00, run_after=2024-11-07 00:00:00+00:00
[2024-11-06T01:26:22.761+0000] {processor.py:208} INFO - Processing /opt/airflow/dags/banco_mundial_indicators_dag.py took 0.199 seconds
[2024-11-06T01:26:53.425+0000] {processor.py:186} INFO - Started process (PID=4805) to work on /opt/airflow/dags/banco_mundial_indicators_dag.py
[2024-11-06T01:26:53.426+0000] {processor.py:914} INFO - Processing file /opt/airflow/dags/banco_mundial_indicators_dag.py for tasks to queue
[2024-11-06T01:26:53.430+0000] {logging_mixin.py:190} INFO - [2024-11-06T01:26:53.430+0000] {dagbag.py:588} INFO - Filling up the DagBag from /opt/airflow/dags/banco_mundial_indicators_dag.py
[2024-11-06T01:26:53.569+0000] {processor.py:925} INFO - DAG(s) 'banco_mundial_indicators_v02' retrieved from /opt/airflow/dags/banco_mundial_indicators_dag.py
[2024-11-06T01:26:53.593+0000] {logging_mixin.py:190} INFO - [2024-11-06T01:26:53.593+0000] {dag.py:3239} INFO - Sync 1 DAGs
[2024-11-06T01:26:53.622+0000] {logging_mixin.py:190} INFO - [2024-11-06T01:26:53.622+0000] {dag.py:4180} INFO - Setting next_dagrun for banco_mundial_indicators_v02 to 2024-11-06 00:00:00+00:00, run_after=2024-11-07 00:00:00+00:00
[2024-11-06T01:26:53.642+0000] {processor.py:208} INFO - Processing /opt/airflow/dags/banco_mundial_indicators_dag.py took 0.226 seconds
[2024-11-06T01:27:24.322+0000] {processor.py:186} INFO - Started process (PID=4841) to work on /opt/airflow/dags/banco_mundial_indicators_dag.py
[2024-11-06T01:27:24.323+0000] {processor.py:914} INFO - Processing file /opt/airflow/dags/banco_mundial_indicators_dag.py for tasks to queue
[2024-11-06T01:27:24.326+0000] {logging_mixin.py:190} INFO - [2024-11-06T01:27:24.326+0000] {dagbag.py:588} INFO - Filling up the DagBag from /opt/airflow/dags/banco_mundial_indicators_dag.py
[2024-11-06T01:27:24.439+0000] {processor.py:925} INFO - DAG(s) 'banco_mundial_indicators_v02' retrieved from /opt/airflow/dags/banco_mundial_indicators_dag.py
[2024-11-06T01:27:24.467+0000] {logging_mixin.py:190} INFO - [2024-11-06T01:27:24.466+0000] {dag.py:3239} INFO - Sync 1 DAGs
[2024-11-06T01:27:24.496+0000] {logging_mixin.py:190} INFO - [2024-11-06T01:27:24.495+0000] {dag.py:4180} INFO - Setting next_dagrun for banco_mundial_indicators_v02 to 2024-11-06 00:00:00+00:00, run_after=2024-11-07 00:00:00+00:00
[2024-11-06T01:27:24.515+0000] {processor.py:208} INFO - Processing /opt/airflow/dags/banco_mundial_indicators_dag.py took 0.200 seconds
[2024-11-06T01:27:54.997+0000] {processor.py:186} INFO - Started process (PID=4877) to work on /opt/airflow/dags/banco_mundial_indicators_dag.py
[2024-11-06T01:27:54.998+0000] {processor.py:914} INFO - Processing file /opt/airflow/dags/banco_mundial_indicators_dag.py for tasks to queue
[2024-11-06T01:27:55.001+0000] {logging_mixin.py:190} INFO - [2024-11-06T01:27:55.001+0000] {dagbag.py:588} INFO - Filling up the DagBag from /opt/airflow/dags/banco_mundial_indicators_dag.py
[2024-11-06T01:27:55.132+0000] {processor.py:925} INFO - DAG(s) 'banco_mundial_indicators_v02' retrieved from /opt/airflow/dags/banco_mundial_indicators_dag.py
[2024-11-06T01:27:55.166+0000] {logging_mixin.py:190} INFO - [2024-11-06T01:27:55.165+0000] {dag.py:3239} INFO - Sync 1 DAGs
[2024-11-06T01:27:55.204+0000] {logging_mixin.py:190} INFO - [2024-11-06T01:27:55.204+0000] {dag.py:4180} INFO - Setting next_dagrun for banco_mundial_indicators_v02 to 2024-11-06 00:00:00+00:00, run_after=2024-11-07 00:00:00+00:00
[2024-11-06T01:27:55.229+0000] {processor.py:208} INFO - Processing /opt/airflow/dags/banco_mundial_indicators_dag.py took 0.244 seconds
[2024-11-06T01:28:25.887+0000] {processor.py:186} INFO - Started process (PID=4913) to work on /opt/airflow/dags/banco_mundial_indicators_dag.py
[2024-11-06T01:28:25.889+0000] {processor.py:914} INFO - Processing file /opt/airflow/dags/banco_mundial_indicators_dag.py for tasks to queue
[2024-11-06T01:28:25.892+0000] {logging_mixin.py:190} INFO - [2024-11-06T01:28:25.891+0000] {dagbag.py:588} INFO - Filling up the DagBag from /opt/airflow/dags/banco_mundial_indicators_dag.py
[2024-11-06T01:28:26.058+0000] {processor.py:925} INFO - DAG(s) 'banco_mundial_indicators_v02' retrieved from /opt/airflow/dags/banco_mundial_indicators_dag.py
[2024-11-06T01:28:26.098+0000] {logging_mixin.py:190} INFO - [2024-11-06T01:28:26.097+0000] {dag.py:3239} INFO - Sync 1 DAGs
[2024-11-06T01:28:26.145+0000] {logging_mixin.py:190} INFO - [2024-11-06T01:28:26.144+0000] {dag.py:4180} INFO - Setting next_dagrun for banco_mundial_indicators_v02 to 2024-11-06 00:00:00+00:00, run_after=2024-11-07 00:00:00+00:00
[2024-11-06T01:28:26.171+0000] {processor.py:208} INFO - Processing /opt/airflow/dags/banco_mundial_indicators_dag.py took 0.293 seconds
[2024-11-06T01:28:56.841+0000] {processor.py:186} INFO - Started process (PID=4949) to work on /opt/airflow/dags/banco_mundial_indicators_dag.py
[2024-11-06T01:28:56.842+0000] {processor.py:914} INFO - Processing file /opt/airflow/dags/banco_mundial_indicators_dag.py for tasks to queue
[2024-11-06T01:28:56.847+0000] {logging_mixin.py:190} INFO - [2024-11-06T01:28:56.846+0000] {dagbag.py:588} INFO - Filling up the DagBag from /opt/airflow/dags/banco_mundial_indicators_dag.py
[2024-11-06T01:28:56.990+0000] {processor.py:925} INFO - DAG(s) 'banco_mundial_indicators_v02' retrieved from /opt/airflow/dags/banco_mundial_indicators_dag.py
[2024-11-06T01:28:57.017+0000] {logging_mixin.py:190} INFO - [2024-11-06T01:28:57.016+0000] {dag.py:3239} INFO - Sync 1 DAGs
[2024-11-06T01:28:57.050+0000] {logging_mixin.py:190} INFO - [2024-11-06T01:28:57.049+0000] {dag.py:4180} INFO - Setting next_dagrun for banco_mundial_indicators_v02 to 2024-11-06 00:00:00+00:00, run_after=2024-11-07 00:00:00+00:00
[2024-11-06T01:28:57.073+0000] {processor.py:208} INFO - Processing /opt/airflow/dags/banco_mundial_indicators_dag.py took 0.244 seconds
[2024-11-06T01:29:27.506+0000] {processor.py:186} INFO - Started process (PID=4985) to work on /opt/airflow/dags/banco_mundial_indicators_dag.py
[2024-11-06T01:29:27.507+0000] {processor.py:914} INFO - Processing file /opt/airflow/dags/banco_mundial_indicators_dag.py for tasks to queue
[2024-11-06T01:29:27.511+0000] {logging_mixin.py:190} INFO - [2024-11-06T01:29:27.510+0000] {dagbag.py:588} INFO - Filling up the DagBag from /opt/airflow/dags/banco_mundial_indicators_dag.py
[2024-11-06T01:29:27.667+0000] {processor.py:925} INFO - DAG(s) 'banco_mundial_indicators_v02' retrieved from /opt/airflow/dags/banco_mundial_indicators_dag.py
[2024-11-06T01:29:27.694+0000] {logging_mixin.py:190} INFO - [2024-11-06T01:29:27.694+0000] {dag.py:3239} INFO - Sync 1 DAGs
[2024-11-06T01:29:27.727+0000] {logging_mixin.py:190} INFO - [2024-11-06T01:29:27.726+0000] {dag.py:4180} INFO - Setting next_dagrun for banco_mundial_indicators_v02 to 2024-11-06 00:00:00+00:00, run_after=2024-11-07 00:00:00+00:00
[2024-11-06T01:29:27.752+0000] {processor.py:208} INFO - Processing /opt/airflow/dags/banco_mundial_indicators_dag.py took 0.257 seconds
[2024-11-06T01:29:58.506+0000] {processor.py:186} INFO - Started process (PID=5020) to work on /opt/airflow/dags/banco_mundial_indicators_dag.py
[2024-11-06T01:29:58.507+0000] {processor.py:914} INFO - Processing file /opt/airflow/dags/banco_mundial_indicators_dag.py for tasks to queue
[2024-11-06T01:29:58.509+0000] {logging_mixin.py:190} INFO - [2024-11-06T01:29:58.509+0000] {dagbag.py:588} INFO - Filling up the DagBag from /opt/airflow/dags/banco_mundial_indicators_dag.py
[2024-11-06T01:29:58.613+0000] {processor.py:925} INFO - DAG(s) 'banco_mundial_indicators_v02' retrieved from /opt/airflow/dags/banco_mundial_indicators_dag.py
[2024-11-06T01:29:58.639+0000] {logging_mixin.py:190} INFO - [2024-11-06T01:29:58.639+0000] {dag.py:3239} INFO - Sync 1 DAGs
[2024-11-06T01:29:58.667+0000] {logging_mixin.py:190} INFO - [2024-11-06T01:29:58.666+0000] {dag.py:4180} INFO - Setting next_dagrun for banco_mundial_indicators_v02 to 2024-11-06 00:00:00+00:00, run_after=2024-11-07 00:00:00+00:00
[2024-11-06T01:29:58.686+0000] {processor.py:208} INFO - Processing /opt/airflow/dags/banco_mundial_indicators_dag.py took 0.188 seconds
[2024-11-06T01:30:29.377+0000] {processor.py:186} INFO - Started process (PID=5057) to work on /opt/airflow/dags/banco_mundial_indicators_dag.py
[2024-11-06T01:30:29.378+0000] {processor.py:914} INFO - Processing file /opt/airflow/dags/banco_mundial_indicators_dag.py for tasks to queue
[2024-11-06T01:30:29.381+0000] {logging_mixin.py:190} INFO - [2024-11-06T01:30:29.381+0000] {dagbag.py:588} INFO - Filling up the DagBag from /opt/airflow/dags/banco_mundial_indicators_dag.py
[2024-11-06T01:30:29.541+0000] {processor.py:925} INFO - DAG(s) 'banco_mundial_indicators_v02' retrieved from /opt/airflow/dags/banco_mundial_indicators_dag.py
[2024-11-06T01:30:29.574+0000] {logging_mixin.py:190} INFO - [2024-11-06T01:30:29.574+0000] {dag.py:3239} INFO - Sync 1 DAGs
[2024-11-06T01:30:29.613+0000] {logging_mixin.py:190} INFO - [2024-11-06T01:30:29.612+0000] {dag.py:4180} INFO - Setting next_dagrun for banco_mundial_indicators_v02 to 2024-11-06 00:00:00+00:00, run_after=2024-11-07 00:00:00+00:00
[2024-11-06T01:30:29.637+0000] {processor.py:208} INFO - Processing /opt/airflow/dags/banco_mundial_indicators_dag.py took 0.270 seconds
[2024-11-06T01:31:00.043+0000] {processor.py:186} INFO - Started process (PID=5093) to work on /opt/airflow/dags/banco_mundial_indicators_dag.py
[2024-11-06T01:31:00.044+0000] {processor.py:914} INFO - Processing file /opt/airflow/dags/banco_mundial_indicators_dag.py for tasks to queue
[2024-11-06T01:31:00.048+0000] {logging_mixin.py:190} INFO - [2024-11-06T01:31:00.048+0000] {dagbag.py:588} INFO - Filling up the DagBag from /opt/airflow/dags/banco_mundial_indicators_dag.py
[2024-11-06T01:31:00.200+0000] {processor.py:925} INFO - DAG(s) 'banco_mundial_indicators_v02' retrieved from /opt/airflow/dags/banco_mundial_indicators_dag.py
[2024-11-06T01:31:00.226+0000] {logging_mixin.py:190} INFO - [2024-11-06T01:31:00.226+0000] {dag.py:3239} INFO - Sync 1 DAGs
[2024-11-06T01:31:00.255+0000] {logging_mixin.py:190} INFO - [2024-11-06T01:31:00.255+0000] {dag.py:4180} INFO - Setting next_dagrun for banco_mundial_indicators_v02 to 2024-11-06 00:00:00+00:00, run_after=2024-11-07 00:00:00+00:00
[2024-11-06T01:31:00.275+0000] {processor.py:208} INFO - Processing /opt/airflow/dags/banco_mundial_indicators_dag.py took 0.242 seconds
[2024-11-06T01:31:30.954+0000] {processor.py:186} INFO - Started process (PID=5129) to work on /opt/airflow/dags/banco_mundial_indicators_dag.py
[2024-11-06T01:31:30.956+0000] {processor.py:914} INFO - Processing file /opt/airflow/dags/banco_mundial_indicators_dag.py for tasks to queue
[2024-11-06T01:31:30.959+0000] {logging_mixin.py:190} INFO - [2024-11-06T01:31:30.958+0000] {dagbag.py:588} INFO - Filling up the DagBag from /opt/airflow/dags/banco_mundial_indicators_dag.py
[2024-11-06T01:31:31.066+0000] {processor.py:925} INFO - DAG(s) 'banco_mundial_indicators_v02' retrieved from /opt/airflow/dags/banco_mundial_indicators_dag.py
[2024-11-06T01:31:31.100+0000] {logging_mixin.py:190} INFO - [2024-11-06T01:31:31.100+0000] {dag.py:3239} INFO - Sync 1 DAGs
[2024-11-06T01:31:31.136+0000] {logging_mixin.py:190} INFO - [2024-11-06T01:31:31.135+0000] {dag.py:4180} INFO - Setting next_dagrun for banco_mundial_indicators_v02 to 2024-11-06 00:00:00+00:00, run_after=2024-11-07 00:00:00+00:00
[2024-11-06T01:31:31.159+0000] {processor.py:208} INFO - Processing /opt/airflow/dags/banco_mundial_indicators_dag.py took 0.214 seconds
[2024-11-06T01:32:01.663+0000] {processor.py:186} INFO - Started process (PID=5165) to work on /opt/airflow/dags/banco_mundial_indicators_dag.py
[2024-11-06T01:32:01.665+0000] {processor.py:914} INFO - Processing file /opt/airflow/dags/banco_mundial_indicators_dag.py for tasks to queue
[2024-11-06T01:32:01.668+0000] {logging_mixin.py:190} INFO - [2024-11-06T01:32:01.667+0000] {dagbag.py:588} INFO - Filling up the DagBag from /opt/airflow/dags/banco_mundial_indicators_dag.py
[2024-11-06T01:32:01.772+0000] {processor.py:925} INFO - DAG(s) 'banco_mundial_indicators_v02' retrieved from /opt/airflow/dags/banco_mundial_indicators_dag.py
[2024-11-06T01:32:01.797+0000] {logging_mixin.py:190} INFO - [2024-11-06T01:32:01.797+0000] {dag.py:3239} INFO - Sync 1 DAGs
[2024-11-06T01:32:01.828+0000] {logging_mixin.py:190} INFO - [2024-11-06T01:32:01.828+0000] {dag.py:4180} INFO - Setting next_dagrun for banco_mundial_indicators_v02 to 2024-11-06 00:00:00+00:00, run_after=2024-11-07 00:00:00+00:00
[2024-11-06T01:32:01.850+0000] {processor.py:208} INFO - Processing /opt/airflow/dags/banco_mundial_indicators_dag.py took 0.196 seconds
[2024-11-06T01:32:32.294+0000] {processor.py:186} INFO - Started process (PID=5201) to work on /opt/airflow/dags/banco_mundial_indicators_dag.py
[2024-11-06T01:32:32.296+0000] {processor.py:914} INFO - Processing file /opt/airflow/dags/banco_mundial_indicators_dag.py for tasks to queue
[2024-11-06T01:32:32.300+0000] {logging_mixin.py:190} INFO - [2024-11-06T01:32:32.299+0000] {dagbag.py:588} INFO - Filling up the DagBag from /opt/airflow/dags/banco_mundial_indicators_dag.py
[2024-11-06T01:32:32.451+0000] {processor.py:925} INFO - DAG(s) 'banco_mundial_indicators_v02' retrieved from /opt/airflow/dags/banco_mundial_indicators_dag.py
[2024-11-06T01:32:32.479+0000] {logging_mixin.py:190} INFO - [2024-11-06T01:32:32.479+0000] {dag.py:3239} INFO - Sync 1 DAGs
[2024-11-06T01:32:32.511+0000] {logging_mixin.py:190} INFO - [2024-11-06T01:32:32.511+0000] {dag.py:4180} INFO - Setting next_dagrun for banco_mundial_indicators_v02 to 2024-11-06 00:00:00+00:00, run_after=2024-11-07 00:00:00+00:00
[2024-11-06T01:32:32.531+0000] {processor.py:208} INFO - Processing /opt/airflow/dags/banco_mundial_indicators_dag.py took 0.249 seconds
[2024-11-06T01:33:03.255+0000] {processor.py:186} INFO - Started process (PID=5237) to work on /opt/airflow/dags/banco_mundial_indicators_dag.py
[2024-11-06T01:33:03.257+0000] {processor.py:914} INFO - Processing file /opt/airflow/dags/banco_mundial_indicators_dag.py for tasks to queue
[2024-11-06T01:33:03.261+0000] {logging_mixin.py:190} INFO - [2024-11-06T01:33:03.260+0000] {dagbag.py:588} INFO - Filling up the DagBag from /opt/airflow/dags/banco_mundial_indicators_dag.py
[2024-11-06T01:33:03.401+0000] {processor.py:925} INFO - DAG(s) 'banco_mundial_indicators_v02' retrieved from /opt/airflow/dags/banco_mundial_indicators_dag.py
[2024-11-06T01:33:03.427+0000] {logging_mixin.py:190} INFO - [2024-11-06T01:33:03.427+0000] {dag.py:3239} INFO - Sync 1 DAGs
[2024-11-06T01:33:03.457+0000] {logging_mixin.py:190} INFO - [2024-11-06T01:33:03.457+0000] {dag.py:4180} INFO - Setting next_dagrun for banco_mundial_indicators_v02 to 2024-11-06 00:00:00+00:00, run_after=2024-11-07 00:00:00+00:00
[2024-11-06T01:33:03.481+0000] {processor.py:208} INFO - Processing /opt/airflow/dags/banco_mundial_indicators_dag.py took 0.236 seconds
[2024-11-06T01:33:33.957+0000] {processor.py:186} INFO - Started process (PID=5273) to work on /opt/airflow/dags/banco_mundial_indicators_dag.py
[2024-11-06T01:33:33.958+0000] {processor.py:914} INFO - Processing file /opt/airflow/dags/banco_mundial_indicators_dag.py for tasks to queue
[2024-11-06T01:33:33.960+0000] {logging_mixin.py:190} INFO - [2024-11-06T01:33:33.960+0000] {dagbag.py:588} INFO - Filling up the DagBag from /opt/airflow/dags/banco_mundial_indicators_dag.py
[2024-11-06T01:33:34.064+0000] {processor.py:925} INFO - DAG(s) 'banco_mundial_indicators_v02' retrieved from /opt/airflow/dags/banco_mundial_indicators_dag.py
[2024-11-06T01:33:34.089+0000] {logging_mixin.py:190} INFO - [2024-11-06T01:33:34.089+0000] {dag.py:3239} INFO - Sync 1 DAGs
[2024-11-06T01:33:34.118+0000] {logging_mixin.py:190} INFO - [2024-11-06T01:33:34.118+0000] {dag.py:4180} INFO - Setting next_dagrun for banco_mundial_indicators_v02 to 2024-11-06 00:00:00+00:00, run_after=2024-11-07 00:00:00+00:00
[2024-11-06T01:33:34.140+0000] {processor.py:208} INFO - Processing /opt/airflow/dags/banco_mundial_indicators_dag.py took 0.190 seconds
[2024-11-06T01:34:04.600+0000] {processor.py:186} INFO - Started process (PID=5309) to work on /opt/airflow/dags/banco_mundial_indicators_dag.py
[2024-11-06T01:34:04.601+0000] {processor.py:914} INFO - Processing file /opt/airflow/dags/banco_mundial_indicators_dag.py for tasks to queue
[2024-11-06T01:34:04.604+0000] {logging_mixin.py:190} INFO - [2024-11-06T01:34:04.603+0000] {dagbag.py:588} INFO - Filling up the DagBag from /opt/airflow/dags/banco_mundial_indicators_dag.py
[2024-11-06T01:34:04.707+0000] {processor.py:925} INFO - DAG(s) 'banco_mundial_indicators_v02' retrieved from /opt/airflow/dags/banco_mundial_indicators_dag.py
[2024-11-06T01:34:04.732+0000] {logging_mixin.py:190} INFO - [2024-11-06T01:34:04.732+0000] {dag.py:3239} INFO - Sync 1 DAGs
[2024-11-06T01:34:04.760+0000] {logging_mixin.py:190} INFO - [2024-11-06T01:34:04.760+0000] {dag.py:4180} INFO - Setting next_dagrun for banco_mundial_indicators_v02 to 2024-11-06 00:00:00+00:00, run_after=2024-11-07 00:00:00+00:00
[2024-11-06T01:34:04.781+0000] {processor.py:208} INFO - Processing /opt/airflow/dags/banco_mundial_indicators_dag.py took 0.189 seconds
[2024-11-06T01:34:35.312+0000] {processor.py:186} INFO - Started process (PID=5345) to work on /opt/airflow/dags/banco_mundial_indicators_dag.py
[2024-11-06T01:34:35.314+0000] {processor.py:914} INFO - Processing file /opt/airflow/dags/banco_mundial_indicators_dag.py for tasks to queue
[2024-11-06T01:34:35.317+0000] {logging_mixin.py:190} INFO - [2024-11-06T01:34:35.316+0000] {dagbag.py:588} INFO - Filling up the DagBag from /opt/airflow/dags/banco_mundial_indicators_dag.py
[2024-11-06T01:34:35.471+0000] {processor.py:925} INFO - DAG(s) 'banco_mundial_indicators_v02' retrieved from /opt/airflow/dags/banco_mundial_indicators_dag.py
[2024-11-06T01:34:35.505+0000] {logging_mixin.py:190} INFO - [2024-11-06T01:34:35.505+0000] {dag.py:3239} INFO - Sync 1 DAGs
[2024-11-06T01:34:35.545+0000] {logging_mixin.py:190} INFO - [2024-11-06T01:34:35.545+0000] {dag.py:4180} INFO - Setting next_dagrun for banco_mundial_indicators_v02 to 2024-11-06 00:00:00+00:00, run_after=2024-11-07 00:00:00+00:00
[2024-11-06T01:34:35.568+0000] {processor.py:208} INFO - Processing /opt/airflow/dags/banco_mundial_indicators_dag.py took 0.266 seconds
[2024-11-06T01:35:06.051+0000] {processor.py:186} INFO - Started process (PID=5381) to work on /opt/airflow/dags/banco_mundial_indicators_dag.py
[2024-11-06T01:35:06.052+0000] {processor.py:914} INFO - Processing file /opt/airflow/dags/banco_mundial_indicators_dag.py for tasks to queue
[2024-11-06T01:35:06.056+0000] {logging_mixin.py:190} INFO - [2024-11-06T01:35:06.056+0000] {dagbag.py:588} INFO - Filling up the DagBag from /opt/airflow/dags/banco_mundial_indicators_dag.py
[2024-11-06T01:35:06.221+0000] {processor.py:925} INFO - DAG(s) 'banco_mundial_indicators_v02' retrieved from /opt/airflow/dags/banco_mundial_indicators_dag.py
[2024-11-06T01:35:06.260+0000] {logging_mixin.py:190} INFO - [2024-11-06T01:35:06.260+0000] {dag.py:3239} INFO - Sync 1 DAGs
[2024-11-06T01:35:06.300+0000] {logging_mixin.py:190} INFO - [2024-11-06T01:35:06.300+0000] {dag.py:4180} INFO - Setting next_dagrun for banco_mundial_indicators_v02 to 2024-11-06 00:00:00+00:00, run_after=2024-11-07 00:00:00+00:00
[2024-11-06T01:35:06.320+0000] {processor.py:208} INFO - Processing /opt/airflow/dags/banco_mundial_indicators_dag.py took 0.279 seconds
[2024-11-06T01:35:36.959+0000] {processor.py:186} INFO - Started process (PID=5417) to work on /opt/airflow/dags/banco_mundial_indicators_dag.py
[2024-11-06T01:35:36.960+0000] {processor.py:914} INFO - Processing file /opt/airflow/dags/banco_mundial_indicators_dag.py for tasks to queue
[2024-11-06T01:35:36.963+0000] {logging_mixin.py:190} INFO - [2024-11-06T01:35:36.963+0000] {dagbag.py:588} INFO - Filling up the DagBag from /opt/airflow/dags/banco_mundial_indicators_dag.py
[2024-11-06T01:35:37.081+0000] {processor.py:925} INFO - DAG(s) 'banco_mundial_indicators_v02' retrieved from /opt/airflow/dags/banco_mundial_indicators_dag.py
[2024-11-06T01:35:37.109+0000] {logging_mixin.py:190} INFO - [2024-11-06T01:35:37.109+0000] {dag.py:3239} INFO - Sync 1 DAGs
[2024-11-06T01:35:37.141+0000] {logging_mixin.py:190} INFO - [2024-11-06T01:35:37.141+0000] {dag.py:4180} INFO - Setting next_dagrun for banco_mundial_indicators_v02 to 2024-11-06 00:00:00+00:00, run_after=2024-11-07 00:00:00+00:00
[2024-11-06T01:35:37.163+0000] {processor.py:208} INFO - Processing /opt/airflow/dags/banco_mundial_indicators_dag.py took 0.216 seconds
[2024-11-06T01:36:07.828+0000] {processor.py:186} INFO - Started process (PID=5453) to work on /opt/airflow/dags/banco_mundial_indicators_dag.py
[2024-11-06T01:36:07.829+0000] {processor.py:914} INFO - Processing file /opt/airflow/dags/banco_mundial_indicators_dag.py for tasks to queue
[2024-11-06T01:36:07.831+0000] {logging_mixin.py:190} INFO - [2024-11-06T01:36:07.831+0000] {dagbag.py:588} INFO - Filling up the DagBag from /opt/airflow/dags/banco_mundial_indicators_dag.py
[2024-11-06T01:36:07.981+0000] {processor.py:925} INFO - DAG(s) 'banco_mundial_indicators_v02' retrieved from /opt/airflow/dags/banco_mundial_indicators_dag.py
[2024-11-06T01:36:08.006+0000] {logging_mixin.py:190} INFO - [2024-11-06T01:36:08.006+0000] {dag.py:3239} INFO - Sync 1 DAGs
[2024-11-06T01:36:08.037+0000] {logging_mixin.py:190} INFO - [2024-11-06T01:36:08.037+0000] {dag.py:4180} INFO - Setting next_dagrun for banco_mundial_indicators_v02 to 2024-11-06 00:00:00+00:00, run_after=2024-11-07 00:00:00+00:00
[2024-11-06T01:36:08.057+0000] {processor.py:208} INFO - Processing /opt/airflow/dags/banco_mundial_indicators_dag.py took 0.238 seconds
[2024-11-06T01:36:38.694+0000] {processor.py:186} INFO - Started process (PID=5489) to work on /opt/airflow/dags/banco_mundial_indicators_dag.py
[2024-11-06T01:36:38.695+0000] {processor.py:914} INFO - Processing file /opt/airflow/dags/banco_mundial_indicators_dag.py for tasks to queue
[2024-11-06T01:36:38.699+0000] {logging_mixin.py:190} INFO - [2024-11-06T01:36:38.698+0000] {dagbag.py:588} INFO - Filling up the DagBag from /opt/airflow/dags/banco_mundial_indicators_dag.py
[2024-11-06T01:36:38.809+0000] {processor.py:925} INFO - DAG(s) 'banco_mundial_indicators_v02' retrieved from /opt/airflow/dags/banco_mundial_indicators_dag.py
[2024-11-06T01:36:38.834+0000] {logging_mixin.py:190} INFO - [2024-11-06T01:36:38.834+0000] {dag.py:3239} INFO - Sync 1 DAGs
[2024-11-06T01:36:38.862+0000] {logging_mixin.py:190} INFO - [2024-11-06T01:36:38.862+0000] {dag.py:4180} INFO - Setting next_dagrun for banco_mundial_indicators_v02 to 2024-11-06 00:00:00+00:00, run_after=2024-11-07 00:00:00+00:00
[2024-11-06T01:36:38.883+0000] {processor.py:208} INFO - Processing /opt/airflow/dags/banco_mundial_indicators_dag.py took 0.200 seconds
[2024-11-06T01:37:09.383+0000] {processor.py:186} INFO - Started process (PID=5526) to work on /opt/airflow/dags/banco_mundial_indicators_dag.py
[2024-11-06T01:37:09.384+0000] {processor.py:914} INFO - Processing file /opt/airflow/dags/banco_mundial_indicators_dag.py for tasks to queue
[2024-11-06T01:37:09.387+0000] {logging_mixin.py:190} INFO - [2024-11-06T01:37:09.387+0000] {dagbag.py:588} INFO - Filling up the DagBag from /opt/airflow/dags/banco_mundial_indicators_dag.py
[2024-11-06T01:37:09.491+0000] {processor.py:925} INFO - DAG(s) 'banco_mundial_indicators_v02' retrieved from /opt/airflow/dags/banco_mundial_indicators_dag.py
[2024-11-06T01:37:09.525+0000] {logging_mixin.py:190} INFO - [2024-11-06T01:37:09.524+0000] {dag.py:3239} INFO - Sync 1 DAGs
[2024-11-06T01:37:09.565+0000] {logging_mixin.py:190} INFO - [2024-11-06T01:37:09.564+0000] {dag.py:4180} INFO - Setting next_dagrun for banco_mundial_indicators_v02 to 2024-11-06 00:00:00+00:00, run_after=2024-11-07 00:00:00+00:00
[2024-11-06T01:37:09.589+0000] {processor.py:208} INFO - Processing /opt/airflow/dags/banco_mundial_indicators_dag.py took 0.213 seconds
[2024-11-06T01:37:40.243+0000] {processor.py:186} INFO - Started process (PID=5562) to work on /opt/airflow/dags/banco_mundial_indicators_dag.py
[2024-11-06T01:37:40.244+0000] {processor.py:914} INFO - Processing file /opt/airflow/dags/banco_mundial_indicators_dag.py for tasks to queue
[2024-11-06T01:37:40.247+0000] {logging_mixin.py:190} INFO - [2024-11-06T01:37:40.247+0000] {dagbag.py:588} INFO - Filling up the DagBag from /opt/airflow/dags/banco_mundial_indicators_dag.py
[2024-11-06T01:37:40.351+0000] {processor.py:925} INFO - DAG(s) 'banco_mundial_indicators_v02' retrieved from /opt/airflow/dags/banco_mundial_indicators_dag.py
[2024-11-06T01:37:40.377+0000] {logging_mixin.py:190} INFO - [2024-11-06T01:37:40.377+0000] {dag.py:3239} INFO - Sync 1 DAGs
[2024-11-06T01:37:40.406+0000] {logging_mixin.py:190} INFO - [2024-11-06T01:37:40.406+0000] {dag.py:4180} INFO - Setting next_dagrun for banco_mundial_indicators_v02 to 2024-11-06 00:00:00+00:00, run_after=2024-11-07 00:00:00+00:00
[2024-11-06T01:37:40.426+0000] {processor.py:208} INFO - Processing /opt/airflow/dags/banco_mundial_indicators_dag.py took 0.191 seconds
[2024-11-06T01:38:10.959+0000] {processor.py:186} INFO - Started process (PID=5598) to work on /opt/airflow/dags/banco_mundial_indicators_dag.py
[2024-11-06T01:38:10.960+0000] {processor.py:914} INFO - Processing file /opt/airflow/dags/banco_mundial_indicators_dag.py for tasks to queue
[2024-11-06T01:38:10.962+0000] {logging_mixin.py:190} INFO - [2024-11-06T01:38:10.962+0000] {dagbag.py:588} INFO - Filling up the DagBag from /opt/airflow/dags/banco_mundial_indicators_dag.py
[2024-11-06T01:38:11.067+0000] {processor.py:925} INFO - DAG(s) 'banco_mundial_indicators_v02' retrieved from /opt/airflow/dags/banco_mundial_indicators_dag.py
[2024-11-06T01:38:11.095+0000] {logging_mixin.py:190} INFO - [2024-11-06T01:38:11.095+0000] {dag.py:3239} INFO - Sync 1 DAGs
[2024-11-06T01:38:11.128+0000] {logging_mixin.py:190} INFO - [2024-11-06T01:38:11.127+0000] {dag.py:4180} INFO - Setting next_dagrun for banco_mundial_indicators_v02 to 2024-11-06 00:00:00+00:00, run_after=2024-11-07 00:00:00+00:00
[2024-11-06T01:38:11.149+0000] {processor.py:208} INFO - Processing /opt/airflow/dags/banco_mundial_indicators_dag.py took 0.197 seconds
[2024-11-06T01:38:41.818+0000] {processor.py:186} INFO - Started process (PID=5634) to work on /opt/airflow/dags/banco_mundial_indicators_dag.py
[2024-11-06T01:38:41.820+0000] {processor.py:914} INFO - Processing file /opt/airflow/dags/banco_mundial_indicators_dag.py for tasks to queue
[2024-11-06T01:38:41.824+0000] {logging_mixin.py:190} INFO - [2024-11-06T01:38:41.824+0000] {dagbag.py:588} INFO - Filling up the DagBag from /opt/airflow/dags/banco_mundial_indicators_dag.py
[2024-11-06T01:38:41.953+0000] {processor.py:925} INFO - DAG(s) 'banco_mundial_indicators_v02' retrieved from /opt/airflow/dags/banco_mundial_indicators_dag.py
[2024-11-06T01:38:41.979+0000] {logging_mixin.py:190} INFO - [2024-11-06T01:38:41.978+0000] {dag.py:3239} INFO - Sync 1 DAGs
[2024-11-06T01:38:42.011+0000] {logging_mixin.py:190} INFO - [2024-11-06T01:38:42.010+0000] {dag.py:4180} INFO - Setting next_dagrun for banco_mundial_indicators_v02 to 2024-11-06 00:00:00+00:00, run_after=2024-11-07 00:00:00+00:00
[2024-11-06T01:38:42.033+0000] {processor.py:208} INFO - Processing /opt/airflow/dags/banco_mundial_indicators_dag.py took 0.227 seconds
[2024-11-06T01:39:12.693+0000] {processor.py:186} INFO - Started process (PID=5670) to work on /opt/airflow/dags/banco_mundial_indicators_dag.py
[2024-11-06T01:39:12.694+0000] {processor.py:914} INFO - Processing file /opt/airflow/dags/banco_mundial_indicators_dag.py for tasks to queue
[2024-11-06T01:39:12.698+0000] {logging_mixin.py:190} INFO - [2024-11-06T01:39:12.697+0000] {dagbag.py:588} INFO - Filling up the DagBag from /opt/airflow/dags/banco_mundial_indicators_dag.py
[2024-11-06T01:39:12.817+0000] {processor.py:925} INFO - DAG(s) 'banco_mundial_indicators_v02' retrieved from /opt/airflow/dags/banco_mundial_indicators_dag.py
[2024-11-06T01:39:12.849+0000] {logging_mixin.py:190} INFO - [2024-11-06T01:39:12.849+0000] {dag.py:3239} INFO - Sync 1 DAGs
[2024-11-06T01:39:12.879+0000] {logging_mixin.py:190} INFO - [2024-11-06T01:39:12.878+0000] {dag.py:4180} INFO - Setting next_dagrun for banco_mundial_indicators_v02 to 2024-11-06 00:00:00+00:00, run_after=2024-11-07 00:00:00+00:00
[2024-11-06T01:39:12.900+0000] {processor.py:208} INFO - Processing /opt/airflow/dags/banco_mundial_indicators_dag.py took 0.217 seconds
[2024-11-06T01:39:43.357+0000] {processor.py:186} INFO - Started process (PID=5706) to work on /opt/airflow/dags/banco_mundial_indicators_dag.py
[2024-11-06T01:39:43.359+0000] {processor.py:914} INFO - Processing file /opt/airflow/dags/banco_mundial_indicators_dag.py for tasks to queue
[2024-11-06T01:39:43.362+0000] {logging_mixin.py:190} INFO - [2024-11-06T01:39:43.362+0000] {dagbag.py:588} INFO - Filling up the DagBag from /opt/airflow/dags/banco_mundial_indicators_dag.py
[2024-11-06T01:39:43.491+0000] {processor.py:925} INFO - DAG(s) 'banco_mundial_indicators_v02' retrieved from /opt/airflow/dags/banco_mundial_indicators_dag.py
[2024-11-06T01:39:43.525+0000] {logging_mixin.py:190} INFO - [2024-11-06T01:39:43.524+0000] {dag.py:3239} INFO - Sync 1 DAGs
[2024-11-06T01:39:43.565+0000] {logging_mixin.py:190} INFO - [2024-11-06T01:39:43.565+0000] {dag.py:4180} INFO - Setting next_dagrun for banco_mundial_indicators_v02 to 2024-11-06 00:00:00+00:00, run_after=2024-11-07 00:00:00+00:00
[2024-11-06T01:39:43.590+0000] {processor.py:208} INFO - Processing /opt/airflow/dags/banco_mundial_indicators_dag.py took 0.245 seconds
[2024-11-06T01:40:14.083+0000] {processor.py:186} INFO - Started process (PID=5742) to work on /opt/airflow/dags/banco_mundial_indicators_dag.py
[2024-11-06T01:40:14.084+0000] {processor.py:914} INFO - Processing file /opt/airflow/dags/banco_mundial_indicators_dag.py for tasks to queue
[2024-11-06T01:40:14.087+0000] {logging_mixin.py:190} INFO - [2024-11-06T01:40:14.087+0000] {dagbag.py:588} INFO - Filling up the DagBag from /opt/airflow/dags/banco_mundial_indicators_dag.py
[2024-11-06T01:40:14.245+0000] {processor.py:925} INFO - DAG(s) 'banco_mundial_indicators_v02' retrieved from /opt/airflow/dags/banco_mundial_indicators_dag.py
[2024-11-06T01:40:14.281+0000] {logging_mixin.py:190} INFO - [2024-11-06T01:40:14.281+0000] {dag.py:3239} INFO - Sync 1 DAGs
[2024-11-06T01:40:14.320+0000] {logging_mixin.py:190} INFO - [2024-11-06T01:40:14.319+0000] {dag.py:4180} INFO - Setting next_dagrun for banco_mundial_indicators_v02 to 2024-11-06 00:00:00+00:00, run_after=2024-11-07 00:00:00+00:00
[2024-11-06T01:40:14.345+0000] {processor.py:208} INFO - Processing /opt/airflow/dags/banco_mundial_indicators_dag.py took 0.272 seconds
[2024-11-06T01:40:44.901+0000] {processor.py:186} INFO - Started process (PID=5778) to work on /opt/airflow/dags/banco_mundial_indicators_dag.py
[2024-11-06T01:40:44.902+0000] {processor.py:914} INFO - Processing file /opt/airflow/dags/banco_mundial_indicators_dag.py for tasks to queue
[2024-11-06T01:40:44.904+0000] {logging_mixin.py:190} INFO - [2024-11-06T01:40:44.904+0000] {dagbag.py:588} INFO - Filling up the DagBag from /opt/airflow/dags/banco_mundial_indicators_dag.py
[2024-11-06T01:40:45.008+0000] {processor.py:925} INFO - DAG(s) 'banco_mundial_indicators_v02' retrieved from /opt/airflow/dags/banco_mundial_indicators_dag.py
[2024-11-06T01:40:45.034+0000] {logging_mixin.py:190} INFO - [2024-11-06T01:40:45.034+0000] {dag.py:3239} INFO - Sync 1 DAGs
[2024-11-06T01:40:45.061+0000] {logging_mixin.py:190} INFO - [2024-11-06T01:40:45.061+0000] {dag.py:4180} INFO - Setting next_dagrun for banco_mundial_indicators_v02 to 2024-11-06 00:00:00+00:00, run_after=2024-11-07 00:00:00+00:00
[2024-11-06T01:40:45.080+0000] {processor.py:208} INFO - Processing /opt/airflow/dags/banco_mundial_indicators_dag.py took 0.189 seconds
[2024-11-06T01:41:15.623+0000] {processor.py:186} INFO - Started process (PID=5814) to work on /opt/airflow/dags/banco_mundial_indicators_dag.py
[2024-11-06T01:41:15.625+0000] {processor.py:914} INFO - Processing file /opt/airflow/dags/banco_mundial_indicators_dag.py for tasks to queue
[2024-11-06T01:41:15.629+0000] {logging_mixin.py:190} INFO - [2024-11-06T01:41:15.629+0000] {dagbag.py:588} INFO - Filling up the DagBag from /opt/airflow/dags/banco_mundial_indicators_dag.py
[2024-11-06T01:41:15.756+0000] {processor.py:925} INFO - DAG(s) 'banco_mundial_indicators_v02' retrieved from /opt/airflow/dags/banco_mundial_indicators_dag.py
[2024-11-06T01:41:15.784+0000] {logging_mixin.py:190} INFO - [2024-11-06T01:41:15.784+0000] {dag.py:3239} INFO - Sync 1 DAGs
[2024-11-06T01:41:15.816+0000] {logging_mixin.py:190} INFO - [2024-11-06T01:41:15.816+0000] {dag.py:4180} INFO - Setting next_dagrun for banco_mundial_indicators_v02 to 2024-11-06 00:00:00+00:00, run_after=2024-11-07 00:00:00+00:00
[2024-11-06T01:41:15.839+0000] {processor.py:208} INFO - Processing /opt/airflow/dags/banco_mundial_indicators_dag.py took 0.226 seconds
[2024-11-06T01:41:46.292+0000] {processor.py:186} INFO - Started process (PID=5850) to work on /opt/airflow/dags/banco_mundial_indicators_dag.py
[2024-11-06T01:41:46.293+0000] {processor.py:914} INFO - Processing file /opt/airflow/dags/banco_mundial_indicators_dag.py for tasks to queue
[2024-11-06T01:41:46.297+0000] {logging_mixin.py:190} INFO - [2024-11-06T01:41:46.296+0000] {dagbag.py:588} INFO - Filling up the DagBag from /opt/airflow/dags/banco_mundial_indicators_dag.py
[2024-11-06T01:41:46.468+0000] {processor.py:925} INFO - DAG(s) 'banco_mundial_indicators_v02' retrieved from /opt/airflow/dags/banco_mundial_indicators_dag.py
[2024-11-06T01:41:46.505+0000] {logging_mixin.py:190} INFO - [2024-11-06T01:41:46.504+0000] {dag.py:3239} INFO - Sync 1 DAGs
[2024-11-06T01:41:46.538+0000] {logging_mixin.py:190} INFO - [2024-11-06T01:41:46.537+0000] {dag.py:4180} INFO - Setting next_dagrun for banco_mundial_indicators_v02 to 2024-11-06 00:00:00+00:00, run_after=2024-11-07 00:00:00+00:00
[2024-11-06T01:41:46.560+0000] {processor.py:208} INFO - Processing /opt/airflow/dags/banco_mundial_indicators_dag.py took 0.280 seconds
[2024-11-06T01:42:17.225+0000] {processor.py:186} INFO - Started process (PID=5886) to work on /opt/airflow/dags/banco_mundial_indicators_dag.py
[2024-11-06T01:42:17.226+0000] {processor.py:914} INFO - Processing file /opt/airflow/dags/banco_mundial_indicators_dag.py for tasks to queue
[2024-11-06T01:42:17.230+0000] {logging_mixin.py:190} INFO - [2024-11-06T01:42:17.229+0000] {dagbag.py:588} INFO - Filling up the DagBag from /opt/airflow/dags/banco_mundial_indicators_dag.py
[2024-11-06T01:42:17.387+0000] {processor.py:925} INFO - DAG(s) 'banco_mundial_indicators_v02' retrieved from /opt/airflow/dags/banco_mundial_indicators_dag.py
[2024-11-06T01:42:17.421+0000] {logging_mixin.py:190} INFO - [2024-11-06T01:42:17.421+0000] {dag.py:3239} INFO - Sync 1 DAGs
[2024-11-06T01:42:17.459+0000] {logging_mixin.py:190} INFO - [2024-11-06T01:42:17.458+0000] {dag.py:4180} INFO - Setting next_dagrun for banco_mundial_indicators_v02 to 2024-11-06 00:00:00+00:00, run_after=2024-11-07 00:00:00+00:00
[2024-11-06T01:42:17.482+0000] {processor.py:208} INFO - Processing /opt/airflow/dags/banco_mundial_indicators_dag.py took 0.267 seconds
[2024-11-06T01:42:47.975+0000] {processor.py:186} INFO - Started process (PID=5922) to work on /opt/airflow/dags/banco_mundial_indicators_dag.py
[2024-11-06T01:42:47.976+0000] {processor.py:914} INFO - Processing file /opt/airflow/dags/banco_mundial_indicators_dag.py for tasks to queue
[2024-11-06T01:42:47.979+0000] {logging_mixin.py:190} INFO - [2024-11-06T01:42:47.978+0000] {dagbag.py:588} INFO - Filling up the DagBag from /opt/airflow/dags/banco_mundial_indicators_dag.py
[2024-11-06T01:42:48.096+0000] {processor.py:925} INFO - DAG(s) 'banco_mundial_indicators_v02' retrieved from /opt/airflow/dags/banco_mundial_indicators_dag.py
[2024-11-06T01:42:48.123+0000] {logging_mixin.py:190} INFO - [2024-11-06T01:42:48.123+0000] {dag.py:3239} INFO - Sync 1 DAGs
[2024-11-06T01:42:48.157+0000] {logging_mixin.py:190} INFO - [2024-11-06T01:42:48.157+0000] {dag.py:4180} INFO - Setting next_dagrun for banco_mundial_indicators_v02 to 2024-11-06 00:00:00+00:00, run_after=2024-11-07 00:00:00+00:00
[2024-11-06T01:42:48.179+0000] {processor.py:208} INFO - Processing /opt/airflow/dags/banco_mundial_indicators_dag.py took 0.210 seconds
[2024-11-06T01:43:18.845+0000] {processor.py:186} INFO - Started process (PID=5959) to work on /opt/airflow/dags/banco_mundial_indicators_dag.py
[2024-11-06T01:43:18.847+0000] {processor.py:914} INFO - Processing file /opt/airflow/dags/banco_mundial_indicators_dag.py for tasks to queue
[2024-11-06T01:43:18.851+0000] {logging_mixin.py:190} INFO - [2024-11-06T01:43:18.850+0000] {dagbag.py:588} INFO - Filling up the DagBag from /opt/airflow/dags/banco_mundial_indicators_dag.py
[2024-11-06T01:43:19.008+0000] {processor.py:925} INFO - DAG(s) 'banco_mundial_indicators_v02' retrieved from /opt/airflow/dags/banco_mundial_indicators_dag.py
[2024-11-06T01:43:19.034+0000] {logging_mixin.py:190} INFO - [2024-11-06T01:43:19.034+0000] {dag.py:3239} INFO - Sync 1 DAGs
[2024-11-06T01:43:19.062+0000] {logging_mixin.py:190} INFO - [2024-11-06T01:43:19.062+0000] {dag.py:4180} INFO - Setting next_dagrun for banco_mundial_indicators_v02 to 2024-11-06 00:00:00+00:00, run_after=2024-11-07 00:00:00+00:00
[2024-11-06T01:43:19.081+0000] {processor.py:208} INFO - Processing /opt/airflow/dags/banco_mundial_indicators_dag.py took 0.246 seconds
[2024-11-06T01:43:49.573+0000] {processor.py:186} INFO - Started process (PID=5995) to work on /opt/airflow/dags/banco_mundial_indicators_dag.py
[2024-11-06T01:43:49.574+0000] {processor.py:914} INFO - Processing file /opt/airflow/dags/banco_mundial_indicators_dag.py for tasks to queue
[2024-11-06T01:43:49.578+0000] {logging_mixin.py:190} INFO - [2024-11-06T01:43:49.578+0000] {dagbag.py:588} INFO - Filling up the DagBag from /opt/airflow/dags/banco_mundial_indicators_dag.py
[2024-11-06T01:43:49.756+0000] {processor.py:925} INFO - DAG(s) 'banco_mundial_indicators_v02' retrieved from /opt/airflow/dags/banco_mundial_indicators_dag.py
[2024-11-06T01:43:49.797+0000] {logging_mixin.py:190} INFO - [2024-11-06T01:43:49.796+0000] {dag.py:3239} INFO - Sync 1 DAGs
[2024-11-06T01:43:49.836+0000] {logging_mixin.py:190} INFO - [2024-11-06T01:43:49.836+0000] {dag.py:4180} INFO - Setting next_dagrun for banco_mundial_indicators_v02 to 2024-11-06 00:00:00+00:00, run_after=2024-11-07 00:00:00+00:00
[2024-11-06T01:43:49.861+0000] {processor.py:208} INFO - Processing /opt/airflow/dags/banco_mundial_indicators_dag.py took 0.301 seconds
[2024-11-06T01:44:20.590+0000] {processor.py:186} INFO - Started process (PID=6034) to work on /opt/airflow/dags/banco_mundial_indicators_dag.py
[2024-11-06T01:44:20.590+0000] {processor.py:914} INFO - Processing file /opt/airflow/dags/banco_mundial_indicators_dag.py for tasks to queue
[2024-11-06T01:44:20.593+0000] {logging_mixin.py:190} INFO - [2024-11-06T01:44:20.593+0000] {dagbag.py:588} INFO - Filling up the DagBag from /opt/airflow/dags/banco_mundial_indicators_dag.py
[2024-11-06T01:44:20.705+0000] {processor.py:925} INFO - DAG(s) 'banco_mundial_indicators_v02' retrieved from /opt/airflow/dags/banco_mundial_indicators_dag.py
[2024-11-06T01:44:20.735+0000] {logging_mixin.py:190} INFO - [2024-11-06T01:44:20.734+0000] {dag.py:3239} INFO - Sync 1 DAGs
[2024-11-06T01:44:20.770+0000] {logging_mixin.py:190} INFO - [2024-11-06T01:44:20.770+0000] {dag.py:4180} INFO - Setting next_dagrun for banco_mundial_indicators_v02 to 2024-11-06 00:00:00+00:00, run_after=2024-11-07 00:00:00+00:00
[2024-11-06T01:44:20.796+0000] {processor.py:208} INFO - Processing /opt/airflow/dags/banco_mundial_indicators_dag.py took 0.213 seconds
[2024-11-06T01:44:51.469+0000] {processor.py:186} INFO - Started process (PID=6070) to work on /opt/airflow/dags/banco_mundial_indicators_dag.py
[2024-11-06T01:44:51.470+0000] {processor.py:914} INFO - Processing file /opt/airflow/dags/banco_mundial_indicators_dag.py for tasks to queue
[2024-11-06T01:44:51.474+0000] {logging_mixin.py:190} INFO - [2024-11-06T01:44:51.473+0000] {dagbag.py:588} INFO - Filling up the DagBag from /opt/airflow/dags/banco_mundial_indicators_dag.py
[2024-11-06T01:44:51.590+0000] {processor.py:925} INFO - DAG(s) 'banco_mundial_indicators_v02' retrieved from /opt/airflow/dags/banco_mundial_indicators_dag.py
[2024-11-06T01:44:51.623+0000] {logging_mixin.py:190} INFO - [2024-11-06T01:44:51.623+0000] {dag.py:3239} INFO - Sync 1 DAGs
[2024-11-06T01:44:51.663+0000] {logging_mixin.py:190} INFO - [2024-11-06T01:44:51.662+0000] {dag.py:4180} INFO - Setting next_dagrun for banco_mundial_indicators_v02 to 2024-11-06 00:00:00+00:00, run_after=2024-11-07 00:00:00+00:00
[2024-11-06T01:44:51.686+0000] {processor.py:208} INFO - Processing /opt/airflow/dags/banco_mundial_indicators_dag.py took 0.224 seconds
[2024-11-06T01:45:22.164+0000] {processor.py:186} INFO - Started process (PID=6106) to work on /opt/airflow/dags/banco_mundial_indicators_dag.py
[2024-11-06T01:45:22.166+0000] {processor.py:914} INFO - Processing file /opt/airflow/dags/banco_mundial_indicators_dag.py for tasks to queue
[2024-11-06T01:45:22.169+0000] {logging_mixin.py:190} INFO - [2024-11-06T01:45:22.169+0000] {dagbag.py:588} INFO - Filling up the DagBag from /opt/airflow/dags/banco_mundial_indicators_dag.py
[2024-11-06T01:45:22.278+0000] {processor.py:925} INFO - DAG(s) 'banco_mundial_indicators_v02' retrieved from /opt/airflow/dags/banco_mundial_indicators_dag.py
[2024-11-06T01:45:22.312+0000] {logging_mixin.py:190} INFO - [2024-11-06T01:45:22.312+0000] {dag.py:3239} INFO - Sync 1 DAGs
[2024-11-06T01:45:22.349+0000] {logging_mixin.py:190} INFO - [2024-11-06T01:45:22.349+0000] {dag.py:4180} INFO - Setting next_dagrun for banco_mundial_indicators_v02 to 2024-11-06 00:00:00+00:00, run_after=2024-11-07 00:00:00+00:00
[2024-11-06T01:45:22.373+0000] {processor.py:208} INFO - Processing /opt/airflow/dags/banco_mundial_indicators_dag.py took 0.221 seconds
[2024-11-06T01:45:52.885+0000] {processor.py:186} INFO - Started process (PID=6142) to work on /opt/airflow/dags/banco_mundial_indicators_dag.py
[2024-11-06T01:45:52.886+0000] {processor.py:914} INFO - Processing file /opt/airflow/dags/banco_mundial_indicators_dag.py for tasks to queue
[2024-11-06T01:45:52.890+0000] {logging_mixin.py:190} INFO - [2024-11-06T01:45:52.890+0000] {dagbag.py:588} INFO - Filling up the DagBag from /opt/airflow/dags/banco_mundial_indicators_dag.py
[2024-11-06T01:45:53.050+0000] {processor.py:925} INFO - DAG(s) 'banco_mundial_indicators_v02' retrieved from /opt/airflow/dags/banco_mundial_indicators_dag.py
[2024-11-06T01:45:53.079+0000] {logging_mixin.py:190} INFO - [2024-11-06T01:45:53.079+0000] {dag.py:3239} INFO - Sync 1 DAGs
[2024-11-06T01:45:53.115+0000] {logging_mixin.py:190} INFO - [2024-11-06T01:45:53.114+0000] {dag.py:4180} INFO - Setting next_dagrun for banco_mundial_indicators_v02 to 2024-11-06 00:00:00+00:00, run_after=2024-11-07 00:00:00+00:00
[2024-11-06T01:45:53.139+0000] {processor.py:208} INFO - Processing /opt/airflow/dags/banco_mundial_indicators_dag.py took 0.266 seconds
[2024-11-06T01:46:23.421+0000] {processor.py:186} INFO - Started process (PID=6344) to work on /opt/airflow/dags/banco_mundial_indicators_dag.py
[2024-11-06T01:46:23.424+0000] {processor.py:914} INFO - Processing file /opt/airflow/dags/banco_mundial_indicators_dag.py for tasks to queue
[2024-11-06T01:46:23.432+0000] {logging_mixin.py:190} INFO - [2024-11-06T01:46:23.432+0000] {dagbag.py:588} INFO - Filling up the DagBag from /opt/airflow/dags/banco_mundial_indicators_dag.py
[2024-11-06T01:46:24.061+0000] {processor.py:925} INFO - DAG(s) 'banco_mundial_indicators_v02' retrieved from /opt/airflow/dags/banco_mundial_indicators_dag.py
[2024-11-06T01:46:24.232+0000] {logging_mixin.py:190} INFO - [2024-11-06T01:46:24.231+0000] {dag.py:3239} INFO - Sync 1 DAGs
[2024-11-06T01:46:24.327+0000] {logging_mixin.py:190} INFO - [2024-11-06T01:46:24.327+0000] {dag.py:4180} INFO - Setting next_dagrun for banco_mundial_indicators_v02 to 2024-11-06 00:00:00+00:00, run_after=2024-11-07 00:00:00+00:00
[2024-11-06T01:46:24.417+0000] {processor.py:208} INFO - Processing /opt/airflow/dags/banco_mundial_indicators_dag.py took 1.016 seconds
[2024-11-06T01:46:54.832+0000] {processor.py:186} INFO - Started process (PID=6543) to work on /opt/airflow/dags/banco_mundial_indicators_dag.py
[2024-11-06T01:46:54.848+0000] {processor.py:914} INFO - Processing file /opt/airflow/dags/banco_mundial_indicators_dag.py for tasks to queue
[2024-11-06T01:46:54.853+0000] {logging_mixin.py:190} INFO - [2024-11-06T01:46:54.852+0000] {dagbag.py:588} INFO - Filling up the DagBag from /opt/airflow/dags/banco_mundial_indicators_dag.py
[2024-11-06T01:46:55.034+0000] {processor.py:925} INFO - DAG(s) 'banco_mundial_indicators_v02' retrieved from /opt/airflow/dags/banco_mundial_indicators_dag.py
[2024-11-06T01:46:55.126+0000] {logging_mixin.py:190} INFO - [2024-11-06T01:46:55.126+0000] {dag.py:3239} INFO - Sync 1 DAGs
[2024-11-06T01:46:55.183+0000] {logging_mixin.py:190} INFO - [2024-11-06T01:46:55.183+0000] {dag.py:4180} INFO - Setting next_dagrun for banco_mundial_indicators_v02 to 2024-11-06 00:00:00+00:00, run_after=2024-11-07 00:00:00+00:00
[2024-11-06T01:46:55.241+0000] {processor.py:208} INFO - Processing /opt/airflow/dags/banco_mundial_indicators_dag.py took 0.422 seconds
[2024-11-06T01:47:26.018+0000] {processor.py:186} INFO - Started process (PID=6608) to work on /opt/airflow/dags/banco_mundial_indicators_dag.py
[2024-11-06T01:47:26.020+0000] {processor.py:914} INFO - Processing file /opt/airflow/dags/banco_mundial_indicators_dag.py for tasks to queue
[2024-11-06T01:47:26.025+0000] {logging_mixin.py:190} INFO - [2024-11-06T01:47:26.025+0000] {dagbag.py:588} INFO - Filling up the DagBag from /opt/airflow/dags/banco_mundial_indicators_dag.py
[2024-11-06T01:47:26.282+0000] {processor.py:925} INFO - DAG(s) 'banco_mundial_indicators_v02' retrieved from /opt/airflow/dags/banco_mundial_indicators_dag.py
[2024-11-06T01:47:26.343+0000] {logging_mixin.py:190} INFO - [2024-11-06T01:47:26.341+0000] {dag.py:3239} INFO - Sync 1 DAGs
[2024-11-06T01:47:26.419+0000] {logging_mixin.py:190} INFO - [2024-11-06T01:47:26.418+0000] {dag.py:4180} INFO - Setting next_dagrun for banco_mundial_indicators_v02 to 2024-11-06 00:00:00+00:00, run_after=2024-11-07 00:00:00+00:00
[2024-11-06T01:47:26.473+0000] {processor.py:208} INFO - Processing /opt/airflow/dags/banco_mundial_indicators_dag.py took 0.471 seconds
[2024-11-06T01:47:56.656+0000] {processor.py:186} INFO - Started process (PID=6649) to work on /opt/airflow/dags/banco_mundial_indicators_dag.py
[2024-11-06T01:47:56.657+0000] {processor.py:914} INFO - Processing file /opt/airflow/dags/banco_mundial_indicators_dag.py for tasks to queue
[2024-11-06T01:47:56.661+0000] {logging_mixin.py:190} INFO - [2024-11-06T01:47:56.660+0000] {dagbag.py:588} INFO - Filling up the DagBag from /opt/airflow/dags/banco_mundial_indicators_dag.py
[2024-11-06T01:47:56.829+0000] {processor.py:925} INFO - DAG(s) 'banco_mundial_indicators_v02' retrieved from /opt/airflow/dags/banco_mundial_indicators_dag.py
[2024-11-06T01:47:56.873+0000] {logging_mixin.py:190} INFO - [2024-11-06T01:47:56.873+0000] {dag.py:3239} INFO - Sync 1 DAGs
[2024-11-06T01:47:56.914+0000] {logging_mixin.py:190} INFO - [2024-11-06T01:47:56.914+0000] {dag.py:4180} INFO - Setting next_dagrun for banco_mundial_indicators_v02 to 2024-11-06 00:00:00+00:00, run_after=2024-11-07 00:00:00+00:00
[2024-11-06T01:47:56.936+0000] {processor.py:208} INFO - Processing /opt/airflow/dags/banco_mundial_indicators_dag.py took 0.291 seconds
