[2024-11-06T01:09:15.817+0000] {processor.py:186} INFO - Started process (PID=186) to work on /opt/airflow/dags/covid_dag.py
[2024-11-06T01:09:15.818+0000] {processor.py:914} INFO - Processing file /opt/airflow/dags/covid_dag.py for tasks to queue
[2024-11-06T01:09:15.822+0000] {logging_mixin.py:190} INFO - [2024-11-06T01:09:15.821+0000] {dagbag.py:588} INFO - Filling up the DagBag from /opt/airflow/dags/covid_dag.py
[2024-11-06T01:09:16.179+0000] {processor.py:925} INFO - DAG(s) 'covid_indicators_v02' retrieved from /opt/airflow/dags/covid_dag.py
[2024-11-06T01:09:16.291+0000] {logging_mixin.py:190} INFO - [2024-11-06T01:09:16.287+0000] {dag.py:3239} INFO - Sync 1 DAGs
[2024-11-06T01:09:16.475+0000] {logging_mixin.py:190} INFO - [2024-11-06T01:09:16.475+0000] {dag.py:4180} INFO - Setting next_dagrun for covid_indicators_v02 to 2024-11-06 00:00:00+00:00, run_after=2024-11-07 00:00:00+00:00
[2024-11-06T01:09:16.615+0000] {processor.py:208} INFO - Processing /opt/airflow/dags/covid_dag.py took 0.809 seconds
[2024-11-06T01:09:47.136+0000] {processor.py:186} INFO - Started process (PID=962) to work on /opt/airflow/dags/covid_dag.py
[2024-11-06T01:09:47.141+0000] {processor.py:914} INFO - Processing file /opt/airflow/dags/covid_dag.py for tasks to queue
[2024-11-06T01:09:47.148+0000] {logging_mixin.py:190} INFO - [2024-11-06T01:09:47.144+0000] {dagbag.py:588} INFO - Filling up the DagBag from /opt/airflow/dags/covid_dag.py
[2024-11-06T01:09:47.441+0000] {processor.py:925} INFO - DAG(s) 'covid_indicators_v02' retrieved from /opt/airflow/dags/covid_dag.py
[2024-11-06T01:09:47.598+0000] {logging_mixin.py:190} INFO - [2024-11-06T01:09:47.598+0000] {dag.py:3239} INFO - Sync 1 DAGs
[2024-11-06T01:09:47.840+0000] {logging_mixin.py:190} INFO - [2024-11-06T01:09:47.839+0000] {dag.py:4180} INFO - Setting next_dagrun for covid_indicators_v02 to 2024-11-06 00:00:00+00:00, run_after=2024-11-07 00:00:00+00:00
[2024-11-06T01:09:47.989+0000] {processor.py:208} INFO - Processing /opt/airflow/dags/covid_dag.py took 0.874 seconds
[2024-11-06T01:10:18.478+0000] {processor.py:186} INFO - Started process (PID=1357) to work on /opt/airflow/dags/covid_dag.py
[2024-11-06T01:10:18.486+0000] {processor.py:914} INFO - Processing file /opt/airflow/dags/covid_dag.py for tasks to queue
[2024-11-06T01:10:18.490+0000] {logging_mixin.py:190} INFO - [2024-11-06T01:10:18.489+0000] {dagbag.py:588} INFO - Filling up the DagBag from /opt/airflow/dags/covid_dag.py
[2024-11-06T01:10:19.426+0000] {processor.py:925} INFO - DAG(s) 'covid_indicators_v02' retrieved from /opt/airflow/dags/covid_dag.py
[2024-11-06T01:10:19.700+0000] {logging_mixin.py:190} INFO - [2024-11-06T01:10:19.700+0000] {dag.py:3239} INFO - Sync 1 DAGs
[2024-11-06T01:10:20.049+0000] {logging_mixin.py:190} INFO - [2024-11-06T01:10:20.049+0000] {dag.py:4180} INFO - Setting next_dagrun for covid_indicators_v02 to 2024-11-06 00:00:00+00:00, run_after=2024-11-07 00:00:00+00:00
[2024-11-06T01:10:21.418+0000] {processor.py:208} INFO - Processing /opt/airflow/dags/covid_dag.py took 2.997 seconds
[2024-11-06T01:10:51.929+0000] {processor.py:186} INFO - Started process (PID=2096) to work on /opt/airflow/dags/covid_dag.py
[2024-11-06T01:10:51.935+0000] {processor.py:914} INFO - Processing file /opt/airflow/dags/covid_dag.py for tasks to queue
[2024-11-06T01:10:51.955+0000] {logging_mixin.py:190} INFO - [2024-11-06T01:10:51.955+0000] {dagbag.py:588} INFO - Filling up the DagBag from /opt/airflow/dags/covid_dag.py
[2024-11-06T01:10:52.992+0000] {processor.py:925} INFO - DAG(s) 'covid_indicators_v02' retrieved from /opt/airflow/dags/covid_dag.py
[2024-11-06T01:10:53.212+0000] {logging_mixin.py:190} INFO - [2024-11-06T01:10:53.211+0000] {dag.py:3239} INFO - Sync 1 DAGs
[2024-11-06T01:10:54.153+0000] {logging_mixin.py:190} INFO - [2024-11-06T01:10:54.153+0000] {dag.py:4180} INFO - Setting next_dagrun for covid_indicators_v02 to 2024-11-06 00:00:00+00:00, run_after=2024-11-07 00:00:00+00:00
[2024-11-06T01:10:54.265+0000] {processor.py:208} INFO - Processing /opt/airflow/dags/covid_dag.py took 2.431 seconds
[2024-11-06T01:11:24.739+0000] {processor.py:186} INFO - Started process (PID=2764) to work on /opt/airflow/dags/covid_dag.py
[2024-11-06T01:11:24.758+0000] {processor.py:914} INFO - Processing file /opt/airflow/dags/covid_dag.py for tasks to queue
[2024-11-06T01:11:24.776+0000] {logging_mixin.py:190} INFO - [2024-11-06T01:11:24.775+0000] {dagbag.py:588} INFO - Filling up the DagBag from /opt/airflow/dags/covid_dag.py
[2024-11-06T01:11:25.627+0000] {processor.py:925} INFO - DAG(s) 'covid_indicators_v02' retrieved from /opt/airflow/dags/covid_dag.py
[2024-11-06T01:11:25.810+0000] {logging_mixin.py:190} INFO - [2024-11-06T01:11:25.810+0000] {dag.py:3239} INFO - Sync 1 DAGs
[2024-11-06T01:11:26.534+0000] {logging_mixin.py:190} INFO - [2024-11-06T01:11:26.533+0000] {dag.py:4180} INFO - Setting next_dagrun for covid_indicators_v02 to 2024-11-06 00:00:00+00:00, run_after=2024-11-07 00:00:00+00:00
[2024-11-06T01:11:26.664+0000] {processor.py:208} INFO - Processing /opt/airflow/dags/covid_dag.py took 1.969 seconds
[2024-11-06T01:11:57.079+0000] {processor.py:186} INFO - Started process (PID=3259) to work on /opt/airflow/dags/covid_dag.py
[2024-11-06T01:11:57.086+0000] {processor.py:914} INFO - Processing file /opt/airflow/dags/covid_dag.py for tasks to queue
[2024-11-06T01:11:57.098+0000] {logging_mixin.py:190} INFO - [2024-11-06T01:11:57.095+0000] {dagbag.py:588} INFO - Filling up the DagBag from /opt/airflow/dags/covid_dag.py
[2024-11-06T01:11:57.621+0000] {processor.py:925} INFO - DAG(s) 'covid_indicators_v02' retrieved from /opt/airflow/dags/covid_dag.py
[2024-11-06T01:11:58.580+0000] {logging_mixin.py:190} INFO - [2024-11-06T01:11:58.580+0000] {dag.py:3239} INFO - Sync 1 DAGs
[2024-11-06T01:11:58.738+0000] {logging_mixin.py:190} INFO - [2024-11-06T01:11:58.737+0000] {dag.py:4180} INFO - Setting next_dagrun for covid_indicators_v02 to 2024-11-06 00:00:00+00:00, run_after=2024-11-07 00:00:00+00:00
[2024-11-06T01:11:58.878+0000] {processor.py:208} INFO - Processing /opt/airflow/dags/covid_dag.py took 1.837 seconds
[2024-11-06T01:12:29.820+0000] {processor.py:186} INFO - Started process (PID=3731) to work on /opt/airflow/dags/covid_dag.py
[2024-11-06T01:12:29.821+0000] {processor.py:914} INFO - Processing file /opt/airflow/dags/covid_dag.py for tasks to queue
[2024-11-06T01:12:29.825+0000] {logging_mixin.py:190} INFO - [2024-11-06T01:12:29.824+0000] {dagbag.py:588} INFO - Filling up the DagBag from /opt/airflow/dags/covid_dag.py
[2024-11-06T01:12:30.163+0000] {processor.py:925} INFO - DAG(s) 'covid_indicators_v02' retrieved from /opt/airflow/dags/covid_dag.py
[2024-11-06T01:12:30.200+0000] {logging_mixin.py:190} INFO - [2024-11-06T01:12:30.200+0000] {dag.py:3239} INFO - Sync 1 DAGs
[2024-11-06T01:12:30.234+0000] {logging_mixin.py:190} INFO - [2024-11-06T01:12:30.233+0000] {dag.py:4180} INFO - Setting next_dagrun for covid_indicators_v02 to 2024-11-06 00:00:00+00:00, run_after=2024-11-07 00:00:00+00:00
[2024-11-06T01:12:30.256+0000] {processor.py:208} INFO - Processing /opt/airflow/dags/covid_dag.py took 0.447 seconds
[2024-11-06T01:13:00.756+0000] {processor.py:186} INFO - Started process (PID=3819) to work on /opt/airflow/dags/covid_dag.py
[2024-11-06T01:13:00.759+0000] {processor.py:914} INFO - Processing file /opt/airflow/dags/covid_dag.py for tasks to queue
[2024-11-06T01:13:00.762+0000] {logging_mixin.py:190} INFO - [2024-11-06T01:13:00.762+0000] {dagbag.py:588} INFO - Filling up the DagBag from /opt/airflow/dags/covid_dag.py
[2024-11-06T01:13:01.022+0000] {processor.py:925} INFO - DAG(s) 'covid_indicators_v02' retrieved from /opt/airflow/dags/covid_dag.py
[2024-11-06T01:13:01.045+0000] {logging_mixin.py:190} INFO - [2024-11-06T01:13:01.045+0000] {dag.py:3239} INFO - Sync 1 DAGs
[2024-11-06T01:13:01.074+0000] {logging_mixin.py:190} INFO - [2024-11-06T01:13:01.074+0000] {dag.py:4180} INFO - Setting next_dagrun for covid_indicators_v02 to 2024-11-06 00:00:00+00:00, run_after=2024-11-07 00:00:00+00:00
[2024-11-06T01:13:01.102+0000] {processor.py:208} INFO - Processing /opt/airflow/dags/covid_dag.py took 0.353 seconds
[2024-11-06T01:13:31.580+0000] {processor.py:186} INFO - Started process (PID=3855) to work on /opt/airflow/dags/covid_dag.py
[2024-11-06T01:13:31.581+0000] {processor.py:914} INFO - Processing file /opt/airflow/dags/covid_dag.py for tasks to queue
[2024-11-06T01:13:31.585+0000] {logging_mixin.py:190} INFO - [2024-11-06T01:13:31.585+0000] {dagbag.py:588} INFO - Filling up the DagBag from /opt/airflow/dags/covid_dag.py
[2024-11-06T01:13:31.845+0000] {processor.py:925} INFO - DAG(s) 'covid_indicators_v02' retrieved from /opt/airflow/dags/covid_dag.py
[2024-11-06T01:13:31.878+0000] {logging_mixin.py:190} INFO - [2024-11-06T01:13:31.877+0000] {dag.py:3239} INFO - Sync 1 DAGs
[2024-11-06T01:13:31.918+0000] {logging_mixin.py:190} INFO - [2024-11-06T01:13:31.918+0000] {dag.py:4180} INFO - Setting next_dagrun for covid_indicators_v02 to 2024-11-06 00:00:00+00:00, run_after=2024-11-07 00:00:00+00:00
[2024-11-06T01:13:31.939+0000] {processor.py:208} INFO - Processing /opt/airflow/dags/covid_dag.py took 0.370 seconds
[2024-11-06T01:14:02.247+0000] {processor.py:186} INFO - Started process (PID=3891) to work on /opt/airflow/dags/covid_dag.py
[2024-11-06T01:14:02.249+0000] {processor.py:914} INFO - Processing file /opt/airflow/dags/covid_dag.py for tasks to queue
[2024-11-06T01:14:02.252+0000] {logging_mixin.py:190} INFO - [2024-11-06T01:14:02.251+0000] {dagbag.py:588} INFO - Filling up the DagBag from /opt/airflow/dags/covid_dag.py
[2024-11-06T01:14:02.479+0000] {processor.py:925} INFO - DAG(s) 'covid_indicators_v02' retrieved from /opt/airflow/dags/covid_dag.py
[2024-11-06T01:14:02.502+0000] {logging_mixin.py:190} INFO - [2024-11-06T01:14:02.502+0000] {dag.py:3239} INFO - Sync 1 DAGs
[2024-11-06T01:14:02.529+0000] {logging_mixin.py:190} INFO - [2024-11-06T01:14:02.529+0000] {dag.py:4180} INFO - Setting next_dagrun for covid_indicators_v02 to 2024-11-06 00:00:00+00:00, run_after=2024-11-07 00:00:00+00:00
[2024-11-06T01:14:02.545+0000] {processor.py:208} INFO - Processing /opt/airflow/dags/covid_dag.py took 0.306 seconds
[2024-11-06T01:14:32.837+0000] {processor.py:186} INFO - Started process (PID=3927) to work on /opt/airflow/dags/covid_dag.py
[2024-11-06T01:14:32.838+0000] {processor.py:914} INFO - Processing file /opt/airflow/dags/covid_dag.py for tasks to queue
[2024-11-06T01:14:32.840+0000] {logging_mixin.py:190} INFO - [2024-11-06T01:14:32.839+0000] {dagbag.py:588} INFO - Filling up the DagBag from /opt/airflow/dags/covid_dag.py
[2024-11-06T01:14:33.084+0000] {processor.py:925} INFO - DAG(s) 'covid_indicators_v02' retrieved from /opt/airflow/dags/covid_dag.py
[2024-11-06T01:14:33.109+0000] {logging_mixin.py:190} INFO - [2024-11-06T01:14:33.108+0000] {dag.py:3239} INFO - Sync 1 DAGs
[2024-11-06T01:14:33.138+0000] {logging_mixin.py:190} INFO - [2024-11-06T01:14:33.138+0000] {dag.py:4180} INFO - Setting next_dagrun for covid_indicators_v02 to 2024-11-06 00:00:00+00:00, run_after=2024-11-07 00:00:00+00:00
[2024-11-06T01:14:33.161+0000] {processor.py:208} INFO - Processing /opt/airflow/dags/covid_dag.py took 0.331 seconds
[2024-11-06T01:15:03.448+0000] {processor.py:186} INFO - Started process (PID=3963) to work on /opt/airflow/dags/covid_dag.py
[2024-11-06T01:15:03.449+0000] {processor.py:914} INFO - Processing file /opt/airflow/dags/covid_dag.py for tasks to queue
[2024-11-06T01:15:03.452+0000] {logging_mixin.py:190} INFO - [2024-11-06T01:15:03.452+0000] {dagbag.py:588} INFO - Filling up the DagBag from /opt/airflow/dags/covid_dag.py
[2024-11-06T01:15:03.785+0000] {processor.py:925} INFO - DAG(s) 'covid_indicators_v02' retrieved from /opt/airflow/dags/covid_dag.py
[2024-11-06T01:15:03.817+0000] {logging_mixin.py:190} INFO - [2024-11-06T01:15:03.816+0000] {dag.py:3239} INFO - Sync 1 DAGs
[2024-11-06T01:15:03.855+0000] {logging_mixin.py:190} INFO - [2024-11-06T01:15:03.855+0000] {dag.py:4180} INFO - Setting next_dagrun for covid_indicators_v02 to 2024-11-06 00:00:00+00:00, run_after=2024-11-07 00:00:00+00:00
[2024-11-06T01:15:03.880+0000] {processor.py:208} INFO - Processing /opt/airflow/dags/covid_dag.py took 0.443 seconds
[2024-11-06T01:15:34.163+0000] {processor.py:186} INFO - Started process (PID=3999) to work on /opt/airflow/dags/covid_dag.py
[2024-11-06T01:15:34.164+0000] {processor.py:914} INFO - Processing file /opt/airflow/dags/covid_dag.py for tasks to queue
[2024-11-06T01:15:34.168+0000] {logging_mixin.py:190} INFO - [2024-11-06T01:15:34.167+0000] {dagbag.py:588} INFO - Filling up the DagBag from /opt/airflow/dags/covid_dag.py
[2024-11-06T01:15:34.504+0000] {processor.py:925} INFO - DAG(s) 'covid_indicators_v02' retrieved from /opt/airflow/dags/covid_dag.py
[2024-11-06T01:15:34.540+0000] {logging_mixin.py:190} INFO - [2024-11-06T01:15:34.540+0000] {dag.py:3239} INFO - Sync 1 DAGs
[2024-11-06T01:15:34.578+0000] {logging_mixin.py:190} INFO - [2024-11-06T01:15:34.577+0000] {dag.py:4180} INFO - Setting next_dagrun for covid_indicators_v02 to 2024-11-06 00:00:00+00:00, run_after=2024-11-07 00:00:00+00:00
[2024-11-06T01:15:34.605+0000] {processor.py:208} INFO - Processing /opt/airflow/dags/covid_dag.py took 0.451 seconds
[2024-11-06T01:16:05.269+0000] {processor.py:186} INFO - Started process (PID=4035) to work on /opt/airflow/dags/covid_dag.py
[2024-11-06T01:16:05.270+0000] {processor.py:914} INFO - Processing file /opt/airflow/dags/covid_dag.py for tasks to queue
[2024-11-06T01:16:05.274+0000] {logging_mixin.py:190} INFO - [2024-11-06T01:16:05.274+0000] {dagbag.py:588} INFO - Filling up the DagBag from /opt/airflow/dags/covid_dag.py
[2024-11-06T01:16:05.523+0000] {processor.py:925} INFO - DAG(s) 'covid_indicators_v02' retrieved from /opt/airflow/dags/covid_dag.py
[2024-11-06T01:16:05.545+0000] {logging_mixin.py:190} INFO - [2024-11-06T01:16:05.545+0000] {dag.py:3239} INFO - Sync 1 DAGs
[2024-11-06T01:16:05.574+0000] {logging_mixin.py:190} INFO - [2024-11-06T01:16:05.573+0000] {dag.py:4180} INFO - Setting next_dagrun for covid_indicators_v02 to 2024-11-06 00:00:00+00:00, run_after=2024-11-07 00:00:00+00:00
[2024-11-06T01:16:05.592+0000] {processor.py:208} INFO - Processing /opt/airflow/dags/covid_dag.py took 0.333 seconds
[2024-11-06T01:16:35.747+0000] {processor.py:186} INFO - Started process (PID=4071) to work on /opt/airflow/dags/covid_dag.py
[2024-11-06T01:16:35.748+0000] {processor.py:914} INFO - Processing file /opt/airflow/dags/covid_dag.py for tasks to queue
[2024-11-06T01:16:35.751+0000] {logging_mixin.py:190} INFO - [2024-11-06T01:16:35.751+0000] {dagbag.py:588} INFO - Filling up the DagBag from /opt/airflow/dags/covid_dag.py
[2024-11-06T01:16:35.973+0000] {processor.py:925} INFO - DAG(s) 'covid_indicators_v02' retrieved from /opt/airflow/dags/covid_dag.py
[2024-11-06T01:16:35.996+0000] {logging_mixin.py:190} INFO - [2024-11-06T01:16:35.996+0000] {dag.py:3239} INFO - Sync 1 DAGs
[2024-11-06T01:16:36.034+0000] {logging_mixin.py:190} INFO - [2024-11-06T01:16:36.034+0000] {dag.py:4180} INFO - Setting next_dagrun for covid_indicators_v02 to 2024-11-06 00:00:00+00:00, run_after=2024-11-07 00:00:00+00:00
[2024-11-06T01:16:36.058+0000] {processor.py:208} INFO - Processing /opt/airflow/dags/covid_dag.py took 0.320 seconds
[2024-11-06T01:17:06.519+0000] {processor.py:186} INFO - Started process (PID=4107) to work on /opt/airflow/dags/covid_dag.py
[2024-11-06T01:17:06.520+0000] {processor.py:914} INFO - Processing file /opt/airflow/dags/covid_dag.py for tasks to queue
[2024-11-06T01:17:06.522+0000] {logging_mixin.py:190} INFO - [2024-11-06T01:17:06.522+0000] {dagbag.py:588} INFO - Filling up the DagBag from /opt/airflow/dags/covid_dag.py
[2024-11-06T01:17:06.778+0000] {processor.py:925} INFO - DAG(s) 'covid_indicators_v02' retrieved from /opt/airflow/dags/covid_dag.py
[2024-11-06T01:17:06.808+0000] {logging_mixin.py:190} INFO - [2024-11-06T01:17:06.808+0000] {dag.py:3239} INFO - Sync 1 DAGs
[2024-11-06T01:17:06.844+0000] {logging_mixin.py:190} INFO - [2024-11-06T01:17:06.844+0000] {dag.py:4180} INFO - Setting next_dagrun for covid_indicators_v02 to 2024-11-06 00:00:00+00:00, run_after=2024-11-07 00:00:00+00:00
[2024-11-06T01:17:06.869+0000] {processor.py:208} INFO - Processing /opt/airflow/dags/covid_dag.py took 0.357 seconds
[2024-11-06T01:17:37.025+0000] {processor.py:186} INFO - Started process (PID=4143) to work on /opt/airflow/dags/covid_dag.py
[2024-11-06T01:17:37.026+0000] {processor.py:914} INFO - Processing file /opt/airflow/dags/covid_dag.py for tasks to queue
[2024-11-06T01:17:37.028+0000] {logging_mixin.py:190} INFO - [2024-11-06T01:17:37.028+0000] {dagbag.py:588} INFO - Filling up the DagBag from /opt/airflow/dags/covid_dag.py
[2024-11-06T01:17:37.132+0000] {processor.py:925} INFO - DAG(s) 'covid_indicators_v02' retrieved from /opt/airflow/dags/covid_dag.py
[2024-11-06T01:17:37.157+0000] {logging_mixin.py:190} INFO - [2024-11-06T01:17:37.157+0000] {dag.py:3239} INFO - Sync 1 DAGs
[2024-11-06T01:17:37.186+0000] {logging_mixin.py:190} INFO - [2024-11-06T01:17:37.186+0000] {dag.py:4180} INFO - Setting next_dagrun for covid_indicators_v02 to 2024-11-06 00:00:00+00:00, run_after=2024-11-07 00:00:00+00:00
[2024-11-06T01:17:37.209+0000] {processor.py:208} INFO - Processing /opt/airflow/dags/covid_dag.py took 0.193 seconds
[2024-11-06T01:18:07.713+0000] {processor.py:186} INFO - Started process (PID=4179) to work on /opt/airflow/dags/covid_dag.py
[2024-11-06T01:18:07.715+0000] {processor.py:914} INFO - Processing file /opt/airflow/dags/covid_dag.py for tasks to queue
[2024-11-06T01:18:07.718+0000] {logging_mixin.py:190} INFO - [2024-11-06T01:18:07.718+0000] {dagbag.py:588} INFO - Filling up the DagBag from /opt/airflow/dags/covid_dag.py
[2024-11-06T01:18:07.823+0000] {processor.py:925} INFO - DAG(s) 'covid_indicators_v02' retrieved from /opt/airflow/dags/covid_dag.py
[2024-11-06T01:18:07.852+0000] {logging_mixin.py:190} INFO - [2024-11-06T01:18:07.852+0000] {dag.py:3239} INFO - Sync 1 DAGs
[2024-11-06T01:18:07.882+0000] {logging_mixin.py:190} INFO - [2024-11-06T01:18:07.881+0000] {dag.py:4180} INFO - Setting next_dagrun for covid_indicators_v02 to 2024-11-06 00:00:00+00:00, run_after=2024-11-07 00:00:00+00:00
[2024-11-06T01:18:07.905+0000] {processor.py:208} INFO - Processing /opt/airflow/dags/covid_dag.py took 0.200 seconds
[2024-11-06T01:18:38.420+0000] {processor.py:186} INFO - Started process (PID=4215) to work on /opt/airflow/dags/covid_dag.py
[2024-11-06T01:18:38.421+0000] {processor.py:914} INFO - Processing file /opt/airflow/dags/covid_dag.py for tasks to queue
[2024-11-06T01:18:38.424+0000] {logging_mixin.py:190} INFO - [2024-11-06T01:18:38.423+0000] {dagbag.py:588} INFO - Filling up the DagBag from /opt/airflow/dags/covid_dag.py
[2024-11-06T01:18:38.527+0000] {processor.py:925} INFO - DAG(s) 'covid_indicators_v02' retrieved from /opt/airflow/dags/covid_dag.py
[2024-11-06T01:18:38.553+0000] {logging_mixin.py:190} INFO - [2024-11-06T01:18:38.553+0000] {dag.py:3239} INFO - Sync 1 DAGs
[2024-11-06T01:18:38.587+0000] {logging_mixin.py:190} INFO - [2024-11-06T01:18:38.587+0000] {dag.py:4180} INFO - Setting next_dagrun for covid_indicators_v02 to 2024-11-06 00:00:00+00:00, run_after=2024-11-07 00:00:00+00:00
[2024-11-06T01:18:38.608+0000] {processor.py:208} INFO - Processing /opt/airflow/dags/covid_dag.py took 0.197 seconds
[2024-11-06T01:19:09.093+0000] {processor.py:186} INFO - Started process (PID=4251) to work on /opt/airflow/dags/covid_dag.py
[2024-11-06T01:19:09.095+0000] {processor.py:914} INFO - Processing file /opt/airflow/dags/covid_dag.py for tasks to queue
[2024-11-06T01:19:09.097+0000] {logging_mixin.py:190} INFO - [2024-11-06T01:19:09.097+0000] {dagbag.py:588} INFO - Filling up the DagBag from /opt/airflow/dags/covid_dag.py
[2024-11-06T01:19:09.202+0000] {processor.py:925} INFO - DAG(s) 'covid_indicators_v02' retrieved from /opt/airflow/dags/covid_dag.py
[2024-11-06T01:19:09.229+0000] {logging_mixin.py:190} INFO - [2024-11-06T01:19:09.229+0000] {dag.py:3239} INFO - Sync 1 DAGs
[2024-11-06T01:19:09.259+0000] {logging_mixin.py:190} INFO - [2024-11-06T01:19:09.259+0000] {dag.py:4180} INFO - Setting next_dagrun for covid_indicators_v02 to 2024-11-06 00:00:00+00:00, run_after=2024-11-07 00:00:00+00:00
[2024-11-06T01:19:09.279+0000] {processor.py:208} INFO - Processing /opt/airflow/dags/covid_dag.py took 0.195 seconds
[2024-11-06T01:19:39.837+0000] {processor.py:186} INFO - Started process (PID=4287) to work on /opt/airflow/dags/covid_dag.py
[2024-11-06T01:19:39.838+0000] {processor.py:914} INFO - Processing file /opt/airflow/dags/covid_dag.py for tasks to queue
[2024-11-06T01:19:39.840+0000] {logging_mixin.py:190} INFO - [2024-11-06T01:19:39.840+0000] {dagbag.py:588} INFO - Filling up the DagBag from /opt/airflow/dags/covid_dag.py
[2024-11-06T01:19:39.945+0000] {processor.py:925} INFO - DAG(s) 'covid_indicators_v02' retrieved from /opt/airflow/dags/covid_dag.py
[2024-11-06T01:19:39.973+0000] {logging_mixin.py:190} INFO - [2024-11-06T01:19:39.973+0000] {dag.py:3239} INFO - Sync 1 DAGs
[2024-11-06T01:19:40.004+0000] {logging_mixin.py:190} INFO - [2024-11-06T01:19:40.004+0000] {dag.py:4180} INFO - Setting next_dagrun for covid_indicators_v02 to 2024-11-06 00:00:00+00:00, run_after=2024-11-07 00:00:00+00:00
[2024-11-06T01:19:40.024+0000] {processor.py:208} INFO - Processing /opt/airflow/dags/covid_dag.py took 0.194 seconds
[2024-11-06T01:20:10.520+0000] {processor.py:186} INFO - Started process (PID=4323) to work on /opt/airflow/dags/covid_dag.py
[2024-11-06T01:20:10.521+0000] {processor.py:914} INFO - Processing file /opt/airflow/dags/covid_dag.py for tasks to queue
[2024-11-06T01:20:10.524+0000] {logging_mixin.py:190} INFO - [2024-11-06T01:20:10.524+0000] {dagbag.py:588} INFO - Filling up the DagBag from /opt/airflow/dags/covid_dag.py
[2024-11-06T01:20:10.634+0000] {processor.py:925} INFO - DAG(s) 'covid_indicators_v02' retrieved from /opt/airflow/dags/covid_dag.py
[2024-11-06T01:20:10.659+0000] {logging_mixin.py:190} INFO - [2024-11-06T01:20:10.659+0000] {dag.py:3239} INFO - Sync 1 DAGs
[2024-11-06T01:20:10.693+0000] {logging_mixin.py:190} INFO - [2024-11-06T01:20:10.692+0000] {dag.py:4180} INFO - Setting next_dagrun for covid_indicators_v02 to 2024-11-06 00:00:00+00:00, run_after=2024-11-07 00:00:00+00:00
[2024-11-06T01:20:10.713+0000] {processor.py:208} INFO - Processing /opt/airflow/dags/covid_dag.py took 0.202 seconds
[2024-11-06T01:20:41.379+0000] {processor.py:186} INFO - Started process (PID=4359) to work on /opt/airflow/dags/covid_dag.py
[2024-11-06T01:20:41.380+0000] {processor.py:914} INFO - Processing file /opt/airflow/dags/covid_dag.py for tasks to queue
[2024-11-06T01:20:41.383+0000] {logging_mixin.py:190} INFO - [2024-11-06T01:20:41.383+0000] {dagbag.py:588} INFO - Filling up the DagBag from /opt/airflow/dags/covid_dag.py
[2024-11-06T01:20:41.486+0000] {processor.py:925} INFO - DAG(s) 'covid_indicators_v02' retrieved from /opt/airflow/dags/covid_dag.py
[2024-11-06T01:20:41.511+0000] {logging_mixin.py:190} INFO - [2024-11-06T01:20:41.511+0000] {dag.py:3239} INFO - Sync 1 DAGs
[2024-11-06T01:20:41.540+0000] {logging_mixin.py:190} INFO - [2024-11-06T01:20:41.540+0000] {dag.py:4180} INFO - Setting next_dagrun for covid_indicators_v02 to 2024-11-06 00:00:00+00:00, run_after=2024-11-07 00:00:00+00:00
[2024-11-06T01:20:41.561+0000] {processor.py:208} INFO - Processing /opt/airflow/dags/covid_dag.py took 0.191 seconds
[2024-11-06T01:21:12.070+0000] {processor.py:186} INFO - Started process (PID=4395) to work on /opt/airflow/dags/covid_dag.py
[2024-11-06T01:21:12.071+0000] {processor.py:914} INFO - Processing file /opt/airflow/dags/covid_dag.py for tasks to queue
[2024-11-06T01:21:12.073+0000] {logging_mixin.py:190} INFO - [2024-11-06T01:21:12.073+0000] {dagbag.py:588} INFO - Filling up the DagBag from /opt/airflow/dags/covid_dag.py
[2024-11-06T01:21:12.179+0000] {processor.py:925} INFO - DAG(s) 'covid_indicators_v02' retrieved from /opt/airflow/dags/covid_dag.py
[2024-11-06T01:21:12.204+0000] {logging_mixin.py:190} INFO - [2024-11-06T01:21:12.204+0000] {dag.py:3239} INFO - Sync 1 DAGs
[2024-11-06T01:21:12.233+0000] {logging_mixin.py:190} INFO - [2024-11-06T01:21:12.233+0000] {dag.py:4180} INFO - Setting next_dagrun for covid_indicators_v02 to 2024-11-06 00:00:00+00:00, run_after=2024-11-07 00:00:00+00:00
[2024-11-06T01:21:12.262+0000] {processor.py:208} INFO - Processing /opt/airflow/dags/covid_dag.py took 0.199 seconds
[2024-11-06T01:21:42.729+0000] {processor.py:186} INFO - Started process (PID=4431) to work on /opt/airflow/dags/covid_dag.py
[2024-11-06T01:21:42.730+0000] {processor.py:914} INFO - Processing file /opt/airflow/dags/covid_dag.py for tasks to queue
[2024-11-06T01:21:42.732+0000] {logging_mixin.py:190} INFO - [2024-11-06T01:21:42.732+0000] {dagbag.py:588} INFO - Filling up the DagBag from /opt/airflow/dags/covid_dag.py
[2024-11-06T01:21:42.835+0000] {processor.py:925} INFO - DAG(s) 'covid_indicators_v02' retrieved from /opt/airflow/dags/covid_dag.py
[2024-11-06T01:21:42.861+0000] {logging_mixin.py:190} INFO - [2024-11-06T01:21:42.861+0000] {dag.py:3239} INFO - Sync 1 DAGs
[2024-11-06T01:21:42.889+0000] {logging_mixin.py:190} INFO - [2024-11-06T01:21:42.889+0000] {dag.py:4180} INFO - Setting next_dagrun for covid_indicators_v02 to 2024-11-06 00:00:00+00:00, run_after=2024-11-07 00:00:00+00:00
[2024-11-06T01:21:42.911+0000] {processor.py:208} INFO - Processing /opt/airflow/dags/covid_dag.py took 0.192 seconds
[2024-11-06T01:22:13.417+0000] {processor.py:186} INFO - Started process (PID=4467) to work on /opt/airflow/dags/covid_dag.py
[2024-11-06T01:22:13.418+0000] {processor.py:914} INFO - Processing file /opt/airflow/dags/covid_dag.py for tasks to queue
[2024-11-06T01:22:13.421+0000] {logging_mixin.py:190} INFO - [2024-11-06T01:22:13.420+0000] {dagbag.py:588} INFO - Filling up the DagBag from /opt/airflow/dags/covid_dag.py
[2024-11-06T01:22:13.525+0000] {processor.py:925} INFO - DAG(s) 'covid_indicators_v02' retrieved from /opt/airflow/dags/covid_dag.py
[2024-11-06T01:22:13.554+0000] {logging_mixin.py:190} INFO - [2024-11-06T01:22:13.553+0000] {dag.py:3239} INFO - Sync 1 DAGs
[2024-11-06T01:22:13.583+0000] {logging_mixin.py:190} INFO - [2024-11-06T01:22:13.583+0000] {dag.py:4180} INFO - Setting next_dagrun for covid_indicators_v02 to 2024-11-06 00:00:00+00:00, run_after=2024-11-07 00:00:00+00:00
[2024-11-06T01:22:13.603+0000] {processor.py:208} INFO - Processing /opt/airflow/dags/covid_dag.py took 0.196 seconds
[2024-11-06T01:22:44.313+0000] {processor.py:186} INFO - Started process (PID=4503) to work on /opt/airflow/dags/covid_dag.py
[2024-11-06T01:22:44.314+0000] {processor.py:914} INFO - Processing file /opt/airflow/dags/covid_dag.py for tasks to queue
[2024-11-06T01:22:44.316+0000] {logging_mixin.py:190} INFO - [2024-11-06T01:22:44.316+0000] {dagbag.py:588} INFO - Filling up the DagBag from /opt/airflow/dags/covid_dag.py
[2024-11-06T01:22:44.422+0000] {processor.py:925} INFO - DAG(s) 'covid_indicators_v02' retrieved from /opt/airflow/dags/covid_dag.py
[2024-11-06T01:22:44.445+0000] {logging_mixin.py:190} INFO - [2024-11-06T01:22:44.445+0000] {dag.py:3239} INFO - Sync 1 DAGs
[2024-11-06T01:22:44.474+0000] {logging_mixin.py:190} INFO - [2024-11-06T01:22:44.474+0000] {dag.py:4180} INFO - Setting next_dagrun for covid_indicators_v02 to 2024-11-06 00:00:00+00:00, run_after=2024-11-07 00:00:00+00:00
[2024-11-06T01:22:44.494+0000] {processor.py:208} INFO - Processing /opt/airflow/dags/covid_dag.py took 0.189 seconds
[2024-11-06T01:23:14.785+0000] {processor.py:186} INFO - Started process (PID=4539) to work on /opt/airflow/dags/covid_dag.py
[2024-11-06T01:23:14.786+0000] {processor.py:914} INFO - Processing file /opt/airflow/dags/covid_dag.py for tasks to queue
[2024-11-06T01:23:14.789+0000] {logging_mixin.py:190} INFO - [2024-11-06T01:23:14.788+0000] {dagbag.py:588} INFO - Filling up the DagBag from /opt/airflow/dags/covid_dag.py
[2024-11-06T01:23:14.894+0000] {processor.py:925} INFO - DAG(s) 'covid_indicators_v02' retrieved from /opt/airflow/dags/covid_dag.py
[2024-11-06T01:23:14.920+0000] {logging_mixin.py:190} INFO - [2024-11-06T01:23:14.919+0000] {dag.py:3239} INFO - Sync 1 DAGs
[2024-11-06T01:23:14.949+0000] {logging_mixin.py:190} INFO - [2024-11-06T01:23:14.949+0000] {dag.py:4180} INFO - Setting next_dagrun for covid_indicators_v02 to 2024-11-06 00:00:00+00:00, run_after=2024-11-07 00:00:00+00:00
[2024-11-06T01:23:14.971+0000] {processor.py:208} INFO - Processing /opt/airflow/dags/covid_dag.py took 0.193 seconds
[2024-11-06T01:23:45.515+0000] {processor.py:186} INFO - Started process (PID=4575) to work on /opt/airflow/dags/covid_dag.py
[2024-11-06T01:23:45.516+0000] {processor.py:914} INFO - Processing file /opt/airflow/dags/covid_dag.py for tasks to queue
[2024-11-06T01:23:45.519+0000] {logging_mixin.py:190} INFO - [2024-11-06T01:23:45.519+0000] {dagbag.py:588} INFO - Filling up the DagBag from /opt/airflow/dags/covid_dag.py
[2024-11-06T01:23:45.622+0000] {processor.py:925} INFO - DAG(s) 'covid_indicators_v02' retrieved from /opt/airflow/dags/covid_dag.py
[2024-11-06T01:23:45.647+0000] {logging_mixin.py:190} INFO - [2024-11-06T01:23:45.647+0000] {dag.py:3239} INFO - Sync 1 DAGs
[2024-11-06T01:23:45.678+0000] {logging_mixin.py:190} INFO - [2024-11-06T01:23:45.677+0000] {dag.py:4180} INFO - Setting next_dagrun for covid_indicators_v02 to 2024-11-06 00:00:00+00:00, run_after=2024-11-07 00:00:00+00:00
[2024-11-06T01:23:45.699+0000] {processor.py:208} INFO - Processing /opt/airflow/dags/covid_dag.py took 0.193 seconds
[2024-11-06T01:24:16.228+0000] {processor.py:186} INFO - Started process (PID=4611) to work on /opt/airflow/dags/covid_dag.py
[2024-11-06T01:24:16.230+0000] {processor.py:914} INFO - Processing file /opt/airflow/dags/covid_dag.py for tasks to queue
[2024-11-06T01:24:16.232+0000] {logging_mixin.py:190} INFO - [2024-11-06T01:24:16.232+0000] {dagbag.py:588} INFO - Filling up the DagBag from /opt/airflow/dags/covid_dag.py
[2024-11-06T01:24:16.340+0000] {processor.py:925} INFO - DAG(s) 'covid_indicators_v02' retrieved from /opt/airflow/dags/covid_dag.py
[2024-11-06T01:24:16.368+0000] {logging_mixin.py:190} INFO - [2024-11-06T01:24:16.368+0000] {dag.py:3239} INFO - Sync 1 DAGs
[2024-11-06T01:24:16.400+0000] {logging_mixin.py:190} INFO - [2024-11-06T01:24:16.399+0000] {dag.py:4180} INFO - Setting next_dagrun for covid_indicators_v02 to 2024-11-06 00:00:00+00:00, run_after=2024-11-07 00:00:00+00:00
[2024-11-06T01:24:16.419+0000] {processor.py:208} INFO - Processing /opt/airflow/dags/covid_dag.py took 0.201 seconds
[2024-11-06T01:24:46.923+0000] {processor.py:186} INFO - Started process (PID=4647) to work on /opt/airflow/dags/covid_dag.py
[2024-11-06T01:24:46.924+0000] {processor.py:914} INFO - Processing file /opt/airflow/dags/covid_dag.py for tasks to queue
[2024-11-06T01:24:46.927+0000] {logging_mixin.py:190} INFO - [2024-11-06T01:24:46.926+0000] {dagbag.py:588} INFO - Filling up the DagBag from /opt/airflow/dags/covid_dag.py
[2024-11-06T01:24:47.034+0000] {processor.py:925} INFO - DAG(s) 'covid_indicators_v02' retrieved from /opt/airflow/dags/covid_dag.py
[2024-11-06T01:24:47.060+0000] {logging_mixin.py:190} INFO - [2024-11-06T01:24:47.060+0000] {dag.py:3239} INFO - Sync 1 DAGs
[2024-11-06T01:24:47.088+0000] {logging_mixin.py:190} INFO - [2024-11-06T01:24:47.088+0000] {dag.py:4180} INFO - Setting next_dagrun for covid_indicators_v02 to 2024-11-06 00:00:00+00:00, run_after=2024-11-07 00:00:00+00:00
[2024-11-06T01:24:47.109+0000] {processor.py:208} INFO - Processing /opt/airflow/dags/covid_dag.py took 0.195 seconds
[2024-11-06T01:25:17.803+0000] {processor.py:186} INFO - Started process (PID=4683) to work on /opt/airflow/dags/covid_dag.py
[2024-11-06T01:25:17.804+0000] {processor.py:914} INFO - Processing file /opt/airflow/dags/covid_dag.py for tasks to queue
[2024-11-06T01:25:17.807+0000] {logging_mixin.py:190} INFO - [2024-11-06T01:25:17.807+0000] {dagbag.py:588} INFO - Filling up the DagBag from /opt/airflow/dags/covid_dag.py
[2024-11-06T01:25:17.911+0000] {processor.py:925} INFO - DAG(s) 'covid_indicators_v02' retrieved from /opt/airflow/dags/covid_dag.py
[2024-11-06T01:25:17.936+0000] {logging_mixin.py:190} INFO - [2024-11-06T01:25:17.936+0000] {dag.py:3239} INFO - Sync 1 DAGs
[2024-11-06T01:25:17.966+0000] {logging_mixin.py:190} INFO - [2024-11-06T01:25:17.965+0000] {dag.py:4180} INFO - Setting next_dagrun for covid_indicators_v02 to 2024-11-06 00:00:00+00:00, run_after=2024-11-07 00:00:00+00:00
[2024-11-06T01:25:17.985+0000] {processor.py:208} INFO - Processing /opt/airflow/dags/covid_dag.py took 0.190 seconds
[2024-11-06T01:25:48.688+0000] {processor.py:186} INFO - Started process (PID=4719) to work on /opt/airflow/dags/covid_dag.py
[2024-11-06T01:25:48.689+0000] {processor.py:914} INFO - Processing file /opt/airflow/dags/covid_dag.py for tasks to queue
[2024-11-06T01:25:48.691+0000] {logging_mixin.py:190} INFO - [2024-11-06T01:25:48.691+0000] {dagbag.py:588} INFO - Filling up the DagBag from /opt/airflow/dags/covid_dag.py
[2024-11-06T01:25:48.791+0000] {processor.py:925} INFO - DAG(s) 'covid_indicators_v02' retrieved from /opt/airflow/dags/covid_dag.py
[2024-11-06T01:25:48.817+0000] {logging_mixin.py:190} INFO - [2024-11-06T01:25:48.816+0000] {dag.py:3239} INFO - Sync 1 DAGs
[2024-11-06T01:25:48.845+0000] {logging_mixin.py:190} INFO - [2024-11-06T01:25:48.845+0000] {dag.py:4180} INFO - Setting next_dagrun for covid_indicators_v02 to 2024-11-06 00:00:00+00:00, run_after=2024-11-07 00:00:00+00:00
[2024-11-06T01:25:48.867+0000] {processor.py:208} INFO - Processing /opt/airflow/dags/covid_dag.py took 0.187 seconds
[2024-11-06T01:26:19.361+0000] {processor.py:186} INFO - Started process (PID=4755) to work on /opt/airflow/dags/covid_dag.py
[2024-11-06T01:26:19.362+0000] {processor.py:914} INFO - Processing file /opt/airflow/dags/covid_dag.py for tasks to queue
[2024-11-06T01:26:19.365+0000] {logging_mixin.py:190} INFO - [2024-11-06T01:26:19.365+0000] {dagbag.py:588} INFO - Filling up the DagBag from /opt/airflow/dags/covid_dag.py
[2024-11-06T01:26:19.471+0000] {processor.py:925} INFO - DAG(s) 'covid_indicators_v02' retrieved from /opt/airflow/dags/covid_dag.py
[2024-11-06T01:26:19.497+0000] {logging_mixin.py:190} INFO - [2024-11-06T01:26:19.496+0000] {dag.py:3239} INFO - Sync 1 DAGs
[2024-11-06T01:26:19.527+0000] {logging_mixin.py:190} INFO - [2024-11-06T01:26:19.527+0000] {dag.py:4180} INFO - Setting next_dagrun for covid_indicators_v02 to 2024-11-06 00:00:00+00:00, run_after=2024-11-07 00:00:00+00:00
[2024-11-06T01:26:19.547+0000] {processor.py:208} INFO - Processing /opt/airflow/dags/covid_dag.py took 0.195 seconds
[2024-11-06T01:26:50.209+0000] {processor.py:186} INFO - Started process (PID=4791) to work on /opt/airflow/dags/covid_dag.py
[2024-11-06T01:26:50.210+0000] {processor.py:914} INFO - Processing file /opt/airflow/dags/covid_dag.py for tasks to queue
[2024-11-06T01:26:50.213+0000] {logging_mixin.py:190} INFO - [2024-11-06T01:26:50.213+0000] {dagbag.py:588} INFO - Filling up the DagBag from /opt/airflow/dags/covid_dag.py
[2024-11-06T01:26:50.317+0000] {processor.py:925} INFO - DAG(s) 'covid_indicators_v02' retrieved from /opt/airflow/dags/covid_dag.py
[2024-11-06T01:26:50.343+0000] {logging_mixin.py:190} INFO - [2024-11-06T01:26:50.343+0000] {dag.py:3239} INFO - Sync 1 DAGs
[2024-11-06T01:26:50.376+0000] {logging_mixin.py:190} INFO - [2024-11-06T01:26:50.376+0000] {dag.py:4180} INFO - Setting next_dagrun for covid_indicators_v02 to 2024-11-06 00:00:00+00:00, run_after=2024-11-07 00:00:00+00:00
[2024-11-06T01:26:50.397+0000] {processor.py:208} INFO - Processing /opt/airflow/dags/covid_dag.py took 0.194 seconds
[2024-11-06T01:27:21.110+0000] {processor.py:186} INFO - Started process (PID=4827) to work on /opt/airflow/dags/covid_dag.py
[2024-11-06T01:27:21.111+0000] {processor.py:914} INFO - Processing file /opt/airflow/dags/covid_dag.py for tasks to queue
[2024-11-06T01:27:21.114+0000] {logging_mixin.py:190} INFO - [2024-11-06T01:27:21.114+0000] {dagbag.py:588} INFO - Filling up the DagBag from /opt/airflow/dags/covid_dag.py
[2024-11-06T01:27:21.213+0000] {processor.py:925} INFO - DAG(s) 'covid_indicators_v02' retrieved from /opt/airflow/dags/covid_dag.py
[2024-11-06T01:27:21.240+0000] {logging_mixin.py:190} INFO - [2024-11-06T01:27:21.240+0000] {dag.py:3239} INFO - Sync 1 DAGs
[2024-11-06T01:27:21.268+0000] {logging_mixin.py:190} INFO - [2024-11-06T01:27:21.268+0000] {dag.py:4180} INFO - Setting next_dagrun for covid_indicators_v02 to 2024-11-06 00:00:00+00:00, run_after=2024-11-07 00:00:00+00:00
[2024-11-06T01:27:21.288+0000] {processor.py:208} INFO - Processing /opt/airflow/dags/covid_dag.py took 0.185 seconds
[2024-11-06T01:27:51.755+0000] {processor.py:186} INFO - Started process (PID=4863) to work on /opt/airflow/dags/covid_dag.py
[2024-11-06T01:27:51.756+0000] {processor.py:914} INFO - Processing file /opt/airflow/dags/covid_dag.py for tasks to queue
[2024-11-06T01:27:51.759+0000] {logging_mixin.py:190} INFO - [2024-11-06T01:27:51.758+0000] {dagbag.py:588} INFO - Filling up the DagBag from /opt/airflow/dags/covid_dag.py
[2024-11-06T01:27:51.870+0000] {processor.py:925} INFO - DAG(s) 'covid_indicators_v02' retrieved from /opt/airflow/dags/covid_dag.py
[2024-11-06T01:27:51.895+0000] {logging_mixin.py:190} INFO - [2024-11-06T01:27:51.895+0000] {dag.py:3239} INFO - Sync 1 DAGs
[2024-11-06T01:27:51.923+0000] {logging_mixin.py:190} INFO - [2024-11-06T01:27:51.923+0000] {dag.py:4180} INFO - Setting next_dagrun for covid_indicators_v02 to 2024-11-06 00:00:00+00:00, run_after=2024-11-07 00:00:00+00:00
[2024-11-06T01:27:51.943+0000] {processor.py:208} INFO - Processing /opt/airflow/dags/covid_dag.py took 0.195 seconds
[2024-11-06T01:28:22.689+0000] {processor.py:186} INFO - Started process (PID=4899) to work on /opt/airflow/dags/covid_dag.py
[2024-11-06T01:28:22.690+0000] {processor.py:914} INFO - Processing file /opt/airflow/dags/covid_dag.py for tasks to queue
[2024-11-06T01:28:22.692+0000] {logging_mixin.py:190} INFO - [2024-11-06T01:28:22.692+0000] {dagbag.py:588} INFO - Filling up the DagBag from /opt/airflow/dags/covid_dag.py
[2024-11-06T01:28:22.792+0000] {processor.py:925} INFO - DAG(s) 'covid_indicators_v02' retrieved from /opt/airflow/dags/covid_dag.py
[2024-11-06T01:28:22.817+0000] {logging_mixin.py:190} INFO - [2024-11-06T01:28:22.817+0000] {dag.py:3239} INFO - Sync 1 DAGs
[2024-11-06T01:28:22.845+0000] {logging_mixin.py:190} INFO - [2024-11-06T01:28:22.845+0000] {dag.py:4180} INFO - Setting next_dagrun for covid_indicators_v02 to 2024-11-06 00:00:00+00:00, run_after=2024-11-07 00:00:00+00:00
[2024-11-06T01:28:22.865+0000] {processor.py:208} INFO - Processing /opt/airflow/dags/covid_dag.py took 0.185 seconds
[2024-11-06T01:28:53.627+0000] {processor.py:186} INFO - Started process (PID=4941) to work on /opt/airflow/dags/covid_dag.py
[2024-11-06T01:28:53.628+0000] {processor.py:914} INFO - Processing file /opt/airflow/dags/covid_dag.py for tasks to queue
[2024-11-06T01:28:53.631+0000] {logging_mixin.py:190} INFO - [2024-11-06T01:28:53.630+0000] {dagbag.py:588} INFO - Filling up the DagBag from /opt/airflow/dags/covid_dag.py
[2024-11-06T01:28:53.733+0000] {processor.py:925} INFO - DAG(s) 'covid_indicators_v02' retrieved from /opt/airflow/dags/covid_dag.py
[2024-11-06T01:28:53.758+0000] {logging_mixin.py:190} INFO - [2024-11-06T01:28:53.758+0000] {dag.py:3239} INFO - Sync 1 DAGs
[2024-11-06T01:28:53.789+0000] {logging_mixin.py:190} INFO - [2024-11-06T01:28:53.788+0000] {dag.py:4180} INFO - Setting next_dagrun for covid_indicators_v02 to 2024-11-06 00:00:00+00:00, run_after=2024-11-07 00:00:00+00:00
[2024-11-06T01:28:53.809+0000] {processor.py:208} INFO - Processing /opt/airflow/dags/covid_dag.py took 0.190 seconds
[2024-11-06T01:29:24.311+0000] {processor.py:186} INFO - Started process (PID=4977) to work on /opt/airflow/dags/covid_dag.py
[2024-11-06T01:29:24.312+0000] {processor.py:914} INFO - Processing file /opt/airflow/dags/covid_dag.py for tasks to queue
[2024-11-06T01:29:24.315+0000] {logging_mixin.py:190} INFO - [2024-11-06T01:29:24.315+0000] {dagbag.py:588} INFO - Filling up the DagBag from /opt/airflow/dags/covid_dag.py
[2024-11-06T01:29:24.417+0000] {processor.py:925} INFO - DAG(s) 'covid_indicators_v02' retrieved from /opt/airflow/dags/covid_dag.py
[2024-11-06T01:29:24.441+0000] {logging_mixin.py:190} INFO - [2024-11-06T01:29:24.441+0000] {dag.py:3239} INFO - Sync 1 DAGs
[2024-11-06T01:29:24.475+0000] {logging_mixin.py:190} INFO - [2024-11-06T01:29:24.475+0000] {dag.py:4180} INFO - Setting next_dagrun for covid_indicators_v02 to 2024-11-06 00:00:00+00:00, run_after=2024-11-07 00:00:00+00:00
[2024-11-06T01:29:24.496+0000] {processor.py:208} INFO - Processing /opt/airflow/dags/covid_dag.py took 0.194 seconds
[2024-11-06T01:29:55.272+0000] {processor.py:186} INFO - Started process (PID=5012) to work on /opt/airflow/dags/covid_dag.py
[2024-11-06T01:29:55.273+0000] {processor.py:914} INFO - Processing file /opt/airflow/dags/covid_dag.py for tasks to queue
[2024-11-06T01:29:55.275+0000] {logging_mixin.py:190} INFO - [2024-11-06T01:29:55.275+0000] {dagbag.py:588} INFO - Filling up the DagBag from /opt/airflow/dags/covid_dag.py
[2024-11-06T01:29:55.377+0000] {processor.py:925} INFO - DAG(s) 'covid_indicators_v02' retrieved from /opt/airflow/dags/covid_dag.py
[2024-11-06T01:29:55.403+0000] {logging_mixin.py:190} INFO - [2024-11-06T01:29:55.402+0000] {dag.py:3239} INFO - Sync 1 DAGs
[2024-11-06T01:29:55.431+0000] {logging_mixin.py:190} INFO - [2024-11-06T01:29:55.431+0000] {dag.py:4180} INFO - Setting next_dagrun for covid_indicators_v02 to 2024-11-06 00:00:00+00:00, run_after=2024-11-07 00:00:00+00:00
[2024-11-06T01:29:55.453+0000] {processor.py:208} INFO - Processing /opt/airflow/dags/covid_dag.py took 0.190 seconds
[2024-11-06T01:30:26.153+0000] {processor.py:186} INFO - Started process (PID=5049) to work on /opt/airflow/dags/covid_dag.py
[2024-11-06T01:30:26.155+0000] {processor.py:914} INFO - Processing file /opt/airflow/dags/covid_dag.py for tasks to queue
[2024-11-06T01:30:26.157+0000] {logging_mixin.py:190} INFO - [2024-11-06T01:30:26.157+0000] {dagbag.py:588} INFO - Filling up the DagBag from /opt/airflow/dags/covid_dag.py
[2024-11-06T01:30:26.262+0000] {processor.py:925} INFO - DAG(s) 'covid_indicators_v02' retrieved from /opt/airflow/dags/covid_dag.py
[2024-11-06T01:30:26.289+0000] {logging_mixin.py:190} INFO - [2024-11-06T01:30:26.288+0000] {dag.py:3239} INFO - Sync 1 DAGs
[2024-11-06T01:30:26.321+0000] {logging_mixin.py:190} INFO - [2024-11-06T01:30:26.320+0000] {dag.py:4180} INFO - Setting next_dagrun for covid_indicators_v02 to 2024-11-06 00:00:00+00:00, run_after=2024-11-07 00:00:00+00:00
[2024-11-06T01:30:26.342+0000] {processor.py:208} INFO - Processing /opt/airflow/dags/covid_dag.py took 0.198 seconds
[2024-11-06T01:30:56.825+0000] {processor.py:186} INFO - Started process (PID=5085) to work on /opt/airflow/dags/covid_dag.py
[2024-11-06T01:30:56.827+0000] {processor.py:914} INFO - Processing file /opt/airflow/dags/covid_dag.py for tasks to queue
[2024-11-06T01:30:56.830+0000] {logging_mixin.py:190} INFO - [2024-11-06T01:30:56.829+0000] {dagbag.py:588} INFO - Filling up the DagBag from /opt/airflow/dags/covid_dag.py
[2024-11-06T01:30:56.937+0000] {processor.py:925} INFO - DAG(s) 'covid_indicators_v02' retrieved from /opt/airflow/dags/covid_dag.py
[2024-11-06T01:30:56.963+0000] {logging_mixin.py:190} INFO - [2024-11-06T01:30:56.962+0000] {dag.py:3239} INFO - Sync 1 DAGs
[2024-11-06T01:30:56.991+0000] {logging_mixin.py:190} INFO - [2024-11-06T01:30:56.990+0000] {dag.py:4180} INFO - Setting next_dagrun for covid_indicators_v02 to 2024-11-06 00:00:00+00:00, run_after=2024-11-07 00:00:00+00:00
[2024-11-06T01:30:57.012+0000] {processor.py:208} INFO - Processing /opt/airflow/dags/covid_dag.py took 0.195 seconds
[2024-11-06T01:31:27.741+0000] {processor.py:186} INFO - Started process (PID=5121) to work on /opt/airflow/dags/covid_dag.py
[2024-11-06T01:31:27.742+0000] {processor.py:914} INFO - Processing file /opt/airflow/dags/covid_dag.py for tasks to queue
[2024-11-06T01:31:27.745+0000] {logging_mixin.py:190} INFO - [2024-11-06T01:31:27.745+0000] {dagbag.py:588} INFO - Filling up the DagBag from /opt/airflow/dags/covid_dag.py
[2024-11-06T01:31:27.850+0000] {processor.py:925} INFO - DAG(s) 'covid_indicators_v02' retrieved from /opt/airflow/dags/covid_dag.py
[2024-11-06T01:31:27.875+0000] {logging_mixin.py:190} INFO - [2024-11-06T01:31:27.875+0000] {dag.py:3239} INFO - Sync 1 DAGs
[2024-11-06T01:31:27.903+0000] {logging_mixin.py:190} INFO - [2024-11-06T01:31:27.903+0000] {dag.py:4180} INFO - Setting next_dagrun for covid_indicators_v02 to 2024-11-06 00:00:00+00:00, run_after=2024-11-07 00:00:00+00:00
[2024-11-06T01:31:27.925+0000] {processor.py:208} INFO - Processing /opt/airflow/dags/covid_dag.py took 0.193 seconds
[2024-11-06T01:31:58.460+0000] {processor.py:186} INFO - Started process (PID=5157) to work on /opt/airflow/dags/covid_dag.py
[2024-11-06T01:31:58.460+0000] {processor.py:914} INFO - Processing file /opt/airflow/dags/covid_dag.py for tasks to queue
[2024-11-06T01:31:58.463+0000] {logging_mixin.py:190} INFO - [2024-11-06T01:31:58.462+0000] {dagbag.py:588} INFO - Filling up the DagBag from /opt/airflow/dags/covid_dag.py
[2024-11-06T01:31:58.564+0000] {processor.py:925} INFO - DAG(s) 'covid_indicators_v02' retrieved from /opt/airflow/dags/covid_dag.py
[2024-11-06T01:31:58.589+0000] {logging_mixin.py:190} INFO - [2024-11-06T01:31:58.589+0000] {dag.py:3239} INFO - Sync 1 DAGs
[2024-11-06T01:31:58.622+0000] {logging_mixin.py:190} INFO - [2024-11-06T01:31:58.622+0000] {dag.py:4180} INFO - Setting next_dagrun for covid_indicators_v02 to 2024-11-06 00:00:00+00:00, run_after=2024-11-07 00:00:00+00:00
[2024-11-06T01:31:58.646+0000] {processor.py:208} INFO - Processing /opt/airflow/dags/covid_dag.py took 0.193 seconds
[2024-11-06T01:32:29.149+0000] {processor.py:186} INFO - Started process (PID=5193) to work on /opt/airflow/dags/covid_dag.py
[2024-11-06T01:32:29.151+0000] {processor.py:914} INFO - Processing file /opt/airflow/dags/covid_dag.py for tasks to queue
[2024-11-06T01:32:29.153+0000] {logging_mixin.py:190} INFO - [2024-11-06T01:32:29.153+0000] {dagbag.py:588} INFO - Filling up the DagBag from /opt/airflow/dags/covid_dag.py
[2024-11-06T01:32:29.259+0000] {processor.py:925} INFO - DAG(s) 'covid_indicators_v02' retrieved from /opt/airflow/dags/covid_dag.py
[2024-11-06T01:32:29.284+0000] {logging_mixin.py:190} INFO - [2024-11-06T01:32:29.284+0000] {dag.py:3239} INFO - Sync 1 DAGs
[2024-11-06T01:32:29.313+0000] {logging_mixin.py:190} INFO - [2024-11-06T01:32:29.313+0000] {dag.py:4180} INFO - Setting next_dagrun for covid_indicators_v02 to 2024-11-06 00:00:00+00:00, run_after=2024-11-07 00:00:00+00:00
[2024-11-06T01:32:29.333+0000] {processor.py:208} INFO - Processing /opt/airflow/dags/covid_dag.py took 0.193 seconds
[2024-11-06T01:33:00.047+0000] {processor.py:186} INFO - Started process (PID=5229) to work on /opt/airflow/dags/covid_dag.py
[2024-11-06T01:33:00.047+0000] {processor.py:914} INFO - Processing file /opt/airflow/dags/covid_dag.py for tasks to queue
[2024-11-06T01:33:00.050+0000] {logging_mixin.py:190} INFO - [2024-11-06T01:33:00.049+0000] {dagbag.py:588} INFO - Filling up the DagBag from /opt/airflow/dags/covid_dag.py
[2024-11-06T01:33:00.149+0000] {processor.py:925} INFO - DAG(s) 'covid_indicators_v02' retrieved from /opt/airflow/dags/covid_dag.py
[2024-11-06T01:33:00.175+0000] {logging_mixin.py:190} INFO - [2024-11-06T01:33:00.174+0000] {dag.py:3239} INFO - Sync 1 DAGs
[2024-11-06T01:33:00.202+0000] {logging_mixin.py:190} INFO - [2024-11-06T01:33:00.202+0000] {dag.py:4180} INFO - Setting next_dagrun for covid_indicators_v02 to 2024-11-06 00:00:00+00:00, run_after=2024-11-07 00:00:00+00:00
[2024-11-06T01:33:00.222+0000] {processor.py:208} INFO - Processing /opt/airflow/dags/covid_dag.py took 0.183 seconds
[2024-11-06T01:33:30.913+0000] {processor.py:186} INFO - Started process (PID=5265) to work on /opt/airflow/dags/covid_dag.py
[2024-11-06T01:33:30.913+0000] {processor.py:914} INFO - Processing file /opt/airflow/dags/covid_dag.py for tasks to queue
[2024-11-06T01:33:30.916+0000] {logging_mixin.py:190} INFO - [2024-11-06T01:33:30.916+0000] {dagbag.py:588} INFO - Filling up the DagBag from /opt/airflow/dags/covid_dag.py
[2024-11-06T01:33:31.015+0000] {processor.py:925} INFO - DAG(s) 'covid_indicators_v02' retrieved from /opt/airflow/dags/covid_dag.py
[2024-11-06T01:33:31.040+0000] {logging_mixin.py:190} INFO - [2024-11-06T01:33:31.040+0000] {dag.py:3239} INFO - Sync 1 DAGs
[2024-11-06T01:33:31.068+0000] {logging_mixin.py:190} INFO - [2024-11-06T01:33:31.068+0000] {dag.py:4180} INFO - Setting next_dagrun for covid_indicators_v02 to 2024-11-06 00:00:00+00:00, run_after=2024-11-07 00:00:00+00:00
[2024-11-06T01:33:31.090+0000] {processor.py:208} INFO - Processing /opt/airflow/dags/covid_dag.py took 0.184 seconds
[2024-11-06T01:34:01.555+0000] {processor.py:186} INFO - Started process (PID=5301) to work on /opt/airflow/dags/covid_dag.py
[2024-11-06T01:34:01.556+0000] {processor.py:914} INFO - Processing file /opt/airflow/dags/covid_dag.py for tasks to queue
[2024-11-06T01:34:01.558+0000] {logging_mixin.py:190} INFO - [2024-11-06T01:34:01.558+0000] {dagbag.py:588} INFO - Filling up the DagBag from /opt/airflow/dags/covid_dag.py
[2024-11-06T01:34:01.669+0000] {processor.py:925} INFO - DAG(s) 'covid_indicators_v02' retrieved from /opt/airflow/dags/covid_dag.py
[2024-11-06T01:34:01.704+0000] {logging_mixin.py:190} INFO - [2024-11-06T01:34:01.704+0000] {dag.py:3239} INFO - Sync 1 DAGs
[2024-11-06T01:34:01.745+0000] {logging_mixin.py:190} INFO - [2024-11-06T01:34:01.744+0000] {dag.py:4180} INFO - Setting next_dagrun for covid_indicators_v02 to 2024-11-06 00:00:00+00:00, run_after=2024-11-07 00:00:00+00:00
[2024-11-06T01:34:01.775+0000] {processor.py:208} INFO - Processing /opt/airflow/dags/covid_dag.py took 0.227 seconds
[2024-11-06T01:34:32.132+0000] {processor.py:186} INFO - Started process (PID=5337) to work on /opt/airflow/dags/covid_dag.py
[2024-11-06T01:34:32.133+0000] {processor.py:914} INFO - Processing file /opt/airflow/dags/covid_dag.py for tasks to queue
[2024-11-06T01:34:32.135+0000] {logging_mixin.py:190} INFO - [2024-11-06T01:34:32.135+0000] {dagbag.py:588} INFO - Filling up the DagBag from /opt/airflow/dags/covid_dag.py
[2024-11-06T01:34:32.242+0000] {processor.py:925} INFO - DAG(s) 'covid_indicators_v02' retrieved from /opt/airflow/dags/covid_dag.py
[2024-11-06T01:34:32.269+0000] {logging_mixin.py:190} INFO - [2024-11-06T01:34:32.269+0000] {dag.py:3239} INFO - Sync 1 DAGs
[2024-11-06T01:34:32.299+0000] {logging_mixin.py:190} INFO - [2024-11-06T01:34:32.298+0000] {dag.py:4180} INFO - Setting next_dagrun for covid_indicators_v02 to 2024-11-06 00:00:00+00:00, run_after=2024-11-07 00:00:00+00:00
[2024-11-06T01:34:32.317+0000] {processor.py:208} INFO - Processing /opt/airflow/dags/covid_dag.py took 0.192 seconds
[2024-11-06T01:35:03.006+0000] {processor.py:186} INFO - Started process (PID=5373) to work on /opt/airflow/dags/covid_dag.py
[2024-11-06T01:35:03.007+0000] {processor.py:914} INFO - Processing file /opt/airflow/dags/covid_dag.py for tasks to queue
[2024-11-06T01:35:03.009+0000] {logging_mixin.py:190} INFO - [2024-11-06T01:35:03.009+0000] {dagbag.py:588} INFO - Filling up the DagBag from /opt/airflow/dags/covid_dag.py
[2024-11-06T01:35:03.108+0000] {processor.py:925} INFO - DAG(s) 'covid_indicators_v02' retrieved from /opt/airflow/dags/covid_dag.py
[2024-11-06T01:35:03.139+0000] {logging_mixin.py:190} INFO - [2024-11-06T01:35:03.139+0000] {dag.py:3239} INFO - Sync 1 DAGs
[2024-11-06T01:35:03.168+0000] {logging_mixin.py:190} INFO - [2024-11-06T01:35:03.168+0000] {dag.py:4180} INFO - Setting next_dagrun for covid_indicators_v02 to 2024-11-06 00:00:00+00:00, run_after=2024-11-07 00:00:00+00:00
[2024-11-06T01:35:03.187+0000] {processor.py:208} INFO - Processing /opt/airflow/dags/covid_dag.py took 0.188 seconds
[2024-11-06T01:35:33.756+0000] {processor.py:186} INFO - Started process (PID=5409) to work on /opt/airflow/dags/covid_dag.py
[2024-11-06T01:35:33.757+0000] {processor.py:914} INFO - Processing file /opt/airflow/dags/covid_dag.py for tasks to queue
[2024-11-06T01:35:33.760+0000] {logging_mixin.py:190} INFO - [2024-11-06T01:35:33.760+0000] {dagbag.py:588} INFO - Filling up the DagBag from /opt/airflow/dags/covid_dag.py
[2024-11-06T01:35:33.861+0000] {processor.py:925} INFO - DAG(s) 'covid_indicators_v02' retrieved from /opt/airflow/dags/covid_dag.py
[2024-11-06T01:35:33.888+0000] {logging_mixin.py:190} INFO - [2024-11-06T01:35:33.887+0000] {dag.py:3239} INFO - Sync 1 DAGs
[2024-11-06T01:35:33.919+0000] {logging_mixin.py:190} INFO - [2024-11-06T01:35:33.918+0000] {dag.py:4180} INFO - Setting next_dagrun for covid_indicators_v02 to 2024-11-06 00:00:00+00:00, run_after=2024-11-07 00:00:00+00:00
[2024-11-06T01:35:33.940+0000] {processor.py:208} INFO - Processing /opt/airflow/dags/covid_dag.py took 0.191 seconds
[2024-11-06T01:36:04.636+0000] {processor.py:186} INFO - Started process (PID=5445) to work on /opt/airflow/dags/covid_dag.py
[2024-11-06T01:36:04.637+0000] {processor.py:914} INFO - Processing file /opt/airflow/dags/covid_dag.py for tasks to queue
[2024-11-06T01:36:04.640+0000] {logging_mixin.py:190} INFO - [2024-11-06T01:36:04.640+0000] {dagbag.py:588} INFO - Filling up the DagBag from /opt/airflow/dags/covid_dag.py
[2024-11-06T01:36:04.745+0000] {processor.py:925} INFO - DAG(s) 'covid_indicators_v02' retrieved from /opt/airflow/dags/covid_dag.py
[2024-11-06T01:36:04.772+0000] {logging_mixin.py:190} INFO - [2024-11-06T01:36:04.772+0000] {dag.py:3239} INFO - Sync 1 DAGs
[2024-11-06T01:36:04.799+0000] {logging_mixin.py:190} INFO - [2024-11-06T01:36:04.799+0000] {dag.py:4180} INFO - Setting next_dagrun for covid_indicators_v02 to 2024-11-06 00:00:00+00:00, run_after=2024-11-07 00:00:00+00:00
[2024-11-06T01:36:04.819+0000] {processor.py:208} INFO - Processing /opt/airflow/dags/covid_dag.py took 0.193 seconds
[2024-11-06T01:36:35.535+0000] {processor.py:186} INFO - Started process (PID=5481) to work on /opt/airflow/dags/covid_dag.py
[2024-11-06T01:36:35.536+0000] {processor.py:914} INFO - Processing file /opt/airflow/dags/covid_dag.py for tasks to queue
[2024-11-06T01:36:35.539+0000] {logging_mixin.py:190} INFO - [2024-11-06T01:36:35.539+0000] {dagbag.py:588} INFO - Filling up the DagBag from /opt/airflow/dags/covid_dag.py
[2024-11-06T01:36:35.643+0000] {processor.py:925} INFO - DAG(s) 'covid_indicators_v02' retrieved from /opt/airflow/dags/covid_dag.py
[2024-11-06T01:36:35.669+0000] {logging_mixin.py:190} INFO - [2024-11-06T01:36:35.669+0000] {dag.py:3239} INFO - Sync 1 DAGs
[2024-11-06T01:36:35.697+0000] {logging_mixin.py:190} INFO - [2024-11-06T01:36:35.697+0000] {dag.py:4180} INFO - Setting next_dagrun for covid_indicators_v02 to 2024-11-06 00:00:00+00:00, run_after=2024-11-07 00:00:00+00:00
[2024-11-06T01:36:35.720+0000] {processor.py:208} INFO - Processing /opt/airflow/dags/covid_dag.py took 0.194 seconds
[2024-11-06T01:37:06.340+0000] {processor.py:186} INFO - Started process (PID=5518) to work on /opt/airflow/dags/covid_dag.py
[2024-11-06T01:37:06.341+0000] {processor.py:914} INFO - Processing file /opt/airflow/dags/covid_dag.py for tasks to queue
[2024-11-06T01:37:06.344+0000] {logging_mixin.py:190} INFO - [2024-11-06T01:37:06.343+0000] {dagbag.py:588} INFO - Filling up the DagBag from /opt/airflow/dags/covid_dag.py
[2024-11-06T01:37:06.450+0000] {processor.py:925} INFO - DAG(s) 'covid_indicators_v02' retrieved from /opt/airflow/dags/covid_dag.py
[2024-11-06T01:37:06.475+0000] {logging_mixin.py:190} INFO - [2024-11-06T01:37:06.475+0000] {dag.py:3239} INFO - Sync 1 DAGs
[2024-11-06T01:37:06.508+0000] {logging_mixin.py:190} INFO - [2024-11-06T01:37:06.508+0000] {dag.py:4180} INFO - Setting next_dagrun for covid_indicators_v02 to 2024-11-06 00:00:00+00:00, run_after=2024-11-07 00:00:00+00:00
[2024-11-06T01:37:06.531+0000] {processor.py:208} INFO - Processing /opt/airflow/dags/covid_dag.py took 0.201 seconds
[2024-11-06T01:37:37.042+0000] {processor.py:186} INFO - Started process (PID=5554) to work on /opt/airflow/dags/covid_dag.py
[2024-11-06T01:37:37.043+0000] {processor.py:914} INFO - Processing file /opt/airflow/dags/covid_dag.py for tasks to queue
[2024-11-06T01:37:37.047+0000] {logging_mixin.py:190} INFO - [2024-11-06T01:37:37.046+0000] {dagbag.py:588} INFO - Filling up the DagBag from /opt/airflow/dags/covid_dag.py
[2024-11-06T01:37:37.150+0000] {processor.py:925} INFO - DAG(s) 'covid_indicators_v02' retrieved from /opt/airflow/dags/covid_dag.py
[2024-11-06T01:37:37.175+0000] {logging_mixin.py:190} INFO - [2024-11-06T01:37:37.175+0000] {dag.py:3239} INFO - Sync 1 DAGs
[2024-11-06T01:37:37.207+0000] {logging_mixin.py:190} INFO - [2024-11-06T01:37:37.207+0000] {dag.py:4180} INFO - Setting next_dagrun for covid_indicators_v02 to 2024-11-06 00:00:00+00:00, run_after=2024-11-07 00:00:00+00:00
[2024-11-06T01:37:37.230+0000] {processor.py:208} INFO - Processing /opt/airflow/dags/covid_dag.py took 0.197 seconds
[2024-11-06T01:38:07.763+0000] {processor.py:186} INFO - Started process (PID=5590) to work on /opt/airflow/dags/covid_dag.py
[2024-11-06T01:38:07.764+0000] {processor.py:914} INFO - Processing file /opt/airflow/dags/covid_dag.py for tasks to queue
[2024-11-06T01:38:07.767+0000] {logging_mixin.py:190} INFO - [2024-11-06T01:38:07.767+0000] {dagbag.py:588} INFO - Filling up the DagBag from /opt/airflow/dags/covid_dag.py
[2024-11-06T01:38:07.871+0000] {processor.py:925} INFO - DAG(s) 'covid_indicators_v02' retrieved from /opt/airflow/dags/covid_dag.py
[2024-11-06T01:38:07.897+0000] {logging_mixin.py:190} INFO - [2024-11-06T01:38:07.897+0000] {dag.py:3239} INFO - Sync 1 DAGs
[2024-11-06T01:38:07.926+0000] {logging_mixin.py:190} INFO - [2024-11-06T01:38:07.926+0000] {dag.py:4180} INFO - Setting next_dagrun for covid_indicators_v02 to 2024-11-06 00:00:00+00:00, run_after=2024-11-07 00:00:00+00:00
[2024-11-06T01:38:07.946+0000] {processor.py:208} INFO - Processing /opt/airflow/dags/covid_dag.py took 0.193 seconds
[2024-11-06T01:38:38.613+0000] {processor.py:186} INFO - Started process (PID=5626) to work on /opt/airflow/dags/covid_dag.py
[2024-11-06T01:38:38.614+0000] {processor.py:914} INFO - Processing file /opt/airflow/dags/covid_dag.py for tasks to queue
[2024-11-06T01:38:38.617+0000] {logging_mixin.py:190} INFO - [2024-11-06T01:38:38.616+0000] {dagbag.py:588} INFO - Filling up the DagBag from /opt/airflow/dags/covid_dag.py
[2024-11-06T01:38:38.721+0000] {processor.py:925} INFO - DAG(s) 'covid_indicators_v02' retrieved from /opt/airflow/dags/covid_dag.py
[2024-11-06T01:38:38.749+0000] {logging_mixin.py:190} INFO - [2024-11-06T01:38:38.748+0000] {dag.py:3239} INFO - Sync 1 DAGs
[2024-11-06T01:38:38.778+0000] {logging_mixin.py:190} INFO - [2024-11-06T01:38:38.778+0000] {dag.py:4180} INFO - Setting next_dagrun for covid_indicators_v02 to 2024-11-06 00:00:00+00:00, run_after=2024-11-07 00:00:00+00:00
[2024-11-06T01:38:38.799+0000] {processor.py:208} INFO - Processing /opt/airflow/dags/covid_dag.py took 0.194 seconds
[2024-11-06T01:39:09.493+0000] {processor.py:186} INFO - Started process (PID=5662) to work on /opt/airflow/dags/covid_dag.py
[2024-11-06T01:39:09.494+0000] {processor.py:914} INFO - Processing file /opt/airflow/dags/covid_dag.py for tasks to queue
[2024-11-06T01:39:09.497+0000] {logging_mixin.py:190} INFO - [2024-11-06T01:39:09.497+0000] {dagbag.py:588} INFO - Filling up the DagBag from /opt/airflow/dags/covid_dag.py
[2024-11-06T01:39:09.600+0000] {processor.py:925} INFO - DAG(s) 'covid_indicators_v02' retrieved from /opt/airflow/dags/covid_dag.py
[2024-11-06T01:39:09.628+0000] {logging_mixin.py:190} INFO - [2024-11-06T01:39:09.628+0000] {dag.py:3239} INFO - Sync 1 DAGs
[2024-11-06T01:39:09.658+0000] {logging_mixin.py:190} INFO - [2024-11-06T01:39:09.657+0000] {dag.py:4180} INFO - Setting next_dagrun for covid_indicators_v02 to 2024-11-06 00:00:00+00:00, run_after=2024-11-07 00:00:00+00:00
[2024-11-06T01:39:09.679+0000] {processor.py:208} INFO - Processing /opt/airflow/dags/covid_dag.py took 0.195 seconds
[2024-11-06T01:39:40.133+0000] {processor.py:186} INFO - Started process (PID=5698) to work on /opt/airflow/dags/covid_dag.py
[2024-11-06T01:39:40.134+0000] {processor.py:914} INFO - Processing file /opt/airflow/dags/covid_dag.py for tasks to queue
[2024-11-06T01:39:40.136+0000] {logging_mixin.py:190} INFO - [2024-11-06T01:39:40.136+0000] {dagbag.py:588} INFO - Filling up the DagBag from /opt/airflow/dags/covid_dag.py
[2024-11-06T01:39:40.238+0000] {processor.py:925} INFO - DAG(s) 'covid_indicators_v02' retrieved from /opt/airflow/dags/covid_dag.py
[2024-11-06T01:39:40.263+0000] {logging_mixin.py:190} INFO - [2024-11-06T01:39:40.263+0000] {dag.py:3239} INFO - Sync 1 DAGs
[2024-11-06T01:39:40.294+0000] {logging_mixin.py:190} INFO - [2024-11-06T01:39:40.293+0000] {dag.py:4180} INFO - Setting next_dagrun for covid_indicators_v02 to 2024-11-06 00:00:00+00:00, run_after=2024-11-07 00:00:00+00:00
[2024-11-06T01:39:40.315+0000] {processor.py:208} INFO - Processing /opt/airflow/dags/covid_dag.py took 0.189 seconds
[2024-11-06T01:40:11.032+0000] {processor.py:186} INFO - Started process (PID=5734) to work on /opt/airflow/dags/covid_dag.py
[2024-11-06T01:40:11.033+0000] {processor.py:914} INFO - Processing file /opt/airflow/dags/covid_dag.py for tasks to queue
[2024-11-06T01:40:11.036+0000] {logging_mixin.py:190} INFO - [2024-11-06T01:40:11.035+0000] {dagbag.py:588} INFO - Filling up the DagBag from /opt/airflow/dags/covid_dag.py
[2024-11-06T01:40:11.141+0000] {processor.py:925} INFO - DAG(s) 'covid_indicators_v02' retrieved from /opt/airflow/dags/covid_dag.py
[2024-11-06T01:40:11.166+0000] {logging_mixin.py:190} INFO - [2024-11-06T01:40:11.165+0000] {dag.py:3239} INFO - Sync 1 DAGs
[2024-11-06T01:40:11.195+0000] {logging_mixin.py:190} INFO - [2024-11-06T01:40:11.195+0000] {dag.py:4180} INFO - Setting next_dagrun for covid_indicators_v02 to 2024-11-06 00:00:00+00:00, run_after=2024-11-07 00:00:00+00:00
[2024-11-06T01:40:11.216+0000] {processor.py:208} INFO - Processing /opt/airflow/dags/covid_dag.py took 0.193 seconds
[2024-11-06T01:40:41.691+0000] {processor.py:186} INFO - Started process (PID=5770) to work on /opt/airflow/dags/covid_dag.py
[2024-11-06T01:40:41.692+0000] {processor.py:914} INFO - Processing file /opt/airflow/dags/covid_dag.py for tasks to queue
[2024-11-06T01:40:41.694+0000] {logging_mixin.py:190} INFO - [2024-11-06T01:40:41.693+0000] {dagbag.py:588} INFO - Filling up the DagBag from /opt/airflow/dags/covid_dag.py
[2024-11-06T01:40:41.805+0000] {processor.py:925} INFO - DAG(s) 'covid_indicators_v02' retrieved from /opt/airflow/dags/covid_dag.py
[2024-11-06T01:40:41.835+0000] {logging_mixin.py:190} INFO - [2024-11-06T01:40:41.835+0000] {dag.py:3239} INFO - Sync 1 DAGs
[2024-11-06T01:40:41.865+0000] {logging_mixin.py:190} INFO - [2024-11-06T01:40:41.864+0000] {dag.py:4180} INFO - Setting next_dagrun for covid_indicators_v02 to 2024-11-06 00:00:00+00:00, run_after=2024-11-07 00:00:00+00:00
[2024-11-06T01:40:41.883+0000] {processor.py:208} INFO - Processing /opt/airflow/dags/covid_dag.py took 0.198 seconds
[2024-11-06T01:41:12.414+0000] {processor.py:186} INFO - Started process (PID=5806) to work on /opt/airflow/dags/covid_dag.py
[2024-11-06T01:41:12.415+0000] {processor.py:914} INFO - Processing file /opt/airflow/dags/covid_dag.py for tasks to queue
[2024-11-06T01:41:12.417+0000] {logging_mixin.py:190} INFO - [2024-11-06T01:41:12.417+0000] {dagbag.py:588} INFO - Filling up the DagBag from /opt/airflow/dags/covid_dag.py
[2024-11-06T01:41:12.523+0000] {processor.py:925} INFO - DAG(s) 'covid_indicators_v02' retrieved from /opt/airflow/dags/covid_dag.py
[2024-11-06T01:41:12.550+0000] {logging_mixin.py:190} INFO - [2024-11-06T01:41:12.550+0000] {dag.py:3239} INFO - Sync 1 DAGs
[2024-11-06T01:41:12.578+0000] {logging_mixin.py:190} INFO - [2024-11-06T01:41:12.578+0000] {dag.py:4180} INFO - Setting next_dagrun for covid_indicators_v02 to 2024-11-06 00:00:00+00:00, run_after=2024-11-07 00:00:00+00:00
[2024-11-06T01:41:12.598+0000] {processor.py:208} INFO - Processing /opt/airflow/dags/covid_dag.py took 0.191 seconds
[2024-11-06T01:41:43.079+0000] {processor.py:186} INFO - Started process (PID=5842) to work on /opt/airflow/dags/covid_dag.py
[2024-11-06T01:41:43.079+0000] {processor.py:914} INFO - Processing file /opt/airflow/dags/covid_dag.py for tasks to queue
[2024-11-06T01:41:43.082+0000] {logging_mixin.py:190} INFO - [2024-11-06T01:41:43.082+0000] {dagbag.py:588} INFO - Filling up the DagBag from /opt/airflow/dags/covid_dag.py
[2024-11-06T01:41:43.181+0000] {processor.py:925} INFO - DAG(s) 'covid_indicators_v02' retrieved from /opt/airflow/dags/covid_dag.py
[2024-11-06T01:41:43.209+0000] {logging_mixin.py:190} INFO - [2024-11-06T01:41:43.209+0000] {dag.py:3239} INFO - Sync 1 DAGs
[2024-11-06T01:41:43.239+0000] {logging_mixin.py:190} INFO - [2024-11-06T01:41:43.238+0000] {dag.py:4180} INFO - Setting next_dagrun for covid_indicators_v02 to 2024-11-06 00:00:00+00:00, run_after=2024-11-07 00:00:00+00:00
[2024-11-06T01:41:43.264+0000] {processor.py:208} INFO - Processing /opt/airflow/dags/covid_dag.py took 0.192 seconds
[2024-11-06T01:42:14.021+0000] {processor.py:186} INFO - Started process (PID=5878) to work on /opt/airflow/dags/covid_dag.py
[2024-11-06T01:42:14.022+0000] {processor.py:914} INFO - Processing file /opt/airflow/dags/covid_dag.py for tasks to queue
[2024-11-06T01:42:14.025+0000] {logging_mixin.py:190} INFO - [2024-11-06T01:42:14.024+0000] {dagbag.py:588} INFO - Filling up the DagBag from /opt/airflow/dags/covid_dag.py
[2024-11-06T01:42:14.129+0000] {processor.py:925} INFO - DAG(s) 'covid_indicators_v02' retrieved from /opt/airflow/dags/covid_dag.py
[2024-11-06T01:42:14.157+0000] {logging_mixin.py:190} INFO - [2024-11-06T01:42:14.156+0000] {dag.py:3239} INFO - Sync 1 DAGs
[2024-11-06T01:42:14.187+0000] {logging_mixin.py:190} INFO - [2024-11-06T01:42:14.187+0000] {dag.py:4180} INFO - Setting next_dagrun for covid_indicators_v02 to 2024-11-06 00:00:00+00:00, run_after=2024-11-07 00:00:00+00:00
[2024-11-06T01:42:14.208+0000] {processor.py:208} INFO - Processing /opt/airflow/dags/covid_dag.py took 0.198 seconds
[2024-11-06T01:42:44.929+0000] {processor.py:186} INFO - Started process (PID=5914) to work on /opt/airflow/dags/covid_dag.py
[2024-11-06T01:42:44.931+0000] {processor.py:914} INFO - Processing file /opt/airflow/dags/covid_dag.py for tasks to queue
[2024-11-06T01:42:44.933+0000] {logging_mixin.py:190} INFO - [2024-11-06T01:42:44.933+0000] {dagbag.py:588} INFO - Filling up the DagBag from /opt/airflow/dags/covid_dag.py
[2024-11-06T01:42:45.039+0000] {processor.py:925} INFO - DAG(s) 'covid_indicators_v02' retrieved from /opt/airflow/dags/covid_dag.py
[2024-11-06T01:42:45.068+0000] {logging_mixin.py:190} INFO - [2024-11-06T01:42:45.068+0000] {dag.py:3239} INFO - Sync 1 DAGs
[2024-11-06T01:42:45.098+0000] {logging_mixin.py:190} INFO - [2024-11-06T01:42:45.098+0000] {dag.py:4180} INFO - Setting next_dagrun for covid_indicators_v02 to 2024-11-06 00:00:00+00:00, run_after=2024-11-07 00:00:00+00:00
[2024-11-06T01:42:45.120+0000] {processor.py:208} INFO - Processing /opt/airflow/dags/covid_dag.py took 0.200 seconds
[2024-11-06T01:43:15.687+0000] {processor.py:186} INFO - Started process (PID=5951) to work on /opt/airflow/dags/covid_dag.py
[2024-11-06T01:43:15.689+0000] {processor.py:914} INFO - Processing file /opt/airflow/dags/covid_dag.py for tasks to queue
[2024-11-06T01:43:15.691+0000] {logging_mixin.py:190} INFO - [2024-11-06T01:43:15.691+0000] {dagbag.py:588} INFO - Filling up the DagBag from /opt/airflow/dags/covid_dag.py
[2024-11-06T01:43:15.795+0000] {processor.py:925} INFO - DAG(s) 'covid_indicators_v02' retrieved from /opt/airflow/dags/covid_dag.py
[2024-11-06T01:43:15.821+0000] {logging_mixin.py:190} INFO - [2024-11-06T01:43:15.820+0000] {dag.py:3239} INFO - Sync 1 DAGs
[2024-11-06T01:43:15.851+0000] {logging_mixin.py:190} INFO - [2024-11-06T01:43:15.851+0000] {dag.py:4180} INFO - Setting next_dagrun for covid_indicators_v02 to 2024-11-06 00:00:00+00:00, run_after=2024-11-07 00:00:00+00:00
[2024-11-06T01:43:15.871+0000] {processor.py:208} INFO - Processing /opt/airflow/dags/covid_dag.py took 0.192 seconds
[2024-11-06T01:43:46.523+0000] {processor.py:186} INFO - Started process (PID=5987) to work on /opt/airflow/dags/covid_dag.py
[2024-11-06T01:43:46.524+0000] {processor.py:914} INFO - Processing file /opt/airflow/dags/covid_dag.py for tasks to queue
[2024-11-06T01:43:46.527+0000] {logging_mixin.py:190} INFO - [2024-11-06T01:43:46.527+0000] {dagbag.py:588} INFO - Filling up the DagBag from /opt/airflow/dags/covid_dag.py
[2024-11-06T01:43:46.635+0000] {processor.py:925} INFO - DAG(s) 'covid_indicators_v02' retrieved from /opt/airflow/dags/covid_dag.py
[2024-11-06T01:43:46.661+0000] {logging_mixin.py:190} INFO - [2024-11-06T01:43:46.660+0000] {dag.py:3239} INFO - Sync 1 DAGs
[2024-11-06T01:43:46.688+0000] {logging_mixin.py:190} INFO - [2024-11-06T01:43:46.688+0000] {dag.py:4180} INFO - Setting next_dagrun for covid_indicators_v02 to 2024-11-06 00:00:00+00:00, run_after=2024-11-07 00:00:00+00:00
[2024-11-06T01:43:46.707+0000] {processor.py:208} INFO - Processing /opt/airflow/dags/covid_dag.py took 0.194 seconds
[2024-11-06T01:44:17.319+0000] {processor.py:186} INFO - Started process (PID=6026) to work on /opt/airflow/dags/covid_dag.py
[2024-11-06T01:44:17.320+0000] {processor.py:914} INFO - Processing file /opt/airflow/dags/covid_dag.py for tasks to queue
[2024-11-06T01:44:17.322+0000] {logging_mixin.py:190} INFO - [2024-11-06T01:44:17.322+0000] {dagbag.py:588} INFO - Filling up the DagBag from /opt/airflow/dags/covid_dag.py
[2024-11-06T01:44:17.448+0000] {processor.py:925} INFO - DAG(s) 'covid_indicators_v02' retrieved from /opt/airflow/dags/covid_dag.py
[2024-11-06T01:44:17.480+0000] {logging_mixin.py:190} INFO - [2024-11-06T01:44:17.480+0000] {dag.py:3239} INFO - Sync 1 DAGs
[2024-11-06T01:44:17.515+0000] {logging_mixin.py:190} INFO - [2024-11-06T01:44:17.515+0000] {dag.py:4180} INFO - Setting next_dagrun for covid_indicators_v02 to 2024-11-06 00:00:00+00:00, run_after=2024-11-07 00:00:00+00:00
[2024-11-06T01:44:17.537+0000] {processor.py:208} INFO - Processing /opt/airflow/dags/covid_dag.py took 0.229 seconds
[2024-11-06T01:44:48.244+0000] {processor.py:186} INFO - Started process (PID=6062) to work on /opt/airflow/dags/covid_dag.py
[2024-11-06T01:44:48.246+0000] {processor.py:914} INFO - Processing file /opt/airflow/dags/covid_dag.py for tasks to queue
[2024-11-06T01:44:48.248+0000] {logging_mixin.py:190} INFO - [2024-11-06T01:44:48.248+0000] {dagbag.py:588} INFO - Filling up the DagBag from /opt/airflow/dags/covid_dag.py
[2024-11-06T01:44:48.358+0000] {processor.py:925} INFO - DAG(s) 'covid_indicators_v02' retrieved from /opt/airflow/dags/covid_dag.py
[2024-11-06T01:44:48.386+0000] {logging_mixin.py:190} INFO - [2024-11-06T01:44:48.386+0000] {dag.py:3239} INFO - Sync 1 DAGs
[2024-11-06T01:44:48.422+0000] {logging_mixin.py:190} INFO - [2024-11-06T01:44:48.422+0000] {dag.py:4180} INFO - Setting next_dagrun for covid_indicators_v02 to 2024-11-06 00:00:00+00:00, run_after=2024-11-07 00:00:00+00:00
[2024-11-06T01:44:48.445+0000] {processor.py:208} INFO - Processing /opt/airflow/dags/covid_dag.py took 0.210 seconds
[2024-11-06T01:45:19.112+0000] {processor.py:186} INFO - Started process (PID=6098) to work on /opt/airflow/dags/covid_dag.py
[2024-11-06T01:45:19.113+0000] {processor.py:914} INFO - Processing file /opt/airflow/dags/covid_dag.py for tasks to queue
[2024-11-06T01:45:19.116+0000] {logging_mixin.py:190} INFO - [2024-11-06T01:45:19.116+0000] {dagbag.py:588} INFO - Filling up the DagBag from /opt/airflow/dags/covid_dag.py
[2024-11-06T01:45:19.222+0000] {processor.py:925} INFO - DAG(s) 'covid_indicators_v02' retrieved from /opt/airflow/dags/covid_dag.py
[2024-11-06T01:45:19.247+0000] {logging_mixin.py:190} INFO - [2024-11-06T01:45:19.246+0000] {dag.py:3239} INFO - Sync 1 DAGs
[2024-11-06T01:45:19.277+0000] {logging_mixin.py:190} INFO - [2024-11-06T01:45:19.277+0000] {dag.py:4180} INFO - Setting next_dagrun for covid_indicators_v02 to 2024-11-06 00:00:00+00:00, run_after=2024-11-07 00:00:00+00:00
[2024-11-06T01:45:19.297+0000] {processor.py:208} INFO - Processing /opt/airflow/dags/covid_dag.py took 0.194 seconds
[2024-11-06T01:45:49.830+0000] {processor.py:186} INFO - Started process (PID=6134) to work on /opt/airflow/dags/covid_dag.py
[2024-11-06T01:45:49.832+0000] {processor.py:914} INFO - Processing file /opt/airflow/dags/covid_dag.py for tasks to queue
[2024-11-06T01:45:49.834+0000] {logging_mixin.py:190} INFO - [2024-11-06T01:45:49.834+0000] {dagbag.py:588} INFO - Filling up the DagBag from /opt/airflow/dags/covid_dag.py
[2024-11-06T01:45:49.938+0000] {processor.py:925} INFO - DAG(s) 'covid_indicators_v02' retrieved from /opt/airflow/dags/covid_dag.py
[2024-11-06T01:45:49.964+0000] {logging_mixin.py:190} INFO - [2024-11-06T01:45:49.964+0000] {dag.py:3239} INFO - Sync 1 DAGs
[2024-11-06T01:45:49.994+0000] {logging_mixin.py:190} INFO - [2024-11-06T01:45:49.994+0000] {dag.py:4180} INFO - Setting next_dagrun for covid_indicators_v02 to 2024-11-06 00:00:00+00:00, run_after=2024-11-07 00:00:00+00:00
[2024-11-06T01:45:50.015+0000] {processor.py:208} INFO - Processing /opt/airflow/dags/covid_dag.py took 0.194 seconds
[2024-11-06T01:46:20.652+0000] {processor.py:186} INFO - Started process (PID=6336) to work on /opt/airflow/dags/covid_dag.py
[2024-11-06T01:46:20.653+0000] {processor.py:914} INFO - Processing file /opt/airflow/dags/covid_dag.py for tasks to queue
[2024-11-06T01:46:20.660+0000] {logging_mixin.py:190} INFO - [2024-11-06T01:46:20.659+0000] {dagbag.py:588} INFO - Filling up the DagBag from /opt/airflow/dags/covid_dag.py
[2024-11-06T01:46:21.060+0000] {processor.py:925} INFO - DAG(s) 'covid_indicators_v02' retrieved from /opt/airflow/dags/covid_dag.py
[2024-11-06T01:46:21.113+0000] {logging_mixin.py:190} INFO - [2024-11-06T01:46:21.112+0000] {dag.py:3239} INFO - Sync 1 DAGs
[2024-11-06T01:46:21.160+0000] {logging_mixin.py:190} INFO - [2024-11-06T01:46:21.159+0000] {dag.py:4180} INFO - Setting next_dagrun for covid_indicators_v02 to 2024-11-06 00:00:00+00:00, run_after=2024-11-07 00:00:00+00:00
[2024-11-06T01:46:21.199+0000] {processor.py:208} INFO - Processing /opt/airflow/dags/covid_dag.py took 0.573 seconds
[2024-11-06T01:46:51.339+0000] {processor.py:186} INFO - Started process (PID=6536) to work on /opt/airflow/dags/covid_dag.py
[2024-11-06T01:46:51.348+0000] {processor.py:914} INFO - Processing file /opt/airflow/dags/covid_dag.py for tasks to queue
[2024-11-06T01:46:51.355+0000] {logging_mixin.py:190} INFO - [2024-11-06T01:46:51.355+0000] {dagbag.py:588} INFO - Filling up the DagBag from /opt/airflow/dags/covid_dag.py
[2024-11-06T01:46:51.529+0000] {processor.py:925} INFO - DAG(s) 'covid_indicators_v02' retrieved from /opt/airflow/dags/covid_dag.py
[2024-11-06T01:46:51.571+0000] {logging_mixin.py:190} INFO - [2024-11-06T01:46:51.570+0000] {dag.py:3239} INFO - Sync 1 DAGs
[2024-11-06T01:46:51.648+0000] {logging_mixin.py:190} INFO - [2024-11-06T01:46:51.648+0000] {dag.py:4180} INFO - Setting next_dagrun for covid_indicators_v02 to 2024-11-06 00:00:00+00:00, run_after=2024-11-07 00:00:00+00:00
[2024-11-06T01:46:51.703+0000] {processor.py:208} INFO - Processing /opt/airflow/dags/covid_dag.py took 0.383 seconds
[2024-11-06T01:47:21.754+0000] {processor.py:186} INFO - Started process (PID=6600) to work on /opt/airflow/dags/covid_dag.py
[2024-11-06T01:47:21.756+0000] {processor.py:914} INFO - Processing file /opt/airflow/dags/covid_dag.py for tasks to queue
[2024-11-06T01:47:21.761+0000] {logging_mixin.py:190} INFO - [2024-11-06T01:47:21.760+0000] {dagbag.py:588} INFO - Filling up the DagBag from /opt/airflow/dags/covid_dag.py
[2024-11-06T01:47:21.901+0000] {processor.py:925} INFO - DAG(s) 'covid_indicators_v02' retrieved from /opt/airflow/dags/covid_dag.py
[2024-11-06T01:47:21.961+0000] {logging_mixin.py:190} INFO - [2024-11-06T01:47:21.960+0000] {dag.py:3239} INFO - Sync 1 DAGs
[2024-11-06T01:47:22.018+0000] {logging_mixin.py:190} INFO - [2024-11-06T01:47:22.018+0000] {dag.py:4180} INFO - Setting next_dagrun for covid_indicators_v02 to 2024-11-06 00:00:00+00:00, run_after=2024-11-07 00:00:00+00:00
[2024-11-06T01:47:22.069+0000] {processor.py:208} INFO - Processing /opt/airflow/dags/covid_dag.py took 0.324 seconds
[2024-11-06T01:47:52.285+0000] {processor.py:186} INFO - Started process (PID=6635) to work on /opt/airflow/dags/covid_dag.py
[2024-11-06T01:47:52.286+0000] {processor.py:914} INFO - Processing file /opt/airflow/dags/covid_dag.py for tasks to queue
[2024-11-06T01:47:52.289+0000] {logging_mixin.py:190} INFO - [2024-11-06T01:47:52.289+0000] {dagbag.py:588} INFO - Filling up the DagBag from /opt/airflow/dags/covid_dag.py
[2024-11-06T01:47:52.481+0000] {processor.py:925} INFO - DAG(s) 'covid_indicators_v02' retrieved from /opt/airflow/dags/covid_dag.py
[2024-11-06T01:47:52.525+0000] {logging_mixin.py:190} INFO - [2024-11-06T01:47:52.525+0000] {dag.py:3239} INFO - Sync 1 DAGs
[2024-11-06T01:47:52.568+0000] {logging_mixin.py:190} INFO - [2024-11-06T01:47:52.567+0000] {dag.py:4180} INFO - Setting next_dagrun for covid_indicators_v02 to 2024-11-06 00:00:00+00:00, run_after=2024-11-07 00:00:00+00:00
[2024-11-06T01:47:52.592+0000] {processor.py:208} INFO - Processing /opt/airflow/dags/covid_dag.py took 0.316 seconds
[2024-11-06T01:48:22.718+0000] {processor.py:186} INFO - Started process (PID=6671) to work on /opt/airflow/dags/covid_dag.py
[2024-11-06T01:48:22.719+0000] {processor.py:914} INFO - Processing file /opt/airflow/dags/covid_dag.py for tasks to queue
[2024-11-06T01:48:22.722+0000] {logging_mixin.py:190} INFO - [2024-11-06T01:48:22.721+0000] {dagbag.py:588} INFO - Filling up the DagBag from /opt/airflow/dags/covid_dag.py
[2024-11-06T01:48:22.886+0000] {processor.py:925} INFO - DAG(s) 'covid_indicators_v02' retrieved from /opt/airflow/dags/covid_dag.py
[2024-11-06T01:48:22.920+0000] {logging_mixin.py:190} INFO - [2024-11-06T01:48:22.920+0000] {dag.py:3239} INFO - Sync 1 DAGs
[2024-11-06T01:48:22.951+0000] {logging_mixin.py:190} INFO - [2024-11-06T01:48:22.951+0000] {dag.py:4180} INFO - Setting next_dagrun for covid_indicators_v02 to 2024-11-06 00:00:00+00:00, run_after=2024-11-07 00:00:00+00:00
[2024-11-06T01:48:22.972+0000] {processor.py:208} INFO - Processing /opt/airflow/dags/covid_dag.py took 0.264 seconds
