[2024-11-06T01:09:15.801+0000] {processor.py:186} INFO - Started process (PID=183) to work on /opt/airflow/dags/crime_dag.py
[2024-11-06T01:09:15.803+0000] {processor.py:914} INFO - Processing file /opt/airflow/dags/crime_dag.py for tasks to queue
[2024-11-06T01:09:15.809+0000] {logging_mixin.py:190} INFO - [2024-11-06T01:09:15.809+0000] {dagbag.py:588} INFO - Filling up the DagBag from /opt/airflow/dags/crime_dag.py
[2024-11-06T01:09:16.353+0000] {processor.py:925} INFO - DAG(s) 'crime_data_v02' retrieved from /opt/airflow/dags/crime_dag.py
[2024-11-06T01:09:16.520+0000] {logging_mixin.py:190} INFO - [2024-11-06T01:09:16.519+0000] {dag.py:3239} INFO - Sync 1 DAGs
[2024-11-06T01:09:16.655+0000] {logging_mixin.py:190} INFO - [2024-11-06T01:09:16.655+0000] {dag.py:4180} INFO - Setting next_dagrun for crime_data_v02 to 2024-11-06 00:00:00+00:00, run_after=2024-11-07 00:00:00+00:00
[2024-11-06T01:09:16.742+0000] {processor.py:208} INFO - Processing /opt/airflow/dags/crime_dag.py took 0.950 seconds
[2024-11-06T01:09:47.161+0000] {processor.py:186} INFO - Started process (PID=956) to work on /opt/airflow/dags/crime_dag.py
[2024-11-06T01:09:47.191+0000] {processor.py:914} INFO - Processing file /opt/airflow/dags/crime_dag.py for tasks to queue
[2024-11-06T01:09:47.194+0000] {logging_mixin.py:190} INFO - [2024-11-06T01:09:47.193+0000] {dagbag.py:588} INFO - Filling up the DagBag from /opt/airflow/dags/crime_dag.py
[2024-11-06T01:09:48.272+0000] {processor.py:925} INFO - DAG(s) 'crime_data_v02' retrieved from /opt/airflow/dags/crime_dag.py
[2024-11-06T01:09:48.360+0000] {logging_mixin.py:190} INFO - [2024-11-06T01:09:48.360+0000] {dag.py:3239} INFO - Sync 1 DAGs
[2024-11-06T01:09:48.546+0000] {logging_mixin.py:190} INFO - [2024-11-06T01:09:48.546+0000] {dag.py:4180} INFO - Setting next_dagrun for crime_data_v02 to 2024-11-06 00:00:00+00:00, run_after=2024-11-07 00:00:00+00:00
[2024-11-06T01:09:48.656+0000] {processor.py:208} INFO - Processing /opt/airflow/dags/crime_dag.py took 1.555 seconds
[2024-11-06T01:10:19.567+0000] {processor.py:186} INFO - Started process (PID=1363) to work on /opt/airflow/dags/crime_dag.py
[2024-11-06T01:10:19.569+0000] {processor.py:914} INFO - Processing file /opt/airflow/dags/crime_dag.py for tasks to queue
[2024-11-06T01:10:19.589+0000] {logging_mixin.py:190} INFO - [2024-11-06T01:10:19.588+0000] {dagbag.py:588} INFO - Filling up the DagBag from /opt/airflow/dags/crime_dag.py
[2024-11-06T01:10:20.651+0000] {processor.py:925} INFO - DAG(s) 'crime_data_v02' retrieved from /opt/airflow/dags/crime_dag.py
[2024-11-06T01:10:20.815+0000] {logging_mixin.py:190} INFO - [2024-11-06T01:10:20.810+0000] {dag.py:3239} INFO - Sync 1 DAGs
[2024-11-06T01:10:21.115+0000] {logging_mixin.py:190} INFO - [2024-11-06T01:10:21.114+0000] {dag.py:4180} INFO - Setting next_dagrun for crime_data_v02 to 2024-11-06 00:00:00+00:00, run_after=2024-11-07 00:00:00+00:00
[2024-11-06T01:10:22.686+0000] {processor.py:208} INFO - Processing /opt/airflow/dags/crime_dag.py took 3.188 seconds
[2024-11-06T01:10:53.602+0000] {processor.py:186} INFO - Started process (PID=2143) to work on /opt/airflow/dags/crime_dag.py
[2024-11-06T01:10:53.618+0000] {processor.py:914} INFO - Processing file /opt/airflow/dags/crime_dag.py for tasks to queue
[2024-11-06T01:10:53.640+0000] {logging_mixin.py:190} INFO - [2024-11-06T01:10:53.639+0000] {dagbag.py:588} INFO - Filling up the DagBag from /opt/airflow/dags/crime_dag.py
[2024-11-06T01:10:54.425+0000] {processor.py:925} INFO - DAG(s) 'crime_data_v02' retrieved from /opt/airflow/dags/crime_dag.py
[2024-11-06T01:10:54.561+0000] {logging_mixin.py:190} INFO - [2024-11-06T01:10:54.561+0000] {dag.py:3239} INFO - Sync 1 DAGs
[2024-11-06T01:10:55.747+0000] {logging_mixin.py:190} INFO - [2024-11-06T01:10:55.747+0000] {dag.py:4180} INFO - Setting next_dagrun for crime_data_v02 to 2024-11-06 00:00:00+00:00, run_after=2024-11-07 00:00:00+00:00
[2024-11-06T01:10:55.890+0000] {processor.py:208} INFO - Processing /opt/airflow/dags/crime_dag.py took 2.359 seconds
[2024-11-06T01:11:26.256+0000] {processor.py:186} INFO - Started process (PID=2797) to work on /opt/airflow/dags/crime_dag.py
[2024-11-06T01:11:26.261+0000] {processor.py:914} INFO - Processing file /opt/airflow/dags/crime_dag.py for tasks to queue
[2024-11-06T01:11:26.267+0000] {logging_mixin.py:190} INFO - [2024-11-06T01:11:26.267+0000] {dagbag.py:588} INFO - Filling up the DagBag from /opt/airflow/dags/crime_dag.py
[2024-11-06T01:11:26.955+0000] {processor.py:925} INFO - DAG(s) 'crime_data_v02' retrieved from /opt/airflow/dags/crime_dag.py
[2024-11-06T01:11:27.125+0000] {logging_mixin.py:190} INFO - [2024-11-06T01:11:27.125+0000] {dag.py:3239} INFO - Sync 1 DAGs
[2024-11-06T01:11:28.163+0000] {logging_mixin.py:190} INFO - [2024-11-06T01:11:28.150+0000] {dag.py:4180} INFO - Setting next_dagrun for crime_data_v02 to 2024-11-06 00:00:00+00:00, run_after=2024-11-07 00:00:00+00:00
[2024-11-06T01:11:28.260+0000] {processor.py:208} INFO - Processing /opt/airflow/dags/crime_dag.py took 2.035 seconds
[2024-11-06T01:11:58.945+0000] {processor.py:186} INFO - Started process (PID=3286) to work on /opt/airflow/dags/crime_dag.py
[2024-11-06T01:11:58.946+0000] {processor.py:914} INFO - Processing file /opt/airflow/dags/crime_dag.py for tasks to queue
[2024-11-06T01:11:58.981+0000] {logging_mixin.py:190} INFO - [2024-11-06T01:11:58.980+0000] {dagbag.py:588} INFO - Filling up the DagBag from /opt/airflow/dags/crime_dag.py
[2024-11-06T01:12:00.152+0000] {processor.py:925} INFO - DAG(s) 'crime_data_v02' retrieved from /opt/airflow/dags/crime_dag.py
[2024-11-06T01:12:01.445+0000] {logging_mixin.py:190} INFO - [2024-11-06T01:12:01.445+0000] {dag.py:3239} INFO - Sync 1 DAGs
[2024-11-06T01:12:01.697+0000] {logging_mixin.py:190} INFO - [2024-11-06T01:12:01.696+0000] {dag.py:4180} INFO - Setting next_dagrun for crime_data_v02 to 2024-11-06 00:00:00+00:00, run_after=2024-11-07 00:00:00+00:00
[2024-11-06T01:12:01.990+0000] {processor.py:208} INFO - Processing /opt/airflow/dags/crime_dag.py took 3.107 seconds
[2024-11-06T01:12:32.339+0000] {processor.py:186} INFO - Started process (PID=3757) to work on /opt/airflow/dags/crime_dag.py
[2024-11-06T01:12:32.344+0000] {processor.py:914} INFO - Processing file /opt/airflow/dags/crime_dag.py for tasks to queue
[2024-11-06T01:12:32.348+0000] {logging_mixin.py:190} INFO - [2024-11-06T01:12:32.348+0000] {dagbag.py:588} INFO - Filling up the DagBag from /opt/airflow/dags/crime_dag.py
[2024-11-06T01:12:32.947+0000] {processor.py:925} INFO - DAG(s) 'crime_data_v02' retrieved from /opt/airflow/dags/crime_dag.py
[2024-11-06T01:12:32.992+0000] {logging_mixin.py:190} INFO - [2024-11-06T01:12:32.992+0000] {dag.py:3239} INFO - Sync 1 DAGs
[2024-11-06T01:12:33.080+0000] {logging_mixin.py:190} INFO - [2024-11-06T01:12:33.079+0000] {dag.py:4180} INFO - Setting next_dagrun for crime_data_v02 to 2024-11-06 00:00:00+00:00, run_after=2024-11-07 00:00:00+00:00
[2024-11-06T01:12:33.112+0000] {processor.py:208} INFO - Processing /opt/airflow/dags/crime_dag.py took 0.795 seconds
[2024-11-06T01:13:03.790+0000] {processor.py:186} INFO - Started process (PID=3824) to work on /opt/airflow/dags/crime_dag.py
[2024-11-06T01:13:03.900+0000] {processor.py:914} INFO - Processing file /opt/airflow/dags/crime_dag.py for tasks to queue
[2024-11-06T01:13:03.903+0000] {logging_mixin.py:190} INFO - [2024-11-06T01:13:03.903+0000] {dagbag.py:588} INFO - Filling up the DagBag from /opt/airflow/dags/crime_dag.py
[2024-11-06T01:13:04.140+0000] {processor.py:925} INFO - DAG(s) 'crime_data_v02' retrieved from /opt/airflow/dags/crime_dag.py
[2024-11-06T01:13:04.164+0000] {logging_mixin.py:190} INFO - [2024-11-06T01:13:04.163+0000] {dag.py:3239} INFO - Sync 1 DAGs
[2024-11-06T01:13:04.190+0000] {logging_mixin.py:190} INFO - [2024-11-06T01:13:04.189+0000] {dag.py:4180} INFO - Setting next_dagrun for crime_data_v02 to 2024-11-06 00:00:00+00:00, run_after=2024-11-07 00:00:00+00:00
[2024-11-06T01:13:04.265+0000] {processor.py:208} INFO - Processing /opt/airflow/dags/crime_dag.py took 0.488 seconds
[2024-11-06T01:13:34.852+0000] {processor.py:186} INFO - Started process (PID=3860) to work on /opt/airflow/dags/crime_dag.py
[2024-11-06T01:13:34.854+0000] {processor.py:914} INFO - Processing file /opt/airflow/dags/crime_dag.py for tasks to queue
[2024-11-06T01:13:34.857+0000] {logging_mixin.py:190} INFO - [2024-11-06T01:13:34.856+0000] {dagbag.py:588} INFO - Filling up the DagBag from /opt/airflow/dags/crime_dag.py
[2024-11-06T01:13:35.190+0000] {processor.py:925} INFO - DAG(s) 'crime_data_v02' retrieved from /opt/airflow/dags/crime_dag.py
[2024-11-06T01:13:35.228+0000] {logging_mixin.py:190} INFO - [2024-11-06T01:13:35.227+0000] {dag.py:3239} INFO - Sync 1 DAGs
[2024-11-06T01:13:35.269+0000] {logging_mixin.py:190} INFO - [2024-11-06T01:13:35.269+0000] {dag.py:4180} INFO - Setting next_dagrun for crime_data_v02 to 2024-11-06 00:00:00+00:00, run_after=2024-11-07 00:00:00+00:00
[2024-11-06T01:13:35.298+0000] {processor.py:208} INFO - Processing /opt/airflow/dags/crime_dag.py took 0.455 seconds
[2024-11-06T01:14:05.595+0000] {processor.py:186} INFO - Started process (PID=3899) to work on /opt/airflow/dags/crime_dag.py
[2024-11-06T01:14:05.596+0000] {processor.py:914} INFO - Processing file /opt/airflow/dags/crime_dag.py for tasks to queue
[2024-11-06T01:14:05.598+0000] {logging_mixin.py:190} INFO - [2024-11-06T01:14:05.598+0000] {dagbag.py:588} INFO - Filling up the DagBag from /opt/airflow/dags/crime_dag.py
[2024-11-06T01:14:05.837+0000] {processor.py:925} INFO - DAG(s) 'crime_data_v02' retrieved from /opt/airflow/dags/crime_dag.py
[2024-11-06T01:14:05.859+0000] {logging_mixin.py:190} INFO - [2024-11-06T01:14:05.858+0000] {dag.py:3239} INFO - Sync 1 DAGs
[2024-11-06T01:14:05.887+0000] {logging_mixin.py:190} INFO - [2024-11-06T01:14:05.887+0000] {dag.py:4180} INFO - Setting next_dagrun for crime_data_v02 to 2024-11-06 00:00:00+00:00, run_after=2024-11-07 00:00:00+00:00
[2024-11-06T01:14:05.907+0000] {processor.py:208} INFO - Processing /opt/airflow/dags/crime_dag.py took 0.319 seconds
[2024-11-06T01:14:36.208+0000] {processor.py:186} INFO - Started process (PID=3937) to work on /opt/airflow/dags/crime_dag.py
[2024-11-06T01:14:36.209+0000] {processor.py:914} INFO - Processing file /opt/airflow/dags/crime_dag.py for tasks to queue
[2024-11-06T01:14:36.211+0000] {logging_mixin.py:190} INFO - [2024-11-06T01:14:36.211+0000] {dagbag.py:588} INFO - Filling up the DagBag from /opt/airflow/dags/crime_dag.py
[2024-11-06T01:14:36.462+0000] {processor.py:925} INFO - DAG(s) 'crime_data_v02' retrieved from /opt/airflow/dags/crime_dag.py
[2024-11-06T01:14:36.490+0000] {logging_mixin.py:190} INFO - [2024-11-06T01:14:36.490+0000] {dag.py:3239} INFO - Sync 1 DAGs
[2024-11-06T01:14:36.517+0000] {logging_mixin.py:190} INFO - [2024-11-06T01:14:36.517+0000] {dag.py:4180} INFO - Setting next_dagrun for crime_data_v02 to 2024-11-06 00:00:00+00:00, run_after=2024-11-07 00:00:00+00:00
[2024-11-06T01:14:36.537+0000] {processor.py:208} INFO - Processing /opt/airflow/dags/crime_dag.py took 0.335 seconds
[2024-11-06T01:15:06.796+0000] {processor.py:186} INFO - Started process (PID=3973) to work on /opt/airflow/dags/crime_dag.py
[2024-11-06T01:15:06.797+0000] {processor.py:914} INFO - Processing file /opt/airflow/dags/crime_dag.py for tasks to queue
[2024-11-06T01:15:06.800+0000] {logging_mixin.py:190} INFO - [2024-11-06T01:15:06.800+0000] {dagbag.py:588} INFO - Filling up the DagBag from /opt/airflow/dags/crime_dag.py
[2024-11-06T01:15:07.028+0000] {processor.py:925} INFO - DAG(s) 'crime_data_v02' retrieved from /opt/airflow/dags/crime_dag.py
[2024-11-06T01:15:07.049+0000] {logging_mixin.py:190} INFO - [2024-11-06T01:15:07.049+0000] {dag.py:3239} INFO - Sync 1 DAGs
[2024-11-06T01:15:07.074+0000] {logging_mixin.py:190} INFO - [2024-11-06T01:15:07.074+0000] {dag.py:4180} INFO - Setting next_dagrun for crime_data_v02 to 2024-11-06 00:00:00+00:00, run_after=2024-11-07 00:00:00+00:00
[2024-11-06T01:15:07.094+0000] {processor.py:208} INFO - Processing /opt/airflow/dags/crime_dag.py took 0.304 seconds
[2024-11-06T01:15:37.189+0000] {processor.py:186} INFO - Started process (PID=4004) to work on /opt/airflow/dags/crime_dag.py
[2024-11-06T01:15:37.190+0000] {processor.py:914} INFO - Processing file /opt/airflow/dags/crime_dag.py for tasks to queue
[2024-11-06T01:15:37.195+0000] {logging_mixin.py:190} INFO - [2024-11-06T01:15:37.194+0000] {dagbag.py:588} INFO - Filling up the DagBag from /opt/airflow/dags/crime_dag.py
[2024-11-06T01:15:37.566+0000] {processor.py:925} INFO - DAG(s) 'crime_data_v02' retrieved from /opt/airflow/dags/crime_dag.py
[2024-11-06T01:15:37.600+0000] {logging_mixin.py:190} INFO - [2024-11-06T01:15:37.599+0000] {dag.py:3239} INFO - Sync 1 DAGs
[2024-11-06T01:15:37.637+0000] {logging_mixin.py:190} INFO - [2024-11-06T01:15:37.637+0000] {dag.py:4180} INFO - Setting next_dagrun for crime_data_v02 to 2024-11-06 00:00:00+00:00, run_after=2024-11-07 00:00:00+00:00
[2024-11-06T01:15:37.670+0000] {processor.py:208} INFO - Processing /opt/airflow/dags/crime_dag.py took 0.491 seconds
[2024-11-06T01:16:08.587+0000] {processor.py:186} INFO - Started process (PID=4040) to work on /opt/airflow/dags/crime_dag.py
[2024-11-06T01:16:08.588+0000] {processor.py:914} INFO - Processing file /opt/airflow/dags/crime_dag.py for tasks to queue
[2024-11-06T01:16:08.590+0000] {logging_mixin.py:190} INFO - [2024-11-06T01:16:08.590+0000] {dagbag.py:588} INFO - Filling up the DagBag from /opt/airflow/dags/crime_dag.py
[2024-11-06T01:16:08.832+0000] {processor.py:925} INFO - DAG(s) 'crime_data_v02' retrieved from /opt/airflow/dags/crime_dag.py
[2024-11-06T01:16:08.855+0000] {logging_mixin.py:190} INFO - [2024-11-06T01:16:08.855+0000] {dag.py:3239} INFO - Sync 1 DAGs
[2024-11-06T01:16:08.881+0000] {logging_mixin.py:190} INFO - [2024-11-06T01:16:08.881+0000] {dag.py:4180} INFO - Setting next_dagrun for crime_data_v02 to 2024-11-06 00:00:00+00:00, run_after=2024-11-07 00:00:00+00:00
[2024-11-06T01:16:08.899+0000] {processor.py:208} INFO - Processing /opt/airflow/dags/crime_dag.py took 0.320 seconds
[2024-11-06T01:16:39.106+0000] {processor.py:186} INFO - Started process (PID=4076) to work on /opt/airflow/dags/crime_dag.py
[2024-11-06T01:16:39.107+0000] {processor.py:914} INFO - Processing file /opt/airflow/dags/crime_dag.py for tasks to queue
[2024-11-06T01:16:39.111+0000] {logging_mixin.py:190} INFO - [2024-11-06T01:16:39.110+0000] {dagbag.py:588} INFO - Filling up the DagBag from /opt/airflow/dags/crime_dag.py
[2024-11-06T01:16:39.438+0000] {processor.py:925} INFO - DAG(s) 'crime_data_v02' retrieved from /opt/airflow/dags/crime_dag.py
[2024-11-06T01:16:39.462+0000] {logging_mixin.py:190} INFO - [2024-11-06T01:16:39.461+0000] {dag.py:3239} INFO - Sync 1 DAGs
[2024-11-06T01:16:39.489+0000] {logging_mixin.py:190} INFO - [2024-11-06T01:16:39.489+0000] {dag.py:4180} INFO - Setting next_dagrun for crime_data_v02 to 2024-11-06 00:00:00+00:00, run_after=2024-11-07 00:00:00+00:00
[2024-11-06T01:16:39.510+0000] {processor.py:208} INFO - Processing /opt/airflow/dags/crime_dag.py took 0.414 seconds
[2024-11-06T01:17:09.543+0000] {processor.py:186} INFO - Started process (PID=4112) to work on /opt/airflow/dags/crime_dag.py
[2024-11-06T01:17:09.544+0000] {processor.py:914} INFO - Processing file /opt/airflow/dags/crime_dag.py for tasks to queue
[2024-11-06T01:17:09.548+0000] {logging_mixin.py:190} INFO - [2024-11-06T01:17:09.547+0000] {dagbag.py:588} INFO - Filling up the DagBag from /opt/airflow/dags/crime_dag.py
[2024-11-06T01:17:09.900+0000] {processor.py:925} INFO - DAG(s) 'crime_data_v02' retrieved from /opt/airflow/dags/crime_dag.py
[2024-11-06T01:17:09.934+0000] {logging_mixin.py:190} INFO - [2024-11-06T01:17:09.934+0000] {dag.py:3239} INFO - Sync 1 DAGs
[2024-11-06T01:17:09.974+0000] {logging_mixin.py:190} INFO - [2024-11-06T01:17:09.974+0000] {dag.py:4180} INFO - Setting next_dagrun for crime_data_v02 to 2024-11-06 00:00:00+00:00, run_after=2024-11-07 00:00:00+00:00
[2024-11-06T01:17:10.001+0000] {processor.py:208} INFO - Processing /opt/airflow/dags/crime_dag.py took 0.467 seconds
[2024-11-06T01:17:40.056+0000] {processor.py:186} INFO - Started process (PID=4148) to work on /opt/airflow/dags/crime_dag.py
[2024-11-06T01:17:40.056+0000] {processor.py:914} INFO - Processing file /opt/airflow/dags/crime_dag.py for tasks to queue
[2024-11-06T01:17:40.059+0000] {logging_mixin.py:190} INFO - [2024-11-06T01:17:40.059+0000] {dagbag.py:588} INFO - Filling up the DagBag from /opt/airflow/dags/crime_dag.py
[2024-11-06T01:17:40.164+0000] {processor.py:925} INFO - DAG(s) 'crime_data_v02' retrieved from /opt/airflow/dags/crime_dag.py
[2024-11-06T01:17:40.191+0000] {logging_mixin.py:190} INFO - [2024-11-06T01:17:40.190+0000] {dag.py:3239} INFO - Sync 1 DAGs
[2024-11-06T01:17:40.219+0000] {logging_mixin.py:190} INFO - [2024-11-06T01:17:40.219+0000] {dag.py:4180} INFO - Setting next_dagrun for crime_data_v02 to 2024-11-06 00:00:00+00:00, run_after=2024-11-07 00:00:00+00:00
[2024-11-06T01:17:40.241+0000] {processor.py:208} INFO - Processing /opt/airflow/dags/crime_dag.py took 0.194 seconds
[2024-11-06T01:18:10.925+0000] {processor.py:186} INFO - Started process (PID=4184) to work on /opt/airflow/dags/crime_dag.py
[2024-11-06T01:18:10.926+0000] {processor.py:914} INFO - Processing file /opt/airflow/dags/crime_dag.py for tasks to queue
[2024-11-06T01:18:10.928+0000] {logging_mixin.py:190} INFO - [2024-11-06T01:18:10.928+0000] {dagbag.py:588} INFO - Filling up the DagBag from /opt/airflow/dags/crime_dag.py
[2024-11-06T01:18:11.035+0000] {processor.py:925} INFO - DAG(s) 'crime_data_v02' retrieved from /opt/airflow/dags/crime_dag.py
[2024-11-06T01:18:11.068+0000] {logging_mixin.py:190} INFO - [2024-11-06T01:18:11.068+0000] {dag.py:3239} INFO - Sync 1 DAGs
[2024-11-06T01:18:11.109+0000] {logging_mixin.py:190} INFO - [2024-11-06T01:18:11.109+0000] {dag.py:4180} INFO - Setting next_dagrun for crime_data_v02 to 2024-11-06 00:00:00+00:00, run_after=2024-11-07 00:00:00+00:00
[2024-11-06T01:18:11.135+0000] {processor.py:208} INFO - Processing /opt/airflow/dags/crime_dag.py took 0.221 seconds
[2024-11-06T01:18:41.621+0000] {processor.py:186} INFO - Started process (PID=4220) to work on /opt/airflow/dags/crime_dag.py
[2024-11-06T01:18:41.621+0000] {processor.py:914} INFO - Processing file /opt/airflow/dags/crime_dag.py for tasks to queue
[2024-11-06T01:18:41.624+0000] {logging_mixin.py:190} INFO - [2024-11-06T01:18:41.623+0000] {dagbag.py:588} INFO - Filling up the DagBag from /opt/airflow/dags/crime_dag.py
[2024-11-06T01:18:41.729+0000] {processor.py:925} INFO - DAG(s) 'crime_data_v02' retrieved from /opt/airflow/dags/crime_dag.py
[2024-11-06T01:18:41.754+0000] {logging_mixin.py:190} INFO - [2024-11-06T01:18:41.754+0000] {dag.py:3239} INFO - Sync 1 DAGs
[2024-11-06T01:18:41.784+0000] {logging_mixin.py:190} INFO - [2024-11-06T01:18:41.784+0000] {dag.py:4180} INFO - Setting next_dagrun for crime_data_v02 to 2024-11-06 00:00:00+00:00, run_after=2024-11-07 00:00:00+00:00
[2024-11-06T01:18:41.805+0000] {processor.py:208} INFO - Processing /opt/airflow/dags/crime_dag.py took 0.193 seconds
[2024-11-06T01:19:12.306+0000] {processor.py:186} INFO - Started process (PID=4256) to work on /opt/airflow/dags/crime_dag.py
[2024-11-06T01:19:12.307+0000] {processor.py:914} INFO - Processing file /opt/airflow/dags/crime_dag.py for tasks to queue
[2024-11-06T01:19:12.312+0000] {logging_mixin.py:190} INFO - [2024-11-06T01:19:12.311+0000] {dagbag.py:588} INFO - Filling up the DagBag from /opt/airflow/dags/crime_dag.py
[2024-11-06T01:19:12.470+0000] {processor.py:925} INFO - DAG(s) 'crime_data_v02' retrieved from /opt/airflow/dags/crime_dag.py
[2024-11-06T01:19:12.500+0000] {logging_mixin.py:190} INFO - [2024-11-06T01:19:12.500+0000] {dag.py:3239} INFO - Sync 1 DAGs
[2024-11-06T01:19:12.532+0000] {logging_mixin.py:190} INFO - [2024-11-06T01:19:12.532+0000] {dag.py:4180} INFO - Setting next_dagrun for crime_data_v02 to 2024-11-06 00:00:00+00:00, run_after=2024-11-07 00:00:00+00:00
[2024-11-06T01:19:12.557+0000] {processor.py:208} INFO - Processing /opt/airflow/dags/crime_dag.py took 0.262 seconds
[2024-11-06T01:19:43.033+0000] {processor.py:186} INFO - Started process (PID=4292) to work on /opt/airflow/dags/crime_dag.py
[2024-11-06T01:19:43.034+0000] {processor.py:914} INFO - Processing file /opt/airflow/dags/crime_dag.py for tasks to queue
[2024-11-06T01:19:43.036+0000] {logging_mixin.py:190} INFO - [2024-11-06T01:19:43.036+0000] {dagbag.py:588} INFO - Filling up the DagBag from /opt/airflow/dags/crime_dag.py
[2024-11-06T01:19:43.148+0000] {processor.py:925} INFO - DAG(s) 'crime_data_v02' retrieved from /opt/airflow/dags/crime_dag.py
[2024-11-06T01:19:43.174+0000] {logging_mixin.py:190} INFO - [2024-11-06T01:19:43.174+0000] {dag.py:3239} INFO - Sync 1 DAGs
[2024-11-06T01:19:43.202+0000] {logging_mixin.py:190} INFO - [2024-11-06T01:19:43.202+0000] {dag.py:4180} INFO - Setting next_dagrun for crime_data_v02 to 2024-11-06 00:00:00+00:00, run_after=2024-11-07 00:00:00+00:00
[2024-11-06T01:19:43.222+0000] {processor.py:208} INFO - Processing /opt/airflow/dags/crime_dag.py took 0.197 seconds
[2024-11-06T01:20:13.720+0000] {processor.py:186} INFO - Started process (PID=4328) to work on /opt/airflow/dags/crime_dag.py
[2024-11-06T01:20:13.722+0000] {processor.py:914} INFO - Processing file /opt/airflow/dags/crime_dag.py for tasks to queue
[2024-11-06T01:20:13.726+0000] {logging_mixin.py:190} INFO - [2024-11-06T01:20:13.725+0000] {dagbag.py:588} INFO - Filling up the DagBag from /opt/airflow/dags/crime_dag.py
[2024-11-06T01:20:13.846+0000] {processor.py:925} INFO - DAG(s) 'crime_data_v02' retrieved from /opt/airflow/dags/crime_dag.py
[2024-11-06T01:20:13.875+0000] {logging_mixin.py:190} INFO - [2024-11-06T01:20:13.874+0000] {dag.py:3239} INFO - Sync 1 DAGs
[2024-11-06T01:20:13.906+0000] {logging_mixin.py:190} INFO - [2024-11-06T01:20:13.905+0000] {dag.py:4180} INFO - Setting next_dagrun for crime_data_v02 to 2024-11-06 00:00:00+00:00, run_after=2024-11-07 00:00:00+00:00
[2024-11-06T01:20:13.928+0000] {processor.py:208} INFO - Processing /opt/airflow/dags/crime_dag.py took 0.218 seconds
[2024-11-06T01:20:44.417+0000] {processor.py:186} INFO - Started process (PID=4364) to work on /opt/airflow/dags/crime_dag.py
[2024-11-06T01:20:44.418+0000] {processor.py:914} INFO - Processing file /opt/airflow/dags/crime_dag.py for tasks to queue
[2024-11-06T01:20:44.423+0000] {logging_mixin.py:190} INFO - [2024-11-06T01:20:44.422+0000] {dagbag.py:588} INFO - Filling up the DagBag from /opt/airflow/dags/crime_dag.py
[2024-11-06T01:20:44.539+0000] {processor.py:925} INFO - DAG(s) 'crime_data_v02' retrieved from /opt/airflow/dags/crime_dag.py
[2024-11-06T01:20:44.564+0000] {logging_mixin.py:190} INFO - [2024-11-06T01:20:44.564+0000] {dag.py:3239} INFO - Sync 1 DAGs
[2024-11-06T01:20:44.594+0000] {logging_mixin.py:190} INFO - [2024-11-06T01:20:44.594+0000] {dag.py:4180} INFO - Setting next_dagrun for crime_data_v02 to 2024-11-06 00:00:00+00:00, run_after=2024-11-07 00:00:00+00:00
[2024-11-06T01:20:44.613+0000] {processor.py:208} INFO - Processing /opt/airflow/dags/crime_dag.py took 0.206 seconds
[2024-11-06T01:21:15.110+0000] {processor.py:186} INFO - Started process (PID=4400) to work on /opt/airflow/dags/crime_dag.py
[2024-11-06T01:21:15.111+0000] {processor.py:914} INFO - Processing file /opt/airflow/dags/crime_dag.py for tasks to queue
[2024-11-06T01:21:15.115+0000] {logging_mixin.py:190} INFO - [2024-11-06T01:21:15.114+0000] {dagbag.py:588} INFO - Filling up the DagBag from /opt/airflow/dags/crime_dag.py
[2024-11-06T01:21:15.259+0000] {processor.py:925} INFO - DAG(s) 'crime_data_v02' retrieved from /opt/airflow/dags/crime_dag.py
[2024-11-06T01:21:15.301+0000] {logging_mixin.py:190} INFO - [2024-11-06T01:21:15.301+0000] {dag.py:3239} INFO - Sync 1 DAGs
[2024-11-06T01:21:15.331+0000] {logging_mixin.py:190} INFO - [2024-11-06T01:21:15.330+0000] {dag.py:4180} INFO - Setting next_dagrun for crime_data_v02 to 2024-11-06 00:00:00+00:00, run_after=2024-11-07 00:00:00+00:00
[2024-11-06T01:21:15.349+0000] {processor.py:208} INFO - Processing /opt/airflow/dags/crime_dag.py took 0.252 seconds
[2024-11-06T01:21:45.920+0000] {processor.py:186} INFO - Started process (PID=4436) to work on /opt/airflow/dags/crime_dag.py
[2024-11-06T01:21:45.921+0000] {processor.py:914} INFO - Processing file /opt/airflow/dags/crime_dag.py for tasks to queue
[2024-11-06T01:21:45.924+0000] {logging_mixin.py:190} INFO - [2024-11-06T01:21:45.924+0000] {dagbag.py:588} INFO - Filling up the DagBag from /opt/airflow/dags/crime_dag.py
[2024-11-06T01:21:46.087+0000] {processor.py:925} INFO - DAG(s) 'crime_data_v02' retrieved from /opt/airflow/dags/crime_dag.py
[2024-11-06T01:21:46.127+0000] {logging_mixin.py:190} INFO - [2024-11-06T01:21:46.127+0000] {dag.py:3239} INFO - Sync 1 DAGs
[2024-11-06T01:21:46.171+0000] {logging_mixin.py:190} INFO - [2024-11-06T01:21:46.171+0000] {dag.py:4180} INFO - Setting next_dagrun for crime_data_v02 to 2024-11-06 00:00:00+00:00, run_after=2024-11-07 00:00:00+00:00
[2024-11-06T01:21:46.199+0000] {processor.py:208} INFO - Processing /opt/airflow/dags/crime_dag.py took 0.288 seconds
[2024-11-06T01:22:16.630+0000] {processor.py:186} INFO - Started process (PID=4472) to work on /opt/airflow/dags/crime_dag.py
[2024-11-06T01:22:16.631+0000] {processor.py:914} INFO - Processing file /opt/airflow/dags/crime_dag.py for tasks to queue
[2024-11-06T01:22:16.634+0000] {logging_mixin.py:190} INFO - [2024-11-06T01:22:16.634+0000] {dagbag.py:588} INFO - Filling up the DagBag from /opt/airflow/dags/crime_dag.py
[2024-11-06T01:22:16.764+0000] {processor.py:925} INFO - DAG(s) 'crime_data_v02' retrieved from /opt/airflow/dags/crime_dag.py
[2024-11-06T01:22:16.797+0000] {logging_mixin.py:190} INFO - [2024-11-06T01:22:16.797+0000] {dag.py:3239} INFO - Sync 1 DAGs
[2024-11-06T01:22:16.827+0000] {logging_mixin.py:190} INFO - [2024-11-06T01:22:16.827+0000] {dag.py:4180} INFO - Setting next_dagrun for crime_data_v02 to 2024-11-06 00:00:00+00:00, run_after=2024-11-07 00:00:00+00:00
[2024-11-06T01:22:16.847+0000] {processor.py:208} INFO - Processing /opt/airflow/dags/crime_dag.py took 0.226 seconds
[2024-11-06T01:22:47.354+0000] {processor.py:186} INFO - Started process (PID=4508) to work on /opt/airflow/dags/crime_dag.py
[2024-11-06T01:22:47.355+0000] {processor.py:914} INFO - Processing file /opt/airflow/dags/crime_dag.py for tasks to queue
[2024-11-06T01:22:47.357+0000] {logging_mixin.py:190} INFO - [2024-11-06T01:22:47.357+0000] {dagbag.py:588} INFO - Filling up the DagBag from /opt/airflow/dags/crime_dag.py
[2024-11-06T01:22:47.463+0000] {processor.py:925} INFO - DAG(s) 'crime_data_v02' retrieved from /opt/airflow/dags/crime_dag.py
[2024-11-06T01:22:47.491+0000] {logging_mixin.py:190} INFO - [2024-11-06T01:22:47.491+0000] {dag.py:3239} INFO - Sync 1 DAGs
[2024-11-06T01:22:47.523+0000] {logging_mixin.py:190} INFO - [2024-11-06T01:22:47.523+0000] {dag.py:4180} INFO - Setting next_dagrun for crime_data_v02 to 2024-11-06 00:00:00+00:00, run_after=2024-11-07 00:00:00+00:00
[2024-11-06T01:22:47.548+0000] {processor.py:208} INFO - Processing /opt/airflow/dags/crime_dag.py took 0.203 seconds
[2024-11-06T01:23:17.819+0000] {processor.py:186} INFO - Started process (PID=4544) to work on /opt/airflow/dags/crime_dag.py
[2024-11-06T01:23:17.820+0000] {processor.py:914} INFO - Processing file /opt/airflow/dags/crime_dag.py for tasks to queue
[2024-11-06T01:23:17.825+0000] {logging_mixin.py:190} INFO - [2024-11-06T01:23:17.824+0000] {dagbag.py:588} INFO - Filling up the DagBag from /opt/airflow/dags/crime_dag.py
[2024-11-06T01:23:17.987+0000] {processor.py:925} INFO - DAG(s) 'crime_data_v02' retrieved from /opt/airflow/dags/crime_dag.py
[2024-11-06T01:23:18.015+0000] {logging_mixin.py:190} INFO - [2024-11-06T01:23:18.015+0000] {dag.py:3239} INFO - Sync 1 DAGs
[2024-11-06T01:23:18.046+0000] {logging_mixin.py:190} INFO - [2024-11-06T01:23:18.045+0000] {dag.py:4180} INFO - Setting next_dagrun for crime_data_v02 to 2024-11-06 00:00:00+00:00, run_after=2024-11-07 00:00:00+00:00
[2024-11-06T01:23:18.071+0000] {processor.py:208} INFO - Processing /opt/airflow/dags/crime_dag.py took 0.264 seconds
[2024-11-06T01:23:48.548+0000] {processor.py:186} INFO - Started process (PID=4580) to work on /opt/airflow/dags/crime_dag.py
[2024-11-06T01:23:48.549+0000] {processor.py:914} INFO - Processing file /opt/airflow/dags/crime_dag.py for tasks to queue
[2024-11-06T01:23:48.553+0000] {logging_mixin.py:190} INFO - [2024-11-06T01:23:48.552+0000] {dagbag.py:588} INFO - Filling up the DagBag from /opt/airflow/dags/crime_dag.py
[2024-11-06T01:23:48.681+0000] {processor.py:925} INFO - DAG(s) 'crime_data_v02' retrieved from /opt/airflow/dags/crime_dag.py
[2024-11-06T01:23:48.715+0000] {logging_mixin.py:190} INFO - [2024-11-06T01:23:48.714+0000] {dag.py:3239} INFO - Sync 1 DAGs
[2024-11-06T01:23:48.756+0000] {logging_mixin.py:190} INFO - [2024-11-06T01:23:48.755+0000] {dag.py:4180} INFO - Setting next_dagrun for crime_data_v02 to 2024-11-06 00:00:00+00:00, run_after=2024-11-07 00:00:00+00:00
[2024-11-06T01:23:48.777+0000] {processor.py:208} INFO - Processing /opt/airflow/dags/crime_dag.py took 0.239 seconds
[2024-11-06T01:24:19.265+0000] {processor.py:186} INFO - Started process (PID=4616) to work on /opt/airflow/dags/crime_dag.py
[2024-11-06T01:24:19.266+0000] {processor.py:914} INFO - Processing file /opt/airflow/dags/crime_dag.py for tasks to queue
[2024-11-06T01:24:19.269+0000] {logging_mixin.py:190} INFO - [2024-11-06T01:24:19.269+0000] {dagbag.py:588} INFO - Filling up the DagBag from /opt/airflow/dags/crime_dag.py
[2024-11-06T01:24:19.385+0000] {processor.py:925} INFO - DAG(s) 'crime_data_v02' retrieved from /opt/airflow/dags/crime_dag.py
[2024-11-06T01:24:19.418+0000] {logging_mixin.py:190} INFO - [2024-11-06T01:24:19.417+0000] {dag.py:3239} INFO - Sync 1 DAGs
[2024-11-06T01:24:19.448+0000] {logging_mixin.py:190} INFO - [2024-11-06T01:24:19.447+0000] {dag.py:4180} INFO - Setting next_dagrun for crime_data_v02 to 2024-11-06 00:00:00+00:00, run_after=2024-11-07 00:00:00+00:00
[2024-11-06T01:24:19.469+0000] {processor.py:208} INFO - Processing /opt/airflow/dags/crime_dag.py took 0.213 seconds
[2024-11-06T01:24:50.130+0000] {processor.py:186} INFO - Started process (PID=4652) to work on /opt/airflow/dags/crime_dag.py
[2024-11-06T01:24:50.131+0000] {processor.py:914} INFO - Processing file /opt/airflow/dags/crime_dag.py for tasks to queue
[2024-11-06T01:24:50.134+0000] {logging_mixin.py:190} INFO - [2024-11-06T01:24:50.133+0000] {dagbag.py:588} INFO - Filling up the DagBag from /opt/airflow/dags/crime_dag.py
[2024-11-06T01:24:50.243+0000] {processor.py:925} INFO - DAG(s) 'crime_data_v02' retrieved from /opt/airflow/dags/crime_dag.py
[2024-11-06T01:24:50.271+0000] {logging_mixin.py:190} INFO - [2024-11-06T01:24:50.271+0000] {dag.py:3239} INFO - Sync 1 DAGs
[2024-11-06T01:24:50.303+0000] {logging_mixin.py:190} INFO - [2024-11-06T01:24:50.303+0000] {dag.py:4180} INFO - Setting next_dagrun for crime_data_v02 to 2024-11-06 00:00:00+00:00, run_after=2024-11-07 00:00:00+00:00
[2024-11-06T01:24:50.325+0000] {processor.py:208} INFO - Processing /opt/airflow/dags/crime_dag.py took 0.204 seconds
[2024-11-06T01:25:21.020+0000] {processor.py:186} INFO - Started process (PID=4688) to work on /opt/airflow/dags/crime_dag.py
[2024-11-06T01:25:21.022+0000] {processor.py:914} INFO - Processing file /opt/airflow/dags/crime_dag.py for tasks to queue
[2024-11-06T01:25:21.024+0000] {logging_mixin.py:190} INFO - [2024-11-06T01:25:21.023+0000] {dagbag.py:588} INFO - Filling up the DagBag from /opt/airflow/dags/crime_dag.py
[2024-11-06T01:25:21.159+0000] {processor.py:925} INFO - DAG(s) 'crime_data_v02' retrieved from /opt/airflow/dags/crime_dag.py
[2024-11-06T01:25:21.185+0000] {logging_mixin.py:190} INFO - [2024-11-06T01:25:21.185+0000] {dag.py:3239} INFO - Sync 1 DAGs
[2024-11-06T01:25:21.214+0000] {logging_mixin.py:190} INFO - [2024-11-06T01:25:21.213+0000] {dag.py:4180} INFO - Setting next_dagrun for crime_data_v02 to 2024-11-06 00:00:00+00:00, run_after=2024-11-07 00:00:00+00:00
[2024-11-06T01:25:21.235+0000] {processor.py:208} INFO - Processing /opt/airflow/dags/crime_dag.py took 0.225 seconds
[2024-11-06T01:25:51.893+0000] {processor.py:186} INFO - Started process (PID=4724) to work on /opt/airflow/dags/crime_dag.py
[2024-11-06T01:25:51.894+0000] {processor.py:914} INFO - Processing file /opt/airflow/dags/crime_dag.py for tasks to queue
[2024-11-06T01:25:51.898+0000] {logging_mixin.py:190} INFO - [2024-11-06T01:25:51.897+0000] {dagbag.py:588} INFO - Filling up the DagBag from /opt/airflow/dags/crime_dag.py
[2024-11-06T01:25:52.003+0000] {processor.py:925} INFO - DAG(s) 'crime_data_v02' retrieved from /opt/airflow/dags/crime_dag.py
[2024-11-06T01:25:52.032+0000] {logging_mixin.py:190} INFO - [2024-11-06T01:25:52.031+0000] {dag.py:3239} INFO - Sync 1 DAGs
[2024-11-06T01:25:52.070+0000] {logging_mixin.py:190} INFO - [2024-11-06T01:25:52.070+0000] {dag.py:4180} INFO - Setting next_dagrun for crime_data_v02 to 2024-11-06 00:00:00+00:00, run_after=2024-11-07 00:00:00+00:00
[2024-11-06T01:25:52.098+0000] {processor.py:208} INFO - Processing /opt/airflow/dags/crime_dag.py took 0.213 seconds
[2024-11-06T01:26:22.562+0000] {processor.py:186} INFO - Started process (PID=4760) to work on /opt/airflow/dags/crime_dag.py
[2024-11-06T01:26:22.564+0000] {processor.py:914} INFO - Processing file /opt/airflow/dags/crime_dag.py for tasks to queue
[2024-11-06T01:26:22.567+0000] {logging_mixin.py:190} INFO - [2024-11-06T01:26:22.566+0000] {dagbag.py:588} INFO - Filling up the DagBag from /opt/airflow/dags/crime_dag.py
[2024-11-06T01:26:22.679+0000] {processor.py:925} INFO - DAG(s) 'crime_data_v02' retrieved from /opt/airflow/dags/crime_dag.py
[2024-11-06T01:26:22.705+0000] {logging_mixin.py:190} INFO - [2024-11-06T01:26:22.705+0000] {dag.py:3239} INFO - Sync 1 DAGs
[2024-11-06T01:26:22.734+0000] {logging_mixin.py:190} INFO - [2024-11-06T01:26:22.734+0000] {dag.py:4180} INFO - Setting next_dagrun for crime_data_v02 to 2024-11-06 00:00:00+00:00, run_after=2024-11-07 00:00:00+00:00
[2024-11-06T01:26:22.753+0000] {processor.py:208} INFO - Processing /opt/airflow/dags/crime_dag.py took 0.200 seconds
[2024-11-06T01:26:53.416+0000] {processor.py:186} INFO - Started process (PID=4802) to work on /opt/airflow/dags/crime_dag.py
[2024-11-06T01:26:53.417+0000] {processor.py:914} INFO - Processing file /opt/airflow/dags/crime_dag.py for tasks to queue
[2024-11-06T01:26:53.421+0000] {logging_mixin.py:190} INFO - [2024-11-06T01:26:53.421+0000] {dagbag.py:588} INFO - Filling up the DagBag from /opt/airflow/dags/crime_dag.py
[2024-11-06T01:26:53.562+0000] {processor.py:925} INFO - DAG(s) 'crime_data_v02' retrieved from /opt/airflow/dags/crime_dag.py
[2024-11-06T01:26:53.590+0000] {logging_mixin.py:190} INFO - [2024-11-06T01:26:53.590+0000] {dag.py:3239} INFO - Sync 1 DAGs
[2024-11-06T01:26:53.619+0000] {logging_mixin.py:190} INFO - [2024-11-06T01:26:53.619+0000] {dag.py:4180} INFO - Setting next_dagrun for crime_data_v02 to 2024-11-06 00:00:00+00:00, run_after=2024-11-07 00:00:00+00:00
[2024-11-06T01:26:53.638+0000] {processor.py:208} INFO - Processing /opt/airflow/dags/crime_dag.py took 0.231 seconds
[2024-11-06T01:27:24.317+0000] {processor.py:186} INFO - Started process (PID=4838) to work on /opt/airflow/dags/crime_dag.py
[2024-11-06T01:27:24.318+0000] {processor.py:914} INFO - Processing file /opt/airflow/dags/crime_dag.py for tasks to queue
[2024-11-06T01:27:24.322+0000] {logging_mixin.py:190} INFO - [2024-11-06T01:27:24.321+0000] {dagbag.py:588} INFO - Filling up the DagBag from /opt/airflow/dags/crime_dag.py
[2024-11-06T01:27:24.439+0000] {processor.py:925} INFO - DAG(s) 'crime_data_v02' retrieved from /opt/airflow/dags/crime_dag.py
[2024-11-06T01:27:24.467+0000] {logging_mixin.py:190} INFO - [2024-11-06T01:27:24.466+0000] {dag.py:3239} INFO - Sync 1 DAGs
[2024-11-06T01:27:24.496+0000] {logging_mixin.py:190} INFO - [2024-11-06T01:27:24.495+0000] {dag.py:4180} INFO - Setting next_dagrun for crime_data_v02 to 2024-11-06 00:00:00+00:00, run_after=2024-11-07 00:00:00+00:00
[2024-11-06T01:27:24.515+0000] {processor.py:208} INFO - Processing /opt/airflow/dags/crime_dag.py took 0.208 seconds
[2024-11-06T01:27:54.987+0000] {processor.py:186} INFO - Started process (PID=4874) to work on /opt/airflow/dags/crime_dag.py
[2024-11-06T01:27:54.988+0000] {processor.py:914} INFO - Processing file /opt/airflow/dags/crime_dag.py for tasks to queue
[2024-11-06T01:27:54.992+0000] {logging_mixin.py:190} INFO - [2024-11-06T01:27:54.991+0000] {dagbag.py:588} INFO - Filling up the DagBag from /opt/airflow/dags/crime_dag.py
[2024-11-06T01:27:55.126+0000] {processor.py:925} INFO - DAG(s) 'crime_data_v02' retrieved from /opt/airflow/dags/crime_dag.py
[2024-11-06T01:27:55.159+0000] {logging_mixin.py:190} INFO - [2024-11-06T01:27:55.159+0000] {dag.py:3239} INFO - Sync 1 DAGs
[2024-11-06T01:27:55.199+0000] {logging_mixin.py:190} INFO - [2024-11-06T01:27:55.198+0000] {dag.py:4180} INFO - Setting next_dagrun for crime_data_v02 to 2024-11-06 00:00:00+00:00, run_after=2024-11-07 00:00:00+00:00
[2024-11-06T01:27:55.224+0000] {processor.py:208} INFO - Processing /opt/airflow/dags/crime_dag.py took 0.248 seconds
[2024-11-06T01:28:25.878+0000] {processor.py:186} INFO - Started process (PID=4910) to work on /opt/airflow/dags/crime_dag.py
[2024-11-06T01:28:25.879+0000] {processor.py:914} INFO - Processing file /opt/airflow/dags/crime_dag.py for tasks to queue
[2024-11-06T01:28:25.882+0000] {logging_mixin.py:190} INFO - [2024-11-06T01:28:25.882+0000] {dagbag.py:588} INFO - Filling up the DagBag from /opt/airflow/dags/crime_dag.py
[2024-11-06T01:28:26.048+0000] {processor.py:925} INFO - DAG(s) 'crime_data_v02' retrieved from /opt/airflow/dags/crime_dag.py
[2024-11-06T01:28:26.087+0000] {logging_mixin.py:190} INFO - [2024-11-06T01:28:26.086+0000] {dag.py:3239} INFO - Sync 1 DAGs
[2024-11-06T01:28:26.115+0000] {logging_mixin.py:190} INFO - [2024-11-06T01:28:26.115+0000] {dag.py:4180} INFO - Setting next_dagrun for crime_data_v02 to 2024-11-06 00:00:00+00:00, run_after=2024-11-07 00:00:00+00:00
[2024-11-06T01:28:26.136+0000] {processor.py:208} INFO - Processing /opt/airflow/dags/crime_dag.py took 0.268 seconds
[2024-11-06T01:28:56.831+0000] {processor.py:186} INFO - Started process (PID=4946) to work on /opt/airflow/dags/crime_dag.py
[2024-11-06T01:28:56.832+0000] {processor.py:914} INFO - Processing file /opt/airflow/dags/crime_dag.py for tasks to queue
[2024-11-06T01:28:56.837+0000] {logging_mixin.py:190} INFO - [2024-11-06T01:28:56.836+0000] {dagbag.py:588} INFO - Filling up the DagBag from /opt/airflow/dags/crime_dag.py
[2024-11-06T01:28:56.983+0000] {processor.py:925} INFO - DAG(s) 'crime_data_v02' retrieved from /opt/airflow/dags/crime_dag.py
[2024-11-06T01:28:57.015+0000] {logging_mixin.py:190} INFO - [2024-11-06T01:28:57.014+0000] {dag.py:3239} INFO - Sync 1 DAGs
[2024-11-06T01:28:57.048+0000] {logging_mixin.py:190} INFO - [2024-11-06T01:28:57.048+0000] {dag.py:4180} INFO - Setting next_dagrun for crime_data_v02 to 2024-11-06 00:00:00+00:00, run_after=2024-11-07 00:00:00+00:00
[2024-11-06T01:28:57.071+0000] {processor.py:208} INFO - Processing /opt/airflow/dags/crime_dag.py took 0.251 seconds
[2024-11-06T01:29:27.498+0000] {processor.py:186} INFO - Started process (PID=4982) to work on /opt/airflow/dags/crime_dag.py
[2024-11-06T01:29:27.499+0000] {processor.py:914} INFO - Processing file /opt/airflow/dags/crime_dag.py for tasks to queue
[2024-11-06T01:29:27.502+0000] {logging_mixin.py:190} INFO - [2024-11-06T01:29:27.502+0000] {dagbag.py:588} INFO - Filling up the DagBag from /opt/airflow/dags/crime_dag.py
[2024-11-06T01:29:27.660+0000] {processor.py:925} INFO - DAG(s) 'crime_data_v02' retrieved from /opt/airflow/dags/crime_dag.py
[2024-11-06T01:29:27.689+0000] {logging_mixin.py:190} INFO - [2024-11-06T01:29:27.689+0000] {dag.py:3239} INFO - Sync 1 DAGs
[2024-11-06T01:29:27.721+0000] {logging_mixin.py:190} INFO - [2024-11-06T01:29:27.721+0000] {dag.py:4180} INFO - Setting next_dagrun for crime_data_v02 to 2024-11-06 00:00:00+00:00, run_after=2024-11-07 00:00:00+00:00
[2024-11-06T01:29:27.747+0000] {processor.py:208} INFO - Processing /opt/airflow/dags/crime_dag.py took 0.262 seconds
[2024-11-06T01:29:58.499+0000] {processor.py:186} INFO - Started process (PID=5017) to work on /opt/airflow/dags/crime_dag.py
[2024-11-06T01:29:58.500+0000] {processor.py:914} INFO - Processing file /opt/airflow/dags/crime_dag.py for tasks to queue
[2024-11-06T01:29:58.502+0000] {logging_mixin.py:190} INFO - [2024-11-06T01:29:58.502+0000] {dagbag.py:588} INFO - Filling up the DagBag from /opt/airflow/dags/crime_dag.py
[2024-11-06T01:29:58.607+0000] {processor.py:925} INFO - DAG(s) 'crime_data_v02' retrieved from /opt/airflow/dags/crime_dag.py
[2024-11-06T01:29:58.634+0000] {logging_mixin.py:190} INFO - [2024-11-06T01:29:58.634+0000] {dag.py:3239} INFO - Sync 1 DAGs
[2024-11-06T01:29:58.662+0000] {logging_mixin.py:190} INFO - [2024-11-06T01:29:58.662+0000] {dag.py:4180} INFO - Setting next_dagrun for crime_data_v02 to 2024-11-06 00:00:00+00:00, run_after=2024-11-07 00:00:00+00:00
[2024-11-06T01:29:58.680+0000] {processor.py:208} INFO - Processing /opt/airflow/dags/crime_dag.py took 0.194 seconds
[2024-11-06T01:30:29.369+0000] {processor.py:186} INFO - Started process (PID=5054) to work on /opt/airflow/dags/crime_dag.py
[2024-11-06T01:30:29.370+0000] {processor.py:914} INFO - Processing file /opt/airflow/dags/crime_dag.py for tasks to queue
[2024-11-06T01:30:29.373+0000] {logging_mixin.py:190} INFO - [2024-11-06T01:30:29.373+0000] {dagbag.py:588} INFO - Filling up the DagBag from /opt/airflow/dags/crime_dag.py
[2024-11-06T01:30:29.534+0000] {processor.py:925} INFO - DAG(s) 'crime_data_v02' retrieved from /opt/airflow/dags/crime_dag.py
[2024-11-06T01:30:29.568+0000] {logging_mixin.py:190} INFO - [2024-11-06T01:30:29.568+0000] {dag.py:3239} INFO - Sync 1 DAGs
[2024-11-06T01:30:29.608+0000] {logging_mixin.py:190} INFO - [2024-11-06T01:30:29.607+0000] {dag.py:4180} INFO - Setting next_dagrun for crime_data_v02 to 2024-11-06 00:00:00+00:00, run_after=2024-11-07 00:00:00+00:00
[2024-11-06T01:30:29.633+0000] {processor.py:208} INFO - Processing /opt/airflow/dags/crime_dag.py took 0.275 seconds
[2024-11-06T01:31:00.034+0000] {processor.py:186} INFO - Started process (PID=5090) to work on /opt/airflow/dags/crime_dag.py
[2024-11-06T01:31:00.036+0000] {processor.py:914} INFO - Processing file /opt/airflow/dags/crime_dag.py for tasks to queue
[2024-11-06T01:31:00.040+0000] {logging_mixin.py:190} INFO - [2024-11-06T01:31:00.040+0000] {dagbag.py:588} INFO - Filling up the DagBag from /opt/airflow/dags/crime_dag.py
[2024-11-06T01:31:00.195+0000] {processor.py:925} INFO - DAG(s) 'crime_data_v02' retrieved from /opt/airflow/dags/crime_dag.py
[2024-11-06T01:31:00.222+0000] {logging_mixin.py:190} INFO - [2024-11-06T01:31:00.222+0000] {dag.py:3239} INFO - Sync 1 DAGs
[2024-11-06T01:31:00.251+0000] {logging_mixin.py:190} INFO - [2024-11-06T01:31:00.251+0000] {dag.py:4180} INFO - Setting next_dagrun for crime_data_v02 to 2024-11-06 00:00:00+00:00, run_after=2024-11-07 00:00:00+00:00
[2024-11-06T01:31:00.270+0000] {processor.py:208} INFO - Processing /opt/airflow/dags/crime_dag.py took 0.247 seconds
[2024-11-06T01:31:30.947+0000] {processor.py:186} INFO - Started process (PID=5126) to work on /opt/airflow/dags/crime_dag.py
[2024-11-06T01:31:30.949+0000] {processor.py:914} INFO - Processing file /opt/airflow/dags/crime_dag.py for tasks to queue
[2024-11-06T01:31:30.952+0000] {logging_mixin.py:190} INFO - [2024-11-06T01:31:30.951+0000] {dagbag.py:588} INFO - Filling up the DagBag from /opt/airflow/dags/crime_dag.py
[2024-11-06T01:31:31.060+0000] {processor.py:925} INFO - DAG(s) 'crime_data_v02' retrieved from /opt/airflow/dags/crime_dag.py
[2024-11-06T01:31:31.096+0000] {logging_mixin.py:190} INFO - [2024-11-06T01:31:31.095+0000] {dag.py:3239} INFO - Sync 1 DAGs
[2024-11-06T01:31:31.132+0000] {logging_mixin.py:190} INFO - [2024-11-06T01:31:31.132+0000] {dag.py:4180} INFO - Setting next_dagrun for crime_data_v02 to 2024-11-06 00:00:00+00:00, run_after=2024-11-07 00:00:00+00:00
[2024-11-06T01:31:31.155+0000] {processor.py:208} INFO - Processing /opt/airflow/dags/crime_dag.py took 0.219 seconds
[2024-11-06T01:32:01.655+0000] {processor.py:186} INFO - Started process (PID=5162) to work on /opt/airflow/dags/crime_dag.py
[2024-11-06T01:32:01.656+0000] {processor.py:914} INFO - Processing file /opt/airflow/dags/crime_dag.py for tasks to queue
[2024-11-06T01:32:01.659+0000] {logging_mixin.py:190} INFO - [2024-11-06T01:32:01.659+0000] {dagbag.py:588} INFO - Filling up the DagBag from /opt/airflow/dags/crime_dag.py
[2024-11-06T01:32:01.768+0000] {processor.py:925} INFO - DAG(s) 'crime_data_v02' retrieved from /opt/airflow/dags/crime_dag.py
[2024-11-06T01:32:01.794+0000] {logging_mixin.py:190} INFO - [2024-11-06T01:32:01.794+0000] {dag.py:3239} INFO - Sync 1 DAGs
[2024-11-06T01:32:01.826+0000] {logging_mixin.py:190} INFO - [2024-11-06T01:32:01.825+0000] {dag.py:4180} INFO - Setting next_dagrun for crime_data_v02 to 2024-11-06 00:00:00+00:00, run_after=2024-11-07 00:00:00+00:00
[2024-11-06T01:32:01.846+0000] {processor.py:208} INFO - Processing /opt/airflow/dags/crime_dag.py took 0.201 seconds
[2024-11-06T01:32:32.283+0000] {processor.py:186} INFO - Started process (PID=5198) to work on /opt/airflow/dags/crime_dag.py
[2024-11-06T01:32:32.285+0000] {processor.py:914} INFO - Processing file /opt/airflow/dags/crime_dag.py for tasks to queue
[2024-11-06T01:32:32.289+0000] {logging_mixin.py:190} INFO - [2024-11-06T01:32:32.288+0000] {dagbag.py:588} INFO - Filling up the DagBag from /opt/airflow/dags/crime_dag.py
[2024-11-06T01:32:32.444+0000] {processor.py:925} INFO - DAG(s) 'crime_data_v02' retrieved from /opt/airflow/dags/crime_dag.py
[2024-11-06T01:32:32.474+0000] {logging_mixin.py:190} INFO - [2024-11-06T01:32:32.474+0000] {dag.py:3239} INFO - Sync 1 DAGs
[2024-11-06T01:32:32.506+0000] {logging_mixin.py:190} INFO - [2024-11-06T01:32:32.506+0000] {dag.py:4180} INFO - Setting next_dagrun for crime_data_v02 to 2024-11-06 00:00:00+00:00, run_after=2024-11-07 00:00:00+00:00
[2024-11-06T01:32:32.525+0000] {processor.py:208} INFO - Processing /opt/airflow/dags/crime_dag.py took 0.253 seconds
[2024-11-06T01:33:03.247+0000] {processor.py:186} INFO - Started process (PID=5234) to work on /opt/airflow/dags/crime_dag.py
[2024-11-06T01:33:03.248+0000] {processor.py:914} INFO - Processing file /opt/airflow/dags/crime_dag.py for tasks to queue
[2024-11-06T01:33:03.253+0000] {logging_mixin.py:190} INFO - [2024-11-06T01:33:03.252+0000] {dagbag.py:588} INFO - Filling up the DagBag from /opt/airflow/dags/crime_dag.py
[2024-11-06T01:33:03.395+0000] {processor.py:925} INFO - DAG(s) 'crime_data_v02' retrieved from /opt/airflow/dags/crime_dag.py
[2024-11-06T01:33:03.423+0000] {logging_mixin.py:190} INFO - [2024-11-06T01:33:03.423+0000] {dag.py:3239} INFO - Sync 1 DAGs
[2024-11-06T01:33:03.453+0000] {logging_mixin.py:190} INFO - [2024-11-06T01:33:03.453+0000] {dag.py:4180} INFO - Setting next_dagrun for crime_data_v02 to 2024-11-06 00:00:00+00:00, run_after=2024-11-07 00:00:00+00:00
[2024-11-06T01:33:03.476+0000] {processor.py:208} INFO - Processing /opt/airflow/dags/crime_dag.py took 0.242 seconds
[2024-11-06T01:33:33.950+0000] {processor.py:186} INFO - Started process (PID=5270) to work on /opt/airflow/dags/crime_dag.py
[2024-11-06T01:33:33.951+0000] {processor.py:914} INFO - Processing file /opt/airflow/dags/crime_dag.py for tasks to queue
[2024-11-06T01:33:33.953+0000] {logging_mixin.py:190} INFO - [2024-11-06T01:33:33.953+0000] {dagbag.py:588} INFO - Filling up the DagBag from /opt/airflow/dags/crime_dag.py
[2024-11-06T01:33:34.057+0000] {processor.py:925} INFO - DAG(s) 'crime_data_v02' retrieved from /opt/airflow/dags/crime_dag.py
[2024-11-06T01:33:34.083+0000] {logging_mixin.py:190} INFO - [2024-11-06T01:33:34.082+0000] {dag.py:3239} INFO - Sync 1 DAGs
[2024-11-06T01:33:34.111+0000] {logging_mixin.py:190} INFO - [2024-11-06T01:33:34.110+0000] {dag.py:4180} INFO - Setting next_dagrun for crime_data_v02 to 2024-11-06 00:00:00+00:00, run_after=2024-11-07 00:00:00+00:00
[2024-11-06T01:33:34.132+0000] {processor.py:208} INFO - Processing /opt/airflow/dags/crime_dag.py took 0.190 seconds
[2024-11-06T01:34:04.594+0000] {processor.py:186} INFO - Started process (PID=5306) to work on /opt/airflow/dags/crime_dag.py
[2024-11-06T01:34:04.595+0000] {processor.py:914} INFO - Processing file /opt/airflow/dags/crime_dag.py for tasks to queue
[2024-11-06T01:34:04.598+0000] {logging_mixin.py:190} INFO - [2024-11-06T01:34:04.598+0000] {dagbag.py:588} INFO - Filling up the DagBag from /opt/airflow/dags/crime_dag.py
[2024-11-06T01:34:04.702+0000] {processor.py:925} INFO - DAG(s) 'crime_data_v02' retrieved from /opt/airflow/dags/crime_dag.py
[2024-11-06T01:34:04.728+0000] {logging_mixin.py:190} INFO - [2024-11-06T01:34:04.727+0000] {dag.py:3239} INFO - Sync 1 DAGs
[2024-11-06T01:34:04.756+0000] {logging_mixin.py:190} INFO - [2024-11-06T01:34:04.755+0000] {dag.py:4180} INFO - Setting next_dagrun for crime_data_v02 to 2024-11-06 00:00:00+00:00, run_after=2024-11-07 00:00:00+00:00
[2024-11-06T01:34:04.776+0000] {processor.py:208} INFO - Processing /opt/airflow/dags/crime_dag.py took 0.192 seconds
[2024-11-06T01:34:35.304+0000] {processor.py:186} INFO - Started process (PID=5342) to work on /opt/airflow/dags/crime_dag.py
[2024-11-06T01:34:35.305+0000] {processor.py:914} INFO - Processing file /opt/airflow/dags/crime_dag.py for tasks to queue
[2024-11-06T01:34:35.308+0000] {logging_mixin.py:190} INFO - [2024-11-06T01:34:35.308+0000] {dagbag.py:588} INFO - Filling up the DagBag from /opt/airflow/dags/crime_dag.py
[2024-11-06T01:34:35.464+0000] {processor.py:925} INFO - DAG(s) 'crime_data_v02' retrieved from /opt/airflow/dags/crime_dag.py
[2024-11-06T01:34:35.498+0000] {logging_mixin.py:190} INFO - [2024-11-06T01:34:35.497+0000] {dag.py:3239} INFO - Sync 1 DAGs
[2024-11-06T01:34:35.538+0000] {logging_mixin.py:190} INFO - [2024-11-06T01:34:35.538+0000] {dag.py:4180} INFO - Setting next_dagrun for crime_data_v02 to 2024-11-06 00:00:00+00:00, run_after=2024-11-07 00:00:00+00:00
[2024-11-06T01:34:35.561+0000] {processor.py:208} INFO - Processing /opt/airflow/dags/crime_dag.py took 0.269 seconds
[2024-11-06T01:35:06.039+0000] {processor.py:186} INFO - Started process (PID=5378) to work on /opt/airflow/dags/crime_dag.py
[2024-11-06T01:35:06.040+0000] {processor.py:914} INFO - Processing file /opt/airflow/dags/crime_dag.py for tasks to queue
[2024-11-06T01:35:06.042+0000] {logging_mixin.py:190} INFO - [2024-11-06T01:35:06.042+0000] {dagbag.py:588} INFO - Filling up the DagBag from /opt/airflow/dags/crime_dag.py
[2024-11-06T01:35:06.148+0000] {processor.py:925} INFO - DAG(s) 'crime_data_v02' retrieved from /opt/airflow/dags/crime_dag.py
[2024-11-06T01:35:06.175+0000] {logging_mixin.py:190} INFO - [2024-11-06T01:35:06.175+0000] {dag.py:3239} INFO - Sync 1 DAGs
[2024-11-06T01:35:06.203+0000] {logging_mixin.py:190} INFO - [2024-11-06T01:35:06.203+0000] {dag.py:4180} INFO - Setting next_dagrun for crime_data_v02 to 2024-11-06 00:00:00+00:00, run_after=2024-11-07 00:00:00+00:00
[2024-11-06T01:35:06.224+0000] {processor.py:208} INFO - Processing /opt/airflow/dags/crime_dag.py took 0.193 seconds
[2024-11-06T01:35:36.950+0000] {processor.py:186} INFO - Started process (PID=5414) to work on /opt/airflow/dags/crime_dag.py
[2024-11-06T01:35:36.951+0000] {processor.py:914} INFO - Processing file /opt/airflow/dags/crime_dag.py for tasks to queue
[2024-11-06T01:35:36.954+0000] {logging_mixin.py:190} INFO - [2024-11-06T01:35:36.954+0000] {dagbag.py:588} INFO - Filling up the DagBag from /opt/airflow/dags/crime_dag.py
[2024-11-06T01:35:37.075+0000] {processor.py:925} INFO - DAG(s) 'crime_data_v02' retrieved from /opt/airflow/dags/crime_dag.py
[2024-11-06T01:35:37.104+0000] {logging_mixin.py:190} INFO - [2024-11-06T01:35:37.104+0000] {dag.py:3239} INFO - Sync 1 DAGs
[2024-11-06T01:35:37.136+0000] {logging_mixin.py:190} INFO - [2024-11-06T01:35:37.136+0000] {dag.py:4180} INFO - Setting next_dagrun for crime_data_v02 to 2024-11-06 00:00:00+00:00, run_after=2024-11-07 00:00:00+00:00
[2024-11-06T01:35:37.158+0000] {processor.py:208} INFO - Processing /opt/airflow/dags/crime_dag.py took 0.220 seconds
[2024-11-06T01:36:07.820+0000] {processor.py:186} INFO - Started process (PID=5450) to work on /opt/airflow/dags/crime_dag.py
[2024-11-06T01:36:07.821+0000] {processor.py:914} INFO - Processing file /opt/airflow/dags/crime_dag.py for tasks to queue
[2024-11-06T01:36:07.824+0000] {logging_mixin.py:190} INFO - [2024-11-06T01:36:07.823+0000] {dagbag.py:588} INFO - Filling up the DagBag from /opt/airflow/dags/crime_dag.py
[2024-11-06T01:36:07.940+0000] {processor.py:925} INFO - DAG(s) 'crime_data_v02' retrieved from /opt/airflow/dags/crime_dag.py
[2024-11-06T01:36:07.969+0000] {logging_mixin.py:190} INFO - [2024-11-06T01:36:07.969+0000] {dag.py:3239} INFO - Sync 1 DAGs
[2024-11-06T01:36:07.997+0000] {logging_mixin.py:190} INFO - [2024-11-06T01:36:07.997+0000] {dag.py:4180} INFO - Setting next_dagrun for crime_data_v02 to 2024-11-06 00:00:00+00:00, run_after=2024-11-07 00:00:00+00:00
[2024-11-06T01:36:08.016+0000] {processor.py:208} INFO - Processing /opt/airflow/dags/crime_dag.py took 0.205 seconds
[2024-11-06T01:36:38.685+0000] {processor.py:186} INFO - Started process (PID=5486) to work on /opt/airflow/dags/crime_dag.py
[2024-11-06T01:36:38.687+0000] {processor.py:914} INFO - Processing file /opt/airflow/dags/crime_dag.py for tasks to queue
[2024-11-06T01:36:38.690+0000] {logging_mixin.py:190} INFO - [2024-11-06T01:36:38.690+0000] {dagbag.py:588} INFO - Filling up the DagBag from /opt/airflow/dags/crime_dag.py
[2024-11-06T01:36:38.800+0000] {processor.py:925} INFO - DAG(s) 'crime_data_v02' retrieved from /opt/airflow/dags/crime_dag.py
[2024-11-06T01:36:38.828+0000] {logging_mixin.py:190} INFO - [2024-11-06T01:36:38.828+0000] {dag.py:3239} INFO - Sync 1 DAGs
[2024-11-06T01:36:38.856+0000] {logging_mixin.py:190} INFO - [2024-11-06T01:36:38.856+0000] {dag.py:4180} INFO - Setting next_dagrun for crime_data_v02 to 2024-11-06 00:00:00+00:00, run_after=2024-11-07 00:00:00+00:00
[2024-11-06T01:36:38.877+0000] {processor.py:208} INFO - Processing /opt/airflow/dags/crime_dag.py took 0.203 seconds
[2024-11-06T01:37:09.377+0000] {processor.py:186} INFO - Started process (PID=5523) to work on /opt/airflow/dags/crime_dag.py
[2024-11-06T01:37:09.377+0000] {processor.py:914} INFO - Processing file /opt/airflow/dags/crime_dag.py for tasks to queue
[2024-11-06T01:37:09.381+0000] {logging_mixin.py:190} INFO - [2024-11-06T01:37:09.380+0000] {dagbag.py:588} INFO - Filling up the DagBag from /opt/airflow/dags/crime_dag.py
[2024-11-06T01:37:09.483+0000] {processor.py:925} INFO - DAG(s) 'crime_data_v02' retrieved from /opt/airflow/dags/crime_dag.py
[2024-11-06T01:37:09.514+0000] {logging_mixin.py:190} INFO - [2024-11-06T01:37:09.514+0000] {dag.py:3239} INFO - Sync 1 DAGs
[2024-11-06T01:37:09.556+0000] {logging_mixin.py:190} INFO - [2024-11-06T01:37:09.556+0000] {dag.py:4180} INFO - Setting next_dagrun for crime_data_v02 to 2024-11-06 00:00:00+00:00, run_after=2024-11-07 00:00:00+00:00
[2024-11-06T01:37:09.582+0000] {processor.py:208} INFO - Processing /opt/airflow/dags/crime_dag.py took 0.213 seconds
[2024-11-06T01:37:40.236+0000] {processor.py:186} INFO - Started process (PID=5559) to work on /opt/airflow/dags/crime_dag.py
[2024-11-06T01:37:40.237+0000] {processor.py:914} INFO - Processing file /opt/airflow/dags/crime_dag.py for tasks to queue
[2024-11-06T01:37:40.239+0000] {logging_mixin.py:190} INFO - [2024-11-06T01:37:40.239+0000] {dagbag.py:588} INFO - Filling up the DagBag from /opt/airflow/dags/crime_dag.py
[2024-11-06T01:37:40.346+0000] {processor.py:925} INFO - DAG(s) 'crime_data_v02' retrieved from /opt/airflow/dags/crime_dag.py
[2024-11-06T01:37:40.374+0000] {logging_mixin.py:190} INFO - [2024-11-06T01:37:40.374+0000] {dag.py:3239} INFO - Sync 1 DAGs
[2024-11-06T01:37:40.403+0000] {logging_mixin.py:190} INFO - [2024-11-06T01:37:40.403+0000] {dag.py:4180} INFO - Setting next_dagrun for crime_data_v02 to 2024-11-06 00:00:00+00:00, run_after=2024-11-07 00:00:00+00:00
[2024-11-06T01:37:40.423+0000] {processor.py:208} INFO - Processing /opt/airflow/dags/crime_dag.py took 0.194 seconds
[2024-11-06T01:38:10.952+0000] {processor.py:186} INFO - Started process (PID=5595) to work on /opt/airflow/dags/crime_dag.py
[2024-11-06T01:38:10.953+0000] {processor.py:914} INFO - Processing file /opt/airflow/dags/crime_dag.py for tasks to queue
[2024-11-06T01:38:10.956+0000] {logging_mixin.py:190} INFO - [2024-11-06T01:38:10.955+0000] {dagbag.py:588} INFO - Filling up the DagBag from /opt/airflow/dags/crime_dag.py
[2024-11-06T01:38:11.059+0000] {processor.py:925} INFO - DAG(s) 'crime_data_v02' retrieved from /opt/airflow/dags/crime_dag.py
[2024-11-06T01:38:11.088+0000] {logging_mixin.py:190} INFO - [2024-11-06T01:38:11.088+0000] {dag.py:3239} INFO - Sync 1 DAGs
[2024-11-06T01:38:11.120+0000] {logging_mixin.py:190} INFO - [2024-11-06T01:38:11.119+0000] {dag.py:4180} INFO - Setting next_dagrun for crime_data_v02 to 2024-11-06 00:00:00+00:00, run_after=2024-11-07 00:00:00+00:00
[2024-11-06T01:38:11.141+0000] {processor.py:208} INFO - Processing /opt/airflow/dags/crime_dag.py took 0.196 seconds
[2024-11-06T01:38:41.807+0000] {processor.py:186} INFO - Started process (PID=5631) to work on /opt/airflow/dags/crime_dag.py
[2024-11-06T01:38:41.809+0000] {processor.py:914} INFO - Processing file /opt/airflow/dags/crime_dag.py for tasks to queue
[2024-11-06T01:38:41.814+0000] {logging_mixin.py:190} INFO - [2024-11-06T01:38:41.813+0000] {dagbag.py:588} INFO - Filling up the DagBag from /opt/airflow/dags/crime_dag.py
[2024-11-06T01:38:41.948+0000] {processor.py:925} INFO - DAG(s) 'crime_data_v02' retrieved from /opt/airflow/dags/crime_dag.py
[2024-11-06T01:38:41.975+0000] {logging_mixin.py:190} INFO - [2024-11-06T01:38:41.974+0000] {dag.py:3239} INFO - Sync 1 DAGs
[2024-11-06T01:38:42.006+0000] {logging_mixin.py:190} INFO - [2024-11-06T01:38:42.006+0000] {dag.py:4180} INFO - Setting next_dagrun for crime_data_v02 to 2024-11-06 00:00:00+00:00, run_after=2024-11-07 00:00:00+00:00
[2024-11-06T01:38:42.028+0000] {processor.py:208} INFO - Processing /opt/airflow/dags/crime_dag.py took 0.232 seconds
[2024-11-06T01:39:12.684+0000] {processor.py:186} INFO - Started process (PID=5667) to work on /opt/airflow/dags/crime_dag.py
[2024-11-06T01:39:12.686+0000] {processor.py:914} INFO - Processing file /opt/airflow/dags/crime_dag.py for tasks to queue
[2024-11-06T01:39:12.690+0000] {logging_mixin.py:190} INFO - [2024-11-06T01:39:12.689+0000] {dagbag.py:588} INFO - Filling up the DagBag from /opt/airflow/dags/crime_dag.py
[2024-11-06T01:39:12.811+0000] {processor.py:925} INFO - DAG(s) 'crime_data_v02' retrieved from /opt/airflow/dags/crime_dag.py
[2024-11-06T01:39:12.843+0000] {logging_mixin.py:190} INFO - [2024-11-06T01:39:12.843+0000] {dag.py:3239} INFO - Sync 1 DAGs
[2024-11-06T01:39:12.873+0000] {logging_mixin.py:190} INFO - [2024-11-06T01:39:12.873+0000] {dag.py:4180} INFO - Setting next_dagrun for crime_data_v02 to 2024-11-06 00:00:00+00:00, run_after=2024-11-07 00:00:00+00:00
[2024-11-06T01:39:12.894+0000] {processor.py:208} INFO - Processing /opt/airflow/dags/crime_dag.py took 0.219 seconds
[2024-11-06T01:39:43.347+0000] {processor.py:186} INFO - Started process (PID=5703) to work on /opt/airflow/dags/crime_dag.py
[2024-11-06T01:39:43.348+0000] {processor.py:914} INFO - Processing file /opt/airflow/dags/crime_dag.py for tasks to queue
[2024-11-06T01:39:43.352+0000] {logging_mixin.py:190} INFO - [2024-11-06T01:39:43.352+0000] {dagbag.py:588} INFO - Filling up the DagBag from /opt/airflow/dags/crime_dag.py
[2024-11-06T01:39:43.485+0000] {processor.py:925} INFO - DAG(s) 'crime_data_v02' retrieved from /opt/airflow/dags/crime_dag.py
[2024-11-06T01:39:43.519+0000] {logging_mixin.py:190} INFO - [2024-11-06T01:39:43.519+0000] {dag.py:3239} INFO - Sync 1 DAGs
[2024-11-06T01:39:43.560+0000] {logging_mixin.py:190} INFO - [2024-11-06T01:39:43.560+0000] {dag.py:4180} INFO - Setting next_dagrun for crime_data_v02 to 2024-11-06 00:00:00+00:00, run_after=2024-11-07 00:00:00+00:00
[2024-11-06T01:39:43.585+0000] {processor.py:208} INFO - Processing /opt/airflow/dags/crime_dag.py took 0.250 seconds
[2024-11-06T01:40:14.074+0000] {processor.py:186} INFO - Started process (PID=5739) to work on /opt/airflow/dags/crime_dag.py
[2024-11-06T01:40:14.076+0000] {processor.py:914} INFO - Processing file /opt/airflow/dags/crime_dag.py for tasks to queue
[2024-11-06T01:40:14.079+0000] {logging_mixin.py:190} INFO - [2024-11-06T01:40:14.078+0000] {dagbag.py:588} INFO - Filling up the DagBag from /opt/airflow/dags/crime_dag.py
[2024-11-06T01:40:14.237+0000] {processor.py:925} INFO - DAG(s) 'crime_data_v02' retrieved from /opt/airflow/dags/crime_dag.py
[2024-11-06T01:40:14.274+0000] {logging_mixin.py:190} INFO - [2024-11-06T01:40:14.274+0000] {dag.py:3239} INFO - Sync 1 DAGs
[2024-11-06T01:40:14.315+0000] {logging_mixin.py:190} INFO - [2024-11-06T01:40:14.314+0000] {dag.py:4180} INFO - Setting next_dagrun for crime_data_v02 to 2024-11-06 00:00:00+00:00, run_after=2024-11-07 00:00:00+00:00
[2024-11-06T01:40:14.340+0000] {processor.py:208} INFO - Processing /opt/airflow/dags/crime_dag.py took 0.277 seconds
[2024-11-06T01:40:44.893+0000] {processor.py:186} INFO - Started process (PID=5775) to work on /opt/airflow/dags/crime_dag.py
[2024-11-06T01:40:44.894+0000] {processor.py:914} INFO - Processing file /opt/airflow/dags/crime_dag.py for tasks to queue
[2024-11-06T01:40:44.897+0000] {logging_mixin.py:190} INFO - [2024-11-06T01:40:44.897+0000] {dagbag.py:588} INFO - Filling up the DagBag from /opt/airflow/dags/crime_dag.py
[2024-11-06T01:40:45.005+0000] {processor.py:925} INFO - DAG(s) 'crime_data_v02' retrieved from /opt/airflow/dags/crime_dag.py
[2024-11-06T01:40:45.032+0000] {logging_mixin.py:190} INFO - [2024-11-06T01:40:45.032+0000] {dag.py:3239} INFO - Sync 1 DAGs
[2024-11-06T01:40:45.060+0000] {logging_mixin.py:190} INFO - [2024-11-06T01:40:45.060+0000] {dag.py:4180} INFO - Setting next_dagrun for crime_data_v02 to 2024-11-06 00:00:00+00:00, run_after=2024-11-07 00:00:00+00:00
[2024-11-06T01:40:45.079+0000] {processor.py:208} INFO - Processing /opt/airflow/dags/crime_dag.py took 0.197 seconds
[2024-11-06T01:41:15.611+0000] {processor.py:186} INFO - Started process (PID=5811) to work on /opt/airflow/dags/crime_dag.py
[2024-11-06T01:41:15.612+0000] {processor.py:914} INFO - Processing file /opt/airflow/dags/crime_dag.py for tasks to queue
[2024-11-06T01:41:15.616+0000] {logging_mixin.py:190} INFO - [2024-11-06T01:41:15.616+0000] {dagbag.py:588} INFO - Filling up the DagBag from /opt/airflow/dags/crime_dag.py
[2024-11-06T01:41:15.747+0000] {processor.py:925} INFO - DAG(s) 'crime_data_v02' retrieved from /opt/airflow/dags/crime_dag.py
[2024-11-06T01:41:15.777+0000] {logging_mixin.py:190} INFO - [2024-11-06T01:41:15.777+0000] {dag.py:3239} INFO - Sync 1 DAGs
[2024-11-06T01:41:15.809+0000] {logging_mixin.py:190} INFO - [2024-11-06T01:41:15.809+0000] {dag.py:4180} INFO - Setting next_dagrun for crime_data_v02 to 2024-11-06 00:00:00+00:00, run_after=2024-11-07 00:00:00+00:00
[2024-11-06T01:41:15.831+0000] {processor.py:208} INFO - Processing /opt/airflow/dags/crime_dag.py took 0.228 seconds
[2024-11-06T01:41:46.280+0000] {processor.py:186} INFO - Started process (PID=5847) to work on /opt/airflow/dags/crime_dag.py
[2024-11-06T01:41:46.281+0000] {processor.py:914} INFO - Processing file /opt/airflow/dags/crime_dag.py for tasks to queue
[2024-11-06T01:41:46.283+0000] {logging_mixin.py:190} INFO - [2024-11-06T01:41:46.283+0000] {dagbag.py:588} INFO - Filling up the DagBag from /opt/airflow/dags/crime_dag.py
[2024-11-06T01:41:46.413+0000] {processor.py:925} INFO - DAG(s) 'crime_data_v02' retrieved from /opt/airflow/dags/crime_dag.py
[2024-11-06T01:41:46.439+0000] {logging_mixin.py:190} INFO - [2024-11-06T01:41:46.439+0000] {dag.py:3239} INFO - Sync 1 DAGs
[2024-11-06T01:41:46.468+0000] {logging_mixin.py:190} INFO - [2024-11-06T01:41:46.468+0000] {dag.py:4180} INFO - Setting next_dagrun for crime_data_v02 to 2024-11-06 00:00:00+00:00, run_after=2024-11-07 00:00:00+00:00
[2024-11-06T01:41:46.494+0000] {processor.py:208} INFO - Processing /opt/airflow/dags/crime_dag.py took 0.223 seconds
[2024-11-06T01:42:17.216+0000] {processor.py:186} INFO - Started process (PID=5883) to work on /opt/airflow/dags/crime_dag.py
[2024-11-06T01:42:17.218+0000] {processor.py:914} INFO - Processing file /opt/airflow/dags/crime_dag.py for tasks to queue
[2024-11-06T01:42:17.221+0000] {logging_mixin.py:190} INFO - [2024-11-06T01:42:17.221+0000] {dagbag.py:588} INFO - Filling up the DagBag from /opt/airflow/dags/crime_dag.py
[2024-11-06T01:42:17.380+0000] {processor.py:925} INFO - DAG(s) 'crime_data_v02' retrieved from /opt/airflow/dags/crime_dag.py
[2024-11-06T01:42:17.415+0000] {logging_mixin.py:190} INFO - [2024-11-06T01:42:17.415+0000] {dag.py:3239} INFO - Sync 1 DAGs
[2024-11-06T01:42:17.455+0000] {logging_mixin.py:190} INFO - [2024-11-06T01:42:17.455+0000] {dag.py:4180} INFO - Setting next_dagrun for crime_data_v02 to 2024-11-06 00:00:00+00:00, run_after=2024-11-07 00:00:00+00:00
[2024-11-06T01:42:17.477+0000] {processor.py:208} INFO - Processing /opt/airflow/dags/crime_dag.py took 0.272 seconds
[2024-11-06T01:42:47.970+0000] {processor.py:186} INFO - Started process (PID=5919) to work on /opt/airflow/dags/crime_dag.py
[2024-11-06T01:42:47.971+0000] {processor.py:914} INFO - Processing file /opt/airflow/dags/crime_dag.py for tasks to queue
[2024-11-06T01:42:47.973+0000] {logging_mixin.py:190} INFO - [2024-11-06T01:42:47.972+0000] {dagbag.py:588} INFO - Filling up the DagBag from /opt/airflow/dags/crime_dag.py
[2024-11-06T01:42:48.083+0000] {processor.py:925} INFO - DAG(s) 'crime_data_v02' retrieved from /opt/airflow/dags/crime_dag.py
[2024-11-06T01:42:48.112+0000] {logging_mixin.py:190} INFO - [2024-11-06T01:42:48.112+0000] {dag.py:3239} INFO - Sync 1 DAGs
[2024-11-06T01:42:48.144+0000] {logging_mixin.py:190} INFO - [2024-11-06T01:42:48.144+0000] {dag.py:4180} INFO - Setting next_dagrun for crime_data_v02 to 2024-11-06 00:00:00+00:00, run_after=2024-11-07 00:00:00+00:00
[2024-11-06T01:42:48.164+0000] {processor.py:208} INFO - Processing /opt/airflow/dags/crime_dag.py took 0.204 seconds
[2024-11-06T01:43:18.837+0000] {processor.py:186} INFO - Started process (PID=5956) to work on /opt/airflow/dags/crime_dag.py
[2024-11-06T01:43:18.838+0000] {processor.py:914} INFO - Processing file /opt/airflow/dags/crime_dag.py for tasks to queue
[2024-11-06T01:43:18.842+0000] {logging_mixin.py:190} INFO - [2024-11-06T01:43:18.841+0000] {dagbag.py:588} INFO - Filling up the DagBag from /opt/airflow/dags/crime_dag.py
[2024-11-06T01:43:19.000+0000] {processor.py:925} INFO - DAG(s) 'crime_data_v02' retrieved from /opt/airflow/dags/crime_dag.py
[2024-11-06T01:43:19.029+0000] {logging_mixin.py:190} INFO - [2024-11-06T01:43:19.028+0000] {dag.py:3239} INFO - Sync 1 DAGs
[2024-11-06T01:43:19.057+0000] {logging_mixin.py:190} INFO - [2024-11-06T01:43:19.057+0000] {dag.py:4180} INFO - Setting next_dagrun for crime_data_v02 to 2024-11-06 00:00:00+00:00, run_after=2024-11-07 00:00:00+00:00
[2024-11-06T01:43:19.075+0000] {processor.py:208} INFO - Processing /opt/airflow/dags/crime_dag.py took 0.250 seconds
[2024-11-06T01:43:49.563+0000] {processor.py:186} INFO - Started process (PID=5992) to work on /opt/airflow/dags/crime_dag.py
[2024-11-06T01:43:49.564+0000] {processor.py:914} INFO - Processing file /opt/airflow/dags/crime_dag.py for tasks to queue
[2024-11-06T01:43:49.568+0000] {logging_mixin.py:190} INFO - [2024-11-06T01:43:49.568+0000] {dagbag.py:588} INFO - Filling up the DagBag from /opt/airflow/dags/crime_dag.py
[2024-11-06T01:43:49.752+0000] {processor.py:925} INFO - DAG(s) 'crime_data_v02' retrieved from /opt/airflow/dags/crime_dag.py
[2024-11-06T01:43:49.794+0000] {logging_mixin.py:190} INFO - [2024-11-06T01:43:49.793+0000] {dag.py:3239} INFO - Sync 1 DAGs
[2024-11-06T01:43:49.838+0000] {logging_mixin.py:190} INFO - [2024-11-06T01:43:49.837+0000] {dag.py:4180} INFO - Setting next_dagrun for crime_data_v02 to 2024-11-06 00:00:00+00:00, run_after=2024-11-07 00:00:00+00:00
[2024-11-06T01:43:49.868+0000] {processor.py:208} INFO - Processing /opt/airflow/dags/crime_dag.py took 0.317 seconds
[2024-11-06T01:44:20.585+0000] {processor.py:186} INFO - Started process (PID=6031) to work on /opt/airflow/dags/crime_dag.py
[2024-11-06T01:44:20.586+0000] {processor.py:914} INFO - Processing file /opt/airflow/dags/crime_dag.py for tasks to queue
[2024-11-06T01:44:20.589+0000] {logging_mixin.py:190} INFO - [2024-11-06T01:44:20.588+0000] {dagbag.py:588} INFO - Filling up the DagBag from /opt/airflow/dags/crime_dag.py
[2024-11-06T01:44:20.699+0000] {processor.py:925} INFO - DAG(s) 'crime_data_v02' retrieved from /opt/airflow/dags/crime_dag.py
[2024-11-06T01:44:20.728+0000] {logging_mixin.py:190} INFO - [2024-11-06T01:44:20.727+0000] {dag.py:3239} INFO - Sync 1 DAGs
[2024-11-06T01:44:20.766+0000] {logging_mixin.py:190} INFO - [2024-11-06T01:44:20.766+0000] {dag.py:4180} INFO - Setting next_dagrun for crime_data_v02 to 2024-11-06 00:00:00+00:00, run_after=2024-11-07 00:00:00+00:00
[2024-11-06T01:44:20.789+0000] {processor.py:208} INFO - Processing /opt/airflow/dags/crime_dag.py took 0.214 seconds
[2024-11-06T01:44:51.462+0000] {processor.py:186} INFO - Started process (PID=6067) to work on /opt/airflow/dags/crime_dag.py
[2024-11-06T01:44:51.463+0000] {processor.py:914} INFO - Processing file /opt/airflow/dags/crime_dag.py for tasks to queue
[2024-11-06T01:44:51.466+0000] {logging_mixin.py:190} INFO - [2024-11-06T01:44:51.466+0000] {dagbag.py:588} INFO - Filling up the DagBag from /opt/airflow/dags/crime_dag.py
[2024-11-06T01:44:51.579+0000] {processor.py:925} INFO - DAG(s) 'crime_data_v02' retrieved from /opt/airflow/dags/crime_dag.py
[2024-11-06T01:44:51.614+0000] {logging_mixin.py:190} INFO - [2024-11-06T01:44:51.613+0000] {dag.py:3239} INFO - Sync 1 DAGs
[2024-11-06T01:44:51.653+0000] {logging_mixin.py:190} INFO - [2024-11-06T01:44:51.653+0000] {dag.py:4180} INFO - Setting next_dagrun for crime_data_v02 to 2024-11-06 00:00:00+00:00, run_after=2024-11-07 00:00:00+00:00
[2024-11-06T01:44:51.675+0000] {processor.py:208} INFO - Processing /opt/airflow/dags/crime_dag.py took 0.222 seconds
[2024-11-06T01:45:22.153+0000] {processor.py:186} INFO - Started process (PID=6103) to work on /opt/airflow/dags/crime_dag.py
[2024-11-06T01:45:22.154+0000] {processor.py:914} INFO - Processing file /opt/airflow/dags/crime_dag.py for tasks to queue
[2024-11-06T01:45:22.156+0000] {logging_mixin.py:190} INFO - [2024-11-06T01:45:22.156+0000] {dagbag.py:588} INFO - Filling up the DagBag from /opt/airflow/dags/crime_dag.py
[2024-11-06T01:45:22.265+0000] {processor.py:925} INFO - DAG(s) 'crime_data_v02' retrieved from /opt/airflow/dags/crime_dag.py
[2024-11-06T01:45:22.294+0000] {logging_mixin.py:190} INFO - [2024-11-06T01:45:22.293+0000] {dag.py:3239} INFO - Sync 1 DAGs
[2024-11-06T01:45:22.335+0000] {logging_mixin.py:190} INFO - [2024-11-06T01:45:22.335+0000] {dag.py:4180} INFO - Setting next_dagrun for crime_data_v02 to 2024-11-06 00:00:00+00:00, run_after=2024-11-07 00:00:00+00:00
[2024-11-06T01:45:22.358+0000] {processor.py:208} INFO - Processing /opt/airflow/dags/crime_dag.py took 0.215 seconds
[2024-11-06T01:45:52.875+0000] {processor.py:186} INFO - Started process (PID=6139) to work on /opt/airflow/dags/crime_dag.py
[2024-11-06T01:45:52.877+0000] {processor.py:914} INFO - Processing file /opt/airflow/dags/crime_dag.py for tasks to queue
[2024-11-06T01:45:52.881+0000] {logging_mixin.py:190} INFO - [2024-11-06T01:45:52.880+0000] {dagbag.py:588} INFO - Filling up the DagBag from /opt/airflow/dags/crime_dag.py
[2024-11-06T01:45:53.042+0000] {processor.py:925} INFO - DAG(s) 'crime_data_v02' retrieved from /opt/airflow/dags/crime_dag.py
[2024-11-06T01:45:53.074+0000] {logging_mixin.py:190} INFO - [2024-11-06T01:45:53.073+0000] {dag.py:3239} INFO - Sync 1 DAGs
[2024-11-06T01:45:53.109+0000] {logging_mixin.py:190} INFO - [2024-11-06T01:45:53.109+0000] {dag.py:4180} INFO - Setting next_dagrun for crime_data_v02 to 2024-11-06 00:00:00+00:00, run_after=2024-11-07 00:00:00+00:00
[2024-11-06T01:45:53.134+0000] {processor.py:208} INFO - Processing /opt/airflow/dags/crime_dag.py took 0.272 seconds
[2024-11-06T01:46:23.395+0000] {processor.py:186} INFO - Started process (PID=6341) to work on /opt/airflow/dags/crime_dag.py
[2024-11-06T01:46:23.401+0000] {processor.py:914} INFO - Processing file /opt/airflow/dags/crime_dag.py for tasks to queue
[2024-11-06T01:46:23.411+0000] {logging_mixin.py:190} INFO - [2024-11-06T01:46:23.406+0000] {dagbag.py:588} INFO - Filling up the DagBag from /opt/airflow/dags/crime_dag.py
[2024-11-06T01:46:23.995+0000] {processor.py:925} INFO - DAG(s) 'crime_data_v02' retrieved from /opt/airflow/dags/crime_dag.py
[2024-11-06T01:46:24.212+0000] {logging_mixin.py:190} INFO - [2024-11-06T01:46:24.211+0000] {dag.py:3239} INFO - Sync 1 DAGs
[2024-11-06T01:46:24.361+0000] {logging_mixin.py:190} INFO - [2024-11-06T01:46:24.355+0000] {dag.py:4180} INFO - Setting next_dagrun for crime_data_v02 to 2024-11-06 00:00:00+00:00, run_after=2024-11-07 00:00:00+00:00
[2024-11-06T01:46:24.488+0000] {processor.py:208} INFO - Processing /opt/airflow/dags/crime_dag.py took 1.131 seconds
[2024-11-06T01:46:54.853+0000] {processor.py:186} INFO - Started process (PID=6541) to work on /opt/airflow/dags/crime_dag.py
[2024-11-06T01:46:54.856+0000] {processor.py:914} INFO - Processing file /opt/airflow/dags/crime_dag.py for tasks to queue
[2024-11-06T01:46:54.860+0000] {logging_mixin.py:190} INFO - [2024-11-06T01:46:54.859+0000] {dagbag.py:588} INFO - Filling up the DagBag from /opt/airflow/dags/crime_dag.py
[2024-11-06T01:46:55.110+0000] {processor.py:925} INFO - DAG(s) 'crime_data_v02' retrieved from /opt/airflow/dags/crime_dag.py
[2024-11-06T01:46:55.182+0000] {logging_mixin.py:190} INFO - [2024-11-06T01:46:55.181+0000] {dag.py:3239} INFO - Sync 1 DAGs
[2024-11-06T01:46:55.247+0000] {logging_mixin.py:190} INFO - [2024-11-06T01:46:55.246+0000] {dag.py:4180} INFO - Setting next_dagrun for crime_data_v02 to 2024-11-06 00:00:00+00:00, run_after=2024-11-07 00:00:00+00:00
[2024-11-06T01:46:55.311+0000] {processor.py:208} INFO - Processing /opt/airflow/dags/crime_dag.py took 0.502 seconds
[2024-11-06T01:47:26.003+0000] {processor.py:186} INFO - Started process (PID=6605) to work on /opt/airflow/dags/crime_dag.py
[2024-11-06T01:47:26.004+0000] {processor.py:914} INFO - Processing file /opt/airflow/dags/crime_dag.py for tasks to queue
[2024-11-06T01:47:26.011+0000] {logging_mixin.py:190} INFO - [2024-11-06T01:47:26.010+0000] {dagbag.py:588} INFO - Filling up the DagBag from /opt/airflow/dags/crime_dag.py
[2024-11-06T01:47:26.242+0000] {processor.py:925} INFO - DAG(s) 'crime_data_v02' retrieved from /opt/airflow/dags/crime_dag.py
[2024-11-06T01:47:26.309+0000] {logging_mixin.py:190} INFO - [2024-11-06T01:47:26.309+0000] {dag.py:3239} INFO - Sync 1 DAGs
[2024-11-06T01:47:26.369+0000] {logging_mixin.py:190} INFO - [2024-11-06T01:47:26.369+0000] {dag.py:4180} INFO - Setting next_dagrun for crime_data_v02 to 2024-11-06 00:00:00+00:00, run_after=2024-11-07 00:00:00+00:00
[2024-11-06T01:47:26.448+0000] {processor.py:208} INFO - Processing /opt/airflow/dags/crime_dag.py took 0.459 seconds
[2024-11-06T01:47:56.646+0000] {processor.py:186} INFO - Started process (PID=6646) to work on /opt/airflow/dags/crime_dag.py
[2024-11-06T01:47:56.648+0000] {processor.py:914} INFO - Processing file /opt/airflow/dags/crime_dag.py for tasks to queue
[2024-11-06T01:47:56.651+0000] {logging_mixin.py:190} INFO - [2024-11-06T01:47:56.651+0000] {dagbag.py:588} INFO - Filling up the DagBag from /opt/airflow/dags/crime_dag.py
[2024-11-06T01:47:56.820+0000] {processor.py:925} INFO - DAG(s) 'crime_data_v02' retrieved from /opt/airflow/dags/crime_dag.py
[2024-11-06T01:47:56.856+0000] {logging_mixin.py:190} INFO - [2024-11-06T01:47:56.856+0000] {dag.py:3239} INFO - Sync 1 DAGs
[2024-11-06T01:47:56.905+0000] {logging_mixin.py:190} INFO - [2024-11-06T01:47:56.905+0000] {dag.py:4180} INFO - Setting next_dagrun for crime_data_v02 to 2024-11-06 00:00:00+00:00, run_after=2024-11-07 00:00:00+00:00
[2024-11-06T01:47:56.926+0000] {processor.py:208} INFO - Processing /opt/airflow/dags/crime_dag.py took 0.290 seconds
