[2024-11-06T01:09:18.127+0000] {processor.py:186} INFO - Started process (PID=224) to work on /opt/airflow/dags/second_dag.py
[2024-11-06T01:09:18.137+0000] {processor.py:914} INFO - Processing file /opt/airflow/dags/second_dag.py for tasks to queue
[2024-11-06T01:09:18.147+0000] {logging_mixin.py:190} INFO - [2024-11-06T01:09:18.140+0000] {dagbag.py:588} INFO - Filling up the DagBag from /opt/airflow/dags/second_dag.py
[2024-11-06T01:09:18.858+0000] {processor.py:925} INFO - DAG(s) 'indices_provincias_v05' retrieved from /opt/airflow/dags/second_dag.py
[2024-11-06T01:09:18.984+0000] {logging_mixin.py:190} INFO - [2024-11-06T01:09:18.980+0000] {dag.py:3239} INFO - Sync 1 DAGs
[2024-11-06T01:09:19.073+0000] {logging_mixin.py:190} INFO - [2024-11-06T01:09:19.073+0000] {dag.py:4180} INFO - Setting next_dagrun for indices_provincias_v05 to 2024-11-06 00:00:00+00:00, run_after=2024-11-07 00:00:00+00:00
[2024-11-06T01:09:19.113+0000] {processor.py:208} INFO - Processing /opt/airflow/dags/second_dag.py took 1.005 seconds
[2024-11-06T01:09:49.543+0000] {processor.py:186} INFO - Started process (PID=1007) to work on /opt/airflow/dags/second_dag.py
[2024-11-06T01:09:49.558+0000] {processor.py:914} INFO - Processing file /opt/airflow/dags/second_dag.py for tasks to queue
[2024-11-06T01:09:49.578+0000] {logging_mixin.py:190} INFO - [2024-11-06T01:09:49.577+0000] {dagbag.py:588} INFO - Filling up the DagBag from /opt/airflow/dags/second_dag.py
[2024-11-06T01:09:50.831+0000] {processor.py:925} INFO - DAG(s) 'indices_provincias_v05' retrieved from /opt/airflow/dags/second_dag.py
[2024-11-06T01:09:50.975+0000] {logging_mixin.py:190} INFO - [2024-11-06T01:09:50.975+0000] {dag.py:3239} INFO - Sync 1 DAGs
[2024-11-06T01:09:51.251+0000] {logging_mixin.py:190} INFO - [2024-11-06T01:09:51.250+0000] {dag.py:4180} INFO - Setting next_dagrun for indices_provincias_v05 to 2024-11-06 00:00:00+00:00, run_after=2024-11-07 00:00:00+00:00
[2024-11-06T01:09:51.588+0000] {processor.py:208} INFO - Processing /opt/airflow/dags/second_dag.py took 2.112 seconds
[2024-11-06T01:10:24.223+0000] {processor.py:186} INFO - Started process (PID=1455) to work on /opt/airflow/dags/second_dag.py
[2024-11-06T01:10:24.231+0000] {processor.py:914} INFO - Processing file /opt/airflow/dags/second_dag.py for tasks to queue
[2024-11-06T01:10:24.248+0000] {logging_mixin.py:190} INFO - [2024-11-06T01:10:24.239+0000] {dagbag.py:588} INFO - Filling up the DagBag from /opt/airflow/dags/second_dag.py
[2024-11-06T01:10:25.404+0000] {processor.py:925} INFO - DAG(s) 'indices_provincias_v05' retrieved from /opt/airflow/dags/second_dag.py
[2024-11-06T01:10:25.672+0000] {logging_mixin.py:190} INFO - [2024-11-06T01:10:25.671+0000] {dag.py:3239} INFO - Sync 1 DAGs
[2024-11-06T01:10:26.029+0000] {logging_mixin.py:190} INFO - [2024-11-06T01:10:26.029+0000] {dag.py:4180} INFO - Setting next_dagrun for indices_provincias_v05 to 2024-11-06 00:00:00+00:00, run_after=2024-11-07 00:00:00+00:00
[2024-11-06T01:10:27.709+0000] {processor.py:208} INFO - Processing /opt/airflow/dags/second_dag.py took 3.526 seconds
[2024-11-06T01:10:58.249+0000] {processor.py:186} INFO - Started process (PID=2216) to work on /opt/airflow/dags/second_dag.py
[2024-11-06T01:10:58.258+0000] {processor.py:914} INFO - Processing file /opt/airflow/dags/second_dag.py for tasks to queue
[2024-11-06T01:10:58.271+0000] {logging_mixin.py:190} INFO - [2024-11-06T01:10:58.260+0000] {dagbag.py:588} INFO - Filling up the DagBag from /opt/airflow/dags/second_dag.py
[2024-11-06T01:10:59.181+0000] {processor.py:925} INFO - DAG(s) 'indices_provincias_v05' retrieved from /opt/airflow/dags/second_dag.py
[2024-11-06T01:10:59.353+0000] {logging_mixin.py:190} INFO - [2024-11-06T01:10:59.353+0000] {dag.py:3239} INFO - Sync 1 DAGs
[2024-11-06T01:11:00.538+0000] {logging_mixin.py:190} INFO - [2024-11-06T01:11:00.538+0000] {dag.py:4180} INFO - Setting next_dagrun for indices_provincias_v05 to 2024-11-06 00:00:00+00:00, run_after=2024-11-07 00:00:00+00:00
[2024-11-06T01:11:00.607+0000] {processor.py:208} INFO - Processing /opt/airflow/dags/second_dag.py took 2.392 seconds
[2024-11-06T01:11:31.065+0000] {processor.py:186} INFO - Started process (PID=2946) to work on /opt/airflow/dags/second_dag.py
[2024-11-06T01:11:31.078+0000] {processor.py:914} INFO - Processing file /opt/airflow/dags/second_dag.py for tasks to queue
[2024-11-06T01:11:31.084+0000] {logging_mixin.py:190} INFO - [2024-11-06T01:11:31.080+0000] {dagbag.py:588} INFO - Filling up the DagBag from /opt/airflow/dags/second_dag.py
[2024-11-06T01:11:31.431+0000] {processor.py:925} INFO - DAG(s) 'indices_provincias_v05' retrieved from /opt/airflow/dags/second_dag.py
[2024-11-06T01:11:31.672+0000] {logging_mixin.py:190} INFO - [2024-11-06T01:11:31.671+0000] {dag.py:3239} INFO - Sync 1 DAGs
[2024-11-06T01:11:32.990+0000] {logging_mixin.py:190} INFO - [2024-11-06T01:11:32.989+0000] {dag.py:4180} INFO - Setting next_dagrun for indices_provincias_v05 to 2024-11-06 00:00:00+00:00, run_after=2024-11-07 00:00:00+00:00
[2024-11-06T01:11:33.111+0000] {processor.py:208} INFO - Processing /opt/airflow/dags/second_dag.py took 2.106 seconds
[2024-11-06T01:12:03.472+0000] {processor.py:186} INFO - Started process (PID=3360) to work on /opt/airflow/dags/second_dag.py
[2024-11-06T01:12:03.474+0000] {processor.py:914} INFO - Processing file /opt/airflow/dags/second_dag.py for tasks to queue
[2024-11-06T01:12:03.497+0000] {logging_mixin.py:190} INFO - [2024-11-06T01:12:03.497+0000] {dagbag.py:588} INFO - Filling up the DagBag from /opt/airflow/dags/second_dag.py
[2024-11-06T01:12:04.307+0000] {processor.py:925} INFO - DAG(s) 'indices_provincias_v05' retrieved from /opt/airflow/dags/second_dag.py
[2024-11-06T01:12:05.742+0000] {logging_mixin.py:190} INFO - [2024-11-06T01:12:05.741+0000] {dag.py:3239} INFO - Sync 1 DAGs
[2024-11-06T01:12:06.000+0000] {logging_mixin.py:190} INFO - [2024-11-06T01:12:05.999+0000] {dag.py:4180} INFO - Setting next_dagrun for indices_provincias_v05 to 2024-11-06 00:00:00+00:00, run_after=2024-11-07 00:00:00+00:00
[2024-11-06T01:12:06.168+0000] {processor.py:208} INFO - Processing /opt/airflow/dags/second_dag.py took 2.770 seconds
[2024-11-06T01:12:37.000+0000] {processor.py:186} INFO - Started process (PID=3770) to work on /opt/airflow/dags/second_dag.py
[2024-11-06T01:12:37.003+0000] {processor.py:914} INFO - Processing file /opt/airflow/dags/second_dag.py for tasks to queue
[2024-11-06T01:12:37.007+0000] {logging_mixin.py:190} INFO - [2024-11-06T01:12:37.006+0000] {dagbag.py:588} INFO - Filling up the DagBag from /opt/airflow/dags/second_dag.py
[2024-11-06T01:12:37.384+0000] {processor.py:925} INFO - DAG(s) 'indices_provincias_v05' retrieved from /opt/airflow/dags/second_dag.py
[2024-11-06T01:12:37.425+0000] {logging_mixin.py:190} INFO - [2024-11-06T01:12:37.424+0000] {dag.py:3239} INFO - Sync 1 DAGs
[2024-11-06T01:12:37.467+0000] {logging_mixin.py:190} INFO - [2024-11-06T01:12:37.467+0000] {dag.py:4180} INFO - Setting next_dagrun for indices_provincias_v05 to 2024-11-06 00:00:00+00:00, run_after=2024-11-07 00:00:00+00:00
[2024-11-06T01:12:37.502+0000] {processor.py:208} INFO - Processing /opt/airflow/dags/second_dag.py took 0.512 seconds
[2024-11-06T01:13:07.846+0000] {processor.py:186} INFO - Started process (PID=3837) to work on /opt/airflow/dags/second_dag.py
[2024-11-06T01:13:07.847+0000] {processor.py:914} INFO - Processing file /opt/airflow/dags/second_dag.py for tasks to queue
[2024-11-06T01:13:07.850+0000] {logging_mixin.py:190} INFO - [2024-11-06T01:13:07.849+0000] {dagbag.py:588} INFO - Filling up the DagBag from /opt/airflow/dags/second_dag.py
[2024-11-06T01:13:08.244+0000] {processor.py:925} INFO - DAG(s) 'indices_provincias_v05' retrieved from /opt/airflow/dags/second_dag.py
[2024-11-06T01:13:08.291+0000] {logging_mixin.py:190} INFO - [2024-11-06T01:13:08.290+0000] {dag.py:3239} INFO - Sync 1 DAGs
[2024-11-06T01:13:08.362+0000] {logging_mixin.py:190} INFO - [2024-11-06T01:13:08.362+0000] {dag.py:4180} INFO - Setting next_dagrun for indices_provincias_v05 to 2024-11-06 00:00:00+00:00, run_after=2024-11-07 00:00:00+00:00
[2024-11-06T01:13:08.403+0000] {processor.py:208} INFO - Processing /opt/airflow/dags/second_dag.py took 0.564 seconds
[2024-11-06T01:13:39.289+0000] {processor.py:186} INFO - Started process (PID=3873) to work on /opt/airflow/dags/second_dag.py
[2024-11-06T01:13:39.290+0000] {processor.py:914} INFO - Processing file /opt/airflow/dags/second_dag.py for tasks to queue
[2024-11-06T01:13:39.293+0000] {logging_mixin.py:190} INFO - [2024-11-06T01:13:39.292+0000] {dagbag.py:588} INFO - Filling up the DagBag from /opt/airflow/dags/second_dag.py
[2024-11-06T01:13:39.613+0000] {processor.py:925} INFO - DAG(s) 'indices_provincias_v05' retrieved from /opt/airflow/dags/second_dag.py
[2024-11-06T01:13:39.636+0000] {logging_mixin.py:190} INFO - [2024-11-06T01:13:39.636+0000] {dag.py:3239} INFO - Sync 1 DAGs
[2024-11-06T01:13:39.675+0000] {logging_mixin.py:190} INFO - [2024-11-06T01:13:39.675+0000] {dag.py:4180} INFO - Setting next_dagrun for indices_provincias_v05 to 2024-11-06 00:00:00+00:00, run_after=2024-11-07 00:00:00+00:00
[2024-11-06T01:13:39.703+0000] {processor.py:208} INFO - Processing /opt/airflow/dags/second_dag.py took 0.424 seconds
[2024-11-06T01:14:09.984+0000] {processor.py:186} INFO - Started process (PID=3909) to work on /opt/airflow/dags/second_dag.py
[2024-11-06T01:14:09.985+0000] {processor.py:914} INFO - Processing file /opt/airflow/dags/second_dag.py for tasks to queue
[2024-11-06T01:14:09.989+0000] {logging_mixin.py:190} INFO - [2024-11-06T01:14:09.988+0000] {dagbag.py:588} INFO - Filling up the DagBag from /opt/airflow/dags/second_dag.py
[2024-11-06T01:14:10.267+0000] {processor.py:925} INFO - DAG(s) 'indices_provincias_v05' retrieved from /opt/airflow/dags/second_dag.py
[2024-11-06T01:14:10.289+0000] {logging_mixin.py:190} INFO - [2024-11-06T01:14:10.289+0000] {dag.py:3239} INFO - Sync 1 DAGs
[2024-11-06T01:14:10.316+0000] {logging_mixin.py:190} INFO - [2024-11-06T01:14:10.315+0000] {dag.py:4180} INFO - Setting next_dagrun for indices_provincias_v05 to 2024-11-06 00:00:00+00:00, run_after=2024-11-07 00:00:00+00:00
[2024-11-06T01:14:10.335+0000] {processor.py:208} INFO - Processing /opt/airflow/dags/second_dag.py took 0.362 seconds
[2024-11-06T01:14:40.606+0000] {processor.py:186} INFO - Started process (PID=3945) to work on /opt/airflow/dags/second_dag.py
[2024-11-06T01:14:40.607+0000] {processor.py:914} INFO - Processing file /opt/airflow/dags/second_dag.py for tasks to queue
[2024-11-06T01:14:40.611+0000] {logging_mixin.py:190} INFO - [2024-11-06T01:14:40.610+0000] {dagbag.py:588} INFO - Filling up the DagBag from /opt/airflow/dags/second_dag.py
[2024-11-06T01:14:40.872+0000] {processor.py:925} INFO - DAG(s) 'indices_provincias_v05' retrieved from /opt/airflow/dags/second_dag.py
[2024-11-06T01:14:40.898+0000] {logging_mixin.py:190} INFO - [2024-11-06T01:14:40.897+0000] {dag.py:3239} INFO - Sync 1 DAGs
[2024-11-06T01:14:40.926+0000] {logging_mixin.py:190} INFO - [2024-11-06T01:14:40.925+0000] {dag.py:4180} INFO - Setting next_dagrun for indices_provincias_v05 to 2024-11-06 00:00:00+00:00, run_after=2024-11-07 00:00:00+00:00
[2024-11-06T01:14:40.946+0000] {processor.py:208} INFO - Processing /opt/airflow/dags/second_dag.py took 0.352 seconds
[2024-11-06T01:15:11.164+0000] {processor.py:186} INFO - Started process (PID=3981) to work on /opt/airflow/dags/second_dag.py
[2024-11-06T01:15:11.165+0000] {processor.py:914} INFO - Processing file /opt/airflow/dags/second_dag.py for tasks to queue
[2024-11-06T01:15:11.168+0000] {logging_mixin.py:190} INFO - [2024-11-06T01:15:11.168+0000] {dagbag.py:588} INFO - Filling up the DagBag from /opt/airflow/dags/second_dag.py
[2024-11-06T01:15:11.523+0000] {processor.py:925} INFO - DAG(s) 'indices_provincias_v05' retrieved from /opt/airflow/dags/second_dag.py
[2024-11-06T01:15:11.562+0000] {logging_mixin.py:190} INFO - [2024-11-06T01:15:11.562+0000] {dag.py:3239} INFO - Sync 1 DAGs
[2024-11-06T01:15:11.618+0000] {logging_mixin.py:190} INFO - [2024-11-06T01:15:11.617+0000] {dag.py:4180} INFO - Setting next_dagrun for indices_provincias_v05 to 2024-11-06 00:00:00+00:00, run_after=2024-11-07 00:00:00+00:00
[2024-11-06T01:15:11.643+0000] {processor.py:208} INFO - Processing /opt/airflow/dags/second_dag.py took 0.490 seconds
[2024-11-06T01:15:41.701+0000] {processor.py:186} INFO - Started process (PID=4017) to work on /opt/airflow/dags/second_dag.py
[2024-11-06T01:15:41.702+0000] {processor.py:914} INFO - Processing file /opt/airflow/dags/second_dag.py for tasks to queue
[2024-11-06T01:15:41.705+0000] {logging_mixin.py:190} INFO - [2024-11-06T01:15:41.705+0000] {dagbag.py:588} INFO - Filling up the DagBag from /opt/airflow/dags/second_dag.py
[2024-11-06T01:15:42.042+0000] {processor.py:925} INFO - DAG(s) 'indices_provincias_v05' retrieved from /opt/airflow/dags/second_dag.py
[2024-11-06T01:15:42.071+0000] {logging_mixin.py:190} INFO - [2024-11-06T01:15:42.071+0000] {dag.py:3239} INFO - Sync 1 DAGs
[2024-11-06T01:15:42.099+0000] {logging_mixin.py:190} INFO - [2024-11-06T01:15:42.098+0000] {dag.py:4180} INFO - Setting next_dagrun for indices_provincias_v05 to 2024-11-06 00:00:00+00:00, run_after=2024-11-07 00:00:00+00:00
[2024-11-06T01:15:42.120+0000] {processor.py:208} INFO - Processing /opt/airflow/dags/second_dag.py took 0.428 seconds
[2024-11-06T01:16:12.955+0000] {processor.py:186} INFO - Started process (PID=4053) to work on /opt/airflow/dags/second_dag.py
[2024-11-06T01:16:12.956+0000] {processor.py:914} INFO - Processing file /opt/airflow/dags/second_dag.py for tasks to queue
[2024-11-06T01:16:12.958+0000] {logging_mixin.py:190} INFO - [2024-11-06T01:16:12.957+0000] {dagbag.py:588} INFO - Filling up the DagBag from /opt/airflow/dags/second_dag.py
[2024-11-06T01:16:13.193+0000] {processor.py:925} INFO - DAG(s) 'indices_provincias_v05' retrieved from /opt/airflow/dags/second_dag.py
[2024-11-06T01:16:13.225+0000] {logging_mixin.py:190} INFO - [2024-11-06T01:16:13.224+0000] {dag.py:3239} INFO - Sync 1 DAGs
[2024-11-06T01:16:13.254+0000] {logging_mixin.py:190} INFO - [2024-11-06T01:16:13.254+0000] {dag.py:4180} INFO - Setting next_dagrun for indices_provincias_v05 to 2024-11-06 00:00:00+00:00, run_after=2024-11-07 00:00:00+00:00
[2024-11-06T01:16:13.271+0000] {processor.py:208} INFO - Processing /opt/airflow/dags/second_dag.py took 0.323 seconds
[2024-11-06T01:16:43.493+0000] {processor.py:186} INFO - Started process (PID=4089) to work on /opt/airflow/dags/second_dag.py
[2024-11-06T01:16:43.495+0000] {processor.py:914} INFO - Processing file /opt/airflow/dags/second_dag.py for tasks to queue
[2024-11-06T01:16:43.499+0000] {logging_mixin.py:190} INFO - [2024-11-06T01:16:43.498+0000] {dagbag.py:588} INFO - Filling up the DagBag from /opt/airflow/dags/second_dag.py
[2024-11-06T01:16:43.829+0000] {processor.py:925} INFO - DAG(s) 'indices_provincias_v05' retrieved from /opt/airflow/dags/second_dag.py
[2024-11-06T01:16:43.870+0000] {logging_mixin.py:190} INFO - [2024-11-06T01:16:43.869+0000] {dag.py:3239} INFO - Sync 1 DAGs
[2024-11-06T01:16:43.912+0000] {logging_mixin.py:190} INFO - [2024-11-06T01:16:43.912+0000] {dag.py:4180} INFO - Setting next_dagrun for indices_provincias_v05 to 2024-11-06 00:00:00+00:00, run_after=2024-11-07 00:00:00+00:00
[2024-11-06T01:16:43.938+0000] {processor.py:208} INFO - Processing /opt/airflow/dags/second_dag.py took 0.455 seconds
[2024-11-06T01:17:14.075+0000] {processor.py:186} INFO - Started process (PID=4125) to work on /opt/airflow/dags/second_dag.py
[2024-11-06T01:17:14.076+0000] {processor.py:914} INFO - Processing file /opt/airflow/dags/second_dag.py for tasks to queue
[2024-11-06T01:17:14.260+0000] {logging_mixin.py:190} INFO - [2024-11-06T01:17:14.260+0000] {dagbag.py:588} INFO - Filling up the DagBag from /opt/airflow/dags/second_dag.py
[2024-11-06T01:17:14.414+0000] {processor.py:925} INFO - DAG(s) 'indices_provincias_v05' retrieved from /opt/airflow/dags/second_dag.py
[2024-11-06T01:17:14.448+0000] {logging_mixin.py:190} INFO - [2024-11-06T01:17:14.448+0000] {dag.py:3239} INFO - Sync 1 DAGs
[2024-11-06T01:17:14.479+0000] {logging_mixin.py:190} INFO - [2024-11-06T01:17:14.479+0000] {dag.py:4180} INFO - Setting next_dagrun for indices_provincias_v05 to 2024-11-06 00:00:00+00:00, run_after=2024-11-07 00:00:00+00:00
[2024-11-06T01:17:14.499+0000] {processor.py:208} INFO - Processing /opt/airflow/dags/second_dag.py took 0.433 seconds
[2024-11-06T01:17:45.318+0000] {processor.py:186} INFO - Started process (PID=4161) to work on /opt/airflow/dags/second_dag.py
[2024-11-06T01:17:45.320+0000] {processor.py:914} INFO - Processing file /opt/airflow/dags/second_dag.py for tasks to queue
[2024-11-06T01:17:45.322+0000] {logging_mixin.py:190} INFO - [2024-11-06T01:17:45.322+0000] {dagbag.py:588} INFO - Filling up the DagBag from /opt/airflow/dags/second_dag.py
[2024-11-06T01:17:45.437+0000] {processor.py:925} INFO - DAG(s) 'indices_provincias_v05' retrieved from /opt/airflow/dags/second_dag.py
[2024-11-06T01:17:45.471+0000] {logging_mixin.py:190} INFO - [2024-11-06T01:17:45.470+0000] {dag.py:3239} INFO - Sync 1 DAGs
[2024-11-06T01:17:45.503+0000] {logging_mixin.py:190} INFO - [2024-11-06T01:17:45.503+0000] {dag.py:4180} INFO - Setting next_dagrun for indices_provincias_v05 to 2024-11-06 00:00:00+00:00, run_after=2024-11-07 00:00:00+00:00
[2024-11-06T01:17:45.526+0000] {processor.py:208} INFO - Processing /opt/airflow/dags/second_dag.py took 0.217 seconds
[2024-11-06T01:18:16.006+0000] {processor.py:186} INFO - Started process (PID=4197) to work on /opt/airflow/dags/second_dag.py
[2024-11-06T01:18:16.007+0000] {processor.py:914} INFO - Processing file /opt/airflow/dags/second_dag.py for tasks to queue
[2024-11-06T01:18:16.010+0000] {logging_mixin.py:190} INFO - [2024-11-06T01:18:16.010+0000] {dagbag.py:588} INFO - Filling up the DagBag from /opt/airflow/dags/second_dag.py
[2024-11-06T01:18:16.126+0000] {processor.py:925} INFO - DAG(s) 'indices_provincias_v05' retrieved from /opt/airflow/dags/second_dag.py
[2024-11-06T01:18:16.160+0000] {logging_mixin.py:190} INFO - [2024-11-06T01:18:16.159+0000] {dag.py:3239} INFO - Sync 1 DAGs
[2024-11-06T01:18:16.195+0000] {logging_mixin.py:190} INFO - [2024-11-06T01:18:16.194+0000] {dag.py:4180} INFO - Setting next_dagrun for indices_provincias_v05 to 2024-11-06 00:00:00+00:00, run_after=2024-11-07 00:00:00+00:00
[2024-11-06T01:18:16.218+0000] {processor.py:208} INFO - Processing /opt/airflow/dags/second_dag.py took 0.222 seconds
[2024-11-06T01:18:46.703+0000] {processor.py:186} INFO - Started process (PID=4233) to work on /opt/airflow/dags/second_dag.py
[2024-11-06T01:18:46.704+0000] {processor.py:914} INFO - Processing file /opt/airflow/dags/second_dag.py for tasks to queue
[2024-11-06T01:18:46.707+0000] {logging_mixin.py:190} INFO - [2024-11-06T01:18:46.706+0000] {dagbag.py:588} INFO - Filling up the DagBag from /opt/airflow/dags/second_dag.py
[2024-11-06T01:18:46.809+0000] {processor.py:925} INFO - DAG(s) 'indices_provincias_v05' retrieved from /opt/airflow/dags/second_dag.py
[2024-11-06T01:18:46.846+0000] {logging_mixin.py:190} INFO - [2024-11-06T01:18:46.846+0000] {dag.py:3239} INFO - Sync 1 DAGs
[2024-11-06T01:18:46.890+0000] {logging_mixin.py:190} INFO - [2024-11-06T01:18:46.890+0000] {dag.py:4180} INFO - Setting next_dagrun for indices_provincias_v05 to 2024-11-06 00:00:00+00:00, run_after=2024-11-07 00:00:00+00:00
[2024-11-06T01:18:46.913+0000] {processor.py:208} INFO - Processing /opt/airflow/dags/second_dag.py took 0.217 seconds
[2024-11-06T01:19:17.416+0000] {processor.py:186} INFO - Started process (PID=4269) to work on /opt/airflow/dags/second_dag.py
[2024-11-06T01:19:17.417+0000] {processor.py:914} INFO - Processing file /opt/airflow/dags/second_dag.py for tasks to queue
[2024-11-06T01:19:17.420+0000] {logging_mixin.py:190} INFO - [2024-11-06T01:19:17.420+0000] {dagbag.py:588} INFO - Filling up the DagBag from /opt/airflow/dags/second_dag.py
[2024-11-06T01:19:17.550+0000] {processor.py:925} INFO - DAG(s) 'indices_provincias_v05' retrieved from /opt/airflow/dags/second_dag.py
[2024-11-06T01:19:17.577+0000] {logging_mixin.py:190} INFO - [2024-11-06T01:19:17.576+0000] {dag.py:3239} INFO - Sync 1 DAGs
[2024-11-06T01:19:17.608+0000] {logging_mixin.py:190} INFO - [2024-11-06T01:19:17.608+0000] {dag.py:4180} INFO - Setting next_dagrun for indices_provincias_v05 to 2024-11-06 00:00:00+00:00, run_after=2024-11-07 00:00:00+00:00
[2024-11-06T01:19:17.633+0000] {processor.py:208} INFO - Processing /opt/airflow/dags/second_dag.py took 0.229 seconds
[2024-11-06T01:19:48.129+0000] {processor.py:186} INFO - Started process (PID=4305) to work on /opt/airflow/dags/second_dag.py
[2024-11-06T01:19:48.130+0000] {processor.py:914} INFO - Processing file /opt/airflow/dags/second_dag.py for tasks to queue
[2024-11-06T01:19:48.134+0000] {logging_mixin.py:190} INFO - [2024-11-06T01:19:48.133+0000] {dagbag.py:588} INFO - Filling up the DagBag from /opt/airflow/dags/second_dag.py
[2024-11-06T01:19:48.254+0000] {processor.py:925} INFO - DAG(s) 'indices_provincias_v05' retrieved from /opt/airflow/dags/second_dag.py
[2024-11-06T01:19:48.280+0000] {logging_mixin.py:190} INFO - [2024-11-06T01:19:48.280+0000] {dag.py:3239} INFO - Sync 1 DAGs
[2024-11-06T01:19:48.310+0000] {logging_mixin.py:190} INFO - [2024-11-06T01:19:48.310+0000] {dag.py:4180} INFO - Setting next_dagrun for indices_provincias_v05 to 2024-11-06 00:00:00+00:00, run_after=2024-11-07 00:00:00+00:00
[2024-11-06T01:19:48.332+0000] {processor.py:208} INFO - Processing /opt/airflow/dags/second_dag.py took 0.214 seconds
[2024-11-06T01:20:19.007+0000] {processor.py:186} INFO - Started process (PID=4341) to work on /opt/airflow/dags/second_dag.py
[2024-11-06T01:20:19.008+0000] {processor.py:914} INFO - Processing file /opt/airflow/dags/second_dag.py for tasks to queue
[2024-11-06T01:20:19.011+0000] {logging_mixin.py:190} INFO - [2024-11-06T01:20:19.011+0000] {dagbag.py:588} INFO - Filling up the DagBag from /opt/airflow/dags/second_dag.py
[2024-11-06T01:20:19.114+0000] {processor.py:925} INFO - DAG(s) 'indices_provincias_v05' retrieved from /opt/airflow/dags/second_dag.py
[2024-11-06T01:20:19.141+0000] {logging_mixin.py:190} INFO - [2024-11-06T01:20:19.141+0000] {dag.py:3239} INFO - Sync 1 DAGs
[2024-11-06T01:20:19.174+0000] {logging_mixin.py:190} INFO - [2024-11-06T01:20:19.173+0000] {dag.py:4180} INFO - Setting next_dagrun for indices_provincias_v05 to 2024-11-06 00:00:00+00:00, run_after=2024-11-07 00:00:00+00:00
[2024-11-06T01:20:19.198+0000] {processor.py:208} INFO - Processing /opt/airflow/dags/second_dag.py took 0.200 seconds
[2024-11-06T01:20:49.692+0000] {processor.py:186} INFO - Started process (PID=4377) to work on /opt/airflow/dags/second_dag.py
[2024-11-06T01:20:49.692+0000] {processor.py:914} INFO - Processing file /opt/airflow/dags/second_dag.py for tasks to queue
[2024-11-06T01:20:49.694+0000] {logging_mixin.py:190} INFO - [2024-11-06T01:20:49.694+0000] {dagbag.py:588} INFO - Filling up the DagBag from /opt/airflow/dags/second_dag.py
[2024-11-06T01:20:49.798+0000] {processor.py:925} INFO - DAG(s) 'indices_provincias_v05' retrieved from /opt/airflow/dags/second_dag.py
[2024-11-06T01:20:49.831+0000] {logging_mixin.py:190} INFO - [2024-11-06T01:20:49.831+0000] {dag.py:3239} INFO - Sync 1 DAGs
[2024-11-06T01:20:49.872+0000] {logging_mixin.py:190} INFO - [2024-11-06T01:20:49.872+0000] {dag.py:4180} INFO - Setting next_dagrun for indices_provincias_v05 to 2024-11-06 00:00:00+00:00, run_after=2024-11-07 00:00:00+00:00
[2024-11-06T01:20:49.895+0000] {processor.py:208} INFO - Processing /opt/airflow/dags/second_dag.py took 0.211 seconds
[2024-11-06T01:21:20.351+0000] {processor.py:186} INFO - Started process (PID=4413) to work on /opt/airflow/dags/second_dag.py
[2024-11-06T01:21:20.352+0000] {processor.py:914} INFO - Processing file /opt/airflow/dags/second_dag.py for tasks to queue
[2024-11-06T01:21:20.354+0000] {logging_mixin.py:190} INFO - [2024-11-06T01:21:20.354+0000] {dagbag.py:588} INFO - Filling up the DagBag from /opt/airflow/dags/second_dag.py
[2024-11-06T01:21:20.462+0000] {processor.py:925} INFO - DAG(s) 'indices_provincias_v05' retrieved from /opt/airflow/dags/second_dag.py
[2024-11-06T01:21:20.487+0000] {logging_mixin.py:190} INFO - [2024-11-06T01:21:20.487+0000] {dag.py:3239} INFO - Sync 1 DAGs
[2024-11-06T01:21:20.517+0000] {logging_mixin.py:190} INFO - [2024-11-06T01:21:20.516+0000] {dag.py:4180} INFO - Setting next_dagrun for indices_provincias_v05 to 2024-11-06 00:00:00+00:00, run_after=2024-11-07 00:00:00+00:00
[2024-11-06T01:21:20.537+0000] {processor.py:208} INFO - Processing /opt/airflow/dags/second_dag.py took 0.192 seconds
[2024-11-06T01:21:51.003+0000] {processor.py:186} INFO - Started process (PID=4449) to work on /opt/airflow/dags/second_dag.py
[2024-11-06T01:21:51.004+0000] {processor.py:914} INFO - Processing file /opt/airflow/dags/second_dag.py for tasks to queue
[2024-11-06T01:21:51.008+0000] {logging_mixin.py:190} INFO - [2024-11-06T01:21:51.007+0000] {dagbag.py:588} INFO - Filling up the DagBag from /opt/airflow/dags/second_dag.py
[2024-11-06T01:21:51.135+0000] {processor.py:925} INFO - DAG(s) 'indices_provincias_v05' retrieved from /opt/airflow/dags/second_dag.py
[2024-11-06T01:21:51.170+0000] {logging_mixin.py:190} INFO - [2024-11-06T01:21:51.170+0000] {dag.py:3239} INFO - Sync 1 DAGs
[2024-11-06T01:21:51.204+0000] {logging_mixin.py:190} INFO - [2024-11-06T01:21:51.203+0000] {dag.py:4180} INFO - Setting next_dagrun for indices_provincias_v05 to 2024-11-06 00:00:00+00:00, run_after=2024-11-07 00:00:00+00:00
[2024-11-06T01:21:51.226+0000] {processor.py:208} INFO - Processing /opt/airflow/dags/second_dag.py took 0.232 seconds
[2024-11-06T01:22:21.922+0000] {processor.py:186} INFO - Started process (PID=4485) to work on /opt/airflow/dags/second_dag.py
[2024-11-06T01:22:21.923+0000] {processor.py:914} INFO - Processing file /opt/airflow/dags/second_dag.py for tasks to queue
[2024-11-06T01:22:21.926+0000] {logging_mixin.py:190} INFO - [2024-11-06T01:22:21.926+0000] {dagbag.py:588} INFO - Filling up the DagBag from /opt/airflow/dags/second_dag.py
[2024-11-06T01:22:22.035+0000] {processor.py:925} INFO - DAG(s) 'indices_provincias_v05' retrieved from /opt/airflow/dags/second_dag.py
[2024-11-06T01:22:22.069+0000] {logging_mixin.py:190} INFO - [2024-11-06T01:22:22.069+0000] {dag.py:3239} INFO - Sync 1 DAGs
[2024-11-06T01:22:22.105+0000] {logging_mixin.py:190} INFO - [2024-11-06T01:22:22.105+0000] {dag.py:4180} INFO - Setting next_dagrun for indices_provincias_v05 to 2024-11-06 00:00:00+00:00, run_after=2024-11-07 00:00:00+00:00
[2024-11-06T01:22:22.126+0000] {processor.py:208} INFO - Processing /opt/airflow/dags/second_dag.py took 0.213 seconds
[2024-11-06T01:22:52.622+0000] {processor.py:186} INFO - Started process (PID=4527) to work on /opt/airflow/dags/second_dag.py
[2024-11-06T01:22:52.623+0000] {processor.py:914} INFO - Processing file /opt/airflow/dags/second_dag.py for tasks to queue
[2024-11-06T01:22:52.627+0000] {logging_mixin.py:190} INFO - [2024-11-06T01:22:52.626+0000] {dagbag.py:588} INFO - Filling up the DagBag from /opt/airflow/dags/second_dag.py
[2024-11-06T01:22:52.788+0000] {processor.py:925} INFO - DAG(s) 'indices_provincias_v05' retrieved from /opt/airflow/dags/second_dag.py
[2024-11-06T01:22:52.826+0000] {logging_mixin.py:190} INFO - [2024-11-06T01:22:52.825+0000] {dag.py:3239} INFO - Sync 1 DAGs
[2024-11-06T01:22:52.866+0000] {logging_mixin.py:190} INFO - [2024-11-06T01:22:52.866+0000] {dag.py:4180} INFO - Setting next_dagrun for indices_provincias_v05 to 2024-11-06 00:00:00+00:00, run_after=2024-11-07 00:00:00+00:00
[2024-11-06T01:22:52.899+0000] {processor.py:208} INFO - Processing /opt/airflow/dags/second_dag.py took 0.286 seconds
[2024-11-06T01:23:23.146+0000] {processor.py:186} INFO - Started process (PID=4563) to work on /opt/airflow/dags/second_dag.py
[2024-11-06T01:23:23.147+0000] {processor.py:914} INFO - Processing file /opt/airflow/dags/second_dag.py for tasks to queue
[2024-11-06T01:23:23.149+0000] {logging_mixin.py:190} INFO - [2024-11-06T01:23:23.149+0000] {dagbag.py:588} INFO - Filling up the DagBag from /opt/airflow/dags/second_dag.py
[2024-11-06T01:23:23.253+0000] {processor.py:925} INFO - DAG(s) 'indices_provincias_v05' retrieved from /opt/airflow/dags/second_dag.py
[2024-11-06T01:23:23.279+0000] {logging_mixin.py:190} INFO - [2024-11-06T01:23:23.278+0000] {dag.py:3239} INFO - Sync 1 DAGs
[2024-11-06T01:23:23.308+0000] {logging_mixin.py:190} INFO - [2024-11-06T01:23:23.308+0000] {dag.py:4180} INFO - Setting next_dagrun for indices_provincias_v05 to 2024-11-06 00:00:00+00:00, run_after=2024-11-07 00:00:00+00:00
[2024-11-06T01:23:23.329+0000] {processor.py:208} INFO - Processing /opt/airflow/dags/second_dag.py took 0.190 seconds
[2024-11-06T01:23:53.861+0000] {processor.py:186} INFO - Started process (PID=4599) to work on /opt/airflow/dags/second_dag.py
[2024-11-06T01:23:53.862+0000] {processor.py:914} INFO - Processing file /opt/airflow/dags/second_dag.py for tasks to queue
[2024-11-06T01:23:53.864+0000] {logging_mixin.py:190} INFO - [2024-11-06T01:23:53.864+0000] {dagbag.py:588} INFO - Filling up the DagBag from /opt/airflow/dags/second_dag.py
[2024-11-06T01:23:53.967+0000] {processor.py:925} INFO - DAG(s) 'indices_provincias_v05' retrieved from /opt/airflow/dags/second_dag.py
[2024-11-06T01:23:53.992+0000] {logging_mixin.py:190} INFO - [2024-11-06T01:23:53.992+0000] {dag.py:3239} INFO - Sync 1 DAGs
[2024-11-06T01:23:54.026+0000] {logging_mixin.py:190} INFO - [2024-11-06T01:23:54.025+0000] {dag.py:4180} INFO - Setting next_dagrun for indices_provincias_v05 to 2024-11-06 00:00:00+00:00, run_after=2024-11-07 00:00:00+00:00
[2024-11-06T01:23:54.046+0000] {processor.py:208} INFO - Processing /opt/airflow/dags/second_dag.py took 0.194 seconds
[2024-11-06T01:24:24.543+0000] {processor.py:186} INFO - Started process (PID=4635) to work on /opt/airflow/dags/second_dag.py
[2024-11-06T01:24:24.544+0000] {processor.py:914} INFO - Processing file /opt/airflow/dags/second_dag.py for tasks to queue
[2024-11-06T01:24:24.547+0000] {logging_mixin.py:190} INFO - [2024-11-06T01:24:24.547+0000] {dagbag.py:588} INFO - Filling up the DagBag from /opt/airflow/dags/second_dag.py
[2024-11-06T01:24:24.649+0000] {processor.py:925} INFO - DAG(s) 'indices_provincias_v05' retrieved from /opt/airflow/dags/second_dag.py
[2024-11-06T01:24:24.677+0000] {logging_mixin.py:190} INFO - [2024-11-06T01:24:24.676+0000] {dag.py:3239} INFO - Sync 1 DAGs
[2024-11-06T01:24:24.711+0000] {logging_mixin.py:190} INFO - [2024-11-06T01:24:24.711+0000] {dag.py:4180} INFO - Setting next_dagrun for indices_provincias_v05 to 2024-11-06 00:00:00+00:00, run_after=2024-11-07 00:00:00+00:00
[2024-11-06T01:24:24.735+0000] {processor.py:208} INFO - Processing /opt/airflow/dags/second_dag.py took 0.199 seconds
[2024-11-06T01:24:55.401+0000] {processor.py:186} INFO - Started process (PID=4671) to work on /opt/airflow/dags/second_dag.py
[2024-11-06T01:24:55.402+0000] {processor.py:914} INFO - Processing file /opt/airflow/dags/second_dag.py for tasks to queue
[2024-11-06T01:24:55.404+0000] {logging_mixin.py:190} INFO - [2024-11-06T01:24:55.404+0000] {dagbag.py:588} INFO - Filling up the DagBag from /opt/airflow/dags/second_dag.py
[2024-11-06T01:24:55.524+0000] {processor.py:925} INFO - DAG(s) 'indices_provincias_v05' retrieved from /opt/airflow/dags/second_dag.py
[2024-11-06T01:24:55.558+0000] {logging_mixin.py:190} INFO - [2024-11-06T01:24:55.558+0000] {dag.py:3239} INFO - Sync 1 DAGs
[2024-11-06T01:24:55.598+0000] {logging_mixin.py:190} INFO - [2024-11-06T01:24:55.598+0000] {dag.py:4180} INFO - Setting next_dagrun for indices_provincias_v05 to 2024-11-06 00:00:00+00:00, run_after=2024-11-07 00:00:00+00:00
[2024-11-06T01:24:55.621+0000] {processor.py:208} INFO - Processing /opt/airflow/dags/second_dag.py took 0.230 seconds
[2024-11-06T01:25:26.306+0000] {processor.py:186} INFO - Started process (PID=4707) to work on /opt/airflow/dags/second_dag.py
[2024-11-06T01:25:26.307+0000] {processor.py:914} INFO - Processing file /opt/airflow/dags/second_dag.py for tasks to queue
[2024-11-06T01:25:26.309+0000] {logging_mixin.py:190} INFO - [2024-11-06T01:25:26.309+0000] {dagbag.py:588} INFO - Filling up the DagBag from /opt/airflow/dags/second_dag.py
[2024-11-06T01:25:26.413+0000] {processor.py:925} INFO - DAG(s) 'indices_provincias_v05' retrieved from /opt/airflow/dags/second_dag.py
[2024-11-06T01:25:26.440+0000] {logging_mixin.py:190} INFO - [2024-11-06T01:25:26.440+0000] {dag.py:3239} INFO - Sync 1 DAGs
[2024-11-06T01:25:26.472+0000] {logging_mixin.py:190} INFO - [2024-11-06T01:25:26.472+0000] {dag.py:4180} INFO - Setting next_dagrun for indices_provincias_v05 to 2024-11-06 00:00:00+00:00, run_after=2024-11-07 00:00:00+00:00
[2024-11-06T01:25:26.493+0000] {processor.py:208} INFO - Processing /opt/airflow/dags/second_dag.py took 0.194 seconds
[2024-11-06T01:25:56.964+0000] {processor.py:186} INFO - Started process (PID=4743) to work on /opt/airflow/dags/second_dag.py
[2024-11-06T01:25:56.965+0000] {processor.py:914} INFO - Processing file /opt/airflow/dags/second_dag.py for tasks to queue
[2024-11-06T01:25:56.967+0000] {logging_mixin.py:190} INFO - [2024-11-06T01:25:56.967+0000] {dagbag.py:588} INFO - Filling up the DagBag from /opt/airflow/dags/second_dag.py
[2024-11-06T01:25:57.074+0000] {processor.py:925} INFO - DAG(s) 'indices_provincias_v05' retrieved from /opt/airflow/dags/second_dag.py
[2024-11-06T01:25:57.109+0000] {logging_mixin.py:190} INFO - [2024-11-06T01:25:57.109+0000] {dag.py:3239} INFO - Sync 1 DAGs
[2024-11-06T01:25:57.143+0000] {logging_mixin.py:190} INFO - [2024-11-06T01:25:57.143+0000] {dag.py:4180} INFO - Setting next_dagrun for indices_provincias_v05 to 2024-11-06 00:00:00+00:00, run_after=2024-11-07 00:00:00+00:00
[2024-11-06T01:25:57.166+0000] {processor.py:208} INFO - Processing /opt/airflow/dags/second_dag.py took 0.209 seconds
[2024-11-06T01:26:27.834+0000] {processor.py:186} INFO - Started process (PID=4779) to work on /opt/airflow/dags/second_dag.py
[2024-11-06T01:26:27.835+0000] {processor.py:914} INFO - Processing file /opt/airflow/dags/second_dag.py for tasks to queue
[2024-11-06T01:26:27.838+0000] {logging_mixin.py:190} INFO - [2024-11-06T01:26:27.838+0000] {dagbag.py:588} INFO - Filling up the DagBag from /opt/airflow/dags/second_dag.py
[2024-11-06T01:26:27.944+0000] {processor.py:925} INFO - DAG(s) 'indices_provincias_v05' retrieved from /opt/airflow/dags/second_dag.py
[2024-11-06T01:26:27.969+0000] {logging_mixin.py:190} INFO - [2024-11-06T01:26:27.969+0000] {dag.py:3239} INFO - Sync 1 DAGs
[2024-11-06T01:26:27.998+0000] {logging_mixin.py:190} INFO - [2024-11-06T01:26:27.998+0000] {dag.py:4180} INFO - Setting next_dagrun for indices_provincias_v05 to 2024-11-06 00:00:00+00:00, run_after=2024-11-07 00:00:00+00:00
[2024-11-06T01:26:28.019+0000] {processor.py:208} INFO - Processing /opt/airflow/dags/second_dag.py took 0.194 seconds
[2024-11-06T01:26:58.715+0000] {processor.py:186} INFO - Started process (PID=4815) to work on /opt/airflow/dags/second_dag.py
[2024-11-06T01:26:58.716+0000] {processor.py:914} INFO - Processing file /opt/airflow/dags/second_dag.py for tasks to queue
[2024-11-06T01:26:58.719+0000] {logging_mixin.py:190} INFO - [2024-11-06T01:26:58.718+0000] {dagbag.py:588} INFO - Filling up the DagBag from /opt/airflow/dags/second_dag.py
[2024-11-06T01:26:58.832+0000] {processor.py:925} INFO - DAG(s) 'indices_provincias_v05' retrieved from /opt/airflow/dags/second_dag.py
[2024-11-06T01:26:58.864+0000] {logging_mixin.py:190} INFO - [2024-11-06T01:26:58.864+0000] {dag.py:3239} INFO - Sync 1 DAGs
[2024-11-06T01:26:58.897+0000] {logging_mixin.py:190} INFO - [2024-11-06T01:26:58.897+0000] {dag.py:4180} INFO - Setting next_dagrun for indices_provincias_v05 to 2024-11-06 00:00:00+00:00, run_after=2024-11-07 00:00:00+00:00
[2024-11-06T01:26:58.919+0000] {processor.py:208} INFO - Processing /opt/airflow/dags/second_dag.py took 0.214 seconds
[2024-11-06T01:27:29.392+0000] {processor.py:186} INFO - Started process (PID=4851) to work on /opt/airflow/dags/second_dag.py
[2024-11-06T01:27:29.394+0000] {processor.py:914} INFO - Processing file /opt/airflow/dags/second_dag.py for tasks to queue
[2024-11-06T01:27:29.396+0000] {logging_mixin.py:190} INFO - [2024-11-06T01:27:29.396+0000] {dagbag.py:588} INFO - Filling up the DagBag from /opt/airflow/dags/second_dag.py
[2024-11-06T01:27:29.510+0000] {processor.py:925} INFO - DAG(s) 'indices_provincias_v05' retrieved from /opt/airflow/dags/second_dag.py
[2024-11-06T01:27:29.539+0000] {logging_mixin.py:190} INFO - [2024-11-06T01:27:29.539+0000] {dag.py:3239} INFO - Sync 1 DAGs
[2024-11-06T01:27:29.569+0000] {logging_mixin.py:190} INFO - [2024-11-06T01:27:29.569+0000] {dag.py:4180} INFO - Setting next_dagrun for indices_provincias_v05 to 2024-11-06 00:00:00+00:00, run_after=2024-11-07 00:00:00+00:00
[2024-11-06T01:27:29.592+0000] {processor.py:208} INFO - Processing /opt/airflow/dags/second_dag.py took 0.210 seconds
[2024-11-06T01:28:00.302+0000] {processor.py:186} INFO - Started process (PID=4887) to work on /opt/airflow/dags/second_dag.py
[2024-11-06T01:28:00.303+0000] {processor.py:914} INFO - Processing file /opt/airflow/dags/second_dag.py for tasks to queue
[2024-11-06T01:28:00.306+0000] {logging_mixin.py:190} INFO - [2024-11-06T01:28:00.305+0000] {dagbag.py:588} INFO - Filling up the DagBag from /opt/airflow/dags/second_dag.py
[2024-11-06T01:28:00.410+0000] {processor.py:925} INFO - DAG(s) 'indices_provincias_v05' retrieved from /opt/airflow/dags/second_dag.py
[2024-11-06T01:28:00.437+0000] {logging_mixin.py:190} INFO - [2024-11-06T01:28:00.436+0000] {dag.py:3239} INFO - Sync 1 DAGs
[2024-11-06T01:28:00.467+0000] {logging_mixin.py:190} INFO - [2024-11-06T01:28:00.467+0000] {dag.py:4180} INFO - Setting next_dagrun for indices_provincias_v05 to 2024-11-06 00:00:00+00:00, run_after=2024-11-07 00:00:00+00:00
[2024-11-06T01:28:00.488+0000] {processor.py:208} INFO - Processing /opt/airflow/dags/second_dag.py took 0.195 seconds
[2024-11-06T01:28:31.215+0000] {processor.py:186} INFO - Started process (PID=4923) to work on /opt/airflow/dags/second_dag.py
[2024-11-06T01:28:31.216+0000] {processor.py:914} INFO - Processing file /opt/airflow/dags/second_dag.py for tasks to queue
[2024-11-06T01:28:31.220+0000] {logging_mixin.py:190} INFO - [2024-11-06T01:28:31.219+0000] {dagbag.py:588} INFO - Filling up the DagBag from /opt/airflow/dags/second_dag.py
[2024-11-06T01:28:31.329+0000] {processor.py:925} INFO - DAG(s) 'indices_provincias_v05' retrieved from /opt/airflow/dags/second_dag.py
[2024-11-06T01:28:31.363+0000] {logging_mixin.py:190} INFO - [2024-11-06T01:28:31.363+0000] {dag.py:3239} INFO - Sync 1 DAGs
[2024-11-06T01:28:31.399+0000] {logging_mixin.py:190} INFO - [2024-11-06T01:28:31.398+0000] {dag.py:4180} INFO - Setting next_dagrun for indices_provincias_v05 to 2024-11-06 00:00:00+00:00, run_after=2024-11-07 00:00:00+00:00
[2024-11-06T01:28:31.423+0000] {processor.py:208} INFO - Processing /opt/airflow/dags/second_dag.py took 0.218 seconds
[2024-11-06T01:29:01.899+0000] {processor.py:186} INFO - Started process (PID=4959) to work on /opt/airflow/dags/second_dag.py
[2024-11-06T01:29:01.900+0000] {processor.py:914} INFO - Processing file /opt/airflow/dags/second_dag.py for tasks to queue
[2024-11-06T01:29:01.904+0000] {logging_mixin.py:190} INFO - [2024-11-06T01:29:01.904+0000] {dagbag.py:588} INFO - Filling up the DagBag from /opt/airflow/dags/second_dag.py
[2024-11-06T01:29:02.009+0000] {processor.py:925} INFO - DAG(s) 'indices_provincias_v05' retrieved from /opt/airflow/dags/second_dag.py
[2024-11-06T01:29:02.040+0000] {logging_mixin.py:190} INFO - [2024-11-06T01:29:02.040+0000] {dag.py:3239} INFO - Sync 1 DAGs
[2024-11-06T01:29:02.075+0000] {logging_mixin.py:190} INFO - [2024-11-06T01:29:02.075+0000] {dag.py:4180} INFO - Setting next_dagrun for indices_provincias_v05 to 2024-11-06 00:00:00+00:00, run_after=2024-11-07 00:00:00+00:00
[2024-11-06T01:29:02.095+0000] {processor.py:208} INFO - Processing /opt/airflow/dags/second_dag.py took 0.208 seconds
[2024-11-06T01:29:32.816+0000] {processor.py:186} INFO - Started process (PID=4995) to work on /opt/airflow/dags/second_dag.py
[2024-11-06T01:29:32.818+0000] {processor.py:914} INFO - Processing file /opt/airflow/dags/second_dag.py for tasks to queue
[2024-11-06T01:29:32.821+0000] {logging_mixin.py:190} INFO - [2024-11-06T01:29:32.820+0000] {dagbag.py:588} INFO - Filling up the DagBag from /opt/airflow/dags/second_dag.py
[2024-11-06T01:29:32.932+0000] {processor.py:925} INFO - DAG(s) 'indices_provincias_v05' retrieved from /opt/airflow/dags/second_dag.py
[2024-11-06T01:29:32.959+0000] {logging_mixin.py:190} INFO - [2024-11-06T01:29:32.958+0000] {dag.py:3239} INFO - Sync 1 DAGs
[2024-11-06T01:29:32.989+0000] {logging_mixin.py:190} INFO - [2024-11-06T01:29:32.988+0000] {dag.py:4180} INFO - Setting next_dagrun for indices_provincias_v05 to 2024-11-06 00:00:00+00:00, run_after=2024-11-07 00:00:00+00:00
[2024-11-06T01:29:33.008+0000] {processor.py:208} INFO - Processing /opt/airflow/dags/second_dag.py took 0.202 seconds
[2024-11-06T01:30:03.760+0000] {processor.py:186} INFO - Started process (PID=5030) to work on /opt/airflow/dags/second_dag.py
[2024-11-06T01:30:03.761+0000] {processor.py:914} INFO - Processing file /opt/airflow/dags/second_dag.py for tasks to queue
[2024-11-06T01:30:03.764+0000] {logging_mixin.py:190} INFO - [2024-11-06T01:30:03.764+0000] {dagbag.py:588} INFO - Filling up the DagBag from /opt/airflow/dags/second_dag.py
[2024-11-06T01:30:03.866+0000] {processor.py:925} INFO - DAG(s) 'indices_provincias_v05' retrieved from /opt/airflow/dags/second_dag.py
[2024-11-06T01:30:03.901+0000] {logging_mixin.py:190} INFO - [2024-11-06T01:30:03.901+0000] {dag.py:3239} INFO - Sync 1 DAGs
[2024-11-06T01:30:03.939+0000] {logging_mixin.py:190} INFO - [2024-11-06T01:30:03.939+0000] {dag.py:4180} INFO - Setting next_dagrun for indices_provincias_v05 to 2024-11-06 00:00:00+00:00, run_after=2024-11-07 00:00:00+00:00
[2024-11-06T01:30:03.962+0000] {processor.py:208} INFO - Processing /opt/airflow/dags/second_dag.py took 0.208 seconds
[2024-11-06T01:30:34.422+0000] {processor.py:186} INFO - Started process (PID=5067) to work on /opt/airflow/dags/second_dag.py
[2024-11-06T01:30:34.423+0000] {processor.py:914} INFO - Processing file /opt/airflow/dags/second_dag.py for tasks to queue
[2024-11-06T01:30:34.426+0000] {logging_mixin.py:190} INFO - [2024-11-06T01:30:34.425+0000] {dagbag.py:588} INFO - Filling up the DagBag from /opt/airflow/dags/second_dag.py
[2024-11-06T01:30:34.529+0000] {processor.py:925} INFO - DAG(s) 'indices_provincias_v05' retrieved from /opt/airflow/dags/second_dag.py
[2024-11-06T01:30:34.563+0000] {logging_mixin.py:190} INFO - [2024-11-06T01:30:34.562+0000] {dag.py:3239} INFO - Sync 1 DAGs
[2024-11-06T01:30:34.602+0000] {logging_mixin.py:190} INFO - [2024-11-06T01:30:34.601+0000] {dag.py:4180} INFO - Setting next_dagrun for indices_provincias_v05 to 2024-11-06 00:00:00+00:00, run_after=2024-11-07 00:00:00+00:00
[2024-11-06T01:30:34.626+0000] {processor.py:208} INFO - Processing /opt/airflow/dags/second_dag.py took 0.211 seconds
[2024-11-06T01:31:05.348+0000] {processor.py:186} INFO - Started process (PID=5103) to work on /opt/airflow/dags/second_dag.py
[2024-11-06T01:31:05.349+0000] {processor.py:914} INFO - Processing file /opt/airflow/dags/second_dag.py for tasks to queue
[2024-11-06T01:31:05.351+0000] {logging_mixin.py:190} INFO - [2024-11-06T01:31:05.351+0000] {dagbag.py:588} INFO - Filling up the DagBag from /opt/airflow/dags/second_dag.py
[2024-11-06T01:31:05.457+0000] {processor.py:925} INFO - DAG(s) 'indices_provincias_v05' retrieved from /opt/airflow/dags/second_dag.py
[2024-11-06T01:31:05.491+0000] {logging_mixin.py:190} INFO - [2024-11-06T01:31:05.491+0000] {dag.py:3239} INFO - Sync 1 DAGs
[2024-11-06T01:31:05.526+0000] {logging_mixin.py:190} INFO - [2024-11-06T01:31:05.525+0000] {dag.py:4180} INFO - Setting next_dagrun for indices_provincias_v05 to 2024-11-06 00:00:00+00:00, run_after=2024-11-07 00:00:00+00:00
[2024-11-06T01:31:05.545+0000] {processor.py:208} INFO - Processing /opt/airflow/dags/second_dag.py took 0.207 seconds
[2024-11-06T01:31:36.025+0000] {processor.py:186} INFO - Started process (PID=5139) to work on /opt/airflow/dags/second_dag.py
[2024-11-06T01:31:36.027+0000] {processor.py:914} INFO - Processing file /opt/airflow/dags/second_dag.py for tasks to queue
[2024-11-06T01:31:36.030+0000] {logging_mixin.py:190} INFO - [2024-11-06T01:31:36.029+0000] {dagbag.py:588} INFO - Filling up the DagBag from /opt/airflow/dags/second_dag.py
[2024-11-06T01:31:36.187+0000] {processor.py:925} INFO - DAG(s) 'indices_provincias_v05' retrieved from /opt/airflow/dags/second_dag.py
[2024-11-06T01:31:36.214+0000] {logging_mixin.py:190} INFO - [2024-11-06T01:31:36.214+0000] {dag.py:3239} INFO - Sync 1 DAGs
[2024-11-06T01:31:36.244+0000] {logging_mixin.py:190} INFO - [2024-11-06T01:31:36.244+0000] {dag.py:4180} INFO - Setting next_dagrun for indices_provincias_v05 to 2024-11-06 00:00:00+00:00, run_after=2024-11-07 00:00:00+00:00
[2024-11-06T01:31:36.264+0000] {processor.py:208} INFO - Processing /opt/airflow/dags/second_dag.py took 0.248 seconds
[2024-11-06T01:32:06.747+0000] {processor.py:186} INFO - Started process (PID=5175) to work on /opt/airflow/dags/second_dag.py
[2024-11-06T01:32:06.749+0000] {processor.py:914} INFO - Processing file /opt/airflow/dags/second_dag.py for tasks to queue
[2024-11-06T01:32:06.754+0000] {logging_mixin.py:190} INFO - [2024-11-06T01:32:06.753+0000] {dagbag.py:588} INFO - Filling up the DagBag from /opt/airflow/dags/second_dag.py
[2024-11-06T01:32:06.877+0000] {processor.py:925} INFO - DAG(s) 'indices_provincias_v05' retrieved from /opt/airflow/dags/second_dag.py
[2024-11-06T01:32:06.913+0000] {logging_mixin.py:190} INFO - [2024-11-06T01:32:06.912+0000] {dag.py:3239} INFO - Sync 1 DAGs
[2024-11-06T01:32:06.953+0000] {logging_mixin.py:190} INFO - [2024-11-06T01:32:06.953+0000] {dag.py:4180} INFO - Setting next_dagrun for indices_provincias_v05 to 2024-11-06 00:00:00+00:00, run_after=2024-11-07 00:00:00+00:00
[2024-11-06T01:32:06.973+0000] {processor.py:208} INFO - Processing /opt/airflow/dags/second_dag.py took 0.237 seconds
[2024-11-06T01:32:37.607+0000] {processor.py:186} INFO - Started process (PID=5211) to work on /opt/airflow/dags/second_dag.py
[2024-11-06T01:32:37.608+0000] {processor.py:914} INFO - Processing file /opt/airflow/dags/second_dag.py for tasks to queue
[2024-11-06T01:32:37.612+0000] {logging_mixin.py:190} INFO - [2024-11-06T01:32:37.612+0000] {dagbag.py:588} INFO - Filling up the DagBag from /opt/airflow/dags/second_dag.py
[2024-11-06T01:32:37.753+0000] {processor.py:925} INFO - DAG(s) 'indices_provincias_v05' retrieved from /opt/airflow/dags/second_dag.py
[2024-11-06T01:32:37.788+0000] {logging_mixin.py:190} INFO - [2024-11-06T01:32:37.788+0000] {dag.py:3239} INFO - Sync 1 DAGs
[2024-11-06T01:32:37.825+0000] {logging_mixin.py:190} INFO - [2024-11-06T01:32:37.825+0000] {dag.py:4180} INFO - Setting next_dagrun for indices_provincias_v05 to 2024-11-06 00:00:00+00:00, run_after=2024-11-07 00:00:00+00:00
[2024-11-06T01:32:37.850+0000] {processor.py:208} INFO - Processing /opt/airflow/dags/second_dag.py took 0.253 seconds
[2024-11-06T01:33:08.556+0000] {processor.py:186} INFO - Started process (PID=5247) to work on /opt/airflow/dags/second_dag.py
[2024-11-06T01:33:08.557+0000] {processor.py:914} INFO - Processing file /opt/airflow/dags/second_dag.py for tasks to queue
[2024-11-06T01:33:08.559+0000] {logging_mixin.py:190} INFO - [2024-11-06T01:33:08.559+0000] {dagbag.py:588} INFO - Filling up the DagBag from /opt/airflow/dags/second_dag.py
[2024-11-06T01:33:08.662+0000] {processor.py:925} INFO - DAG(s) 'indices_provincias_v05' retrieved from /opt/airflow/dags/second_dag.py
[2024-11-06T01:33:08.691+0000] {logging_mixin.py:190} INFO - [2024-11-06T01:33:08.691+0000] {dag.py:3239} INFO - Sync 1 DAGs
[2024-11-06T01:33:08.723+0000] {logging_mixin.py:190} INFO - [2024-11-06T01:33:08.722+0000] {dag.py:4180} INFO - Setting next_dagrun for indices_provincias_v05 to 2024-11-06 00:00:00+00:00, run_after=2024-11-07 00:00:00+00:00
[2024-11-06T01:33:08.745+0000] {processor.py:208} INFO - Processing /opt/airflow/dags/second_dag.py took 0.197 seconds
[2024-11-06T01:33:39.207+0000] {processor.py:186} INFO - Started process (PID=5283) to work on /opt/airflow/dags/second_dag.py
[2024-11-06T01:33:39.208+0000] {processor.py:914} INFO - Processing file /opt/airflow/dags/second_dag.py for tasks to queue
[2024-11-06T01:33:39.210+0000] {logging_mixin.py:190} INFO - [2024-11-06T01:33:39.210+0000] {dagbag.py:588} INFO - Filling up the DagBag from /opt/airflow/dags/second_dag.py
[2024-11-06T01:33:39.316+0000] {processor.py:925} INFO - DAG(s) 'indices_provincias_v05' retrieved from /opt/airflow/dags/second_dag.py
[2024-11-06T01:33:39.340+0000] {logging_mixin.py:190} INFO - [2024-11-06T01:33:39.340+0000] {dag.py:3239} INFO - Sync 1 DAGs
[2024-11-06T01:33:39.368+0000] {logging_mixin.py:190} INFO - [2024-11-06T01:33:39.368+0000] {dag.py:4180} INFO - Setting next_dagrun for indices_provincias_v05 to 2024-11-06 00:00:00+00:00, run_after=2024-11-07 00:00:00+00:00
[2024-11-06T01:33:39.387+0000] {processor.py:208} INFO - Processing /opt/airflow/dags/second_dag.py took 0.189 seconds
[2024-11-06T01:34:09.657+0000] {processor.py:186} INFO - Started process (PID=5319) to work on /opt/airflow/dags/second_dag.py
[2024-11-06T01:34:09.659+0000] {processor.py:914} INFO - Processing file /opt/airflow/dags/second_dag.py for tasks to queue
[2024-11-06T01:34:09.663+0000] {logging_mixin.py:190} INFO - [2024-11-06T01:34:09.662+0000] {dagbag.py:588} INFO - Filling up the DagBag from /opt/airflow/dags/second_dag.py
[2024-11-06T01:34:09.823+0000] {processor.py:925} INFO - DAG(s) 'indices_provincias_v05' retrieved from /opt/airflow/dags/second_dag.py
[2024-11-06T01:34:09.848+0000] {logging_mixin.py:190} INFO - [2024-11-06T01:34:09.848+0000] {dag.py:3239} INFO - Sync 1 DAGs
[2024-11-06T01:34:09.876+0000] {logging_mixin.py:190} INFO - [2024-11-06T01:34:09.875+0000] {dag.py:4180} INFO - Setting next_dagrun for indices_provincias_v05 to 2024-11-06 00:00:00+00:00, run_after=2024-11-07 00:00:00+00:00
[2024-11-06T01:34:09.897+0000] {processor.py:208} INFO - Processing /opt/airflow/dags/second_dag.py took 0.252 seconds
[2024-11-06T01:34:40.645+0000] {processor.py:186} INFO - Started process (PID=5355) to work on /opt/airflow/dags/second_dag.py
[2024-11-06T01:34:40.646+0000] {processor.py:914} INFO - Processing file /opt/airflow/dags/second_dag.py for tasks to queue
[2024-11-06T01:34:40.649+0000] {logging_mixin.py:190} INFO - [2024-11-06T01:34:40.649+0000] {dagbag.py:588} INFO - Filling up the DagBag from /opt/airflow/dags/second_dag.py
[2024-11-06T01:34:40.754+0000] {processor.py:925} INFO - DAG(s) 'indices_provincias_v05' retrieved from /opt/airflow/dags/second_dag.py
[2024-11-06T01:34:40.778+0000] {logging_mixin.py:190} INFO - [2024-11-06T01:34:40.778+0000] {dag.py:3239} INFO - Sync 1 DAGs
[2024-11-06T01:34:40.809+0000] {logging_mixin.py:190} INFO - [2024-11-06T01:34:40.809+0000] {dag.py:4180} INFO - Setting next_dagrun for indices_provincias_v05 to 2024-11-06 00:00:00+00:00, run_after=2024-11-07 00:00:00+00:00
[2024-11-06T01:34:40.830+0000] {processor.py:208} INFO - Processing /opt/airflow/dags/second_dag.py took 0.194 seconds
[2024-11-06T01:35:11.305+0000] {processor.py:186} INFO - Started process (PID=5391) to work on /opt/airflow/dags/second_dag.py
[2024-11-06T01:35:11.306+0000] {processor.py:914} INFO - Processing file /opt/airflow/dags/second_dag.py for tasks to queue
[2024-11-06T01:35:11.309+0000] {logging_mixin.py:190} INFO - [2024-11-06T01:35:11.308+0000] {dagbag.py:588} INFO - Filling up the DagBag from /opt/airflow/dags/second_dag.py
[2024-11-06T01:35:11.460+0000] {processor.py:925} INFO - DAG(s) 'indices_provincias_v05' retrieved from /opt/airflow/dags/second_dag.py
[2024-11-06T01:35:11.496+0000] {logging_mixin.py:190} INFO - [2024-11-06T01:35:11.496+0000] {dag.py:3239} INFO - Sync 1 DAGs
[2024-11-06T01:35:11.534+0000] {logging_mixin.py:190} INFO - [2024-11-06T01:35:11.534+0000] {dag.py:4180} INFO - Setting next_dagrun for indices_provincias_v05 to 2024-11-06 00:00:00+00:00, run_after=2024-11-07 00:00:00+00:00
[2024-11-06T01:35:11.557+0000] {processor.py:208} INFO - Processing /opt/airflow/dags/second_dag.py took 0.263 seconds
[2024-11-06T01:35:42.229+0000] {processor.py:186} INFO - Started process (PID=5427) to work on /opt/airflow/dags/second_dag.py
[2024-11-06T01:35:42.230+0000] {processor.py:914} INFO - Processing file /opt/airflow/dags/second_dag.py for tasks to queue
[2024-11-06T01:35:42.234+0000] {logging_mixin.py:190} INFO - [2024-11-06T01:35:42.233+0000] {dagbag.py:588} INFO - Filling up the DagBag from /opt/airflow/dags/second_dag.py
[2024-11-06T01:35:42.359+0000] {processor.py:925} INFO - DAG(s) 'indices_provincias_v05' retrieved from /opt/airflow/dags/second_dag.py
[2024-11-06T01:35:42.384+0000] {logging_mixin.py:190} INFO - [2024-11-06T01:35:42.384+0000] {dag.py:3239} INFO - Sync 1 DAGs
[2024-11-06T01:35:42.411+0000] {logging_mixin.py:190} INFO - [2024-11-06T01:35:42.411+0000] {dag.py:4180} INFO - Setting next_dagrun for indices_provincias_v05 to 2024-11-06 00:00:00+00:00, run_after=2024-11-07 00:00:00+00:00
[2024-11-06T01:35:42.431+0000] {processor.py:208} INFO - Processing /opt/airflow/dags/second_dag.py took 0.212 seconds
[2024-11-06T01:36:13.082+0000] {processor.py:186} INFO - Started process (PID=5463) to work on /opt/airflow/dags/second_dag.py
[2024-11-06T01:36:13.083+0000] {processor.py:914} INFO - Processing file /opt/airflow/dags/second_dag.py for tasks to queue
[2024-11-06T01:36:13.086+0000] {logging_mixin.py:190} INFO - [2024-11-06T01:36:13.085+0000] {dagbag.py:588} INFO - Filling up the DagBag from /opt/airflow/dags/second_dag.py
[2024-11-06T01:36:13.191+0000] {processor.py:925} INFO - DAG(s) 'indices_provincias_v05' retrieved from /opt/airflow/dags/second_dag.py
[2024-11-06T01:36:13.217+0000] {logging_mixin.py:190} INFO - [2024-11-06T01:36:13.217+0000] {dag.py:3239} INFO - Sync 1 DAGs
[2024-11-06T01:36:13.246+0000] {logging_mixin.py:190} INFO - [2024-11-06T01:36:13.245+0000] {dag.py:4180} INFO - Setting next_dagrun for indices_provincias_v05 to 2024-11-06 00:00:00+00:00, run_after=2024-11-07 00:00:00+00:00
[2024-11-06T01:36:13.267+0000] {processor.py:208} INFO - Processing /opt/airflow/dags/second_dag.py took 0.191 seconds
[2024-11-06T01:36:43.952+0000] {processor.py:186} INFO - Started process (PID=5499) to work on /opt/airflow/dags/second_dag.py
[2024-11-06T01:36:43.953+0000] {processor.py:914} INFO - Processing file /opt/airflow/dags/second_dag.py for tasks to queue
[2024-11-06T01:36:43.956+0000] {logging_mixin.py:190} INFO - [2024-11-06T01:36:43.955+0000] {dagbag.py:588} INFO - Filling up the DagBag from /opt/airflow/dags/second_dag.py
[2024-11-06T01:36:44.061+0000] {processor.py:925} INFO - DAG(s) 'indices_provincias_v05' retrieved from /opt/airflow/dags/second_dag.py
[2024-11-06T01:36:44.088+0000] {logging_mixin.py:190} INFO - [2024-11-06T01:36:44.088+0000] {dag.py:3239} INFO - Sync 1 DAGs
[2024-11-06T01:36:44.121+0000] {logging_mixin.py:190} INFO - [2024-11-06T01:36:44.121+0000] {dag.py:4180} INFO - Setting next_dagrun for indices_provincias_v05 to 2024-11-06 00:00:00+00:00, run_after=2024-11-07 00:00:00+00:00
[2024-11-06T01:36:44.154+0000] {processor.py:208} INFO - Processing /opt/airflow/dags/second_dag.py took 0.209 seconds
[2024-11-06T01:37:14.662+0000] {processor.py:186} INFO - Started process (PID=5536) to work on /opt/airflow/dags/second_dag.py
[2024-11-06T01:37:14.663+0000] {processor.py:914} INFO - Processing file /opt/airflow/dags/second_dag.py for tasks to queue
[2024-11-06T01:37:14.665+0000] {logging_mixin.py:190} INFO - [2024-11-06T01:37:14.665+0000] {dagbag.py:588} INFO - Filling up the DagBag from /opt/airflow/dags/second_dag.py
[2024-11-06T01:37:14.769+0000] {processor.py:925} INFO - DAG(s) 'indices_provincias_v05' retrieved from /opt/airflow/dags/second_dag.py
[2024-11-06T01:37:14.795+0000] {logging_mixin.py:190} INFO - [2024-11-06T01:37:14.795+0000] {dag.py:3239} INFO - Sync 1 DAGs
[2024-11-06T01:37:14.827+0000] {logging_mixin.py:190} INFO - [2024-11-06T01:37:14.827+0000] {dag.py:4180} INFO - Setting next_dagrun for indices_provincias_v05 to 2024-11-06 00:00:00+00:00, run_after=2024-11-07 00:00:00+00:00
[2024-11-06T01:37:14.849+0000] {processor.py:208} INFO - Processing /opt/airflow/dags/second_dag.py took 0.193 seconds
[2024-11-06T01:37:45.326+0000] {processor.py:186} INFO - Started process (PID=5572) to work on /opt/airflow/dags/second_dag.py
[2024-11-06T01:37:45.328+0000] {processor.py:914} INFO - Processing file /opt/airflow/dags/second_dag.py for tasks to queue
[2024-11-06T01:37:45.331+0000] {logging_mixin.py:190} INFO - [2024-11-06T01:37:45.330+0000] {dagbag.py:588} INFO - Filling up the DagBag from /opt/airflow/dags/second_dag.py
[2024-11-06T01:37:45.463+0000] {processor.py:925} INFO - DAG(s) 'indices_provincias_v05' retrieved from /opt/airflow/dags/second_dag.py
[2024-11-06T01:37:45.499+0000] {logging_mixin.py:190} INFO - [2024-11-06T01:37:45.499+0000] {dag.py:3239} INFO - Sync 1 DAGs
[2024-11-06T01:37:45.536+0000] {logging_mixin.py:190} INFO - [2024-11-06T01:37:45.536+0000] {dag.py:4180} INFO - Setting next_dagrun for indices_provincias_v05 to 2024-11-06 00:00:00+00:00, run_after=2024-11-07 00:00:00+00:00
[2024-11-06T01:37:45.558+0000] {processor.py:208} INFO - Processing /opt/airflow/dags/second_dag.py took 0.242 seconds
[2024-11-06T01:38:16.219+0000] {processor.py:186} INFO - Started process (PID=5608) to work on /opt/airflow/dags/second_dag.py
[2024-11-06T01:38:16.220+0000] {processor.py:914} INFO - Processing file /opt/airflow/dags/second_dag.py for tasks to queue
[2024-11-06T01:38:16.223+0000] {logging_mixin.py:190} INFO - [2024-11-06T01:38:16.223+0000] {dagbag.py:588} INFO - Filling up the DagBag from /opt/airflow/dags/second_dag.py
[2024-11-06T01:38:16.337+0000] {processor.py:925} INFO - DAG(s) 'indices_provincias_v05' retrieved from /opt/airflow/dags/second_dag.py
[2024-11-06T01:38:16.364+0000] {logging_mixin.py:190} INFO - [2024-11-06T01:38:16.363+0000] {dag.py:3239} INFO - Sync 1 DAGs
[2024-11-06T01:38:16.391+0000] {logging_mixin.py:190} INFO - [2024-11-06T01:38:16.391+0000] {dag.py:4180} INFO - Setting next_dagrun for indices_provincias_v05 to 2024-11-06 00:00:00+00:00, run_after=2024-11-07 00:00:00+00:00
[2024-11-06T01:38:16.410+0000] {processor.py:208} INFO - Processing /opt/airflow/dags/second_dag.py took 0.200 seconds
[2024-11-06T01:38:47.102+0000] {processor.py:186} INFO - Started process (PID=5644) to work on /opt/airflow/dags/second_dag.py
[2024-11-06T01:38:47.103+0000] {processor.py:914} INFO - Processing file /opt/airflow/dags/second_dag.py for tasks to queue
[2024-11-06T01:38:47.106+0000] {logging_mixin.py:190} INFO - [2024-11-06T01:38:47.106+0000] {dagbag.py:588} INFO - Filling up the DagBag from /opt/airflow/dags/second_dag.py
[2024-11-06T01:38:47.210+0000] {processor.py:925} INFO - DAG(s) 'indices_provincias_v05' retrieved from /opt/airflow/dags/second_dag.py
[2024-11-06T01:38:47.236+0000] {logging_mixin.py:190} INFO - [2024-11-06T01:38:47.235+0000] {dag.py:3239} INFO - Sync 1 DAGs
[2024-11-06T01:38:47.267+0000] {logging_mixin.py:190} INFO - [2024-11-06T01:38:47.267+0000] {dag.py:4180} INFO - Setting next_dagrun for indices_provincias_v05 to 2024-11-06 00:00:00+00:00, run_after=2024-11-07 00:00:00+00:00
[2024-11-06T01:38:47.290+0000] {processor.py:208} INFO - Processing /opt/airflow/dags/second_dag.py took 0.196 seconds
[2024-11-06T01:39:17.973+0000] {processor.py:186} INFO - Started process (PID=5680) to work on /opt/airflow/dags/second_dag.py
[2024-11-06T01:39:17.974+0000] {processor.py:914} INFO - Processing file /opt/airflow/dags/second_dag.py for tasks to queue
[2024-11-06T01:39:17.976+0000] {logging_mixin.py:190} INFO - [2024-11-06T01:39:17.976+0000] {dagbag.py:588} INFO - Filling up the DagBag from /opt/airflow/dags/second_dag.py
[2024-11-06T01:39:18.079+0000] {processor.py:925} INFO - DAG(s) 'indices_provincias_v05' retrieved from /opt/airflow/dags/second_dag.py
[2024-11-06T01:39:18.104+0000] {logging_mixin.py:190} INFO - [2024-11-06T01:39:18.104+0000] {dag.py:3239} INFO - Sync 1 DAGs
[2024-11-06T01:39:18.131+0000] {logging_mixin.py:190} INFO - [2024-11-06T01:39:18.131+0000] {dag.py:4180} INFO - Setting next_dagrun for indices_provincias_v05 to 2024-11-06 00:00:00+00:00, run_after=2024-11-07 00:00:00+00:00
[2024-11-06T01:39:18.153+0000] {processor.py:208} INFO - Processing /opt/airflow/dags/second_dag.py took 0.186 seconds
[2024-11-06T01:39:48.663+0000] {processor.py:186} INFO - Started process (PID=5716) to work on /opt/airflow/dags/second_dag.py
[2024-11-06T01:39:48.665+0000] {processor.py:914} INFO - Processing file /opt/airflow/dags/second_dag.py for tasks to queue
[2024-11-06T01:39:48.667+0000] {logging_mixin.py:190} INFO - [2024-11-06T01:39:48.667+0000] {dagbag.py:588} INFO - Filling up the DagBag from /opt/airflow/dags/second_dag.py
[2024-11-06T01:39:48.773+0000] {processor.py:925} INFO - DAG(s) 'indices_provincias_v05' retrieved from /opt/airflow/dags/second_dag.py
[2024-11-06T01:39:48.797+0000] {logging_mixin.py:190} INFO - [2024-11-06T01:39:48.797+0000] {dag.py:3239} INFO - Sync 1 DAGs
[2024-11-06T01:39:48.828+0000] {logging_mixin.py:190} INFO - [2024-11-06T01:39:48.828+0000] {dag.py:4180} INFO - Setting next_dagrun for indices_provincias_v05 to 2024-11-06 00:00:00+00:00, run_after=2024-11-07 00:00:00+00:00
[2024-11-06T01:39:48.849+0000] {processor.py:208} INFO - Processing /opt/airflow/dags/second_dag.py took 0.194 seconds
[2024-11-06T01:40:19.317+0000] {processor.py:186} INFO - Started process (PID=5752) to work on /opt/airflow/dags/second_dag.py
[2024-11-06T01:40:19.318+0000] {processor.py:914} INFO - Processing file /opt/airflow/dags/second_dag.py for tasks to queue
[2024-11-06T01:40:19.322+0000] {logging_mixin.py:190} INFO - [2024-11-06T01:40:19.322+0000] {dagbag.py:588} INFO - Filling up the DagBag from /opt/airflow/dags/second_dag.py
[2024-11-06T01:40:19.431+0000] {processor.py:925} INFO - DAG(s) 'indices_provincias_v05' retrieved from /opt/airflow/dags/second_dag.py
[2024-11-06T01:40:19.459+0000] {logging_mixin.py:190} INFO - [2024-11-06T01:40:19.459+0000] {dag.py:3239} INFO - Sync 1 DAGs
[2024-11-06T01:40:19.487+0000] {logging_mixin.py:190} INFO - [2024-11-06T01:40:19.486+0000] {dag.py:4180} INFO - Setting next_dagrun for indices_provincias_v05 to 2024-11-06 00:00:00+00:00, run_after=2024-11-07 00:00:00+00:00
[2024-11-06T01:40:19.507+0000] {processor.py:208} INFO - Processing /opt/airflow/dags/second_dag.py took 0.202 seconds
[2024-11-06T01:40:49.983+0000] {processor.py:186} INFO - Started process (PID=5788) to work on /opt/airflow/dags/second_dag.py
[2024-11-06T01:40:49.984+0000] {processor.py:914} INFO - Processing file /opt/airflow/dags/second_dag.py for tasks to queue
[2024-11-06T01:40:49.988+0000] {logging_mixin.py:190} INFO - [2024-11-06T01:40:49.988+0000] {dagbag.py:588} INFO - Filling up the DagBag from /opt/airflow/dags/second_dag.py
[2024-11-06T01:40:50.125+0000] {processor.py:925} INFO - DAG(s) 'indices_provincias_v05' retrieved from /opt/airflow/dags/second_dag.py
[2024-11-06T01:40:50.161+0000] {logging_mixin.py:190} INFO - [2024-11-06T01:40:50.160+0000] {dag.py:3239} INFO - Sync 1 DAGs
[2024-11-06T01:40:50.199+0000] {logging_mixin.py:190} INFO - [2024-11-06T01:40:50.199+0000] {dag.py:4180} INFO - Setting next_dagrun for indices_provincias_v05 to 2024-11-06 00:00:00+00:00, run_after=2024-11-07 00:00:00+00:00
[2024-11-06T01:40:50.224+0000] {processor.py:208} INFO - Processing /opt/airflow/dags/second_dag.py took 0.251 seconds
[2024-11-06T01:41:20.917+0000] {processor.py:186} INFO - Started process (PID=5824) to work on /opt/airflow/dags/second_dag.py
[2024-11-06T01:41:20.918+0000] {processor.py:914} INFO - Processing file /opt/airflow/dags/second_dag.py for tasks to queue
[2024-11-06T01:41:20.921+0000] {logging_mixin.py:190} INFO - [2024-11-06T01:41:20.920+0000] {dagbag.py:588} INFO - Filling up the DagBag from /opt/airflow/dags/second_dag.py
[2024-11-06T01:41:21.028+0000] {processor.py:925} INFO - DAG(s) 'indices_provincias_v05' retrieved from /opt/airflow/dags/second_dag.py
[2024-11-06T01:41:21.063+0000] {logging_mixin.py:190} INFO - [2024-11-06T01:41:21.063+0000] {dag.py:3239} INFO - Sync 1 DAGs
[2024-11-06T01:41:21.100+0000] {logging_mixin.py:190} INFO - [2024-11-06T01:41:21.100+0000] {dag.py:4180} INFO - Setting next_dagrun for indices_provincias_v05 to 2024-11-06 00:00:00+00:00, run_after=2024-11-07 00:00:00+00:00
[2024-11-06T01:41:21.122+0000] {processor.py:208} INFO - Processing /opt/airflow/dags/second_dag.py took 0.214 seconds
[2024-11-06T01:41:51.565+0000] {processor.py:186} INFO - Started process (PID=5860) to work on /opt/airflow/dags/second_dag.py
[2024-11-06T01:41:51.566+0000] {processor.py:914} INFO - Processing file /opt/airflow/dags/second_dag.py for tasks to queue
[2024-11-06T01:41:51.569+0000] {logging_mixin.py:190} INFO - [2024-11-06T01:41:51.569+0000] {dagbag.py:588} INFO - Filling up the DagBag from /opt/airflow/dags/second_dag.py
[2024-11-06T01:41:51.715+0000] {processor.py:925} INFO - DAG(s) 'indices_provincias_v05' retrieved from /opt/airflow/dags/second_dag.py
[2024-11-06T01:41:51.749+0000] {logging_mixin.py:190} INFO - [2024-11-06T01:41:51.749+0000] {dag.py:3239} INFO - Sync 1 DAGs
[2024-11-06T01:41:51.789+0000] {logging_mixin.py:190} INFO - [2024-11-06T01:41:51.788+0000] {dag.py:4180} INFO - Setting next_dagrun for indices_provincias_v05 to 2024-11-06 00:00:00+00:00, run_after=2024-11-07 00:00:00+00:00
[2024-11-06T01:41:51.817+0000] {processor.py:208} INFO - Processing /opt/airflow/dags/second_dag.py took 0.262 seconds
[2024-11-06T01:42:22.547+0000] {processor.py:186} INFO - Started process (PID=5896) to work on /opt/airflow/dags/second_dag.py
[2024-11-06T01:42:22.548+0000] {processor.py:914} INFO - Processing file /opt/airflow/dags/second_dag.py for tasks to queue
[2024-11-06T01:42:22.550+0000] {logging_mixin.py:190} INFO - [2024-11-06T01:42:22.550+0000] {dagbag.py:588} INFO - Filling up the DagBag from /opt/airflow/dags/second_dag.py
[2024-11-06T01:42:22.653+0000] {processor.py:925} INFO - DAG(s) 'indices_provincias_v05' retrieved from /opt/airflow/dags/second_dag.py
[2024-11-06T01:42:22.684+0000] {logging_mixin.py:190} INFO - [2024-11-06T01:42:22.684+0000] {dag.py:3239} INFO - Sync 1 DAGs
[2024-11-06T01:42:22.720+0000] {logging_mixin.py:190} INFO - [2024-11-06T01:42:22.719+0000] {dag.py:4180} INFO - Setting next_dagrun for indices_provincias_v05 to 2024-11-06 00:00:00+00:00, run_after=2024-11-07 00:00:00+00:00
[2024-11-06T01:42:22.743+0000] {processor.py:208} INFO - Processing /opt/airflow/dags/second_dag.py took 0.204 seconds
[2024-11-06T01:42:53.242+0000] {processor.py:186} INFO - Started process (PID=5932) to work on /opt/airflow/dags/second_dag.py
[2024-11-06T01:42:53.243+0000] {processor.py:914} INFO - Processing file /opt/airflow/dags/second_dag.py for tasks to queue
[2024-11-06T01:42:53.247+0000] {logging_mixin.py:190} INFO - [2024-11-06T01:42:53.247+0000] {dagbag.py:588} INFO - Filling up the DagBag from /opt/airflow/dags/second_dag.py
[2024-11-06T01:42:53.418+0000] {processor.py:925} INFO - DAG(s) 'indices_provincias_v05' retrieved from /opt/airflow/dags/second_dag.py
[2024-11-06T01:42:53.449+0000] {logging_mixin.py:190} INFO - [2024-11-06T01:42:53.449+0000] {dag.py:3239} INFO - Sync 1 DAGs
[2024-11-06T01:42:53.481+0000] {logging_mixin.py:190} INFO - [2024-11-06T01:42:53.481+0000] {dag.py:4180} INFO - Setting next_dagrun for indices_provincias_v05 to 2024-11-06 00:00:00+00:00, run_after=2024-11-07 00:00:00+00:00
[2024-11-06T01:42:53.501+0000] {processor.py:208} INFO - Processing /opt/airflow/dags/second_dag.py took 0.268 seconds
[2024-11-06T01:43:24.153+0000] {processor.py:186} INFO - Started process (PID=5969) to work on /opt/airflow/dags/second_dag.py
[2024-11-06T01:43:24.154+0000] {processor.py:914} INFO - Processing file /opt/airflow/dags/second_dag.py for tasks to queue
[2024-11-06T01:43:24.156+0000] {logging_mixin.py:190} INFO - [2024-11-06T01:43:24.156+0000] {dagbag.py:588} INFO - Filling up the DagBag from /opt/airflow/dags/second_dag.py
[2024-11-06T01:43:24.258+0000] {processor.py:925} INFO - DAG(s) 'indices_provincias_v05' retrieved from /opt/airflow/dags/second_dag.py
[2024-11-06T01:43:24.293+0000] {logging_mixin.py:190} INFO - [2024-11-06T01:43:24.293+0000] {dag.py:3239} INFO - Sync 1 DAGs
[2024-11-06T01:43:24.324+0000] {logging_mixin.py:190} INFO - [2024-11-06T01:43:24.324+0000] {dag.py:4180} INFO - Setting next_dagrun for indices_provincias_v05 to 2024-11-06 00:00:00+00:00, run_after=2024-11-07 00:00:00+00:00
[2024-11-06T01:43:24.345+0000] {processor.py:208} INFO - Processing /opt/airflow/dags/second_dag.py took 0.200 seconds
[2024-11-06T01:43:54.944+0000] {processor.py:186} INFO - Started process (PID=6005) to work on /opt/airflow/dags/second_dag.py
[2024-11-06T01:43:54.945+0000] {processor.py:914} INFO - Processing file /opt/airflow/dags/second_dag.py for tasks to queue
[2024-11-06T01:43:54.948+0000] {logging_mixin.py:190} INFO - [2024-11-06T01:43:54.947+0000] {dagbag.py:588} INFO - Filling up the DagBag from /opt/airflow/dags/second_dag.py
[2024-11-06T01:43:55.054+0000] {processor.py:925} INFO - DAG(s) 'indices_provincias_v05' retrieved from /opt/airflow/dags/second_dag.py
[2024-11-06T01:43:55.082+0000] {logging_mixin.py:190} INFO - [2024-11-06T01:43:55.081+0000] {dag.py:3239} INFO - Sync 1 DAGs
[2024-11-06T01:43:55.114+0000] {logging_mixin.py:190} INFO - [2024-11-06T01:43:55.114+0000] {dag.py:4180} INFO - Setting next_dagrun for indices_provincias_v05 to 2024-11-06 00:00:00+00:00, run_after=2024-11-07 00:00:00+00:00
[2024-11-06T01:43:55.136+0000] {processor.py:208} INFO - Processing /opt/airflow/dags/second_dag.py took 0.201 seconds
[2024-11-06T01:44:25.856+0000] {processor.py:186} INFO - Started process (PID=6050) to work on /opt/airflow/dags/second_dag.py
[2024-11-06T01:44:25.857+0000] {processor.py:914} INFO - Processing file /opt/airflow/dags/second_dag.py for tasks to queue
[2024-11-06T01:44:25.860+0000] {logging_mixin.py:190} INFO - [2024-11-06T01:44:25.860+0000] {dagbag.py:588} INFO - Filling up the DagBag from /opt/airflow/dags/second_dag.py
[2024-11-06T01:44:25.969+0000] {processor.py:925} INFO - DAG(s) 'indices_provincias_v05' retrieved from /opt/airflow/dags/second_dag.py
[2024-11-06T01:44:25.996+0000] {logging_mixin.py:190} INFO - [2024-11-06T01:44:25.996+0000] {dag.py:3239} INFO - Sync 1 DAGs
[2024-11-06T01:44:26.034+0000] {logging_mixin.py:190} INFO - [2024-11-06T01:44:26.033+0000] {dag.py:4180} INFO - Setting next_dagrun for indices_provincias_v05 to 2024-11-06 00:00:00+00:00, run_after=2024-11-07 00:00:00+00:00
[2024-11-06T01:44:26.062+0000] {processor.py:208} INFO - Processing /opt/airflow/dags/second_dag.py took 0.212 seconds
[2024-11-06T01:44:56.752+0000] {processor.py:186} INFO - Started process (PID=6086) to work on /opt/airflow/dags/second_dag.py
[2024-11-06T01:44:56.753+0000] {processor.py:914} INFO - Processing file /opt/airflow/dags/second_dag.py for tasks to queue
[2024-11-06T01:44:56.755+0000] {logging_mixin.py:190} INFO - [2024-11-06T01:44:56.755+0000] {dagbag.py:588} INFO - Filling up the DagBag from /opt/airflow/dags/second_dag.py
[2024-11-06T01:44:56.865+0000] {processor.py:925} INFO - DAG(s) 'indices_provincias_v05' retrieved from /opt/airflow/dags/second_dag.py
[2024-11-06T01:44:56.895+0000] {logging_mixin.py:190} INFO - [2024-11-06T01:44:56.894+0000] {dag.py:3239} INFO - Sync 1 DAGs
[2024-11-06T01:44:56.925+0000] {logging_mixin.py:190} INFO - [2024-11-06T01:44:56.925+0000] {dag.py:4180} INFO - Setting next_dagrun for indices_provincias_v05 to 2024-11-06 00:00:00+00:00, run_after=2024-11-07 00:00:00+00:00
[2024-11-06T01:44:56.946+0000] {processor.py:208} INFO - Processing /opt/airflow/dags/second_dag.py took 0.203 seconds
[2024-11-06T01:45:27.440+0000] {processor.py:186} INFO - Started process (PID=6122) to work on /opt/airflow/dags/second_dag.py
[2024-11-06T01:45:27.441+0000] {processor.py:914} INFO - Processing file /opt/airflow/dags/second_dag.py for tasks to queue
[2024-11-06T01:45:27.443+0000] {logging_mixin.py:190} INFO - [2024-11-06T01:45:27.443+0000] {dagbag.py:588} INFO - Filling up the DagBag from /opt/airflow/dags/second_dag.py
[2024-11-06T01:45:27.549+0000] {processor.py:925} INFO - DAG(s) 'indices_provincias_v05' retrieved from /opt/airflow/dags/second_dag.py
[2024-11-06T01:45:27.576+0000] {logging_mixin.py:190} INFO - [2024-11-06T01:45:27.576+0000] {dag.py:3239} INFO - Sync 1 DAGs
[2024-11-06T01:45:27.613+0000] {logging_mixin.py:190} INFO - [2024-11-06T01:45:27.612+0000] {dag.py:4180} INFO - Setting next_dagrun for indices_provincias_v05 to 2024-11-06 00:00:00+00:00, run_after=2024-11-07 00:00:00+00:00
[2024-11-06T01:45:27.640+0000] {processor.py:208} INFO - Processing /opt/airflow/dags/second_dag.py took 0.209 seconds
[2024-11-06T01:45:58.112+0000] {processor.py:186} INFO - Started process (PID=6158) to work on /opt/airflow/dags/second_dag.py
[2024-11-06T01:45:58.113+0000] {processor.py:914} INFO - Processing file /opt/airflow/dags/second_dag.py for tasks to queue
[2024-11-06T01:45:58.116+0000] {logging_mixin.py:190} INFO - [2024-11-06T01:45:58.116+0000] {dagbag.py:588} INFO - Filling up the DagBag from /opt/airflow/dags/second_dag.py
[2024-11-06T01:45:58.240+0000] {processor.py:925} INFO - DAG(s) 'indices_provincias_v05' retrieved from /opt/airflow/dags/second_dag.py
[2024-11-06T01:45:58.268+0000] {logging_mixin.py:190} INFO - [2024-11-06T01:45:58.267+0000] {dag.py:3239} INFO - Sync 1 DAGs
[2024-11-06T01:45:58.298+0000] {logging_mixin.py:190} INFO - [2024-11-06T01:45:58.297+0000] {dag.py:4180} INFO - Setting next_dagrun for indices_provincias_v05 to 2024-11-06 00:00:00+00:00, run_after=2024-11-07 00:00:00+00:00
[2024-11-06T01:45:58.321+0000] {processor.py:208} INFO - Processing /opt/airflow/dags/second_dag.py took 0.219 seconds
[2024-11-06T01:46:28.591+0000] {processor.py:186} INFO - Started process (PID=6393) to work on /opt/airflow/dags/second_dag.py
[2024-11-06T01:46:28.592+0000] {processor.py:914} INFO - Processing file /opt/airflow/dags/second_dag.py for tasks to queue
[2024-11-06T01:46:28.597+0000] {logging_mixin.py:190} INFO - [2024-11-06T01:46:28.596+0000] {dagbag.py:588} INFO - Filling up the DagBag from /opt/airflow/dags/second_dag.py
[2024-11-06T01:46:28.801+0000] {processor.py:925} INFO - DAG(s) 'indices_provincias_v05' retrieved from /opt/airflow/dags/second_dag.py
[2024-11-06T01:46:28.861+0000] {logging_mixin.py:190} INFO - [2024-11-06T01:46:28.861+0000] {dag.py:3239} INFO - Sync 1 DAGs
[2024-11-06T01:46:28.926+0000] {logging_mixin.py:190} INFO - [2024-11-06T01:46:28.925+0000] {dag.py:4180} INFO - Setting next_dagrun for indices_provincias_v05 to 2024-11-06 00:00:00+00:00, run_after=2024-11-07 00:00:00+00:00
[2024-11-06T01:46:28.959+0000] {processor.py:208} INFO - Processing /opt/airflow/dags/second_dag.py took 0.378 seconds
[2024-11-06T01:46:59.333+0000] {processor.py:186} INFO - Started process (PID=6588) to work on /opt/airflow/dags/second_dag.py
[2024-11-06T01:46:59.335+0000] {processor.py:914} INFO - Processing file /opt/airflow/dags/second_dag.py for tasks to queue
[2024-11-06T01:46:59.337+0000] {logging_mixin.py:190} INFO - [2024-11-06T01:46:59.336+0000] {dagbag.py:588} INFO - Filling up the DagBag from /opt/airflow/dags/second_dag.py
[2024-11-06T01:46:59.448+0000] {processor.py:925} INFO - DAG(s) 'indices_provincias_v05' retrieved from /opt/airflow/dags/second_dag.py
[2024-11-06T01:46:59.482+0000] {logging_mixin.py:190} INFO - [2024-11-06T01:46:59.482+0000] {dag.py:3239} INFO - Sync 1 DAGs
[2024-11-06T01:46:59.521+0000] {logging_mixin.py:190} INFO - [2024-11-06T01:46:59.520+0000] {dag.py:4180} INFO - Setting next_dagrun for indices_provincias_v05 to 2024-11-06 00:00:00+00:00, run_after=2024-11-07 00:00:00+00:00
[2024-11-06T01:46:59.547+0000] {processor.py:208} INFO - Processing /opt/airflow/dags/second_dag.py took 0.221 seconds
[2024-11-06T01:47:30.557+0000] {processor.py:186} INFO - Started process (PID=6623) to work on /opt/airflow/dags/second_dag.py
[2024-11-06T01:47:30.558+0000] {processor.py:914} INFO - Processing file /opt/airflow/dags/second_dag.py for tasks to queue
[2024-11-06T01:47:30.563+0000] {logging_mixin.py:190} INFO - [2024-11-06T01:47:30.562+0000] {dagbag.py:588} INFO - Filling up the DagBag from /opt/airflow/dags/second_dag.py
[2024-11-06T01:47:30.741+0000] {processor.py:925} INFO - DAG(s) 'indices_provincias_v05' retrieved from /opt/airflow/dags/second_dag.py
[2024-11-06T01:47:30.783+0000] {logging_mixin.py:190} INFO - [2024-11-06T01:47:30.782+0000] {dag.py:3239} INFO - Sync 1 DAGs
[2024-11-06T01:47:30.837+0000] {logging_mixin.py:190} INFO - [2024-11-06T01:47:30.837+0000] {dag.py:4180} INFO - Setting next_dagrun for indices_provincias_v05 to 2024-11-06 00:00:00+00:00, run_after=2024-11-07 00:00:00+00:00
[2024-11-06T01:47:30.878+0000] {processor.py:208} INFO - Processing /opt/airflow/dags/second_dag.py took 0.331 seconds
[2024-11-06T01:48:00.997+0000] {processor.py:186} INFO - Started process (PID=6659) to work on /opt/airflow/dags/second_dag.py
[2024-11-06T01:48:00.998+0000] {processor.py:914} INFO - Processing file /opt/airflow/dags/second_dag.py for tasks to queue
[2024-11-06T01:48:01.002+0000] {logging_mixin.py:190} INFO - [2024-11-06T01:48:01.001+0000] {dagbag.py:588} INFO - Filling up the DagBag from /opt/airflow/dags/second_dag.py
[2024-11-06T01:48:01.134+0000] {processor.py:925} INFO - DAG(s) 'indices_provincias_v05' retrieved from /opt/airflow/dags/second_dag.py
[2024-11-06T01:48:01.173+0000] {logging_mixin.py:190} INFO - [2024-11-06T01:48:01.173+0000] {dag.py:3239} INFO - Sync 1 DAGs
[2024-11-06T01:48:01.217+0000] {logging_mixin.py:190} INFO - [2024-11-06T01:48:01.216+0000] {dag.py:4180} INFO - Setting next_dagrun for indices_provincias_v05 to 2024-11-06 00:00:00+00:00, run_after=2024-11-07 00:00:00+00:00
[2024-11-06T01:48:01.244+0000] {processor.py:208} INFO - Processing /opt/airflow/dags/second_dag.py took 0.257 seconds
