[2024-11-09T21:02:22.189+0000] {local_task_job_runner.py:123} INFO - ::group::Pre task execution logs
[2024-11-09T21:02:22.211+0000] {taskinstance.py:2612} INFO - Dependencies all met for dep_context=non-requeueable deps ti=<TaskInstance: plazo_fijo_v01.transform scheduled__2024-11-07T00:00:00+00:00 [queued]>
[2024-11-09T21:02:22.221+0000] {taskinstance.py:2612} INFO - Dependencies all met for dep_context=requeueable deps ti=<TaskInstance: plazo_fijo_v01.transform scheduled__2024-11-07T00:00:00+00:00 [queued]>
[2024-11-09T21:02:22.222+0000] {taskinstance.py:2865} INFO - Starting attempt 8 of 13
[2024-11-09T21:02:22.238+0000] {taskinstance.py:2888} INFO - Executing <Task(PythonOperator): transform> on 2024-11-07 00:00:00+00:00
[2024-11-09T21:02:22.247+0000] {standard_task_runner.py:104} INFO - Running: ['***', 'tasks', 'run', 'plazo_fijo_v01', 'transform', 'scheduled__2024-11-07T00:00:00+00:00', '--job-id', '764', '--raw', '--subdir', 'DAGS_FOLDER/plazo_fijo_dag.py', '--cfg-path', '/tmp/tmp1xi2swbr']
[2024-11-09T21:02:22.249+0000] {standard_task_runner.py:105} INFO - Job 764: Subtask transform
[2024-11-09T21:02:22.251+0000] {logging_mixin.py:190} WARNING - /home/***/.local/lib/python3.12/site-packages/***/task/task_runner/standard_task_runner.py:70 DeprecationWarning: This process (pid=4755) is multi-threaded, use of fork() may lead to deadlocks in the child.
[2024-11-09T21:02:22.252+0000] {standard_task_runner.py:72} INFO - Started process 4756 to run task
[2024-11-09T21:02:22.299+0000] {task_command.py:467} INFO - Running <TaskInstance: plazo_fijo_v01.transform scheduled__2024-11-07T00:00:00+00:00 [running]> on host 276004bbea2b
[2024-11-09T21:02:22.600+0000] {taskinstance.py:3131} INFO - Exporting env vars: AIRFLOW_CTX_DAG_OWNER='rolo' AIRFLOW_CTX_DAG_ID='plazo_fijo_v01' AIRFLOW_CTX_TASK_ID='transform' AIRFLOW_CTX_EXECUTION_DATE='2024-11-07T00:00:00+00:00' AIRFLOW_CTX_TRY_NUMBER='8' AIRFLOW_CTX_DAG_RUN_ID='scheduled__2024-11-07T00:00:00+00:00'
[2024-11-09T21:02:22.601+0000] {taskinstance.py:731} INFO - ::endgroup::
[2024-11-09T21:02:40.320+0000] {logging_mixin.py:190} INFO - +--------------------+-----------+-------------+
|             entidad|tnaClientes|tnaNoClientes|
+--------------------+-----------+-------------+
|BANCO DE LA NACIO...|       0.36|         NULL|
|BANCO SANTANDER A...|       0.29|         NULL|
|BANCO DE GALICIA ...|       0.32|         NULL|
|BANCO DE LA PROVI...|       0.32|         NULL|
|BANCO BBVA ARGENT...|      0.355|         NULL|
|    BANCO MACRO S.A.|       0.39|         NULL|
|HSBC BANK ARGENTI...|       0.32|         NULL|
|BANCO CREDICOOP C...|       0.34|         0.34|
|INDUSTRIAL AND CO...|     0.3235|         NULL|
|BANCO DE LA CIUDA...|       0.31|         NULL|
|     BANCO BICA S.A.|       0.37|         0.37|
|      BANCO CMF S.A.|     0.3725|       0.3725|
|BANCO COMAFI SOCI...|      0.325|        0.325|
|BANCO DE CORRIENT...|       0.36|         0.36|
|BANCO DE LA PROVI...|        0.3|          0.3|
|BANCO DEL CHUBUT ...|       0.36|         0.36|
|  BANCO DEL SOL S.A.|       0.33|         0.33|
|     BANCO DINO S.A.|       0.32|         0.32|
|BANCO HIPOTECARIO...|     0.3027|         0.36|
|BANCO JULIO SOCIE...|       0.32|         0.32|
+--------------------+-----------+-------------+
only showing top 20 rows
[2024-11-09T21:02:40.822+0000] {logging_mixin.py:190} INFO - +----------+------+
|     fecha| valor|
+----------+------+
|2000-01-03|0.0815|
|2000-01-04|0.0862|
|2000-01-05|0.0779|
|2000-01-06|0.0773|
|2000-01-07|0.0732|
|2000-01-10|0.0716|
|2000-01-11|0.0703|
|2000-01-12| 0.071|
|2000-01-13|0.0767|
|2000-01-14|0.0756|
|2000-01-17|0.0706|
|2000-01-18|0.0774|
|2000-01-19|0.0761|
|2000-01-20|0.0763|
|2000-01-21|0.0715|
|2000-01-24|0.0739|
|2000-01-25|  0.08|
|2000-01-26|0.0714|
|2000-01-27|0.0771|
|2000-01-28|0.0792|
+----------+------+
only showing top 20 rows
[2024-11-09T21:02:41.023+0000] {python.py:240} INFO - Done. Returned value was: None
[2024-11-09T21:02:41.047+0000] {taskinstance.py:340} INFO - ::group::Post task execution logs
[2024-11-09T21:02:41.049+0000] {taskinstance.py:352} INFO - Marking task as SUCCESS. dag_id=plazo_fijo_v01, task_id=transform, run_id=scheduled__2024-11-07T00:00:00+00:00, execution_date=20241107T000000, start_date=20241109T210222, end_date=20241109T210241
[2024-11-09T21:02:41.130+0000] {local_task_job_runner.py:266} INFO - Task exited with return code 0
[2024-11-09T21:02:41.183+0000] {taskinstance.py:3900} INFO - 1 downstream tasks scheduled from follow-on schedule check
[2024-11-09T21:02:41.185+0000] {local_task_job_runner.py:245} INFO - ::endgroup::
