[2024-11-09T20:41:26.744+0000] {local_task_job_runner.py:123} INFO - ::group::Pre task execution logs
[2024-11-09T20:41:26.768+0000] {taskinstance.py:2612} INFO - Dependencies all met for dep_context=non-requeueable deps ti=<TaskInstance: plazo_fijo_v01.transform scheduled__2024-11-07T00:00:00+00:00 [queued]>
[2024-11-09T20:41:26.796+0000] {taskinstance.py:2612} INFO - Dependencies all met for dep_context=requeueable deps ti=<TaskInstance: plazo_fijo_v01.transform scheduled__2024-11-07T00:00:00+00:00 [queued]>
[2024-11-09T20:41:26.797+0000] {taskinstance.py:2865} INFO - Starting attempt 5 of 10
[2024-11-09T20:41:26.824+0000] {taskinstance.py:2888} INFO - Executing <Task(PythonOperator): transform> on 2024-11-07 00:00:00+00:00
[2024-11-09T20:41:26.834+0000] {standard_task_runner.py:104} INFO - Running: ['***', 'tasks', 'run', 'plazo_fijo_v01', 'transform', 'scheduled__2024-11-07T00:00:00+00:00', '--job-id', '757', '--raw', '--subdir', 'DAGS_FOLDER/plazo_fijo_dag.py', '--cfg-path', '/tmp/tmpt7ua8wa7']
[2024-11-09T20:41:26.837+0000] {standard_task_runner.py:105} INFO - Job 757: Subtask transform
[2024-11-09T20:41:26.842+0000] {logging_mixin.py:190} WARNING - /home/***/.local/lib/python3.12/site-packages/***/task/task_runner/standard_task_runner.py:70 DeprecationWarning: This process (pid=2352) is multi-threaded, use of fork() may lead to deadlocks in the child.
[2024-11-09T20:41:26.843+0000] {standard_task_runner.py:72} INFO - Started process 2355 to run task
[2024-11-09T20:41:26.894+0000] {task_command.py:467} INFO - Running <TaskInstance: plazo_fijo_v01.transform scheduled__2024-11-07T00:00:00+00:00 [running]> on host 276004bbea2b
[2024-11-09T20:41:27.175+0000] {taskinstance.py:3131} INFO - Exporting env vars: AIRFLOW_CTX_DAG_OWNER='rolo' AIRFLOW_CTX_DAG_ID='plazo_fijo_v01' AIRFLOW_CTX_TASK_ID='transform' AIRFLOW_CTX_EXECUTION_DATE='2024-11-07T00:00:00+00:00' AIRFLOW_CTX_TRY_NUMBER='5' AIRFLOW_CTX_DAG_RUN_ID='scheduled__2024-11-07T00:00:00+00:00'
[2024-11-09T20:41:27.176+0000] {taskinstance.py:731} INFO - ::endgroup::
[2024-11-09T20:41:44.802+0000] {logging_mixin.py:190} INFO - +--------------------+--------------------+-----------+-------------+--------------------+
|                 _c0|                 _c1|        _c2|          _c3|                 _c4|
+--------------------+--------------------+-----------+-------------+--------------------+
|             entidad|                logo|tnaClientes|tnaNoClientes|              enlace|
|BANCO DE LA NACIO...|https://www.bcra....|       0.36|         NULL|                NULL|
|BANCO SANTANDER A...|https://www.bcra....|       0.29|         NULL|                NULL|
|BANCO DE GALICIA ...|https://www.bcra....|       0.32|         NULL|                NULL|
|BANCO DE LA PROVI...|https://www.bcra....|       0.32|         NULL|                NULL|
|BANCO BBVA ARGENT...|https://www.bcra....|      0.355|         NULL|                NULL|
|    BANCO MACRO S.A.|https://www.bcra....|       0.39|         NULL|                NULL|
|HSBC BANK ARGENTI...|https://www.bcra....|       0.32|         NULL|                NULL|
|BANCO CREDICOOP C...|https://www.bcra....|       0.34|         0.34|https://www.banco...|
|INDUSTRIAL AND CO...|https://www.bcra....|     0.3235|         NULL|                NULL|
|BANCO DE LA CIUDA...|https://www.bcra....|       0.31|         NULL|                NULL|
|     BANCO BICA S.A.|https://www.bcra....|       0.37|         0.37|https://plazofijo...|
|      BANCO CMF S.A.|https://www.bcra....|     0.3725|       0.3725|https://pfweb.ban...|
|BANCO COMAFI SOCI...|https://www.bcra....|      0.325|        0.325|https://plazofijo...|
|BANCO DE CORRIENT...|https://www.bcra....|       0.36|         0.36|https://aplicativ...|
|BANCO DE LA PROVI...|https://www.bcra....|        0.3|          0.3|https://www.banco...|
|BANCO DEL CHUBUT ...|https://www.bcra....|       0.36|         0.36|https://www.banco...|
|  BANCO DEL SOL S.A.|https://www.bcra....|       0.33|         0.33|https://www.banco...|
|     BANCO DINO S.A.|https://www.bcra....|       0.32|         0.32|https://apps.banc...|
|BANCO HIPOTECARIO...|https://www.bcra....|     0.3027|         0.36|https://buhobank....|
+--------------------+--------------------+-----------+-------------+--------------------+
only showing top 20 rows
[2024-11-09T20:41:45.273+0000] {logging_mixin.py:190} INFO - +----------+------+
|       _c0|   _c1|
+----------+------+
|     fecha| valor|
|2000-01-03|0.0815|
|2000-01-04|0.0862|
|2000-01-05|0.0779|
|2000-01-06|0.0773|
|2000-01-07|0.0732|
|2000-01-10|0.0716|
|2000-01-11|0.0703|
|2000-01-12| 0.071|
|2000-01-13|0.0767|
|2000-01-14|0.0756|
|2000-01-17|0.0706|
|2000-01-18|0.0774|
|2000-01-19|0.0761|
|2000-01-20|0.0763|
|2000-01-21|0.0715|
|2000-01-24|0.0739|
|2000-01-25|  0.08|
|2000-01-26|0.0714|
|2000-01-27|0.0771|
+----------+------+
only showing top 20 rows
[2024-11-09T20:41:45.906+0000] {python.py:240} INFO - Done. Returned value was: None
[2024-11-09T20:41:45.928+0000] {taskinstance.py:340} INFO - ::group::Post task execution logs
[2024-11-09T20:41:45.929+0000] {taskinstance.py:352} INFO - Marking task as SUCCESS. dag_id=plazo_fijo_v01, task_id=transform, run_id=scheduled__2024-11-07T00:00:00+00:00, execution_date=20241107T000000, start_date=20241109T204126, end_date=20241109T204145
[2024-11-09T20:41:45.992+0000] {local_task_job_runner.py:266} INFO - Task exited with return code 0
[2024-11-09T20:41:46.038+0000] {taskinstance.py:3900} INFO - 1 downstream tasks scheduled from follow-on schedule check
[2024-11-09T20:41:46.040+0000] {local_task_job_runner.py:245} INFO - ::endgroup::
