[2024-10-29T03:01:10.456+0000] {local_task_job_runner.py:123} INFO - ::group::Pre task execution logs
[2024-10-29T03:01:10.513+0000] {taskinstance.py:2612} INFO - Dependencies all met for dep_context=non-requeueable deps ti=<TaskInstance: indices_provincias_v02.inflacion_cordoba scheduled__2024-10-28T00:00:00+00:00 [queued]>
[2024-10-29T03:01:10.544+0000] {taskinstance.py:2612} INFO - Dependencies all met for dep_context=requeueable deps ti=<TaskInstance: indices_provincias_v02.inflacion_cordoba scheduled__2024-10-28T00:00:00+00:00 [queued]>
[2024-10-29T03:01:10.545+0000] {taskinstance.py:2865} INFO - Starting attempt 1 of 6
[2024-10-29T03:01:10.618+0000] {taskinstance.py:2888} INFO - Executing <Task(PythonOperator): inflacion_cordoba> on 2024-10-28 00:00:00+00:00
[2024-10-29T03:01:10.650+0000] {standard_task_runner.py:104} INFO - Running: ['***', 'tasks', 'run', 'indices_provincias_v02', 'inflacion_cordoba', 'scheduled__2024-10-28T00:00:00+00:00', '--job-id', '282', '--raw', '--subdir', 'DAGS_FOLDER/second_dag.py', '--cfg-path', '/tmp/tmpxhccrzgp']
[2024-10-29T03:01:10.708+0000] {standard_task_runner.py:105} INFO - Job 282: Subtask inflacion_cordoba
[2024-10-29T03:01:10.683+0000] {logging_mixin.py:190} WARNING - /home/***/.local/lib/python3.12/site-packages/***/task/task_runner/standard_task_runner.py:70 DeprecationWarning: This process (pid=11488) is multi-threaded, use of fork() may lead to deadlocks in the child.
[2024-10-29T03:01:10.711+0000] {standard_task_runner.py:72} INFO - Started process 11490 to run task
[2024-10-29T03:01:11.014+0000] {task_command.py:467} INFO - Running <TaskInstance: indices_provincias_v02.inflacion_cordoba scheduled__2024-10-28T00:00:00+00:00 [running]> on host 276004bbea2b
[2024-10-29T03:01:11.785+0000] {taskinstance.py:3131} INFO - Exporting env vars: AIRFLOW_CTX_DAG_OWNER='rolo' AIRFLOW_CTX_DAG_ID='indices_provincias_v02' AIRFLOW_CTX_TASK_ID='inflacion_cordoba' AIRFLOW_CTX_EXECUTION_DATE='2024-10-28T00:00:00+00:00' AIRFLOW_CTX_TRY_NUMBER='1' AIRFLOW_CTX_DAG_RUN_ID='scheduled__2024-10-28T00:00:00+00:00'
[2024-10-29T03:01:11.786+0000] {taskinstance.py:731} INFO - ::endgroup::
[2024-10-29T03:02:26.623+0000] {logging_mixin.py:190} INFO - +---------------+-------------+-----------+
|fecha_inflacion|valor_mensual|valor_anual|
+---------------+-------------+-----------+
|     2022-07-31|         2.22|       21.3|
|     2022-01-31|         1.17|      15.21|
|     2020-04-30|         0.45|      13.68|
|     2016-08-31|         0.06|      10.65|
|     2006-02-28|         0.12|       3.45|
|     2018-06-30|         1.11|       8.85|
|     2006-06-30|         0.15|        3.3|
|     2003-07-31|         0.12|       2.19|
|     2017-07-31|         0.51|       6.42|
|     2008-05-31|         0.18|       2.73|
|     2007-01-31|         0.33|       2.91|
|     2015-12-31|         1.17|       5.55|
|     2010-05-31|         0.21|       3.21|
|     2018-08-31|         1.17|      10.32|
|     2017-02-28|         0.75|       8.73|
|     2012-05-31|         0.24|       2.97|
|     2024-09-30|         1.05|       62.7|
|     2016-09-30|         0.33|      10.65|
|     2017-06-30|         0.36|       6.54|
|     2013-03-31|         0.21|       3.18|
+---------------+-------------+-----------+
only showing top 20 rows
[2024-10-29T03:02:34.422+0000] {python.py:240} INFO - Done. Returned value was: None
[2024-10-29T03:02:34.465+0000] {taskinstance.py:340} INFO - ::group::Post task execution logs
[2024-10-29T03:02:34.466+0000] {taskinstance.py:352} INFO - Marking task as SUCCESS. dag_id=indices_provincias_v02, task_id=inflacion_cordoba, run_id=scheduled__2024-10-28T00:00:00+00:00, execution_date=20241028T000000, start_date=20241029T030110, end_date=20241029T030234
[2024-10-29T03:02:34.573+0000] {local_task_job_runner.py:266} INFO - Task exited with return code 0
[2024-10-29T03:02:34.721+0000] {taskinstance.py:3900} INFO - 0 downstream tasks scheduled from follow-on schedule check
[2024-10-29T03:02:34.733+0000] {local_task_job_runner.py:245} INFO - ::endgroup::
