[2024-10-28T00:42:57.749+0000] {local_task_job_runner.py:123} INFO - ::group::Pre task execution logs
[2024-10-28T00:42:57.768+0000] {taskinstance.py:2612} INFO - Dependencies all met for dep_context=non-requeueable deps ti=<TaskInstance: indices_argentina_v08.transform scheduled__2024-10-27T00:00:00+00:00 [queued]>
[2024-10-28T00:42:57.779+0000] {taskinstance.py:2612} INFO - Dependencies all met for dep_context=requeueable deps ti=<TaskInstance: indices_argentina_v08.transform scheduled__2024-10-27T00:00:00+00:00 [queued]>
[2024-10-28T00:42:57.779+0000] {taskinstance.py:2865} INFO - Starting attempt 7 of 12
[2024-10-28T00:42:57.796+0000] {taskinstance.py:2888} INFO - Executing <Task(PythonOperator): transform> on 2024-10-27 00:00:00+00:00
[2024-10-28T00:42:57.806+0000] {standard_task_runner.py:104} INFO - Running: ['***', 'tasks', 'run', 'indices_argentina_v08', 'transform', 'scheduled__2024-10-27T00:00:00+00:00', '--job-id', '230', '--raw', '--subdir', 'DAGS_FOLDER/first_dag.py', '--cfg-path', '/tmp/tmp8wg882tv']
[2024-10-28T00:42:57.809+0000] {standard_task_runner.py:105} INFO - Job 230: Subtask transform
[2024-10-28T00:42:57.811+0000] {logging_mixin.py:190} WARNING - /home/***/.local/lib/python3.12/site-packages/***/task/task_runner/standard_task_runner.py:70 DeprecationWarning: This process (pid=2107) is multi-threaded, use of fork() may lead to deadlocks in the child.
[2024-10-28T00:42:57.812+0000] {standard_task_runner.py:72} INFO - Started process 2108 to run task
[2024-10-28T00:42:57.862+0000] {task_command.py:467} INFO - Running <TaskInstance: indices_argentina_v08.transform scheduled__2024-10-27T00:00:00+00:00 [running]> on host 276004bbea2b
[2024-10-28T00:42:57.967+0000] {taskinstance.py:3131} INFO - Exporting env vars: AIRFLOW_CTX_DAG_OWNER='rolo' AIRFLOW_CTX_DAG_ID='indices_argentina_v08' AIRFLOW_CTX_TASK_ID='transform' AIRFLOW_CTX_EXECUTION_DATE='2024-10-27T00:00:00+00:00' AIRFLOW_CTX_TRY_NUMBER='7' AIRFLOW_CTX_DAG_RUN_ID='scheduled__2024-10-27T00:00:00+00:00'
[2024-10-28T00:42:57.967+0000] {taskinstance.py:731} INFO - ::endgroup::
[2024-10-28T00:42:57.994+0000] {logging_mixin.py:190} INFO - /opt/***/data/postgres/postgresql-42.7.4.jar
[2024-10-28T00:43:05.984+0000] {logging_mixin.py:190} INFO - Error: [NOT_STR_OR_LIST_OF_RDD] Argument `path` should be a str or list[RDD], got NoneType.
[2024-10-28T00:43:06.501+0000] {python.py:240} INFO - Done. Returned value was: None
[2024-10-28T00:43:06.517+0000] {taskinstance.py:340} INFO - ::group::Post task execution logs
[2024-10-28T00:43:06.518+0000] {taskinstance.py:352} INFO - Marking task as SUCCESS. dag_id=indices_argentina_v08, task_id=transform, run_id=scheduled__2024-10-27T00:00:00+00:00, execution_date=20241027T000000, start_date=20241028T004257, end_date=20241028T004306
[2024-10-28T00:43:06.566+0000] {local_task_job_runner.py:266} INFO - Task exited with return code 0
[2024-10-28T00:43:06.602+0000] {taskinstance.py:3900} INFO - 1 downstream tasks scheduled from follow-on schedule check
[2024-10-28T00:43:06.606+0000] {local_task_job_runner.py:245} INFO - ::endgroup::
