[2024-10-28T00:36:51.937+0000] {local_task_job_runner.py:123} INFO - ::group::Pre task execution logs
[2024-10-28T00:36:51.966+0000] {taskinstance.py:2612} INFO - Dependencies all met for dep_context=non-requeueable deps ti=<TaskInstance: indices_argentina_v08.transform scheduled__2024-10-27T00:00:00+00:00 [queued]>
[2024-10-28T00:36:51.978+0000] {taskinstance.py:2612} INFO - Dependencies all met for dep_context=requeueable deps ti=<TaskInstance: indices_argentina_v08.transform scheduled__2024-10-27T00:00:00+00:00 [queued]>
[2024-10-28T00:36:51.978+0000] {taskinstance.py:2865} INFO - Starting attempt 4 of 9
[2024-10-28T00:36:51.997+0000] {taskinstance.py:2888} INFO - Executing <Task(PythonOperator): transform> on 2024-10-27 00:00:00+00:00
[2024-10-28T00:36:52.010+0000] {standard_task_runner.py:104} INFO - Running: ['***', 'tasks', 'run', 'indices_argentina_v08', 'transform', 'scheduled__2024-10-27T00:00:00+00:00', '--job-id', '224', '--raw', '--subdir', 'DAGS_FOLDER/first_dag.py', '--cfg-path', '/tmp/tmp1e5o8lid']
[2024-10-28T00:36:52.013+0000] {standard_task_runner.py:105} INFO - Job 224: Subtask transform
[2024-10-28T00:36:52.019+0000] {logging_mixin.py:190} WARNING - /home/***/.local/lib/python3.12/site-packages/***/task/task_runner/standard_task_runner.py:70 DeprecationWarning: This process (pid=1951) is multi-threaded, use of fork() may lead to deadlocks in the child.
[2024-10-28T00:36:52.020+0000] {standard_task_runner.py:72} INFO - Started process 1958 to run task
[2024-10-28T00:36:52.097+0000] {task_command.py:467} INFO - Running <TaskInstance: indices_argentina_v08.transform scheduled__2024-10-27T00:00:00+00:00 [running]> on host 276004bbea2b
[2024-10-28T00:36:52.326+0000] {taskinstance.py:3131} INFO - Exporting env vars: AIRFLOW_CTX_DAG_OWNER='rolo' AIRFLOW_CTX_DAG_ID='indices_argentina_v08' AIRFLOW_CTX_TASK_ID='transform' AIRFLOW_CTX_EXECUTION_DATE='2024-10-27T00:00:00+00:00' AIRFLOW_CTX_TRY_NUMBER='4' AIRFLOW_CTX_DAG_RUN_ID='scheduled__2024-10-27T00:00:00+00:00'
[2024-10-28T00:36:52.327+0000] {taskinstance.py:731} INFO - ::endgroup::
[2024-10-28T00:36:52.353+0000] {logging_mixin.py:190} INFO - None
[2024-10-28T00:36:52.354+0000] {logging_mixin.py:190} INFO - Error: La variable de entorno 'POSTGRES_JAR' no está definida en el archivo .env
[2024-10-28T00:36:52.354+0000] {python.py:240} INFO - Done. Returned value was: None
[2024-10-28T00:36:52.539+0000] {taskinstance.py:340} INFO - ::group::Post task execution logs
[2024-10-28T00:36:52.540+0000] {taskinstance.py:352} INFO - Marking task as SUCCESS. dag_id=indices_argentina_v08, task_id=transform, run_id=scheduled__2024-10-27T00:00:00+00:00, execution_date=20241027T000000, start_date=20241028T003651, end_date=20241028T003652
[2024-10-28T00:36:52.611+0000] {local_task_job_runner.py:266} INFO - Task exited with return code 0
[2024-10-28T00:36:52.645+0000] {taskinstance.py:3900} INFO - 1 downstream tasks scheduled from follow-on schedule check
[2024-10-28T00:36:52.716+0000] {local_task_job_runner.py:245} INFO - ::endgroup::
